ARM GAS  C:\Users\Simon\AppData\Local\Temp\ccNkr4cs.s 			page 1


   1              		.syntax unified
   2              		.cpu cortex-m3
   3              		.fpu softvfp
   4              		.eabi_attribute 20, 1
   5              		.eabi_attribute 21, 1
   6              		.eabi_attribute 23, 3
   7              		.eabi_attribute 24, 1
   8              		.eabi_attribute 25, 1
   9              		.eabi_attribute 26, 1
  10              		.eabi_attribute 30, 1
  11              		.eabi_attribute 34, 1
  12              		.eabi_attribute 18, 4
  13              		.thumb
  14              		.syntax unified
  15              		.file	"main.c"
  16              		.text
  17              	.Ltext0:
  18              		.cfi_sections	.debug_frame
  19              		.section	.text.main,"ax",%progbits
  20              		.align	2
  21              		.global	main
  22              		.thumb
  23              		.thumb_func
  24              		.type	main, %function
  25              	main:
  26              	.LFB63:
  27              		.file 1 "main.c"
   1:main.c        **** /* ========================================
   2:main.c        ****  *
   3:main.c        ****  * Copyright YOUR COMPANY, THE YEAR
   4:main.c        ****  * All Rights Reserved
   5:main.c        ****  * UNPUBLISHED, LICENSED SOFTWARE.
   6:main.c        ****  *
   7:main.c        ****  * CONFIDENTIAL AND PROPRIETARY INFORMATION
   8:main.c        ****  * WHICH IS THE PROPERTY OF your company.
   9:main.c        ****  *
  10:main.c        ****  * ========================================
  11:main.c        **** */
  12:main.c        **** #include "project.h"
  13:main.c        **** 
  14:main.c        **** // Prototyper
  15:main.c        **** CY_ISR_PROTO(ISR_UART_rx_handler);
  16:main.c        **** void handleByteReceived(uint8_t byteReceived);
  17:main.c        **** void decreaseSpeed(void);
  18:main.c        **** void increaseSpeed(void);
  19:main.c        **** void driveForwards(void);
  20:main.c        **** void driveBackwards(void);
  21:main.c        **** void stop(void);
  22:main.c        **** 
  23:main.c        **** 
  24:main.c        **** uint8 currentSpeed = 0;
  25:main.c        **** uint8 IN1,IN2 = 0;
  26:main.c        **** 
  27:main.c        **** int main(void)
  28:main.c        **** {
  28              		.loc 1 28 0
  29              		.cfi_startproc
ARM GAS  C:\Users\Simon\AppData\Local\Temp\ccNkr4cs.s 			page 2


  30              		@ Volatile: function does not return.
  31              		@ args = 0, pretend = 0, frame = 0
  32              		@ frame_needed = 0, uses_anonymous_args = 0
  33 0000 08B5     		push	{r3, lr}
  34              		.cfi_def_cfa_offset 8
  35              		.cfi_offset 3, -8
  36              		.cfi_offset 14, -4
  29:main.c        ****     CyGlobalIntEnable; /* Enable global interrupts. */
  37              		.loc 1 29 0
  38              		.syntax unified
  39              	@ 29 "main.c" 1
  40 0002 62B6     		CPSIE   i
  41              	@ 0 "" 2
  30:main.c        **** 
  31:main.c        ****     /* Place your initialization/startup code here (e.g. MyInst_Start()) */
  32:main.c        ****     isr_uart_rx_StartEx(ISR_UART_rx_handler);
  42              		.loc 1 32 0
  43              		.thumb
  44              		.syntax unified
  45 0004 0C48     		ldr	r0, .L4
  46 0006 FFF7FEFF 		bl	isr_uart_rx_StartEx
  47              	.LVL0:
  33:main.c        ****     UART_1_Start();
  48              		.loc 1 33 0
  49 000a FFF7FEFF 		bl	UART_1_Start
  50              	.LVL1:
  34:main.c        ****     PWM_1_Start();
  51              		.loc 1 34 0
  52 000e FFF7FEFF 		bl	PWM_1_Start
  53              	.LVL2:
  35:main.c        ****     
  36:main.c        ****     UART_1_PutString("DC-Motor-PWM application started\r\n");
  54              		.loc 1 36 0
  55 0012 0A48     		ldr	r0, .L4+4
  56 0014 FFF7FEFF 		bl	UART_1_PutString
  57              	.LVL3:
  37:main.c        ****     UART_1_PutString("0: Stop\r\n");
  58              		.loc 1 37 0
  59 0018 0948     		ldr	r0, .L4+8
  60 001a FFF7FEFF 		bl	UART_1_PutString
  61              	.LVL4:
  38:main.c        ****     UART_1_PutString("1: Drive forwards\r\n");
  62              		.loc 1 38 0
  63 001e 0948     		ldr	r0, .L4+12
  64 0020 FFF7FEFF 		bl	UART_1_PutString
  65              	.LVL5:
  39:main.c        ****     UART_1_PutString("2: Drive backwards\r\n");
  66              		.loc 1 39 0
  67 0024 0848     		ldr	r0, .L4+16
  68 0026 FFF7FEFF 		bl	UART_1_PutString
  69              	.LVL6:
  40:main.c        ****     UART_1_PutString("q: Decrease speed\r\n");
  70              		.loc 1 40 0
  71 002a 0848     		ldr	r0, .L4+20
  72 002c FFF7FEFF 		bl	UART_1_PutString
  73              	.LVL7:
  41:main.c        ****     UART_1_PutString("w: Increase speed\r\n");
ARM GAS  C:\Users\Simon\AppData\Local\Temp\ccNkr4cs.s 			page 3


  74              		.loc 1 41 0
  75 0030 0748     		ldr	r0, .L4+24
  76 0032 FFF7FEFF 		bl	UART_1_PutString
  77              	.LVL8:
  78              	.L2:
  79 0036 FEE7     		b	.L2
  80              	.L5:
  81              		.align	2
  82              	.L4:
  83 0038 00000000 		.word	ISR_UART_rx_handler
  84 003c 00000000 		.word	.LC0
  85 0040 24000000 		.word	.LC1
  86 0044 30000000 		.word	.LC2
  87 0048 44000000 		.word	.LC3
  88 004c 5C000000 		.word	.LC4
  89 0050 70000000 		.word	.LC5
  90              		.cfi_endproc
  91              	.LFE63:
  92              		.size	main, .-main
  93              		.section	.text.decreaseSpeed,"ax",%progbits
  94              		.align	2
  95              		.global	decreaseSpeed
  96              		.thumb
  97              		.thumb_func
  98              		.type	decreaseSpeed, %function
  99              	decreaseSpeed:
 100              	.LFB66:
  42:main.c        **** 
  43:main.c        ****     for(;;)
  44:main.c        ****     {
  45:main.c        ****         /* Place your application code here. */
  46:main.c        ****     }
  47:main.c        **** }
  48:main.c        **** 
  49:main.c        **** CY_ISR(ISR_UART_rx_handler)
  50:main.c        **** {
  51:main.c        ****     uint8_t bytesToRead = UART_1_GetRxBufferSize();
  52:main.c        ****     while (bytesToRead > 0)
  53:main.c        ****     {
  54:main.c        ****         uint8_t byteReceived = UART_1_ReadRxData();
  55:main.c        ****         UART_1_WriteTxData(byteReceived); // echo back
  56:main.c        ****         
  57:main.c        ****         handleByteReceived(byteReceived);
  58:main.c        ****         
  59:main.c        ****         bytesToRead--;
  60:main.c        ****     }
  61:main.c        **** }
  62:main.c        **** 
  63:main.c        **** void handleByteReceived(uint8_t byteReceived)
  64:main.c        **** {
  65:main.c        ****     switch(byteReceived)
  66:main.c        ****     {
  67:main.c        ****         case 'q' :
  68:main.c        ****         {
  69:main.c        ****             decreaseSpeed();
  70:main.c        ****         }
  71:main.c        ****         break;
ARM GAS  C:\Users\Simon\AppData\Local\Temp\ccNkr4cs.s 			page 4


  72:main.c        ****         case 'w' :
  73:main.c        ****         {
  74:main.c        ****             increaseSpeed();
  75:main.c        ****         }
  76:main.c        ****         break;
  77:main.c        ****         case '1' :
  78:main.c        ****         {
  79:main.c        ****             driveForwards();
  80:main.c        ****             
  81:main.c        ****         }
  82:main.c        ****         break;
  83:main.c        ****         case '2' :
  84:main.c        ****         {
  85:main.c        ****             driveBackwards();
  86:main.c        ****         }
  87:main.c        ****         break;
  88:main.c        ****         case '0' :
  89:main.c        ****         {
  90:main.c        ****             stop();
  91:main.c        ****             
  92:main.c        ****         }
  93:main.c        ****         break;
  94:main.c        ****         default :
  95:main.c        ****         {
  96:main.c        ****             // nothing
  97:main.c        ****         }
  98:main.c        ****         break;
  99:main.c        ****     }
 100:main.c        **** }
 101:main.c        **** 
 102:main.c        **** void decreaseSpeed()
 103:main.c        **** {
 101              		.loc 1 103 0
 102              		.cfi_startproc
 103              		@ args = 0, pretend = 0, frame = 0
 104              		@ frame_needed = 0, uses_anonymous_args = 0
 105 0000 08B5     		push	{r3, lr}
 106              		.cfi_def_cfa_offset 8
 107              		.cfi_offset 3, -8
 108              		.cfi_offset 14, -4
 104:main.c        ****     UART_1_PutString("Decreasing speed\r\n");
 109              		.loc 1 104 0
 110 0002 0848     		ldr	r0, .L9
 111 0004 FFF7FEFF 		bl	UART_1_PutString
 112              	.LVL9:
 105:main.c        ****     
 106:main.c        ****     if(currentSpeed > 0 && currentSpeed <= 100)
 113              		.loc 1 106 0
 114 0008 074B     		ldr	r3, .L9+4
 115 000a 1878     		ldrb	r0, [r3]	@ zero_extendqisi2
 116 000c 431E     		subs	r3, r0, #1
 117 000e DBB2     		uxtb	r3, r3
 118 0010 632B     		cmp	r3, #99
 119 0012 05D8     		bhi	.L6
 107:main.c        ****       {
 108:main.c        ****         currentSpeed = currentSpeed - 10;
 120              		.loc 1 108 0
ARM GAS  C:\Users\Simon\AppData\Local\Temp\ccNkr4cs.s 			page 5


 121 0014 0A38     		subs	r0, r0, #10
 122 0016 C0B2     		uxtb	r0, r0
 123 0018 034B     		ldr	r3, .L9+4
 124 001a 1870     		strb	r0, [r3]
 109:main.c        ****         PWM_1_WriteCompare(currentSpeed);
 125              		.loc 1 109 0
 126 001c FFF7FEFF 		bl	PWM_1_WriteCompare
 127              	.LVL10:
 128              	.L6:
 129 0020 08BD     		pop	{r3, pc}
 130              	.L10:
 131 0022 00BF     		.align	2
 132              	.L9:
 133 0024 84000000 		.word	.LC6
 134 0028 00000000 		.word	.LANCHOR0
 135              		.cfi_endproc
 136              	.LFE66:
 137              		.size	decreaseSpeed, .-decreaseSpeed
 138              		.section	.text.increaseSpeed,"ax",%progbits
 139              		.align	2
 140              		.global	increaseSpeed
 141              		.thumb
 142              		.thumb_func
 143              		.type	increaseSpeed, %function
 144              	increaseSpeed:
 145              	.LFB67:
 110:main.c        ****       }
 111:main.c        **** 
 112:main.c        **** }
 113:main.c        **** 
 114:main.c        **** void increaseSpeed()
 115:main.c        **** {
 146              		.loc 1 115 0
 147              		.cfi_startproc
 148              		@ args = 0, pretend = 0, frame = 0
 149              		@ frame_needed = 0, uses_anonymous_args = 0
 150 0000 08B5     		push	{r3, lr}
 151              		.cfi_def_cfa_offset 8
 152              		.cfi_offset 3, -8
 153              		.cfi_offset 14, -4
 116:main.c        ****     UART_1_PutString("Increasing speed\r\n");
 154              		.loc 1 116 0
 155 0002 0648     		ldr	r0, .L14
 156 0004 FFF7FEFF 		bl	UART_1_PutString
 157              	.LVL11:
 117:main.c        ****     
 118:main.c        ****     if(currentSpeed >= 0 && currentSpeed < 100)
 158              		.loc 1 118 0
 159 0008 054B     		ldr	r3, .L14+4
 160 000a 1878     		ldrb	r0, [r3]	@ zero_extendqisi2
 161 000c 6328     		cmp	r0, #99
 162 000e 04D8     		bhi	.L11
 119:main.c        ****     {
 120:main.c        ****         currentSpeed = currentSpeed + 10;
 163              		.loc 1 120 0
 164 0010 0A30     		adds	r0, r0, #10
 165 0012 C0B2     		uxtb	r0, r0
ARM GAS  C:\Users\Simon\AppData\Local\Temp\ccNkr4cs.s 			page 6


 166 0014 1870     		strb	r0, [r3]
 121:main.c        ****         PWM_1_WriteCompare(currentSpeed);
 167              		.loc 1 121 0
 168 0016 FFF7FEFF 		bl	PWM_1_WriteCompare
 169              	.LVL12:
 170              	.L11:
 171 001a 08BD     		pop	{r3, pc}
 172              	.L15:
 173              		.align	2
 174              	.L14:
 175 001c 98000000 		.word	.LC7
 176 0020 00000000 		.word	.LANCHOR0
 177              		.cfi_endproc
 178              	.LFE67:
 179              		.size	increaseSpeed, .-increaseSpeed
 180              		.section	.text.driveForwards,"ax",%progbits
 181              		.align	2
 182              		.global	driveForwards
 183              		.thumb
 184              		.thumb_func
 185              		.type	driveForwards, %function
 186              	driveForwards:
 187              	.LFB68:
 122:main.c        ****     }
 123:main.c        **** }
 124:main.c        **** 
 125:main.c        **** void driveForwards()
 126:main.c        **** {
 188              		.loc 1 126 0
 189              		.cfi_startproc
 190              		@ args = 0, pretend = 0, frame = 0
 191              		@ frame_needed = 0, uses_anonymous_args = 0
 192 0000 10B5     		push	{r4, lr}
 193              		.cfi_def_cfa_offset 8
 194              		.cfi_offset 4, -8
 195              		.cfi_offset 14, -4
 127:main.c        ****     UART_1_PutString("Set direction: forwards\r\n");
 196              		.loc 1 127 0
 197 0002 0948     		ldr	r0, .L18
 198 0004 FFF7FEFF 		bl	UART_1_PutString
 199              	.LVL13:
 128:main.c        ****     IN1 = 0;
 200              		.loc 1 128 0
 201 0008 0020     		movs	r0, #0
 202 000a 084B     		ldr	r3, .L18+4
 203 000c 1870     		strb	r0, [r3]
 129:main.c        ****     IN2 = 1;
 204              		.loc 1 129 0
 205 000e 084C     		ldr	r4, .L18+8
 206 0010 0123     		movs	r3, #1
 207 0012 6370     		strb	r3, [r4, #1]
 130:main.c        **** 
 131:main.c        ****     //Styrelsen af H-Bro
 132:main.c        ****     Pin_IN1_Write(IN1);
 208              		.loc 1 132 0
 209 0014 FFF7FEFF 		bl	Pin_IN1_Write
 210              	.LVL14:
ARM GAS  C:\Users\Simon\AppData\Local\Temp\ccNkr4cs.s 			page 7


 133:main.c        ****     Pin_IN2_Write(IN2);
 211              		.loc 1 133 0
 212 0018 6078     		ldrb	r0, [r4, #1]	@ zero_extendqisi2
 213 001a FFF7FEFF 		bl	Pin_IN2_Write
 214              	.LVL15:
 134:main.c        ****     
 135:main.c        ****     currentSpeed = 50;
 215              		.loc 1 135 0
 216 001e 3220     		movs	r0, #50
 217 0020 2070     		strb	r0, [r4]
 136:main.c        ****     PWM_1_WriteCompare(currentSpeed);    
 218              		.loc 1 136 0
 219 0022 FFF7FEFF 		bl	PWM_1_WriteCompare
 220              	.LVL16:
 221 0026 10BD     		pop	{r4, pc}
 222              	.L19:
 223              		.align	2
 224              	.L18:
 225 0028 AC000000 		.word	.LC8
 226 002c 00000000 		.word	IN1
 227 0030 00000000 		.word	.LANCHOR0
 228              		.cfi_endproc
 229              	.LFE68:
 230              		.size	driveForwards, .-driveForwards
 231              		.section	.text.driveBackwards,"ax",%progbits
 232              		.align	2
 233              		.global	driveBackwards
 234              		.thumb
 235              		.thumb_func
 236              		.type	driveBackwards, %function
 237              	driveBackwards:
 238              	.LFB69:
 137:main.c        ****     
 138:main.c        **** }
 139:main.c        **** 
 140:main.c        **** void driveBackwards()
 141:main.c        **** {
 239              		.loc 1 141 0
 240              		.cfi_startproc
 241              		@ args = 0, pretend = 0, frame = 0
 242              		@ frame_needed = 0, uses_anonymous_args = 0
 243 0000 38B5     		push	{r3, r4, r5, lr}
 244              		.cfi_def_cfa_offset 16
 245              		.cfi_offset 3, -16
 246              		.cfi_offset 4, -12
 247              		.cfi_offset 5, -8
 248              		.cfi_offset 14, -4
 142:main.c        ****     UART_1_PutString("Set direction: backwards\r\n");
 249              		.loc 1 142 0
 250 0002 0A48     		ldr	r0, .L22
 251 0004 FFF7FEFF 		bl	UART_1_PutString
 252              	.LVL17:
 143:main.c        ****     IN1 = 1;
 253              		.loc 1 143 0
 254 0008 094D     		ldr	r5, .L22+4
 255 000a 0123     		movs	r3, #1
 256 000c 2B70     		strb	r3, [r5]
ARM GAS  C:\Users\Simon\AppData\Local\Temp\ccNkr4cs.s 			page 8


 144:main.c        ****     IN2 = 0;
 257              		.loc 1 144 0
 258 000e 094C     		ldr	r4, .L22+8
 259 0010 0023     		movs	r3, #0
 260 0012 6370     		strb	r3, [r4, #1]
 145:main.c        ****     
 146:main.c        ****     currentSpeed = 50;
 261              		.loc 1 146 0
 262 0014 3220     		movs	r0, #50
 263 0016 2070     		strb	r0, [r4]
 147:main.c        ****     PWM_1_WriteCompare(currentSpeed);
 264              		.loc 1 147 0
 265 0018 FFF7FEFF 		bl	PWM_1_WriteCompare
 266              	.LVL18:
 148:main.c        ****     
 149:main.c        ****     //Styrelsen af H-Bro
 150:main.c        ****     Pin_IN1_Write(IN1);
 267              		.loc 1 150 0
 268 001c 2878     		ldrb	r0, [r5]	@ zero_extendqisi2
 269 001e FFF7FEFF 		bl	Pin_IN1_Write
 270              	.LVL19:
 151:main.c        ****     Pin_IN2_Write(IN2);
 271              		.loc 1 151 0
 272 0022 6078     		ldrb	r0, [r4, #1]	@ zero_extendqisi2
 273 0024 FFF7FEFF 		bl	Pin_IN2_Write
 274              	.LVL20:
 275 0028 38BD     		pop	{r3, r4, r5, pc}
 276              	.L23:
 277 002a 00BF     		.align	2
 278              	.L22:
 279 002c C8000000 		.word	.LC9
 280 0030 00000000 		.word	IN1
 281 0034 00000000 		.word	.LANCHOR0
 282              		.cfi_endproc
 283              	.LFE69:
 284              		.size	driveBackwards, .-driveBackwards
 285              		.section	.text.stop,"ax",%progbits
 286              		.align	2
 287              		.global	stop
 288              		.thumb
 289              		.thumb_func
 290              		.type	stop, %function
 291              	stop:
 292              	.LFB70:
 152:main.c        **** }
 153:main.c        **** 
 154:main.c        **** void stop()
 155:main.c        **** {
 293              		.loc 1 155 0
 294              		.cfi_startproc
 295              		@ args = 0, pretend = 0, frame = 0
 296              		@ frame_needed = 0, uses_anonymous_args = 0
 297 0000 08B5     		push	{r3, lr}
 298              		.cfi_def_cfa_offset 8
 299              		.cfi_offset 3, -8
 300              		.cfi_offset 14, -4
 156:main.c        ****     UART_1_PutString("Stop\r\n");
ARM GAS  C:\Users\Simon\AppData\Local\Temp\ccNkr4cs.s 			page 9


 301              		.loc 1 156 0
 302 0002 0448     		ldr	r0, .L26
 303 0004 FFF7FEFF 		bl	UART_1_PutString
 304              	.LVL21:
 157:main.c        **** 
 158:main.c        ****     currentSpeed = 0;   // Stop PWM
 305              		.loc 1 158 0
 306 0008 0020     		movs	r0, #0
 307 000a 034B     		ldr	r3, .L26+4
 308 000c 1870     		strb	r0, [r3]
 159:main.c        ****     PWM_1_WriteCompare(currentSpeed);
 309              		.loc 1 159 0
 310 000e FFF7FEFF 		bl	PWM_1_WriteCompare
 311              	.LVL22:
 312 0012 08BD     		pop	{r3, pc}
 313              	.L27:
 314              		.align	2
 315              	.L26:
 316 0014 E4000000 		.word	.LC10
 317 0018 00000000 		.word	.LANCHOR0
 318              		.cfi_endproc
 319              	.LFE70:
 320              		.size	stop, .-stop
 321              		.section	.text.handleByteReceived,"ax",%progbits
 322              		.align	2
 323              		.global	handleByteReceived
 324              		.thumb
 325              		.thumb_func
 326              		.type	handleByteReceived, %function
 327              	handleByteReceived:
 328              	.LFB65:
  64:main.c        ****     switch(byteReceived)
 329              		.loc 1 64 0
 330              		.cfi_startproc
 331              		@ args = 0, pretend = 0, frame = 0
 332              		@ frame_needed = 0, uses_anonymous_args = 0
 333              	.LVL23:
 334 0000 08B5     		push	{r3, lr}
 335              		.cfi_def_cfa_offset 8
 336              		.cfi_offset 3, -8
 337              		.cfi_offset 14, -4
  65:main.c        ****     {
 338              		.loc 1 65 0
 339 0002 3228     		cmp	r0, #50
 340 0004 13D0     		beq	.L30
 341 0006 04D8     		bhi	.L31
 342 0008 3028     		cmp	r0, #48
 343 000a 13D0     		beq	.L32
 344 000c 3128     		cmp	r0, #49
 345 000e 0BD0     		beq	.L33
 346 0010 08BD     		pop	{r3, pc}
 347              	.L31:
 348 0012 7128     		cmp	r0, #113
 349 0014 02D0     		beq	.L34
 350 0016 7728     		cmp	r0, #119
 351 0018 03D0     		beq	.L35
 352 001a 08BD     		pop	{r3, pc}
ARM GAS  C:\Users\Simon\AppData\Local\Temp\ccNkr4cs.s 			page 10


 353              	.L34:
  69:main.c        ****         }
 354              		.loc 1 69 0
 355 001c FFF7FEFF 		bl	decreaseSpeed
 356              	.LVL24:
  71:main.c        ****         case 'w' :
 357              		.loc 1 71 0
 358 0020 08BD     		pop	{r3, pc}
 359              	.LVL25:
 360              	.L35:
  74:main.c        ****         }
 361              		.loc 1 74 0
 362 0022 FFF7FEFF 		bl	increaseSpeed
 363              	.LVL26:
  76:main.c        ****         case '1' :
 364              		.loc 1 76 0
 365 0026 08BD     		pop	{r3, pc}
 366              	.LVL27:
 367              	.L33:
  79:main.c        ****             
 368              		.loc 1 79 0
 369 0028 FFF7FEFF 		bl	driveForwards
 370              	.LVL28:
  82:main.c        ****         case '2' :
 371              		.loc 1 82 0
 372 002c 08BD     		pop	{r3, pc}
 373              	.LVL29:
 374              	.L30:
  85:main.c        ****         }
 375              		.loc 1 85 0
 376 002e FFF7FEFF 		bl	driveBackwards
 377              	.LVL30:
  87:main.c        ****         case '0' :
 378              		.loc 1 87 0
 379 0032 08BD     		pop	{r3, pc}
 380              	.LVL31:
 381              	.L32:
  90:main.c        ****             
 382              		.loc 1 90 0
 383 0034 FFF7FEFF 		bl	stop
 384              	.LVL32:
 385 0038 08BD     		pop	{r3, pc}
 386              		.cfi_endproc
 387              	.LFE65:
 388              		.size	handleByteReceived, .-handleByteReceived
 389 003a 00BF     		.section	.text.ISR_UART_rx_handler,"ax",%progbits
 390              		.align	2
 391              		.global	ISR_UART_rx_handler
 392              		.thumb
 393              		.thumb_func
 394              		.type	ISR_UART_rx_handler, %function
 395              	ISR_UART_rx_handler:
 396              	.LFB64:
  50:main.c        ****     uint8_t bytesToRead = UART_1_GetRxBufferSize();
 397              		.loc 1 50 0
 398              		.cfi_startproc
 399              		@ args = 0, pretend = 0, frame = 0
ARM GAS  C:\Users\Simon\AppData\Local\Temp\ccNkr4cs.s 			page 11


 400              		@ frame_needed = 0, uses_anonymous_args = 0
 401 0000 38B5     		push	{r3, r4, r5, lr}
 402              		.cfi_def_cfa_offset 16
 403              		.cfi_offset 3, -16
 404              		.cfi_offset 4, -12
 405              		.cfi_offset 5, -8
 406              		.cfi_offset 14, -4
  51:main.c        ****     while (bytesToRead > 0)
 407              		.loc 1 51 0
 408 0002 FFF7FEFF 		bl	UART_1_GetRxBufferSize
 409              	.LVL33:
 410 0006 0446     		mov	r4, r0
 411              	.LVL34:
  52:main.c        ****     {
 412              		.loc 1 52 0
 413 0008 09E0     		b	.L38
 414              	.L39:
 415              	.LBB2:
  54:main.c        ****         UART_1_WriteTxData(byteReceived); // echo back
 416              		.loc 1 54 0
 417 000a FFF7FEFF 		bl	UART_1_ReadRxData
 418              	.LVL35:
 419 000e 0546     		mov	r5, r0
 420              	.LVL36:
  55:main.c        ****         
 421              		.loc 1 55 0
 422 0010 FFF7FEFF 		bl	UART_1_WriteTxData
 423              	.LVL37:
  57:main.c        ****         
 424              		.loc 1 57 0
 425 0014 2846     		mov	r0, r5
 426 0016 FFF7FEFF 		bl	handleByteReceived
 427              	.LVL38:
  59:main.c        ****     }
 428              		.loc 1 59 0
 429 001a 013C     		subs	r4, r4, #1
 430              	.LVL39:
 431 001c E4B2     		uxtb	r4, r4
 432              	.LVL40:
 433              	.L38:
 434              	.LBE2:
  52:main.c        ****     {
 435              		.loc 1 52 0
 436 001e 002C     		cmp	r4, #0
 437 0020 F3D1     		bne	.L39
  61:main.c        **** 
 438              		.loc 1 61 0
 439 0022 38BD     		pop	{r3, r4, r5, pc}
 440              		.cfi_endproc
 441              	.LFE64:
 442              		.size	ISR_UART_rx_handler, .-ISR_UART_rx_handler
 443              		.global	IN2
 444              		.comm	IN1,1,1
 445              		.global	currentSpeed
 446              		.section	.rodata.str1.4,"aMS",%progbits,1
 447              		.align	2
 448              	.LC0:
ARM GAS  C:\Users\Simon\AppData\Local\Temp\ccNkr4cs.s 			page 12


 449 0000 44432D4D 		.ascii	"DC-Motor-PWM application started\015\012\000"
 449      6F746F72 
 449      2D50574D 
 449      20617070 
 449      6C696361 
 450 0023 00       		.space	1
 451              	.LC1:
 452 0024 303A2053 		.ascii	"0: Stop\015\012\000"
 452      746F700D 
 452      0A00
 453 002e 0000     		.space	2
 454              	.LC2:
 455 0030 313A2044 		.ascii	"1: Drive forwards\015\012\000"
 455      72697665 
 455      20666F72 
 455      77617264 
 455      730D0A00 
 456              	.LC3:
 457 0044 323A2044 		.ascii	"2: Drive backwards\015\012\000"
 457      72697665 
 457      20626163 
 457      6B776172 
 457      64730D0A 
 458 0059 000000   		.space	3
 459              	.LC4:
 460 005c 713A2044 		.ascii	"q: Decrease speed\015\012\000"
 460      65637265 
 460      61736520 
 460      73706565 
 460      640D0A00 
 461              	.LC5:
 462 0070 773A2049 		.ascii	"w: Increase speed\015\012\000"
 462      6E637265 
 462      61736520 
 462      73706565 
 462      640D0A00 
 463              	.LC6:
 464 0084 44656372 		.ascii	"Decreasing speed\015\012\000"
 464      65617369 
 464      6E672073 
 464      70656564 
 464      0D0A00
 465 0097 00       		.space	1
 466              	.LC7:
 467 0098 496E6372 		.ascii	"Increasing speed\015\012\000"
 467      65617369 
 467      6E672073 
 467      70656564 
 467      0D0A00
 468 00ab 00       		.space	1
 469              	.LC8:
 470 00ac 53657420 		.ascii	"Set direction: forwards\015\012\000"
 470      64697265 
 470      6374696F 
 470      6E3A2066 
 470      6F727761 
 471 00c6 0000     		.space	2
ARM GAS  C:\Users\Simon\AppData\Local\Temp\ccNkr4cs.s 			page 13


 472              	.LC9:
 473 00c8 53657420 		.ascii	"Set direction: backwards\015\012\000"
 473      64697265 
 473      6374696F 
 473      6E3A2062 
 473      61636B77 
 474 00e3 00       		.space	1
 475              	.LC10:
 476 00e4 53746F70 		.ascii	"Stop\015\012\000"
 476      0D0A00
 477              		.bss
 478              		.set	.LANCHOR0,. + 0
 479              		.type	currentSpeed, %object
 480              		.size	currentSpeed, 1
 481              	currentSpeed:
 482 0000 00       		.space	1
 483              		.type	IN2, %object
 484              		.size	IN2, 1
 485              	IN2:
 486 0001 00       		.space	1
 487              		.text
 488              	.Letext0:
 489              		.file 2 "c:\\program files (x86)\\cypress\\psoc creator\\4.3\\psoc creator\\import\\gnu\\arm\\5.4.
 490              		.file 3 "c:\\program files (x86)\\cypress\\psoc creator\\4.3\\psoc creator\\import\\gnu\\arm\\5.4.
 491              		.file 4 "Generated_Source\\PSoC5/cytypes.h"
 492              		.file 5 "Generated_Source\\PSoC5/core_cm3.h"
 493              		.file 6 "Generated_Source\\PSoC5/isr_uart_rx.h"
 494              		.file 7 "Generated_Source\\PSoC5/UART_1.h"
 495              		.file 8 "Generated_Source\\PSoC5/PWM_1.h"
 496              		.file 9 "Generated_Source\\PSoC5/Pin_IN1.h"
 497              		.file 10 "Generated_Source\\PSoC5/Pin_IN2.h"
 498              		.section	.debug_info,"",%progbits
 499              	.Ldebug_info0:
 500 0000 5C040000 		.4byte	0x45c
 501 0004 0400     		.2byte	0x4
 502 0006 00000000 		.4byte	.Ldebug_abbrev0
 503 000a 04       		.byte	0x4
 504 000b 01       		.uleb128 0x1
 505 000c 92000000 		.4byte	.LASF40
 506 0010 0C       		.byte	0xc
 507 0011 93020000 		.4byte	.LASF41
 508 0015 90010000 		.4byte	.LASF42
 509 0019 00000000 		.4byte	.Ldebug_ranges0+0
 510 001d 00000000 		.4byte	0
 511 0021 00000000 		.4byte	.Ldebug_line0
 512 0025 02       		.uleb128 0x2
 513 0026 01       		.byte	0x1
 514 0027 06       		.byte	0x6
 515 0028 D2020000 		.4byte	.LASF0
 516 002c 03       		.uleb128 0x3
 517 002d 21000000 		.4byte	.LASF4
 518 0031 02       		.byte	0x2
 519 0032 1D       		.byte	0x1d
 520 0033 37000000 		.4byte	0x37
 521 0037 02       		.uleb128 0x2
 522 0038 01       		.byte	0x1
 523 0039 08       		.byte	0x8
ARM GAS  C:\Users\Simon\AppData\Local\Temp\ccNkr4cs.s 			page 14


 524 003a 84000000 		.4byte	.LASF1
 525 003e 02       		.uleb128 0x2
 526 003f 02       		.byte	0x2
 527 0040 05       		.byte	0x5
 528 0041 AD020000 		.4byte	.LASF2
 529 0045 02       		.uleb128 0x2
 530 0046 02       		.byte	0x2
 531 0047 07       		.byte	0x7
 532 0048 51000000 		.4byte	.LASF3
 533 004c 03       		.uleb128 0x3
 534 004d 39000000 		.4byte	.LASF5
 535 0051 02       		.byte	0x2
 536 0052 3F       		.byte	0x3f
 537 0053 57000000 		.4byte	0x57
 538 0057 02       		.uleb128 0x2
 539 0058 04       		.byte	0x4
 540 0059 05       		.byte	0x5
 541 005a BD020000 		.4byte	.LASF6
 542 005e 02       		.uleb128 0x2
 543 005f 04       		.byte	0x4
 544 0060 07       		.byte	0x7
 545 0061 34010000 		.4byte	.LASF7
 546 0065 02       		.uleb128 0x2
 547 0066 08       		.byte	0x8
 548 0067 05       		.byte	0x5
 549 0068 7C020000 		.4byte	.LASF8
 550 006c 02       		.uleb128 0x2
 551 006d 08       		.byte	0x8
 552 006e 07       		.byte	0x7
 553 006f 0F020000 		.4byte	.LASF9
 554 0073 04       		.uleb128 0x4
 555 0074 04       		.byte	0x4
 556 0075 05       		.byte	0x5
 557 0076 696E7400 		.ascii	"int\000"
 558 007a 02       		.uleb128 0x2
 559 007b 04       		.byte	0x4
 560 007c 07       		.byte	0x7
 561 007d F4010000 		.4byte	.LASF10
 562 0081 03       		.uleb128 0x3
 563 0082 26020000 		.4byte	.LASF11
 564 0086 03       		.byte	0x3
 565 0087 18       		.byte	0x18
 566 0088 2C000000 		.4byte	0x2c
 567 008c 03       		.uleb128 0x3
 568 008d 52020000 		.4byte	.LASF12
 569 0091 03       		.byte	0x3
 570 0092 2C       		.byte	0x2c
 571 0093 4C000000 		.4byte	0x4c
 572 0097 05       		.uleb128 0x5
 573 0098 B7020000 		.4byte	.LASF13
 574 009c 04       		.byte	0x4
 575 009d 9201     		.2byte	0x192
 576 009f 37000000 		.4byte	0x37
 577 00a3 02       		.uleb128 0x2
 578 00a4 04       		.byte	0x4
 579 00a5 04       		.byte	0x4
 580 00a6 7E000000 		.4byte	.LASF14
ARM GAS  C:\Users\Simon\AppData\Local\Temp\ccNkr4cs.s 			page 15


 581 00aa 02       		.uleb128 0x2
 582 00ab 08       		.byte	0x8
 583 00ac 04       		.byte	0x4
 584 00ad 89010000 		.4byte	.LASF15
 585 00b1 02       		.uleb128 0x2
 586 00b2 01       		.byte	0x1
 587 00b3 08       		.byte	0x8
 588 00b4 9A020000 		.4byte	.LASF16
 589 00b8 02       		.uleb128 0x2
 590 00b9 08       		.byte	0x8
 591 00ba 04       		.byte	0x4
 592 00bb C6020000 		.4byte	.LASF17
 593 00bf 02       		.uleb128 0x2
 594 00c0 04       		.byte	0x4
 595 00c1 07       		.byte	0x7
 596 00c2 8A020000 		.4byte	.LASF18
 597 00c6 06       		.uleb128 0x6
 598 00c7 EF010000 		.4byte	.LASF43
 599 00cb 01       		.byte	0x1
 600 00cc 1B       		.byte	0x1b
 601 00cd 73000000 		.4byte	0x73
 602 00d1 00000000 		.4byte	.LFB63
 603 00d5 54000000 		.4byte	.LFE63-.LFB63
 604 00d9 01       		.uleb128 0x1
 605 00da 9C       		.byte	0x9c
 606 00db 8F010000 		.4byte	0x18f
 607 00df 07       		.uleb128 0x7
 608 00e0 0A000000 		.4byte	.LVL0
 609 00e4 F1030000 		.4byte	0x3f1
 610 00e8 F6000000 		.4byte	0xf6
 611 00ec 08       		.uleb128 0x8
 612 00ed 01       		.uleb128 0x1
 613 00ee 50       		.byte	0x50
 614 00ef 05       		.uleb128 0x5
 615 00f0 03       		.byte	0x3
 616 00f1 00000000 		.4byte	ISR_UART_rx_handler
 617 00f5 00       		.byte	0
 618 00f6 09       		.uleb128 0x9
 619 00f7 0E000000 		.4byte	.LVL1
 620 00fb FC030000 		.4byte	0x3fc
 621 00ff 09       		.uleb128 0x9
 622 0100 12000000 		.4byte	.LVL2
 623 0104 07040000 		.4byte	0x407
 624 0108 07       		.uleb128 0x7
 625 0109 18000000 		.4byte	.LVL3
 626 010d 12040000 		.4byte	0x412
 627 0111 1F010000 		.4byte	0x11f
 628 0115 08       		.uleb128 0x8
 629 0116 01       		.uleb128 0x1
 630 0117 50       		.byte	0x50
 631 0118 05       		.uleb128 0x5
 632 0119 03       		.byte	0x3
 633 011a 00000000 		.4byte	.LC0
 634 011e 00       		.byte	0
 635 011f 07       		.uleb128 0x7
 636 0120 1E000000 		.4byte	.LVL4
 637 0124 12040000 		.4byte	0x412
ARM GAS  C:\Users\Simon\AppData\Local\Temp\ccNkr4cs.s 			page 16


 638 0128 36010000 		.4byte	0x136
 639 012c 08       		.uleb128 0x8
 640 012d 01       		.uleb128 0x1
 641 012e 50       		.byte	0x50
 642 012f 05       		.uleb128 0x5
 643 0130 03       		.byte	0x3
 644 0131 24000000 		.4byte	.LC1
 645 0135 00       		.byte	0
 646 0136 07       		.uleb128 0x7
 647 0137 24000000 		.4byte	.LVL5
 648 013b 12040000 		.4byte	0x412
 649 013f 4D010000 		.4byte	0x14d
 650 0143 08       		.uleb128 0x8
 651 0144 01       		.uleb128 0x1
 652 0145 50       		.byte	0x50
 653 0146 05       		.uleb128 0x5
 654 0147 03       		.byte	0x3
 655 0148 30000000 		.4byte	.LC2
 656 014c 00       		.byte	0
 657 014d 07       		.uleb128 0x7
 658 014e 2A000000 		.4byte	.LVL6
 659 0152 12040000 		.4byte	0x412
 660 0156 64010000 		.4byte	0x164
 661 015a 08       		.uleb128 0x8
 662 015b 01       		.uleb128 0x1
 663 015c 50       		.byte	0x50
 664 015d 05       		.uleb128 0x5
 665 015e 03       		.byte	0x3
 666 015f 44000000 		.4byte	.LC3
 667 0163 00       		.byte	0
 668 0164 07       		.uleb128 0x7
 669 0165 30000000 		.4byte	.LVL7
 670 0169 12040000 		.4byte	0x412
 671 016d 7B010000 		.4byte	0x17b
 672 0171 08       		.uleb128 0x8
 673 0172 01       		.uleb128 0x1
 674 0173 50       		.byte	0x50
 675 0174 05       		.uleb128 0x5
 676 0175 03       		.byte	0x3
 677 0176 5C000000 		.4byte	.LC4
 678 017a 00       		.byte	0
 679 017b 0A       		.uleb128 0xa
 680 017c 36000000 		.4byte	.LVL8
 681 0180 12040000 		.4byte	0x412
 682 0184 08       		.uleb128 0x8
 683 0185 01       		.uleb128 0x1
 684 0186 50       		.byte	0x50
 685 0187 05       		.uleb128 0x5
 686 0188 03       		.byte	0x3
 687 0189 70000000 		.4byte	.LC5
 688 018d 00       		.byte	0
 689 018e 00       		.byte	0
 690 018f 0B       		.uleb128 0xb
 691 0190 9F020000 		.4byte	.LASF19
 692 0194 01       		.byte	0x1
 693 0195 66       		.byte	0x66
 694 0196 00000000 		.4byte	.LFB66
ARM GAS  C:\Users\Simon\AppData\Local\Temp\ccNkr4cs.s 			page 17


 695 019a 2C000000 		.4byte	.LFE66-.LFB66
 696 019e 01       		.uleb128 0x1
 697 019f 9C       		.byte	0x9c
 698 01a0 C5010000 		.4byte	0x1c5
 699 01a4 07       		.uleb128 0x7
 700 01a5 08000000 		.4byte	.LVL9
 701 01a9 12040000 		.4byte	0x412
 702 01ad BB010000 		.4byte	0x1bb
 703 01b1 08       		.uleb128 0x8
 704 01b2 01       		.uleb128 0x1
 705 01b3 50       		.byte	0x50
 706 01b4 05       		.uleb128 0x5
 707 01b5 03       		.byte	0x3
 708 01b6 84000000 		.4byte	.LC6
 709 01ba 00       		.byte	0
 710 01bb 09       		.uleb128 0x9
 711 01bc 20000000 		.4byte	.LVL10
 712 01c0 1D040000 		.4byte	0x41d
 713 01c4 00       		.byte	0
 714 01c5 0B       		.uleb128 0xb
 715 01c6 43000000 		.4byte	.LASF20
 716 01ca 01       		.byte	0x1
 717 01cb 72       		.byte	0x72
 718 01cc 00000000 		.4byte	.LFB67
 719 01d0 24000000 		.4byte	.LFE67-.LFB67
 720 01d4 01       		.uleb128 0x1
 721 01d5 9C       		.byte	0x9c
 722 01d6 FB010000 		.4byte	0x1fb
 723 01da 07       		.uleb128 0x7
 724 01db 08000000 		.4byte	.LVL11
 725 01df 12040000 		.4byte	0x412
 726 01e3 F1010000 		.4byte	0x1f1
 727 01e7 08       		.uleb128 0x8
 728 01e8 01       		.uleb128 0x1
 729 01e9 50       		.byte	0x50
 730 01ea 05       		.uleb128 0x5
 731 01eb 03       		.byte	0x3
 732 01ec 98000000 		.4byte	.LC7
 733 01f0 00       		.byte	0
 734 01f1 09       		.uleb128 0x9
 735 01f2 1A000000 		.4byte	.LVL12
 736 01f6 1D040000 		.4byte	0x41d
 737 01fa 00       		.byte	0
 738 01fb 0B       		.uleb128 0xb
 739 01fc 01020000 		.4byte	.LASF21
 740 0200 01       		.byte	0x1
 741 0201 7D       		.byte	0x7d
 742 0202 00000000 		.4byte	.LFB68
 743 0206 34000000 		.4byte	.LFE68-.LFB68
 744 020a 01       		.uleb128 0x1
 745 020b 9C       		.byte	0x9c
 746 020c 54020000 		.4byte	0x254
 747 0210 07       		.uleb128 0x7
 748 0211 08000000 		.4byte	.LVL13
 749 0215 12040000 		.4byte	0x412
 750 0219 27020000 		.4byte	0x227
 751 021d 08       		.uleb128 0x8
ARM GAS  C:\Users\Simon\AppData\Local\Temp\ccNkr4cs.s 			page 18


 752 021e 01       		.uleb128 0x1
 753 021f 50       		.byte	0x50
 754 0220 05       		.uleb128 0x5
 755 0221 03       		.byte	0x3
 756 0222 AC000000 		.4byte	.LC8
 757 0226 00       		.byte	0
 758 0227 07       		.uleb128 0x7
 759 0228 18000000 		.4byte	.LVL14
 760 022c 28040000 		.4byte	0x428
 761 0230 3A020000 		.4byte	0x23a
 762 0234 08       		.uleb128 0x8
 763 0235 01       		.uleb128 0x1
 764 0236 50       		.byte	0x50
 765 0237 01       		.uleb128 0x1
 766 0238 30       		.byte	0x30
 767 0239 00       		.byte	0
 768 023a 09       		.uleb128 0x9
 769 023b 1E000000 		.4byte	.LVL15
 770 023f 33040000 		.4byte	0x433
 771 0243 0A       		.uleb128 0xa
 772 0244 26000000 		.4byte	.LVL16
 773 0248 1D040000 		.4byte	0x41d
 774 024c 08       		.uleb128 0x8
 775 024d 01       		.uleb128 0x1
 776 024e 50       		.byte	0x50
 777 024f 02       		.uleb128 0x2
 778 0250 08       		.byte	0x8
 779 0251 32       		.byte	0x32
 780 0252 00       		.byte	0
 781 0253 00       		.byte	0
 782 0254 0B       		.uleb128 0xb
 783 0255 5A020000 		.4byte	.LASF22
 784 0259 01       		.byte	0x1
 785 025a 8C       		.byte	0x8c
 786 025b 00000000 		.4byte	.LFB69
 787 025f 38000000 		.4byte	.LFE69-.LFB69
 788 0263 01       		.uleb128 0x1
 789 0264 9C       		.byte	0x9c
 790 0265 A7020000 		.4byte	0x2a7
 791 0269 07       		.uleb128 0x7
 792 026a 08000000 		.4byte	.LVL17
 793 026e 12040000 		.4byte	0x412
 794 0272 80020000 		.4byte	0x280
 795 0276 08       		.uleb128 0x8
 796 0277 01       		.uleb128 0x1
 797 0278 50       		.byte	0x50
 798 0279 05       		.uleb128 0x5
 799 027a 03       		.byte	0x3
 800 027b C8000000 		.4byte	.LC9
 801 027f 00       		.byte	0
 802 0280 07       		.uleb128 0x7
 803 0281 1C000000 		.4byte	.LVL18
 804 0285 1D040000 		.4byte	0x41d
 805 0289 94020000 		.4byte	0x294
 806 028d 08       		.uleb128 0x8
 807 028e 01       		.uleb128 0x1
 808 028f 50       		.byte	0x50
ARM GAS  C:\Users\Simon\AppData\Local\Temp\ccNkr4cs.s 			page 19


 809 0290 02       		.uleb128 0x2
 810 0291 08       		.byte	0x8
 811 0292 32       		.byte	0x32
 812 0293 00       		.byte	0
 813 0294 09       		.uleb128 0x9
 814 0295 22000000 		.4byte	.LVL19
 815 0299 28040000 		.4byte	0x428
 816 029d 09       		.uleb128 0x9
 817 029e 28000000 		.4byte	.LVL20
 818 02a2 33040000 		.4byte	0x433
 819 02a6 00       		.byte	0
 820 02a7 0B       		.uleb128 0xb
 821 02a8 64010000 		.4byte	.LASF23
 822 02ac 01       		.byte	0x1
 823 02ad 9A       		.byte	0x9a
 824 02ae 00000000 		.4byte	.LFB70
 825 02b2 1C000000 		.4byte	.LFE70-.LFB70
 826 02b6 01       		.uleb128 0x1
 827 02b7 9C       		.byte	0x9c
 828 02b8 E3020000 		.4byte	0x2e3
 829 02bc 07       		.uleb128 0x7
 830 02bd 08000000 		.4byte	.LVL21
 831 02c1 12040000 		.4byte	0x412
 832 02c5 D3020000 		.4byte	0x2d3
 833 02c9 08       		.uleb128 0x8
 834 02ca 01       		.uleb128 0x1
 835 02cb 50       		.byte	0x50
 836 02cc 05       		.uleb128 0x5
 837 02cd 03       		.byte	0x3
 838 02ce E4000000 		.4byte	.LC10
 839 02d2 00       		.byte	0
 840 02d3 0A       		.uleb128 0xa
 841 02d4 12000000 		.4byte	.LVL22
 842 02d8 1D040000 		.4byte	0x41d
 843 02dc 08       		.uleb128 0x8
 844 02dd 01       		.uleb128 0x1
 845 02de 50       		.byte	0x50
 846 02df 01       		.uleb128 0x1
 847 02e0 30       		.byte	0x30
 848 02e1 00       		.byte	0
 849 02e2 00       		.byte	0
 850 02e3 0B       		.uleb128 0xb
 851 02e4 DC010000 		.4byte	.LASF24
 852 02e8 01       		.byte	0x1
 853 02e9 3F       		.byte	0x3f
 854 02ea 00000000 		.4byte	.LFB65
 855 02ee 3A000000 		.4byte	.LFE65-.LFB65
 856 02f2 01       		.uleb128 0x1
 857 02f3 9C       		.byte	0x9c
 858 02f4 35030000 		.4byte	0x335
 859 02f8 0C       		.uleb128 0xc
 860 02f9 EF020000 		.4byte	.LASF27
 861 02fd 01       		.byte	0x1
 862 02fe 3F       		.byte	0x3f
 863 02ff 81000000 		.4byte	0x81
 864 0303 00000000 		.4byte	.LLST0
 865 0307 09       		.uleb128 0x9
ARM GAS  C:\Users\Simon\AppData\Local\Temp\ccNkr4cs.s 			page 20


 866 0308 20000000 		.4byte	.LVL24
 867 030c 8F010000 		.4byte	0x18f
 868 0310 09       		.uleb128 0x9
 869 0311 26000000 		.4byte	.LVL26
 870 0315 C5010000 		.4byte	0x1c5
 871 0319 09       		.uleb128 0x9
 872 031a 2C000000 		.4byte	.LVL28
 873 031e FB010000 		.4byte	0x1fb
 874 0322 09       		.uleb128 0x9
 875 0323 32000000 		.4byte	.LVL30
 876 0327 54020000 		.4byte	0x254
 877 032b 09       		.uleb128 0x9
 878 032c 38000000 		.4byte	.LVL32
 879 0330 A7020000 		.4byte	0x2a7
 880 0334 00       		.byte	0
 881 0335 0B       		.uleb128 0xb
 882 0336 20010000 		.4byte	.LASF25
 883 033a 01       		.byte	0x1
 884 033b 31       		.byte	0x31
 885 033c 00000000 		.4byte	.LFB64
 886 0340 24000000 		.4byte	.LFE64-.LFB64
 887 0344 01       		.uleb128 0x1
 888 0345 9C       		.byte	0x9c
 889 0346 AD030000 		.4byte	0x3ad
 890 034a 0D       		.uleb128 0xd
 891 034b 72000000 		.4byte	.LASF26
 892 034f 01       		.byte	0x1
 893 0350 33       		.byte	0x33
 894 0351 81000000 		.4byte	0x81
 895 0355 85000000 		.4byte	.LLST1
 896 0359 0E       		.uleb128 0xe
 897 035a 0A000000 		.4byte	.LBB2
 898 035e 14000000 		.4byte	.LBE2-.LBB2
 899 0362 A3030000 		.4byte	0x3a3
 900 0366 0D       		.uleb128 0xd
 901 0367 EF020000 		.4byte	.LASF27
 902 036b 01       		.byte	0x1
 903 036c 36       		.byte	0x36
 904 036d 81000000 		.4byte	0x81
 905 0371 A3000000 		.4byte	.LLST2
 906 0375 09       		.uleb128 0x9
 907 0376 0E000000 		.4byte	.LVL35
 908 037a 3E040000 		.4byte	0x43e
 909 037e 07       		.uleb128 0x7
 910 037f 14000000 		.4byte	.LVL37
 911 0383 49040000 		.4byte	0x449
 912 0387 92030000 		.4byte	0x392
 913 038b 08       		.uleb128 0x8
 914 038c 01       		.uleb128 0x1
 915 038d 50       		.byte	0x50
 916 038e 02       		.uleb128 0x2
 917 038f 75       		.byte	0x75
 918 0390 00       		.sleb128 0
 919 0391 00       		.byte	0
 920 0392 0A       		.uleb128 0xa
 921 0393 1A000000 		.4byte	.LVL38
 922 0397 E3020000 		.4byte	0x2e3
ARM GAS  C:\Users\Simon\AppData\Local\Temp\ccNkr4cs.s 			page 21


 923 039b 08       		.uleb128 0x8
 924 039c 01       		.uleb128 0x1
 925 039d 50       		.byte	0x50
 926 039e 02       		.uleb128 0x2
 927 039f 75       		.byte	0x75
 928 03a0 00       		.sleb128 0
 929 03a1 00       		.byte	0
 930 03a2 00       		.byte	0
 931 03a3 09       		.uleb128 0x9
 932 03a4 06000000 		.4byte	.LVL33
 933 03a8 54040000 		.4byte	0x454
 934 03ac 00       		.byte	0
 935 03ad 0F       		.uleb128 0xf
 936 03ae 69010000 		.4byte	.LASF28
 937 03b2 05       		.byte	0x5
 938 03b3 9606     		.2byte	0x696
 939 03b5 B9030000 		.4byte	0x3b9
 940 03b9 10       		.uleb128 0x10
 941 03ba 8C000000 		.4byte	0x8c
 942 03be 11       		.uleb128 0x11
 943 03bf 45020000 		.4byte	.LASF29
 944 03c3 01       		.byte	0x1
 945 03c4 18       		.byte	0x18
 946 03c5 97000000 		.4byte	0x97
 947 03c9 05       		.uleb128 0x5
 948 03ca 03       		.byte	0x3
 949 03cb 00000000 		.4byte	currentSpeed
 950 03cf 12       		.uleb128 0x12
 951 03d0 494E3100 		.ascii	"IN1\000"
 952 03d4 01       		.byte	0x1
 953 03d5 19       		.byte	0x19
 954 03d6 97000000 		.4byte	0x97
 955 03da 05       		.uleb128 0x5
 956 03db 03       		.byte	0x3
 957 03dc 00000000 		.4byte	IN1
 958 03e0 12       		.uleb128 0x12
 959 03e1 494E3200 		.ascii	"IN2\000"
 960 03e5 01       		.byte	0x1
 961 03e6 19       		.byte	0x19
 962 03e7 97000000 		.4byte	0x97
 963 03eb 05       		.uleb128 0x5
 964 03ec 03       		.byte	0x3
 965 03ed 00000000 		.4byte	IN2
 966 03f1 13       		.uleb128 0x13
 967 03f2 00000000 		.4byte	.LASF30
 968 03f6 00000000 		.4byte	.LASF30
 969 03fa 06       		.byte	0x6
 970 03fb 18       		.byte	0x18
 971 03fc 13       		.uleb128 0x13
 972 03fd 14000000 		.4byte	.LASF31
 973 0401 14000000 		.4byte	.LASF31
 974 0405 07       		.byte	0x7
 975 0406 54       		.byte	0x54
 976 0407 13       		.uleb128 0x13
 977 0408 58010000 		.4byte	.LASF32
 978 040c 58010000 		.4byte	.LASF32
 979 0410 08       		.byte	0x8
ARM GAS  C:\Users\Simon\AppData\Local\Temp\ccNkr4cs.s 			page 22


 980 0411 92       		.byte	0x92
 981 0412 13       		.uleb128 0x13
 982 0413 DE020000 		.4byte	.LASF33
 983 0417 DE020000 		.4byte	.LASF33
 984 041b 07       		.byte	0x7
 985 041c 8B       		.byte	0x8b
 986 041d 13       		.uleb128 0x13
 987 041e 69020000 		.4byte	.LASF34
 988 0422 69020000 		.4byte	.LASF34
 989 0426 08       		.byte	0x8
 990 0427 C3       		.byte	0xc3
 991 0428 13       		.uleb128 0x13
 992 0429 2B000000 		.4byte	.LASF35
 993 042d 2B000000 		.4byte	.LASF35
 994 0431 09       		.byte	0x9
 995 0432 26       		.byte	0x26
 996 0433 13       		.uleb128 0x13
 997 0434 64000000 		.4byte	.LASF36
 998 0438 64000000 		.4byte	.LASF36
 999 043c 0A       		.byte	0xa
 1000 043d 26       		.byte	0x26
 1001 043e 13       		.uleb128 0x13
 1002 043f 46010000 		.4byte	.LASF37
 1003 0443 46010000 		.4byte	.LASF37
 1004 0447 07       		.byte	0x7
 1005 0448 6F       		.byte	0x6f
 1006 0449 13       		.uleb128 0x13
 1007 044a 76010000 		.4byte	.LASF38
 1008 044e 76010000 		.4byte	.LASF38
 1009 0452 07       		.byte	0x7
 1010 0453 88       		.byte	0x88
 1011 0454 13       		.uleb128 0x13
 1012 0455 2E020000 		.4byte	.LASF39
 1013 0459 2E020000 		.4byte	.LASF39
 1014 045d 07       		.byte	0x7
 1015 045e 73       		.byte	0x73
 1016 045f 00       		.byte	0
 1017              		.section	.debug_abbrev,"",%progbits
 1018              	.Ldebug_abbrev0:
 1019 0000 01       		.uleb128 0x1
 1020 0001 11       		.uleb128 0x11
 1021 0002 01       		.byte	0x1
 1022 0003 25       		.uleb128 0x25
 1023 0004 0E       		.uleb128 0xe
 1024 0005 13       		.uleb128 0x13
 1025 0006 0B       		.uleb128 0xb
 1026 0007 03       		.uleb128 0x3
 1027 0008 0E       		.uleb128 0xe
 1028 0009 1B       		.uleb128 0x1b
 1029 000a 0E       		.uleb128 0xe
 1030 000b 55       		.uleb128 0x55
 1031 000c 17       		.uleb128 0x17
 1032 000d 11       		.uleb128 0x11
 1033 000e 01       		.uleb128 0x1
 1034 000f 10       		.uleb128 0x10
 1035 0010 17       		.uleb128 0x17
 1036 0011 00       		.byte	0
ARM GAS  C:\Users\Simon\AppData\Local\Temp\ccNkr4cs.s 			page 23


 1037 0012 00       		.byte	0
 1038 0013 02       		.uleb128 0x2
 1039 0014 24       		.uleb128 0x24
 1040 0015 00       		.byte	0
 1041 0016 0B       		.uleb128 0xb
 1042 0017 0B       		.uleb128 0xb
 1043 0018 3E       		.uleb128 0x3e
 1044 0019 0B       		.uleb128 0xb
 1045 001a 03       		.uleb128 0x3
 1046 001b 0E       		.uleb128 0xe
 1047 001c 00       		.byte	0
 1048 001d 00       		.byte	0
 1049 001e 03       		.uleb128 0x3
 1050 001f 16       		.uleb128 0x16
 1051 0020 00       		.byte	0
 1052 0021 03       		.uleb128 0x3
 1053 0022 0E       		.uleb128 0xe
 1054 0023 3A       		.uleb128 0x3a
 1055 0024 0B       		.uleb128 0xb
 1056 0025 3B       		.uleb128 0x3b
 1057 0026 0B       		.uleb128 0xb
 1058 0027 49       		.uleb128 0x49
 1059 0028 13       		.uleb128 0x13
 1060 0029 00       		.byte	0
 1061 002a 00       		.byte	0
 1062 002b 04       		.uleb128 0x4
 1063 002c 24       		.uleb128 0x24
 1064 002d 00       		.byte	0
 1065 002e 0B       		.uleb128 0xb
 1066 002f 0B       		.uleb128 0xb
 1067 0030 3E       		.uleb128 0x3e
 1068 0031 0B       		.uleb128 0xb
 1069 0032 03       		.uleb128 0x3
 1070 0033 08       		.uleb128 0x8
 1071 0034 00       		.byte	0
 1072 0035 00       		.byte	0
 1073 0036 05       		.uleb128 0x5
 1074 0037 16       		.uleb128 0x16
 1075 0038 00       		.byte	0
 1076 0039 03       		.uleb128 0x3
 1077 003a 0E       		.uleb128 0xe
 1078 003b 3A       		.uleb128 0x3a
 1079 003c 0B       		.uleb128 0xb
 1080 003d 3B       		.uleb128 0x3b
 1081 003e 05       		.uleb128 0x5
 1082 003f 49       		.uleb128 0x49
 1083 0040 13       		.uleb128 0x13
 1084 0041 00       		.byte	0
 1085 0042 00       		.byte	0
 1086 0043 06       		.uleb128 0x6
 1087 0044 2E       		.uleb128 0x2e
 1088 0045 01       		.byte	0x1
 1089 0046 3F       		.uleb128 0x3f
 1090 0047 19       		.uleb128 0x19
 1091 0048 03       		.uleb128 0x3
 1092 0049 0E       		.uleb128 0xe
 1093 004a 3A       		.uleb128 0x3a
ARM GAS  C:\Users\Simon\AppData\Local\Temp\ccNkr4cs.s 			page 24


 1094 004b 0B       		.uleb128 0xb
 1095 004c 3B       		.uleb128 0x3b
 1096 004d 0B       		.uleb128 0xb
 1097 004e 27       		.uleb128 0x27
 1098 004f 19       		.uleb128 0x19
 1099 0050 49       		.uleb128 0x49
 1100 0051 13       		.uleb128 0x13
 1101 0052 8701     		.uleb128 0x87
 1102 0054 19       		.uleb128 0x19
 1103 0055 11       		.uleb128 0x11
 1104 0056 01       		.uleb128 0x1
 1105 0057 12       		.uleb128 0x12
 1106 0058 06       		.uleb128 0x6
 1107 0059 40       		.uleb128 0x40
 1108 005a 18       		.uleb128 0x18
 1109 005b 9742     		.uleb128 0x2117
 1110 005d 19       		.uleb128 0x19
 1111 005e 01       		.uleb128 0x1
 1112 005f 13       		.uleb128 0x13
 1113 0060 00       		.byte	0
 1114 0061 00       		.byte	0
 1115 0062 07       		.uleb128 0x7
 1116 0063 898201   		.uleb128 0x4109
 1117 0066 01       		.byte	0x1
 1118 0067 11       		.uleb128 0x11
 1119 0068 01       		.uleb128 0x1
 1120 0069 31       		.uleb128 0x31
 1121 006a 13       		.uleb128 0x13
 1122 006b 01       		.uleb128 0x1
 1123 006c 13       		.uleb128 0x13
 1124 006d 00       		.byte	0
 1125 006e 00       		.byte	0
 1126 006f 08       		.uleb128 0x8
 1127 0070 8A8201   		.uleb128 0x410a
 1128 0073 00       		.byte	0
 1129 0074 02       		.uleb128 0x2
 1130 0075 18       		.uleb128 0x18
 1131 0076 9142     		.uleb128 0x2111
 1132 0078 18       		.uleb128 0x18
 1133 0079 00       		.byte	0
 1134 007a 00       		.byte	0
 1135 007b 09       		.uleb128 0x9
 1136 007c 898201   		.uleb128 0x4109
 1137 007f 00       		.byte	0
 1138 0080 11       		.uleb128 0x11
 1139 0081 01       		.uleb128 0x1
 1140 0082 31       		.uleb128 0x31
 1141 0083 13       		.uleb128 0x13
 1142 0084 00       		.byte	0
 1143 0085 00       		.byte	0
 1144 0086 0A       		.uleb128 0xa
 1145 0087 898201   		.uleb128 0x4109
 1146 008a 01       		.byte	0x1
 1147 008b 11       		.uleb128 0x11
 1148 008c 01       		.uleb128 0x1
 1149 008d 31       		.uleb128 0x31
 1150 008e 13       		.uleb128 0x13
ARM GAS  C:\Users\Simon\AppData\Local\Temp\ccNkr4cs.s 			page 25


 1151 008f 00       		.byte	0
 1152 0090 00       		.byte	0
 1153 0091 0B       		.uleb128 0xb
 1154 0092 2E       		.uleb128 0x2e
 1155 0093 01       		.byte	0x1
 1156 0094 3F       		.uleb128 0x3f
 1157 0095 19       		.uleb128 0x19
 1158 0096 03       		.uleb128 0x3
 1159 0097 0E       		.uleb128 0xe
 1160 0098 3A       		.uleb128 0x3a
 1161 0099 0B       		.uleb128 0xb
 1162 009a 3B       		.uleb128 0x3b
 1163 009b 0B       		.uleb128 0xb
 1164 009c 27       		.uleb128 0x27
 1165 009d 19       		.uleb128 0x19
 1166 009e 11       		.uleb128 0x11
 1167 009f 01       		.uleb128 0x1
 1168 00a0 12       		.uleb128 0x12
 1169 00a1 06       		.uleb128 0x6
 1170 00a2 40       		.uleb128 0x40
 1171 00a3 18       		.uleb128 0x18
 1172 00a4 9742     		.uleb128 0x2117
 1173 00a6 19       		.uleb128 0x19
 1174 00a7 01       		.uleb128 0x1
 1175 00a8 13       		.uleb128 0x13
 1176 00a9 00       		.byte	0
 1177 00aa 00       		.byte	0
 1178 00ab 0C       		.uleb128 0xc
 1179 00ac 05       		.uleb128 0x5
 1180 00ad 00       		.byte	0
 1181 00ae 03       		.uleb128 0x3
 1182 00af 0E       		.uleb128 0xe
 1183 00b0 3A       		.uleb128 0x3a
 1184 00b1 0B       		.uleb128 0xb
 1185 00b2 3B       		.uleb128 0x3b
 1186 00b3 0B       		.uleb128 0xb
 1187 00b4 49       		.uleb128 0x49
 1188 00b5 13       		.uleb128 0x13
 1189 00b6 02       		.uleb128 0x2
 1190 00b7 17       		.uleb128 0x17
 1191 00b8 00       		.byte	0
 1192 00b9 00       		.byte	0
 1193 00ba 0D       		.uleb128 0xd
 1194 00bb 34       		.uleb128 0x34
 1195 00bc 00       		.byte	0
 1196 00bd 03       		.uleb128 0x3
 1197 00be 0E       		.uleb128 0xe
 1198 00bf 3A       		.uleb128 0x3a
 1199 00c0 0B       		.uleb128 0xb
 1200 00c1 3B       		.uleb128 0x3b
 1201 00c2 0B       		.uleb128 0xb
 1202 00c3 49       		.uleb128 0x49
 1203 00c4 13       		.uleb128 0x13
 1204 00c5 02       		.uleb128 0x2
 1205 00c6 17       		.uleb128 0x17
 1206 00c7 00       		.byte	0
 1207 00c8 00       		.byte	0
ARM GAS  C:\Users\Simon\AppData\Local\Temp\ccNkr4cs.s 			page 26


 1208 00c9 0E       		.uleb128 0xe
 1209 00ca 0B       		.uleb128 0xb
 1210 00cb 01       		.byte	0x1
 1211 00cc 11       		.uleb128 0x11
 1212 00cd 01       		.uleb128 0x1
 1213 00ce 12       		.uleb128 0x12
 1214 00cf 06       		.uleb128 0x6
 1215 00d0 01       		.uleb128 0x1
 1216 00d1 13       		.uleb128 0x13
 1217 00d2 00       		.byte	0
 1218 00d3 00       		.byte	0
 1219 00d4 0F       		.uleb128 0xf
 1220 00d5 34       		.uleb128 0x34
 1221 00d6 00       		.byte	0
 1222 00d7 03       		.uleb128 0x3
 1223 00d8 0E       		.uleb128 0xe
 1224 00d9 3A       		.uleb128 0x3a
 1225 00da 0B       		.uleb128 0xb
 1226 00db 3B       		.uleb128 0x3b
 1227 00dc 05       		.uleb128 0x5
 1228 00dd 49       		.uleb128 0x49
 1229 00de 13       		.uleb128 0x13
 1230 00df 3F       		.uleb128 0x3f
 1231 00e0 19       		.uleb128 0x19
 1232 00e1 3C       		.uleb128 0x3c
 1233 00e2 19       		.uleb128 0x19
 1234 00e3 00       		.byte	0
 1235 00e4 00       		.byte	0
 1236 00e5 10       		.uleb128 0x10
 1237 00e6 35       		.uleb128 0x35
 1238 00e7 00       		.byte	0
 1239 00e8 49       		.uleb128 0x49
 1240 00e9 13       		.uleb128 0x13
 1241 00ea 00       		.byte	0
 1242 00eb 00       		.byte	0
 1243 00ec 11       		.uleb128 0x11
 1244 00ed 34       		.uleb128 0x34
 1245 00ee 00       		.byte	0
 1246 00ef 03       		.uleb128 0x3
 1247 00f0 0E       		.uleb128 0xe
 1248 00f1 3A       		.uleb128 0x3a
 1249 00f2 0B       		.uleb128 0xb
 1250 00f3 3B       		.uleb128 0x3b
 1251 00f4 0B       		.uleb128 0xb
 1252 00f5 49       		.uleb128 0x49
 1253 00f6 13       		.uleb128 0x13
 1254 00f7 3F       		.uleb128 0x3f
 1255 00f8 19       		.uleb128 0x19
 1256 00f9 02       		.uleb128 0x2
 1257 00fa 18       		.uleb128 0x18
 1258 00fb 00       		.byte	0
 1259 00fc 00       		.byte	0
 1260 00fd 12       		.uleb128 0x12
 1261 00fe 34       		.uleb128 0x34
 1262 00ff 00       		.byte	0
 1263 0100 03       		.uleb128 0x3
 1264 0101 08       		.uleb128 0x8
ARM GAS  C:\Users\Simon\AppData\Local\Temp\ccNkr4cs.s 			page 27


 1265 0102 3A       		.uleb128 0x3a
 1266 0103 0B       		.uleb128 0xb
 1267 0104 3B       		.uleb128 0x3b
 1268 0105 0B       		.uleb128 0xb
 1269 0106 49       		.uleb128 0x49
 1270 0107 13       		.uleb128 0x13
 1271 0108 3F       		.uleb128 0x3f
 1272 0109 19       		.uleb128 0x19
 1273 010a 02       		.uleb128 0x2
 1274 010b 18       		.uleb128 0x18
 1275 010c 00       		.byte	0
 1276 010d 00       		.byte	0
 1277 010e 13       		.uleb128 0x13
 1278 010f 2E       		.uleb128 0x2e
 1279 0110 00       		.byte	0
 1280 0111 3F       		.uleb128 0x3f
 1281 0112 19       		.uleb128 0x19
 1282 0113 3C       		.uleb128 0x3c
 1283 0114 19       		.uleb128 0x19
 1284 0115 6E       		.uleb128 0x6e
 1285 0116 0E       		.uleb128 0xe
 1286 0117 03       		.uleb128 0x3
 1287 0118 0E       		.uleb128 0xe
 1288 0119 3A       		.uleb128 0x3a
 1289 011a 0B       		.uleb128 0xb
 1290 011b 3B       		.uleb128 0x3b
 1291 011c 0B       		.uleb128 0xb
 1292 011d 00       		.byte	0
 1293 011e 00       		.byte	0
 1294 011f 00       		.byte	0
 1295              		.section	.debug_loc,"",%progbits
 1296              	.Ldebug_loc0:
 1297              	.LLST0:
 1298 0000 00000000 		.4byte	.LVL23
 1299 0004 1F000000 		.4byte	.LVL24-1
 1300 0008 0100     		.2byte	0x1
 1301 000a 50       		.byte	0x50
 1302 000b 1F000000 		.4byte	.LVL24-1
 1303 000f 22000000 		.4byte	.LVL25
 1304 0013 0400     		.2byte	0x4
 1305 0015 F3       		.byte	0xf3
 1306 0016 01       		.uleb128 0x1
 1307 0017 50       		.byte	0x50
 1308 0018 9F       		.byte	0x9f
 1309 0019 22000000 		.4byte	.LVL25
 1310 001d 25000000 		.4byte	.LVL26-1
 1311 0021 0100     		.2byte	0x1
 1312 0023 50       		.byte	0x50
 1313 0024 25000000 		.4byte	.LVL26-1
 1314 0028 28000000 		.4byte	.LVL27
 1315 002c 0400     		.2byte	0x4
 1316 002e F3       		.byte	0xf3
 1317 002f 01       		.uleb128 0x1
 1318 0030 50       		.byte	0x50
 1319 0031 9F       		.byte	0x9f
 1320 0032 28000000 		.4byte	.LVL27
 1321 0036 2B000000 		.4byte	.LVL28-1
ARM GAS  C:\Users\Simon\AppData\Local\Temp\ccNkr4cs.s 			page 28


 1322 003a 0100     		.2byte	0x1
 1323 003c 50       		.byte	0x50
 1324 003d 2B000000 		.4byte	.LVL28-1
 1325 0041 2E000000 		.4byte	.LVL29
 1326 0045 0400     		.2byte	0x4
 1327 0047 F3       		.byte	0xf3
 1328 0048 01       		.uleb128 0x1
 1329 0049 50       		.byte	0x50
 1330 004a 9F       		.byte	0x9f
 1331 004b 2E000000 		.4byte	.LVL29
 1332 004f 31000000 		.4byte	.LVL30-1
 1333 0053 0100     		.2byte	0x1
 1334 0055 50       		.byte	0x50
 1335 0056 31000000 		.4byte	.LVL30-1
 1336 005a 34000000 		.4byte	.LVL31
 1337 005e 0400     		.2byte	0x4
 1338 0060 F3       		.byte	0xf3
 1339 0061 01       		.uleb128 0x1
 1340 0062 50       		.byte	0x50
 1341 0063 9F       		.byte	0x9f
 1342 0064 34000000 		.4byte	.LVL31
 1343 0068 37000000 		.4byte	.LVL32-1
 1344 006c 0100     		.2byte	0x1
 1345 006e 50       		.byte	0x50
 1346 006f 37000000 		.4byte	.LVL32-1
 1347 0073 3A000000 		.4byte	.LFE65
 1348 0077 0400     		.2byte	0x4
 1349 0079 F3       		.byte	0xf3
 1350 007a 01       		.uleb128 0x1
 1351 007b 50       		.byte	0x50
 1352 007c 9F       		.byte	0x9f
 1353 007d 00000000 		.4byte	0
 1354 0081 00000000 		.4byte	0
 1355              	.LLST1:
 1356 0085 08000000 		.4byte	.LVL34
 1357 0089 1C000000 		.4byte	.LVL39
 1358 008d 0100     		.2byte	0x1
 1359 008f 54       		.byte	0x54
 1360 0090 1E000000 		.4byte	.LVL40
 1361 0094 24000000 		.4byte	.LFE64
 1362 0098 0100     		.2byte	0x1
 1363 009a 54       		.byte	0x54
 1364 009b 00000000 		.4byte	0
 1365 009f 00000000 		.4byte	0
 1366              	.LLST2:
 1367 00a3 10000000 		.4byte	.LVL36
 1368 00a7 1E000000 		.4byte	.LVL40
 1369 00ab 0100     		.2byte	0x1
 1370 00ad 55       		.byte	0x55
 1371 00ae 00000000 		.4byte	0
 1372 00b2 00000000 		.4byte	0
 1373              		.section	.debug_aranges,"",%progbits
 1374 0000 54000000 		.4byte	0x54
 1375 0004 0200     		.2byte	0x2
 1376 0006 00000000 		.4byte	.Ldebug_info0
 1377 000a 04       		.byte	0x4
 1378 000b 00       		.byte	0
ARM GAS  C:\Users\Simon\AppData\Local\Temp\ccNkr4cs.s 			page 29


 1379 000c 0000     		.2byte	0
 1380 000e 0000     		.2byte	0
 1381 0010 00000000 		.4byte	.LFB63
 1382 0014 54000000 		.4byte	.LFE63-.LFB63
 1383 0018 00000000 		.4byte	.LFB66
 1384 001c 2C000000 		.4byte	.LFE66-.LFB66
 1385 0020 00000000 		.4byte	.LFB67
 1386 0024 24000000 		.4byte	.LFE67-.LFB67
 1387 0028 00000000 		.4byte	.LFB68
 1388 002c 34000000 		.4byte	.LFE68-.LFB68
 1389 0030 00000000 		.4byte	.LFB69
 1390 0034 38000000 		.4byte	.LFE69-.LFB69
 1391 0038 00000000 		.4byte	.LFB70
 1392 003c 1C000000 		.4byte	.LFE70-.LFB70
 1393 0040 00000000 		.4byte	.LFB65
 1394 0044 3A000000 		.4byte	.LFE65-.LFB65
 1395 0048 00000000 		.4byte	.LFB64
 1396 004c 24000000 		.4byte	.LFE64-.LFB64
 1397 0050 00000000 		.4byte	0
 1398 0054 00000000 		.4byte	0
 1399              		.section	.debug_ranges,"",%progbits
 1400              	.Ldebug_ranges0:
 1401 0000 00000000 		.4byte	.LFB63
 1402 0004 54000000 		.4byte	.LFE63
 1403 0008 00000000 		.4byte	.LFB66
 1404 000c 2C000000 		.4byte	.LFE66
 1405 0010 00000000 		.4byte	.LFB67
 1406 0014 24000000 		.4byte	.LFE67
 1407 0018 00000000 		.4byte	.LFB68
 1408 001c 34000000 		.4byte	.LFE68
 1409 0020 00000000 		.4byte	.LFB69
 1410 0024 38000000 		.4byte	.LFE69
 1411 0028 00000000 		.4byte	.LFB70
 1412 002c 1C000000 		.4byte	.LFE70
 1413 0030 00000000 		.4byte	.LFB65
 1414 0034 3A000000 		.4byte	.LFE65
 1415 0038 00000000 		.4byte	.LFB64
 1416 003c 24000000 		.4byte	.LFE64
 1417 0040 00000000 		.4byte	0
 1418 0044 00000000 		.4byte	0
 1419              		.section	.debug_line,"",%progbits
 1420              	.Ldebug_line0:
 1421 0000 4A020000 		.section	.debug_str,"MS",%progbits,1
 1421      02008E01 
 1421      00000201 
 1421      FB0E0D00 
 1421      01010101 
 1422              	.LASF30:
 1423 0000 6973725F 		.ascii	"isr_uart_rx_StartEx\000"
 1423      75617274 
 1423      5F72785F 
 1423      53746172 
 1423      74457800 
 1424              	.LASF31:
 1425 0014 55415254 		.ascii	"UART_1_Start\000"
 1425      5F315F53 
 1425      74617274 
ARM GAS  C:\Users\Simon\AppData\Local\Temp\ccNkr4cs.s 			page 30


 1425      00
 1426              	.LASF4:
 1427 0021 5F5F7569 		.ascii	"__uint8_t\000"
 1427      6E74385F 
 1427      7400
 1428              	.LASF35:
 1429 002b 50696E5F 		.ascii	"Pin_IN1_Write\000"
 1429      494E315F 
 1429      57726974 
 1429      6500
 1430              	.LASF5:
 1431 0039 5F5F696E 		.ascii	"__int32_t\000"
 1431      7433325F 
 1431      7400
 1432              	.LASF20:
 1433 0043 696E6372 		.ascii	"increaseSpeed\000"
 1433      65617365 
 1433      53706565 
 1433      6400
 1434              	.LASF3:
 1435 0051 73686F72 		.ascii	"short unsigned int\000"
 1435      7420756E 
 1435      7369676E 
 1435      65642069 
 1435      6E7400
 1436              	.LASF36:
 1437 0064 50696E5F 		.ascii	"Pin_IN2_Write\000"
 1437      494E325F 
 1437      57726974 
 1437      6500
 1438              	.LASF26:
 1439 0072 62797465 		.ascii	"bytesToRead\000"
 1439      73546F52 
 1439      65616400 
 1440              	.LASF14:
 1441 007e 666C6F61 		.ascii	"float\000"
 1441      7400
 1442              	.LASF1:
 1443 0084 756E7369 		.ascii	"unsigned char\000"
 1443      676E6564 
 1443      20636861 
 1443      7200
 1444              	.LASF40:
 1445 0092 474E5520 		.ascii	"GNU C11 5.4.1 20160609 (release) [ARM/embedded-5-br"
 1445      43313120 
 1445      352E342E 
 1445      31203230 
 1445      31363036 
 1446 00c5 616E6368 		.ascii	"anch revision 237715] -mcpu=cortex-m3 -mthumb -g -O"
 1446      20726576 
 1446      6973696F 
 1446      6E203233 
 1446      37373135 
 1447 00f8 67202D66 		.ascii	"g -ffunction-sections -ffat-lto-objects\000"
 1447      66756E63 
 1447      74696F6E 
 1447      2D736563 
ARM GAS  C:\Users\Simon\AppData\Local\Temp\ccNkr4cs.s 			page 31


 1447      74696F6E 
 1448              	.LASF25:
 1449 0120 4953525F 		.ascii	"ISR_UART_rx_handler\000"
 1449      55415254 
 1449      5F72785F 
 1449      68616E64 
 1449      6C657200 
 1450              	.LASF7:
 1451 0134 6C6F6E67 		.ascii	"long unsigned int\000"
 1451      20756E73 
 1451      69676E65 
 1451      6420696E 
 1451      7400
 1452              	.LASF37:
 1453 0146 55415254 		.ascii	"UART_1_ReadRxData\000"
 1453      5F315F52 
 1453      65616452 
 1453      78446174 
 1453      6100
 1454              	.LASF32:
 1455 0158 50574D5F 		.ascii	"PWM_1_Start\000"
 1455      315F5374 
 1455      61727400 
 1456              	.LASF23:
 1457 0164 73746F70 		.ascii	"stop\000"
 1457      00
 1458              	.LASF28:
 1459 0169 49544D5F 		.ascii	"ITM_RxBuffer\000"
 1459      52784275 
 1459      66666572 
 1459      00
 1460              	.LASF38:
 1461 0176 55415254 		.ascii	"UART_1_WriteTxData\000"
 1461      5F315F57 
 1461      72697465 
 1461      54784461 
 1461      746100
 1462              	.LASF15:
 1463 0189 646F7562 		.ascii	"double\000"
 1463      6C6500
 1464              	.LASF42:
 1465 0190 433A5C55 		.ascii	"C:\\Users\\Simon\\Desktop\\GFV-Gruppe14\\Labexercis"
 1465      73657273 
 1465      5C53696D 
 1465      6F6E5C44 
 1465      65736B74 
 1466 01be 65315F4D 		.ascii	"e1_Motorer\\DC-Motor-PWM.cydsn\000"
 1466      6F746F72 
 1466      65725C44 
 1466      432D4D6F 
 1466      746F722D 
 1467              	.LASF24:
 1468 01dc 68616E64 		.ascii	"handleByteReceived\000"
 1468      6C654279 
 1468      74655265 
 1468      63656976 
 1468      656400
ARM GAS  C:\Users\Simon\AppData\Local\Temp\ccNkr4cs.s 			page 32


 1469              	.LASF43:
 1470 01ef 6D61696E 		.ascii	"main\000"
 1470      00
 1471              	.LASF10:
 1472 01f4 756E7369 		.ascii	"unsigned int\000"
 1472      676E6564 
 1472      20696E74 
 1472      00
 1473              	.LASF21:
 1474 0201 64726976 		.ascii	"driveForwards\000"
 1474      65466F72 
 1474      77617264 
 1474      7300
 1475              	.LASF9:
 1476 020f 6C6F6E67 		.ascii	"long long unsigned int\000"
 1476      206C6F6E 
 1476      6720756E 
 1476      7369676E 
 1476      65642069 
 1477              	.LASF11:
 1478 0226 75696E74 		.ascii	"uint8_t\000"
 1478      385F7400 
 1479              	.LASF39:
 1480 022e 55415254 		.ascii	"UART_1_GetRxBufferSize\000"
 1480      5F315F47 
 1480      65745278 
 1480      42756666 
 1480      65725369 
 1481              	.LASF29:
 1482 0245 63757272 		.ascii	"currentSpeed\000"
 1482      656E7453 
 1482      70656564 
 1482      00
 1483              	.LASF12:
 1484 0252 696E7433 		.ascii	"int32_t\000"
 1484      325F7400 
 1485              	.LASF22:
 1486 025a 64726976 		.ascii	"driveBackwards\000"
 1486      65426163 
 1486      6B776172 
 1486      647300
 1487              	.LASF34:
 1488 0269 50574D5F 		.ascii	"PWM_1_WriteCompare\000"
 1488      315F5772 
 1488      69746543 
 1488      6F6D7061 
 1488      726500
 1489              	.LASF8:
 1490 027c 6C6F6E67 		.ascii	"long long int\000"
 1490      206C6F6E 
 1490      6720696E 
 1490      7400
 1491              	.LASF18:
 1492 028a 73697A65 		.ascii	"sizetype\000"
 1492      74797065 
 1492      00
 1493              	.LASF41:
ARM GAS  C:\Users\Simon\AppData\Local\Temp\ccNkr4cs.s 			page 33


 1494 0293 6D61696E 		.ascii	"main.c\000"
 1494      2E6300
 1495              	.LASF16:
 1496 029a 63686172 		.ascii	"char\000"
 1496      00
 1497              	.LASF19:
 1498 029f 64656372 		.ascii	"decreaseSpeed\000"
 1498      65617365 
 1498      53706565 
 1498      6400
 1499              	.LASF2:
 1500 02ad 73686F72 		.ascii	"short int\000"
 1500      7420696E 
 1500      7400
 1501              	.LASF13:
 1502 02b7 75696E74 		.ascii	"uint8\000"
 1502      3800
 1503              	.LASF6:
 1504 02bd 6C6F6E67 		.ascii	"long int\000"
 1504      20696E74 
 1504      00
 1505              	.LASF17:
 1506 02c6 6C6F6E67 		.ascii	"long double\000"
 1506      20646F75 
 1506      626C6500 
 1507              	.LASF0:
 1508 02d2 7369676E 		.ascii	"signed char\000"
 1508      65642063 
 1508      68617200 
 1509              	.LASF33:
 1510 02de 55415254 		.ascii	"UART_1_PutString\000"
 1510      5F315F50 
 1510      75745374 
 1510      72696E67 
 1510      00
 1511              	.LASF27:
 1512 02ef 62797465 		.ascii	"byteReceived\000"
 1512      52656365 
 1512      69766564 
 1512      00
 1513              		.ident	"GCC: (GNU Tools for ARM Embedded Processors) 5.4.1 20160609 (release) [ARM/embedded-5-bran
