ARM GAS  C:\Users\Simon\AppData\Local\Temp\ccwt6pB1.s 			page 1


   1              		.syntax unified
   2              		.cpu cortex-m3
   3              		.fpu softvfp
   4              		.eabi_attribute 20, 1
   5              		.eabi_attribute 21, 1
   6              		.eabi_attribute 23, 3
   7              		.eabi_attribute 24, 1
   8              		.eabi_attribute 25, 1
   9              		.eabi_attribute 26, 1
  10              		.eabi_attribute 30, 1
  11              		.eabi_attribute 34, 1
  12              		.eabi_attribute 18, 4
  13              		.thumb
  14              		.syntax unified
  15              		.file	"cymetadata.c"
  16              		.text
  17              	.Ltext0:
  18              		.cfi_sections	.debug_frame
  19              		.global	cy_metadata
  20              		.global	cy_meta_flashprotect
  21              		.global	cy_meta_wonvl
  22              		.global	cy_meta_custnvl
  23              		.global	cy_meta_configecc
  24              		.section	.cyconfigecc,"a",%progbits
  25              		.align	2
  26              		.type	cy_meta_configecc, %object
  27              		.size	cy_meta_configecc, 1420
  28              	cy_meta_configecc:
  29 0000 04       		.byte	4
  30 0001 52       		.byte	82
  31 0002 00       		.byte	0
  32 0003 40       		.byte	64
  33 0004 03       		.byte	3
  34 0005 64       		.byte	100
  35 0006 00       		.byte	0
  36 0007 40       		.byte	64
  37 0008 01       		.byte	1
  38 0009 65       		.byte	101
  39 000a 00       		.byte	0
  40 000b 40       		.byte	64
  41 000c 01       		.byte	1
  42 000d 07       		.byte	7
  43 000e 01       		.byte	1
  44 000f 40       		.byte	64
  45 0010 58       		.byte	88
  46 0011 08       		.byte	8
  47 0012 01       		.byte	1
  48 0013 40       		.byte	64
  49 0014 45       		.byte	69
  50 0015 09       		.byte	9
  51 0016 01       		.byte	1
  52 0017 40       		.byte	64
  53 0018 0C       		.byte	12
  54 0019 0A       		.byte	10
  55 001a 01       		.byte	1
  56 001b 40       		.byte	64
  57 001c 35       		.byte	53
ARM GAS  C:\Users\Simon\AppData\Local\Temp\ccwt6pB1.s 			page 2


  58 001d 0B       		.byte	11
  59 001e 01       		.byte	1
  60 001f 40       		.byte	64
  61 0020 01       		.byte	1
  62 0021 17       		.byte	23
  63 0022 01       		.byte	1
  64 0023 40       		.byte	64
  65 0024 50       		.byte	80
  66 0025 18       		.byte	24
  67 0026 01       		.byte	1
  68 0027 40       		.byte	64
  69 0028 41       		.byte	65
  70 0029 19       		.byte	25
  71 002a 01       		.byte	1
  72 002b 40       		.byte	64
  73 002c 5C       		.byte	92
  74 002d 1A       		.byte	26
  75 002e 01       		.byte	1
  76 002f 40       		.byte	64
  77 0030 44       		.byte	68
  78 0031 1B       		.byte	27
  79 0032 01       		.byte	1
  80 0033 40       		.byte	64
  81 0034 03       		.byte	3
  82 0035 40       		.byte	64
  83 0036 01       		.byte	1
  84 0037 40       		.byte	64
  85 0038 02       		.byte	2
  86 0039 41       		.byte	65
  87 003a 01       		.byte	1
  88 003b 40       		.byte	64
  89 003c 02       		.byte	2
  90 003d 42       		.byte	66
  91 003e 01       		.byte	1
  92 003f 40       		.byte	64
  93 0040 04       		.byte	4
  94 0041 43       		.byte	67
  95 0042 01       		.byte	1
  96 0043 40       		.byte	64
  97 0044 02       		.byte	2
  98 0045 44       		.byte	68
  99 0046 01       		.byte	1
 100 0047 40       		.byte	64
 101 0048 03       		.byte	3
 102 0049 45       		.byte	69
 103 004a 01       		.byte	1
 104 004b 40       		.byte	64
 105 004c 02       		.byte	2
 106 004d 46       		.byte	70
 107 004e 01       		.byte	1
 108 004f 40       		.byte	64
 109 0050 05       		.byte	5
 110 0051 47       		.byte	71
 111 0052 01       		.byte	1
 112 0053 40       		.byte	64
 113 0054 03       		.byte	3
 114 0055 48       		.byte	72
ARM GAS  C:\Users\Simon\AppData\Local\Temp\ccwt6pB1.s 			page 3


 115 0056 01       		.byte	1
 116 0057 40       		.byte	64
 117 0058 04       		.byte	4
 118 0059 4C       		.byte	76
 119 005a 01       		.byte	1
 120 005b 40       		.byte	64
 121 005c 08       		.byte	8
 122 005d 4D       		.byte	77
 123 005e 01       		.byte	1
 124 005f 40       		.byte	64
 125 0060 04       		.byte	4
 126 0061 50       		.byte	80
 127 0062 01       		.byte	1
 128 0063 40       		.byte	64
 129 0064 01       		.byte	1
 130 0065 51       		.byte	81
 131 0066 01       		.byte	1
 132 0067 40       		.byte	64
 133 0068 08       		.byte	8
 134 0069 80       		.byte	-128
 135 006a 10       		.byte	16
 136 006b 01       		.byte	1
 137 006c 11       		.byte	17
 138 006d 01       		.byte	1
 139 006e 64       		.byte	100
 140 006f 40       		.byte	64
 141 0070 88       		.byte	-120
 142 0071 0F       		.byte	15
 143 0072 89       		.byte	-119
 144 0073 38       		.byte	56
 145 0074 8A       		.byte	-118
 146 0075 72       		.byte	114
 147 0076 8A       		.byte	-118
 148 0077 0F       		.byte	15
 149 0078 E6       		.byte	-26
 150 0079 02       		.byte	2
 151 007a 01       		.byte	1
 152 007b 20       		.byte	32
 153 007c 04       		.byte	4
 154 007d 71       		.byte	113
 155 007e 05       		.byte	5
 156 007f 0A       		.byte	10
 157 0080 06       		.byte	6
 158 0081 06       		.byte	6
 159 0082 07       		.byte	7
 160 0083 14       		.byte	20
 161 0084 13       		.byte	19
 162 0085 08       		.byte	8
 163 0086 15       		.byte	21
 164 0087 13       		.byte	19
 165 0088 16       		.byte	22
 166 0089 08       		.byte	8
 167 008a 17       		.byte	23
 168 008b 0C       		.byte	12
 169 008c 18       		.byte	24
 170 008d 2C       		.byte	44
 171 008e 19       		.byte	25
ARM GAS  C:\Users\Simon\AppData\Local\Temp\ccwt6pB1.s 			page 4


 172 008f 13       		.byte	19
 173 0090 1A       		.byte	26
 174 0091 43       		.byte	67
 175 0092 1B       		.byte	27
 176 0093 04       		.byte	4
 177 0094 1E       		.byte	30
 178 0095 0C       		.byte	12
 179 0096 24       		.byte	36
 180 0097 80       		.byte	-128
 181 0098 26       		.byte	38
 182 0099 13       		.byte	19
 183 009a 27       		.byte	39
 184 009b 15       		.byte	21
 185 009c 28       		.byte	40
 186 009d 71       		.byte	113
 187 009e 2A       		.byte	42
 188 009f 0E       		.byte	14
 189 00a0 2D       		.byte	45
 190 00a1 03       		.byte	3
 191 00a2 2F       		.byte	47
 192 00a3 14       		.byte	20
 193 00a4 30       		.byte	48
 194 00a5 30       		.byte	48
 195 00a6 31       		.byte	49
 196 00a7 10       		.byte	16
 197 00a8 33       		.byte	51
 198 00a9 0F       		.byte	15
 199 00aa 34       		.byte	52
 200 00ab 0F       		.byte	15
 201 00ac 35       		.byte	53
 202 00ad 20       		.byte	32
 203 00ae 36       		.byte	54
 204 00af C0       		.byte	-64
 205 00b0 38       		.byte	56
 206 00b1 82       		.byte	-126
 207 00b2 3A       		.byte	58
 208 00b3 20       		.byte	32
 209 00b4 3B       		.byte	59
 210 00b5 08       		.byte	8
 211 00b6 3E       		.byte	62
 212 00b7 01       		.byte	1
 213 00b8 3F       		.byte	63
 214 00b9 11       		.byte	17
 215 00ba 40       		.byte	64
 216 00bb 04       		.byte	4
 217 00bc 47       		.byte	71
 218 00bd 04       		.byte	4
 219 00be 49       		.byte	73
 220 00bf FF       		.byte	-1
 221 00c0 4A       		.byte	74
 222 00c1 07       		.byte	7
 223 00c2 4B       		.byte	75
 224 00c3 FF       		.byte	-1
 225 00c4 4C       		.byte	76
 226 00c5 40       		.byte	64
 227 00c6 4D       		.byte	77
 228 00c7 20       		.byte	32
ARM GAS  C:\Users\Simon\AppData\Local\Temp\ccwt6pB1.s 			page 5


 229 00c8 4E       		.byte	78
 230 00c9 F0       		.byte	-16
 231 00ca 4F       		.byte	79
 232 00cb 05       		.byte	5
 233 00cc 50       		.byte	80
 234 00cd 08       		.byte	8
 235 00ce 54       		.byte	84
 236 00cf 01       		.byte	1
 237 00d0 58       		.byte	88
 238 00d1 04       		.byte	4
 239 00d2 59       		.byte	89
 240 00d3 04       		.byte	4
 241 00d4 5A       		.byte	90
 242 00d5 04       		.byte	4
 243 00d6 5B       		.byte	91
 244 00d7 04       		.byte	4
 245 00d8 5C       		.byte	92
 246 00d9 11       		.byte	17
 247 00da 5D       		.byte	93
 248 00db 11       		.byte	17
 249 00dc 5F       		.byte	95
 250 00dd 01       		.byte	1
 251 00de 60       		.byte	96
 252 00df 40       		.byte	64
 253 00e0 61       		.byte	97
 254 00e1 A8       		.byte	-88
 255 00e2 62       		.byte	98
 256 00e3 40       		.byte	64
 257 00e4 63       		.byte	99
 258 00e5 20       		.byte	32
 259 00e6 85       		.byte	-123
 260 00e7 03       		.byte	3
 261 00e8 89       		.byte	-119
 262 00e9 03       		.byte	3
 263 00ea 8C       		.byte	-116
 264 00eb 02       		.byte	2
 265 00ec 8D       		.byte	-115
 266 00ed 02       		.byte	2
 267 00ee 8E       		.byte	-114
 268 00ef 0D       		.byte	13
 269 00f0 90       		.byte	-112
 270 00f1 09       		.byte	9
 271 00f2 91       		.byte	-111
 272 00f3 03       		.byte	3
 273 00f4 92       		.byte	-110
 274 00f5 36       		.byte	54
 275 00f6 94       		.byte	-108
 276 00f7 23       		.byte	35
 277 00f8 96       		.byte	-106
 278 00f9 0C       		.byte	12
 279 00fa 97       		.byte	-105
 280 00fb 03       		.byte	3
 281 00fc 9A       		.byte	-102
 282 00fd 10       		.byte	16
 283 00fe 9E       		.byte	-98
 284 00ff 40       		.byte	64
 285 0100 9F       		.byte	-97
ARM GAS  C:\Users\Simon\AppData\Local\Temp\ccwt6pB1.s 			page 6


 286 0101 03       		.byte	3
 287 0102 A0       		.byte	-96
 288 0103 05       		.byte	5
 289 0104 A1       		.byte	-95
 290 0105 01       		.byte	1
 291 0106 A2       		.byte	-94
 292 0107 3A       		.byte	58
 293 0108 AA       		.byte	-86
 294 0109 40       		.byte	64
 295 010a AB       		.byte	-85
 296 010b 03       		.byte	3
 297 010c B0       		.byte	-80
 298 010d 0F       		.byte	15
 299 010e B1       		.byte	-79
 300 010f 03       		.byte	3
 301 0110 B4       		.byte	-76
 302 0111 30       		.byte	48
 303 0112 B6       		.byte	-74
 304 0113 40       		.byte	64
 305 0114 BA       		.byte	-70
 306 0115 02       		.byte	2
 307 0116 BB       		.byte	-69
 308 0117 08       		.byte	8
 309 0118 BE       		.byte	-66
 310 0119 40       		.byte	64
 311 011a D4       		.byte	-44
 312 011b 18       		.byte	24
 313 011c D6       		.byte	-42
 314 011d 04       		.byte	4
 315 011e D8       		.byte	-40
 316 011f 04       		.byte	4
 317 0120 D9       		.byte	-39
 318 0121 04       		.byte	4
 319 0122 DB       		.byte	-37
 320 0123 04       		.byte	4
 321 0124 DC       		.byte	-36
 322 0125 10       		.byte	16
 323 0126 DD       		.byte	-35
 324 0127 10       		.byte	16
 325 0128 DF       		.byte	-33
 326 0129 01       		.byte	1
 327 012a 00       		.byte	0
 328 012b 40       		.byte	64
 329 012c 07       		.byte	7
 330 012d 20       		.byte	32
 331 012e 09       		.byte	9
 332 012f 08       		.byte	8
 333 0130 0A       		.byte	10
 334 0131 05       		.byte	5
 335 0132 0B       		.byte	11
 336 0133 80       		.byte	-128
 337 0134 0C       		.byte	12
 338 0135 08       		.byte	8
 339 0136 0E       		.byte	14
 340 0137 0A       		.byte	10
 341 0138 10       		.byte	16
 342 0139 40       		.byte	64
ARM GAS  C:\Users\Simon\AppData\Local\Temp\ccwt6pB1.s 			page 7


 343 013a 12       		.byte	18
 344 013b 04       		.byte	4
 345 013c 14       		.byte	20
 346 013d 10       		.byte	16
 347 013e 16       		.byte	22
 348 013f 10       		.byte	16
 349 0140 17       		.byte	23
 350 0141 10       		.byte	16
 351 0142 18       		.byte	24
 352 0143 40       		.byte	64
 353 0144 19       		.byte	25
 354 0145 40       		.byte	64
 355 0146 1A       		.byte	26
 356 0147 04       		.byte	4
 357 0148 1B       		.byte	27
 358 0149 01       		.byte	1
 359 014a 1C       		.byte	28
 360 014b 08       		.byte	8
 361 014c 1D       		.byte	29
 362 014d 02       		.byte	2
 363 014e 1E       		.byte	30
 364 014f 0A       		.byte	10
 365 0150 21       		.byte	33
 366 0151 04       		.byte	4
 367 0152 22       		.byte	34
 368 0153 01       		.byte	1
 369 0154 26       		.byte	38
 370 0155 08       		.byte	8
 371 0156 27       		.byte	39
 372 0157 A8       		.byte	-88
 373 0158 29       		.byte	41
 374 0159 10       		.byte	16
 375 015a 2B       		.byte	43
 376 015b 80       		.byte	-128
 377 015c 2C       		.byte	44
 378 015d 10       		.byte	16
 379 015e 2F       		.byte	47
 380 015f 02       		.byte	2
 381 0160 31       		.byte	49
 382 0161 81       		.byte	-127
 383 0162 33       		.byte	51
 384 0163 08       		.byte	8
 385 0164 36       		.byte	54
 386 0165 09       		.byte	9
 387 0166 37       		.byte	55
 388 0167 10       		.byte	16
 389 0168 39       		.byte	57
 390 0169 68       		.byte	104
 391 016a 3C       		.byte	60
 392 016b 08       		.byte	8
 393 016c 3D       		.byte	61
 394 016d 01       		.byte	1
 395 016e 40       		.byte	64
 396 016f 04       		.byte	4
 397 0170 41       		.byte	65
 398 0171 10       		.byte	16
 399 0172 45       		.byte	69
ARM GAS  C:\Users\Simon\AppData\Local\Temp\ccwt6pB1.s 			page 8


 400 0173 02       		.byte	2
 401 0174 54       		.byte	84
 402 0175 08       		.byte	8
 403 0176 56       		.byte	86
 404 0177 18       		.byte	24
 405 0178 5A       		.byte	90
 406 0179 02       		.byte	2
 407 017a 5D       		.byte	93
 408 017b 01       		.byte	1
 409 017c 5F       		.byte	95
 410 017d 98       		.byte	-104
 411 017e 61       		.byte	97
 412 017f 40       		.byte	64
 413 0180 62       		.byte	98
 414 0181 20       		.byte	32
 415 0182 63       		.byte	99
 416 0183 40       		.byte	64
 417 0184 87       		.byte	-121
 418 0185 40       		.byte	64
 419 0186 8A       		.byte	-118
 420 0187 04       		.byte	4
 421 0188 91       		.byte	-111
 422 0189 10       		.byte	16
 423 018a 92       		.byte	-110
 424 018b 01       		.byte	1
 425 018c 94       		.byte	-108
 426 018d 05       		.byte	5
 427 018e 95       		.byte	-107
 428 018f 48       		.byte	72
 429 0190 96       		.byte	-106
 430 0191 20       		.byte	32
 431 0192 99       		.byte	-103
 432 0193 11       		.byte	17
 433 0194 9A       		.byte	-102
 434 0195 04       		.byte	4
 435 0196 9F       		.byte	-97
 436 0197 04       		.byte	4
 437 0198 A0       		.byte	-96
 438 0199 12       		.byte	18
 439 019a A1       		.byte	-95
 440 019b 80       		.byte	-128
 441 019c A2       		.byte	-94
 442 019d 20       		.byte	32
 443 019e A7       		.byte	-89
 444 019f 88       		.byte	-120
 445 01a0 B0       		.byte	-80
 446 01a1 40       		.byte	64
 447 01a2 C0       		.byte	-64
 448 01a3 21       		.byte	33
 449 01a4 C2       		.byte	-62
 450 01a5 EF       		.byte	-17
 451 01a6 C4       		.byte	-60
 452 01a7 6A       		.byte	106
 453 01a8 CA       		.byte	-54
 454 01a9 55       		.byte	85
 455 01aa CC       		.byte	-52
 456 01ab EB       		.byte	-21
ARM GAS  C:\Users\Simon\AppData\Local\Temp\ccwt6pB1.s 			page 9


 457 01ac CE       		.byte	-50
 458 01ad CE       		.byte	-50
 459 01ae D0       		.byte	-48
 460 01af 80       		.byte	-128
 461 01b0 D6       		.byte	-42
 462 01b1 F1       		.byte	-15
 463 01b2 D8       		.byte	-40
 464 01b3 0D       		.byte	13
 465 01b4 8A       		.byte	-118
 466 01b5 01       		.byte	1
 467 01b6 8C       		.byte	-116
 468 01b7 01       		.byte	1
 469 01b8 94       		.byte	-108
 470 01b9 01       		.byte	1
 471 01ba A4       		.byte	-92
 472 01bb 02       		.byte	2
 473 01bc AE       		.byte	-82
 474 01bd 01       		.byte	1
 475 01be B0       		.byte	-80
 476 01bf 02       		.byte	2
 477 01c0 B6       		.byte	-74
 478 01c1 01       		.byte	1
 479 01c2 B8       		.byte	-72
 480 01c3 80       		.byte	-128
 481 01c4 BE       		.byte	-66
 482 01c5 01       		.byte	1
 483 01c6 D8       		.byte	-40
 484 01c7 04       		.byte	4
 485 01c8 DC       		.byte	-36
 486 01c9 01       		.byte	1
 487 01ca DF       		.byte	-33
 488 01cb 01       		.byte	1
 489 01cc 00       		.byte	0
 490 01cd 44       		.byte	68
 491 01ce 01       		.byte	1
 492 01cf 20       		.byte	32
 493 01d0 03       		.byte	3
 494 01d1 80       		.byte	-128
 495 01d2 04       		.byte	4
 496 01d3 40       		.byte	64
 497 01d4 05       		.byte	5
 498 01d5 10       		.byte	16
 499 01d6 09       		.byte	9
 500 01d7 08       		.byte	8
 501 01d8 0A       		.byte	10
 502 01d9 80       		.byte	-128
 503 01da 0B       		.byte	11
 504 01db 08       		.byte	8
 505 01dc 0D       		.byte	13
 506 01dd 04       		.byte	4
 507 01de 10       		.byte	16
 508 01df 80       		.byte	-128
 509 01e0 11       		.byte	17
 510 01e1 40       		.byte	64
 511 01e2 13       		.byte	19
 512 01e3 28       		.byte	40
 513 01e4 15       		.byte	21
ARM GAS  C:\Users\Simon\AppData\Local\Temp\ccwt6pB1.s 			page 10


 514 01e5 80       		.byte	-128
 515 01e6 17       		.byte	23
 516 01e7 04       		.byte	4
 517 01e8 18       		.byte	24
 518 01e9 40       		.byte	64
 519 01ea 19       		.byte	25
 520 01eb B1       		.byte	-79
 521 01ec 1A       		.byte	26
 522 01ed 01       		.byte	1
 523 01ee 1C       		.byte	28
 524 01ef 80       		.byte	-128
 525 01f0 1D       		.byte	29
 526 01f1 40       		.byte	64
 527 01f2 21       		.byte	33
 528 01f3 C0       		.byte	-64
 529 01f4 22       		.byte	34
 530 01f5 64       		.byte	100
 531 01f6 29       		.byte	41
 532 01f7 54       		.byte	84
 533 01f8 2B       		.byte	43
 534 01f9 80       		.byte	-128
 535 01fa 30       		.byte	48
 536 01fb 80       		.byte	-128
 537 01fc 31       		.byte	49
 538 01fd 01       		.byte	1
 539 01fe 32       		.byte	50
 540 01ff 10       		.byte	16
 541 0200 33       		.byte	51
 542 0201 08       		.byte	8
 543 0202 38       		.byte	56
 544 0203 20       		.byte	32
 545 0204 39       		.byte	57
 546 0205 88       		.byte	-120
 547 0206 3A       		.byte	58
 548 0207 08       		.byte	8
 549 0208 3B       		.byte	59
 550 0209 0A       		.byte	10
 551 020a 40       		.byte	64
 552 020b 41       		.byte	65
 553 020c 41       		.byte	65
 554 020d 08       		.byte	8
 555 020e 42       		.byte	66
 556 020f 08       		.byte	8
 557 0210 43       		.byte	67
 558 0211 08       		.byte	8
 559 0212 49       		.byte	73
 560 0213 80       		.byte	-128
 561 0214 4B       		.byte	75
 562 0215 02       		.byte	2
 563 0216 52       		.byte	82
 564 0217 04       		.byte	4
 565 0218 5A       		.byte	90
 566 0219 08       		.byte	8
 567 021a 68       		.byte	104
 568 021b 12       		.byte	18
 569 021c 69       		.byte	105
 570 021d 10       		.byte	16
ARM GAS  C:\Users\Simon\AppData\Local\Temp\ccwt6pB1.s 			page 11


 571 021e 70       		.byte	112
 572 021f 90       		.byte	-112
 573 0220 71       		.byte	113
 574 0221 04       		.byte	4
 575 0222 73       		.byte	115
 576 0223 28       		.byte	40
 577 0224 C0       		.byte	-64
 578 0225 CF       		.byte	-49
 579 0226 C2       		.byte	-62
 580 0227 2E       		.byte	46
 581 0228 C4       		.byte	-60
 582 0229 AF       		.byte	-81
 583 022a CA       		.byte	-54
 584 022b 0F       		.byte	15
 585 022c CC       		.byte	-52
 586 022d 0F       		.byte	15
 587 022e CE       		.byte	-50
 588 022f 0F       		.byte	15
 589 0230 D0       		.byte	-48
 590 0231 0F       		.byte	15
 591 0232 D2       		.byte	-46
 592 0233 08       		.byte	8
 593 0234 D6       		.byte	-42
 594 0235 02       		.byte	2
 595 0236 E6       		.byte	-26
 596 0237 08       		.byte	8
 597 0238 02       		.byte	2
 598 0239 80       		.byte	-128
 599 023a 04       		.byte	4
 600 023b 42       		.byte	66
 601 023c 05       		.byte	5
 602 023d DC       		.byte	-36
 603 023e 06       		.byte	6
 604 023f 08       		.byte	8
 605 0240 07       		.byte	7
 606 0241 22       		.byte	34
 607 0242 08       		.byte	8
 608 0243 11       		.byte	17
 609 0244 0A       		.byte	10
 610 0245 22       		.byte	34
 611 0246 0B       		.byte	11
 612 0247 03       		.byte	3
 613 0248 10       		.byte	16
 614 0249 02       		.byte	2
 615 024a 11       		.byte	17
 616 024b 09       		.byte	9
 617 024c 12       		.byte	18
 618 024d 0D       		.byte	13
 619 024e 13       		.byte	19
 620 024f D0       		.byte	-48
 621 0250 14       		.byte	20
 622 0251 8D       		.byte	-115
 623 0252 15       		.byte	21
 624 0253 10       		.byte	16
 625 0254 17       		.byte	23
 626 0255 AC       		.byte	-84
 627 0256 18       		.byte	24
ARM GAS  C:\Users\Simon\AppData\Local\Temp\ccwt6pB1.s 			page 12


 628 0257 8D       		.byte	-115
 629 0258 1B       		.byte	27
 630 0259 20       		.byte	32
 631 025a 1C       		.byte	28
 632 025b 62       		.byte	98
 633 025c 1E       		.byte	30
 634 025d 14       		.byte	20
 635 025e 20       		.byte	32
 636 025f 8D       		.byte	-115
 637 0260 24       		.byte	36
 638 0261 8D       		.byte	-115
 639 0262 25       		.byte	37
 640 0263 10       		.byte	16
 641 0264 27       		.byte	39
 642 0265 40       		.byte	64
 643 0266 28       		.byte	40
 644 0267 40       		.byte	64
 645 0268 29       		.byte	41
 646 0269 0C       		.byte	12
 647 026a 2B       		.byte	43
 648 026b 71       		.byte	113
 649 026c 2C       		.byte	44
 650 026d 0D       		.byte	13
 651 026e 2D       		.byte	45
 652 026f 14       		.byte	20
 653 0270 2E       		.byte	46
 654 0271 80       		.byte	-128
 655 0272 30       		.byte	48
 656 0273 0F       		.byte	15
 657 0274 33       		.byte	51
 658 0275 E0       		.byte	-32
 659 0276 34       		.byte	52
 660 0277 80       		.byte	-128
 661 0278 35       		.byte	53
 662 0279 1F       		.byte	31
 663 027a 36       		.byte	54
 664 027b 70       		.byte	112
 665 027c 3A       		.byte	58
 666 027d 82       		.byte	-126
 667 027e 3B       		.byte	59
 668 027f 08       		.byte	8
 669 0280 3E       		.byte	62
 670 0281 10       		.byte	16
 671 0282 40       		.byte	64
 672 0283 63       		.byte	99
 673 0284 41       		.byte	65
 674 0285 02       		.byte	2
 675 0286 45       		.byte	69
 676 0287 E0       		.byte	-32
 677 0288 46       		.byte	70
 678 0289 0B       		.byte	11
 679 028a 47       		.byte	71
 680 028b C0       		.byte	-64
 681 028c 48       		.byte	72
 682 028d 26       		.byte	38
 683 028e 49       		.byte	73
 684 028f FF       		.byte	-1
ARM GAS  C:\Users\Simon\AppData\Local\Temp\ccwt6pB1.s 			page 13


 685 0290 4A       		.byte	74
 686 0291 FF       		.byte	-1
 687 0292 4B       		.byte	75
 688 0293 FF       		.byte	-1
 689 0294 4E       		.byte	78
 690 0295 F0       		.byte	-16
 691 0296 4F       		.byte	79
 692 0297 44       		.byte	68
 693 0298 50       		.byte	80
 694 0299 0C       		.byte	12
 695 029a 54       		.byte	84
 696 029b 40       		.byte	64
 697 029c 56       		.byte	86
 698 029d 04       		.byte	4
 699 029e 58       		.byte	88
 700 029f 04       		.byte	4
 701 02a0 59       		.byte	89
 702 02a1 04       		.byte	4
 703 02a2 5A       		.byte	90
 704 02a3 04       		.byte	4
 705 02a4 5B       		.byte	91
 706 02a5 04       		.byte	4
 707 02a6 5C       		.byte	92
 708 02a7 10       		.byte	16
 709 02a8 5D       		.byte	93
 710 02a9 01       		.byte	1
 711 02aa 5F       		.byte	95
 712 02ab 01       		.byte	1
 713 02ac 66       		.byte	102
 714 02ad C0       		.byte	-64
 715 02ae 6A       		.byte	106
 716 02af 40       		.byte	64
 717 02b0 6B       		.byte	107
 718 02b1 02       		.byte	2
 719 02b2 80       		.byte	-128
 720 02b3 22       		.byte	34
 721 02b4 82       		.byte	-126
 722 02b5 51       		.byte	81
 723 02b6 88       		.byte	-120
 724 02b7 E7       		.byte	-25
 725 02b8 8C       		.byte	-116
 726 02b9 44       		.byte	68
 727 02ba 8E       		.byte	-114
 728 02bb 31       		.byte	49
 729 02bc 98       		.byte	-104
 730 02bd 01       		.byte	1
 731 02be 9A       		.byte	-102
 732 02bf 0E       		.byte	14
 733 02c0 A8       		.byte	-88
 734 02c1 E7       		.byte	-25
 735 02c2 AC       		.byte	-84
 736 02c3 80       		.byte	-128
 737 02c4 B0       		.byte	-80
 738 02c5 60       		.byte	96
 739 02c6 B2       		.byte	-78
 740 02c7 80       		.byte	-128
 741 02c8 B4       		.byte	-76
ARM GAS  C:\Users\Simon\AppData\Local\Temp\ccwt6pB1.s 			page 14


 742 02c9 07       		.byte	7
 743 02ca B6       		.byte	-74
 744 02cb 18       		.byte	24
 745 02cc BE       		.byte	-66
 746 02cd 40       		.byte	64
 747 02ce D4       		.byte	-44
 748 02cf 09       		.byte	9
 749 02d0 D8       		.byte	-40
 750 02d1 04       		.byte	4
 751 02d2 DB       		.byte	-37
 752 02d3 04       		.byte	4
 753 02d4 DC       		.byte	-36
 754 02d5 01       		.byte	1
 755 02d6 DF       		.byte	-33
 756 02d7 01       		.byte	1
 757 02d8 00       		.byte	0
 758 02d9 62       		.byte	98
 759 02da 01       		.byte	1
 760 02db 40       		.byte	64
 761 02dc 04       		.byte	4
 762 02dd 10       		.byte	16
 763 02de 06       		.byte	6
 764 02df 60       		.byte	96
 765 02e0 0A       		.byte	10
 766 02e1 04       		.byte	4
 767 02e2 0C       		.byte	12
 768 02e3 68       		.byte	104
 769 02e4 0E       		.byte	14
 770 02e5 80       		.byte	-128
 771 02e6 10       		.byte	16
 772 02e7 02       		.byte	2
 773 02e8 11       		.byte	17
 774 02e9 10       		.byte	16
 775 02ea 15       		.byte	21
 776 02eb 86       		.byte	-122
 777 02ec 16       		.byte	22
 778 02ed 04       		.byte	4
 779 02ee 17       		.byte	23
 780 02ef 20       		.byte	32
 781 02f0 18       		.byte	24
 782 02f1 45       		.byte	69
 783 02f2 1A       		.byte	26
 784 02f3 04       		.byte	4
 785 02f4 1B       		.byte	27
 786 02f5 08       		.byte	8
 787 02f6 1E       		.byte	30
 788 02f7 81       		.byte	-127
 789 02f8 1F       		.byte	31
 790 02f9 50       		.byte	80
 791 02fa 25       		.byte	37
 792 02fb 10       		.byte	16
 793 02fc 27       		.byte	39
 794 02fd 14       		.byte	20
 795 02fe 2C       		.byte	44
 796 02ff 04       		.byte	4
 797 0300 2E       		.byte	46
 798 0301 88       		.byte	-120
ARM GAS  C:\Users\Simon\AppData\Local\Temp\ccwt6pB1.s 			page 15


 799 0302 34       		.byte	52
 800 0303 10       		.byte	16
 801 0304 36       		.byte	54
 802 0305 09       		.byte	9
 803 0306 3C       		.byte	60
 804 0307 08       		.byte	8
 805 0308 3D       		.byte	61
 806 0309 20       		.byte	32
 807 030a 40       		.byte	64
 808 030b 10       		.byte	16
 809 030c 41       		.byte	65
 810 030d 08       		.byte	8
 811 030e 44       		.byte	68
 812 030f 14       		.byte	20
 813 0310 47       		.byte	71
 814 0311 10       		.byte	16
 815 0312 4D       		.byte	77
 816 0313 01       		.byte	1
 817 0314 4E       		.byte	78
 818 0315 08       		.byte	8
 819 0316 56       		.byte	86
 820 0317 80       		.byte	-128
 821 0318 57       		.byte	87
 822 0319 02       		.byte	2
 823 031a 59       		.byte	89
 824 031b 05       		.byte	5
 825 031c 5A       		.byte	90
 826 031d 40       		.byte	64
 827 031e 5B       		.byte	91
 828 031f 20       		.byte	32
 829 0320 61       		.byte	97
 830 0321 40       		.byte	64
 831 0322 66       		.byte	102
 832 0323 52       		.byte	82
 833 0324 67       		.byte	103
 834 0325 20       		.byte	32
 835 0326 86       		.byte	-122
 836 0327 02       		.byte	2
 837 0328 91       		.byte	-111
 838 0329 10       		.byte	16
 839 032a 94       		.byte	-108
 840 032b 05       		.byte	5
 841 032c 95       		.byte	-107
 842 032d 41       		.byte	65
 843 032e 96       		.byte	-106
 844 032f 20       		.byte	32
 845 0330 97       		.byte	-105
 846 0331 80       		.byte	-128
 847 0332 98       		.byte	-104
 848 0333 10       		.byte	16
 849 0334 9A       		.byte	-102
 850 0335 08       		.byte	8
 851 0336 9C       		.byte	-100
 852 0337 40       		.byte	64
 853 0338 9F       		.byte	-97
 854 0339 14       		.byte	20
 855 033a A0       		.byte	-96
ARM GAS  C:\Users\Simon\AppData\Local\Temp\ccwt6pB1.s 			page 16


 856 033b 16       		.byte	22
 857 033c A2       		.byte	-94
 858 033d 09       		.byte	9
 859 033e A3       		.byte	-93
 860 033f 01       		.byte	1
 861 0340 A5       		.byte	-91
 862 0341 08       		.byte	8
 863 0342 A7       		.byte	-89
 864 0343 8A       		.byte	-118
 865 0344 B3       		.byte	-77
 866 0345 12       		.byte	18
 867 0346 C0       		.byte	-64
 868 0347 7B       		.byte	123
 869 0348 C2       		.byte	-62
 870 0349 F2       		.byte	-14
 871 034a C4       		.byte	-60
 872 034b F3       		.byte	-13
 873 034c CA       		.byte	-54
 874 034d 70       		.byte	112
 875 034e CC       		.byte	-52
 876 034f E0       		.byte	-32
 877 0350 CE       		.byte	-50
 878 0351 60       		.byte	96
 879 0352 D0       		.byte	-48
 880 0353 60       		.byte	96
 881 0354 D2       		.byte	-46
 882 0355 20       		.byte	32
 883 0356 D6       		.byte	-42
 884 0357 0F       		.byte	15
 885 0358 D8       		.byte	-40
 886 0359 F8       		.byte	-8
 887 035a 00       		.byte	0
 888 035b 60       		.byte	96
 889 035c 04       		.byte	4
 890 035d 84       		.byte	-124
 891 035e 08       		.byte	8
 892 035f 01       		.byte	1
 893 0360 0C       		.byte	12
 894 0361 84       		.byte	-124
 895 0362 10       		.byte	16
 896 0363 56       		.byte	86
 897 0364 12       		.byte	18
 898 0365 09       		.byte	9
 899 0366 14       		.byte	20
 900 0367 07       		.byte	7
 901 0368 16       		.byte	22
 902 0369 38       		.byte	56
 903 036a 18       		.byte	24
 904 036b 04       		.byte	4
 905 036c 1C       		.byte	28
 906 036d 0A       		.byte	10
 907 036e 1E       		.byte	30
 908 036f 10       		.byte	16
 909 0370 20       		.byte	32
 910 0371 04       		.byte	4
 911 0372 22       		.byte	34
 912 0373 80       		.byte	-128
ARM GAS  C:\Users\Simon\AppData\Local\Temp\ccwt6pB1.s 			page 17


 913 0374 23       		.byte	35
 914 0375 01       		.byte	1
 915 0376 24       		.byte	36
 916 0377 84       		.byte	-124
 917 0378 28       		.byte	40
 918 0379 80       		.byte	-128
 919 037a 2A       		.byte	42
 920 037b 04       		.byte	4
 921 037c 30       		.byte	48
 922 037d 08       		.byte	8
 923 037e 32       		.byte	50
 924 037f 7F       		.byte	127
 925 0380 34       		.byte	52
 926 0381 80       		.byte	-128
 927 0382 35       		.byte	53
 928 0383 01       		.byte	1
 929 0384 36       		.byte	54
 930 0385 02       		.byte	2
 931 0386 38       		.byte	56
 932 0387 08       		.byte	8
 933 0388 3E       		.byte	62
 934 0389 51       		.byte	81
 935 038a 40       		.byte	64
 936 038b 41       		.byte	65
 937 038c 41       		.byte	65
 938 038d 03       		.byte	3
 939 038e 42       		.byte	66
 940 038f 20       		.byte	32
 941 0390 44       		.byte	68
 942 0391 05       		.byte	5
 943 0392 45       		.byte	69
 944 0393 BE       		.byte	-66
 945 0394 46       		.byte	70
 946 0395 FD       		.byte	-3
 947 0396 47       		.byte	71
 948 0397 0C       		.byte	12
 949 0398 48       		.byte	72
 950 0399 1F       		.byte	31
 951 039a 49       		.byte	73
 952 039b FF       		.byte	-1
 953 039c 4A       		.byte	74
 954 039d FF       		.byte	-1
 955 039e 4B       		.byte	75
 956 039f FF       		.byte	-1
 957 03a0 4C       		.byte	76
 958 03a1 22       		.byte	34
 959 03a2 4E       		.byte	78
 960 03a3 F0       		.byte	-16
 961 03a4 4F       		.byte	79
 962 03a5 08       		.byte	8
 963 03a6 50       		.byte	80
 964 03a7 04       		.byte	4
 965 03a8 56       		.byte	86
 966 03a9 02       		.byte	2
 967 03aa 57       		.byte	87
 968 03ab 20       		.byte	32
 969 03ac 58       		.byte	88
ARM GAS  C:\Users\Simon\AppData\Local\Temp\ccwt6pB1.s 			page 18


 970 03ad 04       		.byte	4
 971 03ae 59       		.byte	89
 972 03af 04       		.byte	4
 973 03b0 5A       		.byte	90
 974 03b1 04       		.byte	4
 975 03b2 5B       		.byte	91
 976 03b3 04       		.byte	4
 977 03b4 5C       		.byte	92
 978 03b5 10       		.byte	16
 979 03b6 5F       		.byte	95
 980 03b7 01       		.byte	1
 981 03b8 62       		.byte	98
 982 03b9 C0       		.byte	-64
 983 03ba 64       		.byte	100
 984 03bb 40       		.byte	64
 985 03bc 65       		.byte	101
 986 03bd 01       		.byte	1
 987 03be 66       		.byte	102
 988 03bf 10       		.byte	16
 989 03c0 67       		.byte	103
 990 03c1 11       		.byte	17
 991 03c2 68       		.byte	104
 992 03c3 C0       		.byte	-64
 993 03c4 69       		.byte	105
 994 03c5 01       		.byte	1
 995 03c6 6B       		.byte	107
 996 03c7 11       		.byte	17
 997 03c8 6C       		.byte	108
 998 03c9 40       		.byte	64
 999 03ca 6D       		.byte	109
 1000 03cb 01       		.byte	1
 1001 03cc 6E       		.byte	110
 1002 03cd 40       		.byte	64
 1003 03ce 6F       		.byte	111
 1004 03cf 01       		.byte	1
 1005 03d0 80       		.byte	-128
 1006 03d1 21       		.byte	33
 1007 03d2 81       		.byte	-127
 1008 03d3 04       		.byte	4
 1009 03d4 82       		.byte	-126
 1010 03d5 D8       		.byte	-40
 1011 03d6 83       		.byte	-125
 1012 03d7 09       		.byte	9
 1013 03d8 84       		.byte	-124
 1014 03d9 02       		.byte	2
 1015 03da 88       		.byte	-120
 1016 03db 38       		.byte	56
 1017 03dc 8A       		.byte	-118
 1018 03dd C0       		.byte	-64
 1019 03de 8C       		.byte	-116
 1020 03df 98       		.byte	-104
 1021 03e0 8E       		.byte	-114
 1022 03e1 02       		.byte	2
 1023 03e2 94       		.byte	-108
 1024 03e3 02       		.byte	2
 1025 03e4 95       		.byte	-107
 1026 03e5 03       		.byte	3
ARM GAS  C:\Users\Simon\AppData\Local\Temp\ccwt6pB1.s 			page 19


 1027 03e6 96       		.byte	-106
 1028 03e7 98       		.byte	-104
 1029 03e8 97       		.byte	-105
 1030 03e9 04       		.byte	4
 1031 03ea 98       		.byte	-104
 1032 03eb 98       		.byte	-104
 1033 03ec 99       		.byte	-103
 1034 03ed 0E       		.byte	14
 1035 03ee 9A       		.byte	-102
 1036 03ef 02       		.byte	2
 1037 03f0 9C       		.byte	-100
 1038 03f1 FC       		.byte	-4
 1039 03f2 9E       		.byte	-98
 1040 03f3 03       		.byte	3
 1041 03f4 A0       		.byte	-96
 1042 03f5 9A       		.byte	-102
 1043 03f6 A4       		.byte	-92
 1044 03f7 9A       		.byte	-102
 1045 03f8 A8       		.byte	-88
 1046 03f9 13       		.byte	19
 1047 03fa AA       		.byte	-86
 1048 03fb 64       		.byte	100
 1049 03fc AD       		.byte	-83
 1050 03fd 05       		.byte	5
 1051 03fe AF       		.byte	-81
 1052 03ff 0A       		.byte	10
 1053 0400 B0       		.byte	-80
 1054 0401 0F       		.byte	15
 1055 0402 B2       		.byte	-78
 1056 0403 13       		.byte	19
 1057 0404 B3       		.byte	-77
 1058 0405 0F       		.byte	15
 1059 0406 B4       		.byte	-76
 1060 0407 E0       		.byte	-32
 1061 0408 B9       		.byte	-71
 1062 0409 08       		.byte	8
 1063 040a BA       		.byte	-70
 1064 040b 22       		.byte	34
 1065 040c D8       		.byte	-40
 1066 040d 04       		.byte	4
 1067 040e D9       		.byte	-39
 1068 040f 04       		.byte	4
 1069 0410 DF       		.byte	-33
 1070 0411 01       		.byte	1
 1071 0412 00       		.byte	0
 1072 0413 90       		.byte	-112
 1073 0414 01       		.byte	1
 1074 0415 0E       		.byte	14
 1075 0416 04       		.byte	4
 1076 0417 08       		.byte	8
 1077 0418 05       		.byte	5
 1078 0419 10       		.byte	16
 1079 041a 06       		.byte	6
 1080 041b 80       		.byte	-128
 1081 041c 07       		.byte	7
 1082 041d 02       		.byte	2
 1083 041e 08       		.byte	8
ARM GAS  C:\Users\Simon\AppData\Local\Temp\ccwt6pB1.s 			page 20


 1084 041f 4A       		.byte	74
 1085 0420 09       		.byte	9
 1086 0421 28       		.byte	40
 1087 0422 0B       		.byte	11
 1088 0423 02       		.byte	2
 1089 0424 0C       		.byte	12
 1090 0425 28       		.byte	40
 1091 0426 0E       		.byte	14
 1092 0427 01       		.byte	1
 1093 0428 10       		.byte	16
 1094 0429 28       		.byte	40
 1095 042a 13       		.byte	19
 1096 042b 02       		.byte	2
 1097 042c 14       		.byte	20
 1098 042d 08       		.byte	8
 1099 042e 15       		.byte	21
 1100 042f 06       		.byte	6
 1101 0430 18       		.byte	24
 1102 0431 14       		.byte	20
 1103 0432 19       		.byte	25
 1104 0433 40       		.byte	64
 1105 0434 1A       		.byte	26
 1106 0435 40       		.byte	64
 1107 0436 1D       		.byte	29
 1108 0437 3A       		.byte	58
 1109 0438 1F       		.byte	31
 1110 0439 01       		.byte	1
 1111 043a 22       		.byte	34
 1112 043b 10       		.byte	16
 1113 043c 27       		.byte	39
 1114 043d 10       		.byte	16
 1115 043e 2B       		.byte	43
 1116 043f 80       		.byte	-128
 1117 0440 2F       		.byte	47
 1118 0441 01       		.byte	1
 1119 0442 34       		.byte	52
 1120 0443 08       		.byte	8
 1121 0444 37       		.byte	55
 1122 0445 10       		.byte	16
 1123 0446 3E       		.byte	62
 1124 0447 01       		.byte	1
 1125 0448 40       		.byte	64
 1126 0449 06       		.byte	6
 1127 044a 41       		.byte	65
 1128 044b 0A       		.byte	10
 1129 044c 42       		.byte	66
 1130 044d 81       		.byte	-127
 1131 044e 49       		.byte	73
 1132 044f 06       		.byte	6
 1133 0450 4A       		.byte	74
 1134 0451 02       		.byte	2
 1135 0452 50       		.byte	80
 1136 0453 04       		.byte	4
 1137 0454 52       		.byte	82
 1138 0455 54       		.byte	84
 1139 0456 63       		.byte	99
 1140 0457 02       		.byte	2
ARM GAS  C:\Users\Simon\AppData\Local\Temp\ccwt6pB1.s 			page 21


 1141 0458 68       		.byte	104
 1142 0459 68       		.byte	104
 1143 045a 69       		.byte	105
 1144 045b 82       		.byte	-126
 1145 045c 6B       		.byte	107
 1146 045d 02       		.byte	2
 1147 045e 72       		.byte	114
 1148 045f 02       		.byte	2
 1149 0460 80       		.byte	-128
 1150 0461 14       		.byte	20
 1151 0462 81       		.byte	-127
 1152 0463 01       		.byte	1
 1153 0464 82       		.byte	-126
 1154 0465 02       		.byte	2
 1155 0466 88       		.byte	-120
 1156 0467 01       		.byte	1
 1157 0468 8B       		.byte	-117
 1158 0469 80       		.byte	-128
 1159 046a 8D       		.byte	-115
 1160 046b 08       		.byte	8
 1161 046c 8E       		.byte	-114
 1162 046d 02       		.byte	2
 1163 046e 92       		.byte	-110
 1164 046f 01       		.byte	1
 1165 0470 95       		.byte	-107
 1166 0471 86       		.byte	-122
 1167 0472 96       		.byte	-106
 1168 0473 60       		.byte	96
 1169 0474 9C       		.byte	-100
 1170 0475 40       		.byte	64
 1171 0476 9D       		.byte	-99
 1172 0477 45       		.byte	69
 1173 0478 9E       		.byte	-98
 1174 0479 54       		.byte	84
 1175 047a A3       		.byte	-93
 1176 047b 01       		.byte	1
 1177 047c A4       		.byte	-92
 1178 047d 29       		.byte	41
 1179 047e A5       		.byte	-91
 1180 047f 08       		.byte	8
 1181 0480 A7       		.byte	-89
 1182 0481 80       		.byte	-128
 1183 0482 B2       		.byte	-78
 1184 0483 21       		.byte	33
 1185 0484 C0       		.byte	-64
 1186 0485 FF       		.byte	-1
 1187 0486 C2       		.byte	-62
 1188 0487 EF       		.byte	-17
 1189 0488 C4       		.byte	-60
 1190 0489 7E       		.byte	126
 1191 048a CA       		.byte	-54
 1192 048b 11       		.byte	17
 1193 048c CC       		.byte	-52
 1194 048d 60       		.byte	96
 1195 048e CE       		.byte	-50
 1196 048f 80       		.byte	-128
 1197 0490 D0       		.byte	-48
ARM GAS  C:\Users\Simon\AppData\Local\Temp\ccwt6pB1.s 			page 22


 1198 0491 0F       		.byte	15
 1199 0492 D2       		.byte	-46
 1200 0493 08       		.byte	8
 1201 0494 D8       		.byte	-40
 1202 0495 08       		.byte	8
 1203 0496 E2       		.byte	-30
 1204 0497 01       		.byte	1
 1205 0498 E4       		.byte	-28
 1206 0499 01       		.byte	1
 1207 049a 33       		.byte	51
 1208 049b 80       		.byte	-128
 1209 049c 36       		.byte	54
 1210 049d 20       		.byte	32
 1211 049e CC       		.byte	-52
 1212 049f 30       		.byte	48
 1213 04a0 A6       		.byte	-90
 1214 04a1 20       		.byte	32
 1215 04a2 A7       		.byte	-89
 1216 04a3 80       		.byte	-128
 1217 04a4 A6       		.byte	-90
 1218 04a5 20       		.byte	32
 1219 04a6 A7       		.byte	-89
 1220 04a7 80       		.byte	-128
 1221 04a8 86       		.byte	-122
 1222 04a9 20       		.byte	32
 1223 04aa A6       		.byte	-90
 1224 04ab 20       		.byte	32
 1225 04ac A7       		.byte	-89
 1226 04ad 80       		.byte	-128
 1227 04ae E6       		.byte	-26
 1228 04af 40       		.byte	64
 1229 04b0 71       		.byte	113
 1230 04b1 08       		.byte	8
 1231 04b2 DC       		.byte	-36
 1232 04b3 01       		.byte	1
 1233 04b4 5F       		.byte	95
 1234 04b5 80       		.byte	-128
 1235 04b6 A5       		.byte	-91
 1236 04b7 08       		.byte	8
 1237 04b8 D6       		.byte	-42
 1238 04b9 04       		.byte	4
 1239 04ba 9F       		.byte	-97
 1240 04bb 80       		.byte	-128
 1241 04bc A5       		.byte	-91
 1242 04bd 08       		.byte	8
 1243 04be 8B       		.byte	-117
 1244 04bf 80       		.byte	-128
 1245 04c0 9F       		.byte	-97
 1246 04c1 80       		.byte	-128
 1247 04c2 B1       		.byte	-79
 1248 04c3 08       		.byte	8
 1249 04c4 E4       		.byte	-28
 1250 04c5 04       		.byte	4
 1251 04c6 EC       		.byte	-20
 1252 04c7 04       		.byte	4
 1253 04c8 87       		.byte	-121
 1254 04c9 80       		.byte	-128
ARM GAS  C:\Users\Simon\AppData\Local\Temp\ccwt6pB1.s 			page 23


 1255 04ca A7       		.byte	-89
 1256 04cb 80       		.byte	-128
 1257 04cc E6       		.byte	-26
 1258 04cd 10       		.byte	16
 1259 04ce 09       		.byte	9
 1260 04cf 10       		.byte	16
 1261 04d0 5F       		.byte	95
 1262 04d1 02       		.byte	2
 1263 04d2 C2       		.byte	-62
 1264 04d3 02       		.byte	2
 1265 04d4 D6       		.byte	-42
 1266 04d5 01       		.byte	1
 1267 04d6 10       		.byte	16
 1268 04d7 40       		.byte	64
 1269 04d8 81       		.byte	-127
 1270 04d9 10       		.byte	16
 1271 04da 83       		.byte	-125
 1272 04db 02       		.byte	2
 1273 04dc 88       		.byte	-120
 1274 04dd 40       		.byte	64
 1275 04de 9F       		.byte	-97
 1276 04df 02       		.byte	2
 1277 04e0 A1       		.byte	-95
 1278 04e1 10       		.byte	16
 1279 04e2 C4       		.byte	-60
 1280 04e3 08       		.byte	8
 1281 04e4 E2       		.byte	-30
 1282 04e5 01       		.byte	1
 1283 04e6 00       		.byte	0
 1284 04e7 03       		.byte	3
 1285 04e8 0C       		.byte	12
 1286 04e9 03       		.byte	3
 1287 04ea 10       		.byte	16
 1288 04eb 03       		.byte	3
 1289 04ec 1C       		.byte	28
 1290 04ed 03       		.byte	3
 1291 04ee 00       		.byte	0
 1292 04ef 0F       		.byte	15
 1293 04f0 01       		.byte	1
 1294 04f1 00       		.byte	0
 1295 04f2 00       		.byte	0
 1296 04f3 40       		.byte	64
 1297 04f4 03       		.byte	3
 1298 04f5 3F       		.byte	63
 1299 04f6 00       		.byte	0
 1300 04f7 00       		.byte	0
 1301 04f8 0F       		.byte	15
 1302 04f9 08       		.byte	8
 1303 04fa 30       		.byte	48
 1304 04fb 00       		.byte	0
 1305 04fc 33       		.byte	51
 1306 04fd 3C       		.byte	60
 1307 04fe 0C       		.byte	12
 1308 04ff 02       		.byte	2
 1309 0500 1C       		.byte	28
 1310 0501 27       		.byte	39
 1311 0502 23       		.byte	35
ARM GAS  C:\Users\Simon\AppData\Local\Temp\ccwt6pB1.s 			page 24


 1312 0503 18       		.byte	24
 1313 0504 00       		.byte	0
 1314 0505 00       		.byte	0
 1315 0506 33       		.byte	51
 1316 0507 03       		.byte	3
 1317 0508 3F       		.byte	63
 1318 0509 00       		.byte	0
 1319 050a 00       		.byte	0
 1320 050b 04       		.byte	4
 1321 050c 00       		.byte	0
 1322 050d 10       		.byte	16
 1323 050e 00       		.byte	0
 1324 050f 00       		.byte	0
 1325 0510 08       		.byte	8
 1326 0511 04       		.byte	4
 1327 0512 00       		.byte	0
 1328 0513 00       		.byte	0
 1329 0514 04       		.byte	4
 1330 0515 18       		.byte	24
 1331 0516 00       		.byte	0
 1332 0517 00       		.byte	0
 1333 0518 0C       		.byte	12
 1334 0519 3C       		.byte	60
 1335 051a 00       		.byte	0
 1336 051b 01       		.byte	1
 1337 051c 02       		.byte	2
 1338 051d 00       		.byte	0
 1339 051e 00       		.byte	0
 1340 051f 40       		.byte	64
 1341 0520 0F       		.byte	15
 1342 0521 00       		.byte	0
 1343 0522 00       		.byte	0
 1344 0523 20       		.byte	32
 1345 0524 2C       		.byte	44
 1346 0525 40       		.byte	64
 1347 0526 1C       		.byte	28
 1348 0527 1F       		.byte	31
 1349 0528 00       		.byte	0
 1350 0529 00       		.byte	0
 1351 052a 22       		.byte	34
 1352 052b 80       		.byte	-128
 1353 052c 00       		.byte	0
 1354 052d 00       		.byte	0
 1355 052e 00       		.byte	0
 1356 052f 14       		.byte	20
 1357 0530 43       		.byte	67
 1358 0531 02       		.byte	2
 1359 0532 05       		.byte	5
 1360 0533 00       		.byte	0
 1361 0534 01       		.byte	1
 1362 0535 E0       		.byte	-32
 1363 0536 00       		.byte	0
 1364 0537 0C       		.byte	12
 1365 0538 12       		.byte	18
 1366 0539 FF       		.byte	-1
 1367 053a FF       		.byte	-1
 1368 053b FF       		.byte	-1
ARM GAS  C:\Users\Simon\AppData\Local\Temp\ccwt6pB1.s 			page 25


 1369 053c 62       		.byte	98
 1370 053d A0       		.byte	-96
 1371 053e F0       		.byte	-16
 1372 053f 41       		.byte	65
 1373 0540 0C       		.byte	12
 1374 0541 00       		.byte	0
 1375 0542 00       		.byte	0
 1376 0543 00       		.byte	0
 1377 0544 00       		.byte	0
 1378 0545 00       		.byte	0
 1379 0546 02       		.byte	2
 1380 0547 12       		.byte	18
 1381 0548 04       		.byte	4
 1382 0549 04       		.byte	4
 1383 054a 04       		.byte	4
 1384 054b 04       		.byte	4
 1385 054c 11       		.byte	17
 1386 054d 11       		.byte	17
 1387 054e 00       		.byte	0
 1388 054f 01       		.byte	1
 1389 0550 00       		.byte	0
 1390 0551 00       		.byte	0
 1391 0552 00       		.byte	0
 1392 0553 00       		.byte	0
 1393 0554 00       		.byte	0
 1394 0555 00       		.byte	0
 1395 0556 40       		.byte	64
 1396 0557 02       		.byte	2
 1397 0558 00       		.byte	0
 1398 0559 10       		.byte	16
 1399 055a 30       		.byte	48
 1400 055b 10       		.byte	16
 1401 055c 00       		.byte	0
 1402 055d 10       		.byte	16
 1403 055e 10       		.byte	16
 1404 055f 12       		.byte	18
 1405 0560 00       		.byte	0
 1406 0561 00       		.byte	0
 1407 0562 00       		.byte	0
 1408 0563 00       		.byte	0
 1409 0564 00       		.byte	0
 1410 0565 00       		.byte	0
 1411 0566 00       		.byte	0
 1412 0567 00       		.byte	0
 1413 0568 00       		.byte	0
 1414 0569 00       		.byte	0
 1415 056a 00       		.byte	0
 1416 056b 00       		.byte	0
 1417 056c 00       		.byte	0
 1418 056d 00       		.byte	0
 1419 056e 00       		.byte	0
 1420 056f 00       		.byte	0
 1421 0570 80       		.byte	-128
 1422 0571 00       		.byte	0
 1423 0572 40       		.byte	64
 1424 0573 80       		.byte	-128
 1425 0574 80       		.byte	-128
ARM GAS  C:\Users\Simon\AppData\Local\Temp\ccwt6pB1.s 			page 26


 1426 0575 00       		.byte	0
 1427 0576 80       		.byte	-128
 1428 0577 00       		.byte	0
 1429 0578 00       		.byte	0
 1430 0579 00       		.byte	0
 1431 057a 00       		.byte	0
 1432 057b 00       		.byte	0
 1433 057c 40       		.byte	64
 1434 057d 8B       		.byte	-117
 1435 057e 8B       		.byte	-117
 1436 057f 00       		.byte	0
 1437 0580 80       		.byte	-128
 1438 0581 00       		.byte	0
 1439 0582 00       		.byte	0
 1440 0583 00       		.byte	0
 1441 0584 00       		.byte	0
 1442 0585 01       		.byte	1
 1443 0586 01       		.byte	1
 1444 0587 00       		.byte	0
 1445 0588 01       		.byte	1
 1446 0589 00       		.byte	0
 1447 058a 00       		.byte	0
 1448 058b 00       		.byte	0
 1449              		.section	.cywolatch,"a",%progbits
 1450              		.align	2
 1451              		.type	cy_meta_wonvl, %object
 1452              		.size	cy_meta_wonvl, 4
 1453              	cy_meta_wonvl:
 1454 0000 BC       		.byte	-68
 1455 0001 90       		.byte	-112
 1456 0002 AC       		.byte	-84
 1457 0003 AF       		.byte	-81
 1458              		.section	.cycustnvl,"a",%progbits
 1459              		.align	2
 1460              		.type	cy_meta_custnvl, %object
 1461              		.size	cy_meta_custnvl, 4
 1462              	cy_meta_custnvl:
 1463 0000 00       		.byte	0
 1464 0001 00       		.byte	0
 1465 0002 40       		.byte	64
 1466 0003 05       		.byte	5
 1467              		.section	.cymeta,"a",%progbits
 1468              		.align	2
 1469              		.type	cy_metadata, %object
 1470              		.size	cy_metadata, 12
 1471              	cy_metadata:
 1472 0000 00       		.byte	0
 1473 0001 01       		.byte	1
 1474 0002 2E       		.byte	46
 1475 0003 16       		.byte	22
 1476 0004 10       		.byte	16
 1477 0005 69       		.byte	105
 1478 0006 00       		.byte	0
 1479 0007 01       		.byte	1
 1480 0008 00       		.byte	0
 1481 0009 00       		.byte	0
 1482 000a 00       		.byte	0
ARM GAS  C:\Users\Simon\AppData\Local\Temp\ccwt6pB1.s 			page 27


 1483 000b 00       		.byte	0
 1484              		.section	.cyflashprotect,"a",%progbits
 1485              		.align	2
 1486              		.type	cy_meta_flashprotect, %object
 1487              		.size	cy_meta_flashprotect, 256
 1488              	cy_meta_flashprotect:
 1489 0000 00000000 		.space	256
 1489      00000000 
 1489      00000000 
 1489      00000000 
 1489      00000000 
 1490              		.text
 1491              	.Letext0:
 1492              		.file 1 "c:\\program files (x86)\\cypress\\psoc creator\\4.3\\psoc creator\\import\\gnu\\arm\\5.4.
 1493              		.file 2 "c:\\program files (x86)\\cypress\\psoc creator\\4.3\\psoc creator\\import\\gnu\\arm\\5.4.
 1494              		.file 3 "Generated_Source\\PSoC5\\cymetadata.c"
 1495              		.section	.debug_info,"",%progbits
 1496              	.Ldebug_info0:
 1497 0000 32010000 		.4byte	0x132
 1498 0004 0400     		.2byte	0x4
 1499 0006 00000000 		.4byte	.Ldebug_abbrev0
 1500 000a 04       		.byte	0x4
 1501 000b 01       		.uleb128 0x1
 1502 000c 24000000 		.4byte	.LASF17
 1503 0010 0C       		.byte	0xc
 1504 0011 D8010000 		.4byte	.LASF18
 1505 0015 48010000 		.4byte	.LASF19
 1506 0019 00000000 		.4byte	.Ldebug_line0
 1507 001d 02       		.uleb128 0x2
 1508 001e 01       		.byte	0x1
 1509 001f 06       		.byte	0x6
 1510 0020 CC010000 		.4byte	.LASF0
 1511 0024 03       		.uleb128 0x3
 1512 0025 00000000 		.4byte	.LASF9
 1513 0029 01       		.byte	0x1
 1514 002a 1D       		.byte	0x1d
 1515 002b 2F000000 		.4byte	0x2f
 1516 002f 02       		.uleb128 0x2
 1517 0030 01       		.byte	0x1
 1518 0031 08       		.byte	0x8
 1519 0032 16000000 		.4byte	.LASF1
 1520 0036 02       		.uleb128 0x2
 1521 0037 02       		.byte	0x2
 1522 0038 05       		.byte	0x5
 1523 0039 B9010000 		.4byte	.LASF2
 1524 003d 02       		.uleb128 0x2
 1525 003e 02       		.byte	0x2
 1526 003f 07       		.byte	0x7
 1527 0040 C4000000 		.4byte	.LASF3
 1528 0044 02       		.uleb128 0x2
 1529 0045 04       		.byte	0x4
 1530 0046 05       		.byte	0x5
 1531 0047 C3010000 		.4byte	.LASF4
 1532 004b 02       		.uleb128 0x2
 1533 004c 04       		.byte	0x4
 1534 004d 07       		.byte	0x7
 1535 004e B2000000 		.4byte	.LASF5
ARM GAS  C:\Users\Simon\AppData\Local\Temp\ccwt6pB1.s 			page 28


 1536 0052 02       		.uleb128 0x2
 1537 0053 08       		.byte	0x8
 1538 0054 05       		.byte	0x5
 1539 0055 AB010000 		.4byte	.LASF6
 1540 0059 02       		.uleb128 0x2
 1541 005a 08       		.byte	0x8
 1542 005b 07       		.byte	0x7
 1543 005c 06010000 		.4byte	.LASF7
 1544 0060 04       		.uleb128 0x4
 1545 0061 04       		.byte	0x4
 1546 0062 05       		.byte	0x5
 1547 0063 696E7400 		.ascii	"int\000"
 1548 0067 02       		.uleb128 0x2
 1549 0068 04       		.byte	0x4
 1550 0069 07       		.byte	0x7
 1551 006a F9000000 		.4byte	.LASF8
 1552 006e 03       		.uleb128 0x3
 1553 006f 1D010000 		.4byte	.LASF10
 1554 0073 02       		.byte	0x2
 1555 0074 18       		.byte	0x18
 1556 0075 24000000 		.4byte	0x24
 1557 0079 05       		.uleb128 0x5
 1558 007a 91000000 		.4byte	0x91
 1559 007e 8A000000 		.4byte	0x8a
 1560 0082 06       		.uleb128 0x6
 1561 0083 8A000000 		.4byte	0x8a
 1562 0087 8B05     		.2byte	0x58b
 1563 0089 00       		.byte	0
 1564 008a 02       		.uleb128 0x2
 1565 008b 04       		.byte	0x4
 1566 008c 07       		.byte	0x7
 1567 008d A2010000 		.4byte	.LASF11
 1568 0091 07       		.uleb128 0x7
 1569 0092 6E000000 		.4byte	0x6e
 1570 0096 08       		.uleb128 0x8
 1571 0097 E7000000 		.4byte	.LASF12
 1572 009b 03       		.byte	0x3
 1573 009c 1F       		.byte	0x1f
 1574 009d A7000000 		.4byte	0xa7
 1575 00a1 05       		.uleb128 0x5
 1576 00a2 03       		.byte	0x3
 1577 00a3 00000000 		.4byte	cy_meta_configecc
 1578 00a7 07       		.uleb128 0x7
 1579 00a8 79000000 		.4byte	0x79
 1580 00ac 05       		.uleb128 0x5
 1581 00ad 91000000 		.4byte	0x91
 1582 00b1 BC000000 		.4byte	0xbc
 1583 00b5 09       		.uleb128 0x9
 1584 00b6 8A000000 		.4byte	0x8a
 1585 00ba 03       		.byte	0x3
 1586 00bb 00       		.byte	0
 1587 00bc 08       		.uleb128 0x8
 1588 00bd D7000000 		.4byte	.LASF13
 1589 00c1 03       		.byte	0x3
 1590 00c2 DE       		.byte	0xde
 1591 00c3 CD000000 		.4byte	0xcd
 1592 00c7 05       		.uleb128 0x5
ARM GAS  C:\Users\Simon\AppData\Local\Temp\ccwt6pB1.s 			page 29


 1593 00c8 03       		.byte	0x3
 1594 00c9 00000000 		.4byte	cy_meta_custnvl
 1595 00cd 07       		.uleb128 0x7
 1596 00ce AC000000 		.4byte	0xac
 1597 00d2 08       		.uleb128 0x8
 1598 00d3 3A010000 		.4byte	.LASF14
 1599 00d7 03       		.byte	0x3
 1600 00d8 EC       		.byte	0xec
 1601 00d9 E3000000 		.4byte	0xe3
 1602 00dd 05       		.uleb128 0x5
 1603 00de 03       		.byte	0x3
 1604 00df 00000000 		.4byte	cy_meta_wonvl
 1605 00e3 07       		.uleb128 0x7
 1606 00e4 AC000000 		.4byte	0xac
 1607 00e8 05       		.uleb128 0x5
 1608 00e9 91000000 		.4byte	0x91
 1609 00ed F8000000 		.4byte	0xf8
 1610 00f1 09       		.uleb128 0x9
 1611 00f2 8A000000 		.4byte	0x8a
 1612 00f6 FF       		.byte	0xff
 1613 00f7 00       		.byte	0
 1614 00f8 08       		.uleb128 0x8
 1615 00f9 25010000 		.4byte	.LASF15
 1616 00fd 03       		.byte	0x3
 1617 00fe FA       		.byte	0xfa
 1618 00ff 09010000 		.4byte	0x109
 1619 0103 05       		.uleb128 0x5
 1620 0104 03       		.byte	0x3
 1621 0105 00000000 		.4byte	cy_meta_flashprotect
 1622 0109 07       		.uleb128 0x7
 1623 010a E8000000 		.4byte	0xe8
 1624 010e 05       		.uleb128 0x5
 1625 010f 91000000 		.4byte	0x91
 1626 0113 1E010000 		.4byte	0x11e
 1627 0117 09       		.uleb128 0x9
 1628 0118 8A000000 		.4byte	0x8a
 1629 011c 0B       		.byte	0xb
 1630 011d 00       		.byte	0
 1631 011e 0A       		.uleb128 0xa
 1632 011f 0A000000 		.4byte	.LASF16
 1633 0123 03       		.byte	0x3
 1634 0124 2701     		.2byte	0x127
 1635 0126 30010000 		.4byte	0x130
 1636 012a 05       		.uleb128 0x5
 1637 012b 03       		.byte	0x3
 1638 012c 00000000 		.4byte	cy_metadata
 1639 0130 07       		.uleb128 0x7
 1640 0131 0E010000 		.4byte	0x10e
 1641 0135 00       		.byte	0
 1642              		.section	.debug_abbrev,"",%progbits
 1643              	.Ldebug_abbrev0:
 1644 0000 01       		.uleb128 0x1
 1645 0001 11       		.uleb128 0x11
 1646 0002 01       		.byte	0x1
 1647 0003 25       		.uleb128 0x25
 1648 0004 0E       		.uleb128 0xe
 1649 0005 13       		.uleb128 0x13
ARM GAS  C:\Users\Simon\AppData\Local\Temp\ccwt6pB1.s 			page 30


 1650 0006 0B       		.uleb128 0xb
 1651 0007 03       		.uleb128 0x3
 1652 0008 0E       		.uleb128 0xe
 1653 0009 1B       		.uleb128 0x1b
 1654 000a 0E       		.uleb128 0xe
 1655 000b 10       		.uleb128 0x10
 1656 000c 17       		.uleb128 0x17
 1657 000d 00       		.byte	0
 1658 000e 00       		.byte	0
 1659 000f 02       		.uleb128 0x2
 1660 0010 24       		.uleb128 0x24
 1661 0011 00       		.byte	0
 1662 0012 0B       		.uleb128 0xb
 1663 0013 0B       		.uleb128 0xb
 1664 0014 3E       		.uleb128 0x3e
 1665 0015 0B       		.uleb128 0xb
 1666 0016 03       		.uleb128 0x3
 1667 0017 0E       		.uleb128 0xe
 1668 0018 00       		.byte	0
 1669 0019 00       		.byte	0
 1670 001a 03       		.uleb128 0x3
 1671 001b 16       		.uleb128 0x16
 1672 001c 00       		.byte	0
 1673 001d 03       		.uleb128 0x3
 1674 001e 0E       		.uleb128 0xe
 1675 001f 3A       		.uleb128 0x3a
 1676 0020 0B       		.uleb128 0xb
 1677 0021 3B       		.uleb128 0x3b
 1678 0022 0B       		.uleb128 0xb
 1679 0023 49       		.uleb128 0x49
 1680 0024 13       		.uleb128 0x13
 1681 0025 00       		.byte	0
 1682 0026 00       		.byte	0
 1683 0027 04       		.uleb128 0x4
 1684 0028 24       		.uleb128 0x24
 1685 0029 00       		.byte	0
 1686 002a 0B       		.uleb128 0xb
 1687 002b 0B       		.uleb128 0xb
 1688 002c 3E       		.uleb128 0x3e
 1689 002d 0B       		.uleb128 0xb
 1690 002e 03       		.uleb128 0x3
 1691 002f 08       		.uleb128 0x8
 1692 0030 00       		.byte	0
 1693 0031 00       		.byte	0
 1694 0032 05       		.uleb128 0x5
 1695 0033 01       		.uleb128 0x1
 1696 0034 01       		.byte	0x1
 1697 0035 49       		.uleb128 0x49
 1698 0036 13       		.uleb128 0x13
 1699 0037 01       		.uleb128 0x1
 1700 0038 13       		.uleb128 0x13
 1701 0039 00       		.byte	0
 1702 003a 00       		.byte	0
 1703 003b 06       		.uleb128 0x6
 1704 003c 21       		.uleb128 0x21
 1705 003d 00       		.byte	0
 1706 003e 49       		.uleb128 0x49
ARM GAS  C:\Users\Simon\AppData\Local\Temp\ccwt6pB1.s 			page 31


 1707 003f 13       		.uleb128 0x13
 1708 0040 2F       		.uleb128 0x2f
 1709 0041 05       		.uleb128 0x5
 1710 0042 00       		.byte	0
 1711 0043 00       		.byte	0
 1712 0044 07       		.uleb128 0x7
 1713 0045 26       		.uleb128 0x26
 1714 0046 00       		.byte	0
 1715 0047 49       		.uleb128 0x49
 1716 0048 13       		.uleb128 0x13
 1717 0049 00       		.byte	0
 1718 004a 00       		.byte	0
 1719 004b 08       		.uleb128 0x8
 1720 004c 34       		.uleb128 0x34
 1721 004d 00       		.byte	0
 1722 004e 03       		.uleb128 0x3
 1723 004f 0E       		.uleb128 0xe
 1724 0050 3A       		.uleb128 0x3a
 1725 0051 0B       		.uleb128 0xb
 1726 0052 3B       		.uleb128 0x3b
 1727 0053 0B       		.uleb128 0xb
 1728 0054 49       		.uleb128 0x49
 1729 0055 13       		.uleb128 0x13
 1730 0056 3F       		.uleb128 0x3f
 1731 0057 19       		.uleb128 0x19
 1732 0058 02       		.uleb128 0x2
 1733 0059 18       		.uleb128 0x18
 1734 005a 00       		.byte	0
 1735 005b 00       		.byte	0
 1736 005c 09       		.uleb128 0x9
 1737 005d 21       		.uleb128 0x21
 1738 005e 00       		.byte	0
 1739 005f 49       		.uleb128 0x49
 1740 0060 13       		.uleb128 0x13
 1741 0061 2F       		.uleb128 0x2f
 1742 0062 0B       		.uleb128 0xb
 1743 0063 00       		.byte	0
 1744 0064 00       		.byte	0
 1745 0065 0A       		.uleb128 0xa
 1746 0066 34       		.uleb128 0x34
 1747 0067 00       		.byte	0
 1748 0068 03       		.uleb128 0x3
 1749 0069 0E       		.uleb128 0xe
 1750 006a 3A       		.uleb128 0x3a
 1751 006b 0B       		.uleb128 0xb
 1752 006c 3B       		.uleb128 0x3b
 1753 006d 05       		.uleb128 0x5
 1754 006e 49       		.uleb128 0x49
 1755 006f 13       		.uleb128 0x13
 1756 0070 3F       		.uleb128 0x3f
 1757 0071 19       		.uleb128 0x19
 1758 0072 02       		.uleb128 0x2
 1759 0073 18       		.uleb128 0x18
 1760 0074 00       		.byte	0
 1761 0075 00       		.byte	0
 1762 0076 00       		.byte	0
 1763              		.section	.debug_aranges,"",%progbits
ARM GAS  C:\Users\Simon\AppData\Local\Temp\ccwt6pB1.s 			page 32


 1764 0000 14000000 		.4byte	0x14
 1765 0004 0200     		.2byte	0x2
 1766 0006 00000000 		.4byte	.Ldebug_info0
 1767 000a 04       		.byte	0x4
 1768 000b 00       		.byte	0
 1769 000c 0000     		.2byte	0
 1770 000e 0000     		.2byte	0
 1771 0010 00000000 		.4byte	0
 1772 0014 00000000 		.4byte	0
 1773              		.section	.debug_line,"",%progbits
 1774              	.Ldebug_line0:
 1775 0000 3D010000 		.section	.debug_str,"MS",%progbits,1
 1775      02003701 
 1775      00000201 
 1775      FB0E0D00 
 1775      01010101 
 1776              	.LASF9:
 1777 0000 5F5F7569 		.ascii	"__uint8_t\000"
 1777      6E74385F 
 1777      7400
 1778              	.LASF16:
 1779 000a 63795F6D 		.ascii	"cy_metadata\000"
 1779      65746164 
 1779      61746100 
 1780              	.LASF1:
 1781 0016 756E7369 		.ascii	"unsigned char\000"
 1781      676E6564 
 1781      20636861 
 1781      7200
 1782              	.LASF17:
 1783 0024 474E5520 		.ascii	"GNU C11 5.4.1 20160609 (release) [ARM/embedded-5-br"
 1783      43313120 
 1783      352E342E 
 1783      31203230 
 1783      31363036 
 1784 0057 616E6368 		.ascii	"anch revision 237715] -mcpu=cortex-m3 -mthumb -g -O"
 1784      20726576 
 1784      6973696F 
 1784      6E203233 
 1784      37373135 
 1785 008a 67202D66 		.ascii	"g -ffunction-sections -ffat-lto-objects\000"
 1785      66756E63 
 1785      74696F6E 
 1785      2D736563 
 1785      74696F6E 
 1786              	.LASF5:
 1787 00b2 6C6F6E67 		.ascii	"long unsigned int\000"
 1787      20756E73 
 1787      69676E65 
 1787      6420696E 
 1787      7400
 1788              	.LASF3:
 1789 00c4 73686F72 		.ascii	"short unsigned int\000"
 1789      7420756E 
 1789      7369676E 
 1789      65642069 
 1789      6E7400
ARM GAS  C:\Users\Simon\AppData\Local\Temp\ccwt6pB1.s 			page 33


 1790              	.LASF13:
 1791 00d7 63795F6D 		.ascii	"cy_meta_custnvl\000"
 1791      6574615F 
 1791      63757374 
 1791      6E766C00 
 1792              	.LASF12:
 1793 00e7 63795F6D 		.ascii	"cy_meta_configecc\000"
 1793      6574615F 
 1793      636F6E66 
 1793      69676563 
 1793      6300
 1794              	.LASF8:
 1795 00f9 756E7369 		.ascii	"unsigned int\000"
 1795      676E6564 
 1795      20696E74 
 1795      00
 1796              	.LASF7:
 1797 0106 6C6F6E67 		.ascii	"long long unsigned int\000"
 1797      206C6F6E 
 1797      6720756E 
 1797      7369676E 
 1797      65642069 
 1798              	.LASF10:
 1799 011d 75696E74 		.ascii	"uint8_t\000"
 1799      385F7400 
 1800              	.LASF15:
 1801 0125 63795F6D 		.ascii	"cy_meta_flashprotect\000"
 1801      6574615F 
 1801      666C6173 
 1801      6870726F 
 1801      74656374 
 1802              	.LASF14:
 1803 013a 63795F6D 		.ascii	"cy_meta_wonvl\000"
 1803      6574615F 
 1803      776F6E76 
 1803      6C00
 1804              	.LASF19:
 1805 0148 433A5C55 		.ascii	"C:\\Users\\Simon\\Desktop\\GFV-Gruppe14\\Labexercis"
 1805      73657273 
 1805      5C53696D 
 1805      6F6E5C44 
 1805      65736B74 
 1806 0176 65325F43 		.ascii	"e2_Communicationbuses\\Lab_SPI\\Lab_SPI.cydsn\000"
 1806      6F6D6D75 
 1806      6E696361 
 1806      74696F6E 
 1806      62757365 
 1807              	.LASF11:
 1808 01a2 73697A65 		.ascii	"sizetype\000"
 1808      74797065 
 1808      00
 1809              	.LASF6:
 1810 01ab 6C6F6E67 		.ascii	"long long int\000"
 1810      206C6F6E 
 1810      6720696E 
 1810      7400
 1811              	.LASF2:
ARM GAS  C:\Users\Simon\AppData\Local\Temp\ccwt6pB1.s 			page 34


 1812 01b9 73686F72 		.ascii	"short int\000"
 1812      7420696E 
 1812      7400
 1813              	.LASF4:
 1814 01c3 6C6F6E67 		.ascii	"long int\000"
 1814      20696E74 
 1814      00
 1815              	.LASF0:
 1816 01cc 7369676E 		.ascii	"signed char\000"
 1816      65642063 
 1816      68617200 
 1817              	.LASF18:
 1818 01d8 47656E65 		.ascii	"Generated_Source\\PSoC5\\cymetadata.c\000"
 1818      72617465 
 1818      645F536F 
 1818      75726365 
 1818      5C50536F 
 1819              		.ident	"GCC: (GNU Tools for ARM Embedded Processors) 5.4.1 20160609 (release) [ARM/embedded-5-bran
