ARM GAS  C:\Users\Simon\AppData\Local\Temp\ccDMoNGH.s 			page 1


   1              		.syntax unified
   2              		.cpu cortex-m3
   3              		.fpu softvfp
   4              		.eabi_attribute 20, 1
   5              		.eabi_attribute 21, 1
   6              		.eabi_attribute 23, 3
   7              		.eabi_attribute 24, 1
   8              		.eabi_attribute 25, 1
   9              		.eabi_attribute 26, 1
  10              		.eabi_attribute 30, 1
  11              		.eabi_attribute 34, 1
  12              		.eabi_attribute 18, 4
  13              		.thumb
  14              		.syntax unified
  15              		.file	"main.c"
  16              		.text
  17              	.Ltext0:
  18              		.cfi_sections	.debug_frame
  19              		.section	.text.main,"ax",%progbits
  20              		.align	2
  21              		.global	main
  22              		.thumb
  23              		.thumb_func
  24              		.type	main, %function
  25              	main:
  26              	.LFB64:
  27              		.file 1 "main.c"
   1:main.c        **** /* ========================================
   2:main.c        ****  *
   3:main.c        ****  * Copyright YOUR COMPANY, THE YEAR
   4:main.c        ****  * All Rights Reserved
   5:main.c        ****  * UNPUBLISHED, LICENSED SOFTWARE.
   6:main.c        ****  *
   7:main.c        ****  * CONFIDENTIAL AND PROPRIETARY INFORMATION
   8:main.c        ****  * WHICH IS THE PROPERTY OF your company.
   9:main.c        ****  *
  10:main.c        ****  * ========================================
  11:main.c        **** */
  12:main.c        **** #include <project.h>
  13:main.c        **** #include <stdio.h>
  14:main.c        **** #include <stdint.h>
  15:main.c        **** 
  16:main.c        **** #include <UART_handler.h>
  17:main.c        **** #include <SPI_handler.h>
  18:main.c        **** 
  19:main.c        **** CY_ISR_PROTO(ISR_UART_rx_handler);
  20:main.c        **** 
  21:main.c        **** int main(void)
  22:main.c        **** {
  28              		.loc 1 22 0
  29              		.cfi_startproc
  30              		@ Volatile: function does not return.
  31              		@ args = 0, pretend = 0, frame = 0
  32              		@ frame_needed = 0, uses_anonymous_args = 0
  33 0000 08B5     		push	{r3, lr}
  34              		.cfi_def_cfa_offset 8
  35              		.cfi_offset 3, -8
ARM GAS  C:\Users\Simon\AppData\Local\Temp\ccDMoNGH.s 			page 2


  36              		.cfi_offset 14, -4
  23:main.c        ****     CyGlobalIntEnable; /* Enable global interrupts. */
  37              		.loc 1 23 0
  38              		.syntax unified
  39              	@ 23 "main.c" 1
  40 0002 62B6     		CPSIE   i
  41              	@ 0 "" 2
  24:main.c        **** 
  25:main.c        ****     /* Place your initialization/startup code here (e.g. MyInst_Start()) */
  26:main.c        ****     UART_1_Start();
  42              		.loc 1 26 0
  43              		.thumb
  44              		.syntax unified
  45 0004 FFF7FEFF 		bl	UART_1_Start
  46              	.LVL0:
  27:main.c        ****     SPIM_1_Start();
  47              		.loc 1 27 0
  48 0008 FFF7FEFF 		bl	SPIM_1_Start
  49              	.LVL1:
  28:main.c        ****     
  29:main.c        ****     pushButtonState();
  50              		.loc 1 29 0
  51 000c FFF7FEFF 		bl	pushButtonState
  52              	.LVL2:
  53              	.L2:
  30:main.c        ****     
  31:main.c        ****    
  32:main.c        ****     for(;;)
  33:main.c        ****     {
  34:main.c        ****         pushButtonState();
  54              		.loc 1 34 0 discriminator 1
  55 0010 FFF7FEFF 		bl	pushButtonState
  56              	.LVL3:
  35:main.c        ****         
  36:main.c        ****         /* Place your application code here. */
  37:main.c        ****         
  38:main.c        ****         CyDelay(1000);
  57              		.loc 1 38 0 discriminator 1
  58 0014 4FF47A70 		mov	r0, #1000
  59 0018 FFF7FEFF 		bl	CyDelay
  60              	.LVL4:
  61 001c F8E7     		b	.L2
  62              		.cfi_endproc
  63              	.LFE64:
  64              		.size	main, .-main
  65 001e 00BF     		.section	.text.ISR_UART_rx_handler,"ax",%progbits
  66              		.align	2
  67              		.global	ISR_UART_rx_handler
  68              		.thumb
  69              		.thumb_func
  70              		.type	ISR_UART_rx_handler, %function
  71              	ISR_UART_rx_handler:
  72              	.LFB65:
  39:main.c        ****     }
  40:main.c        **** }
  41:main.c        **** 
  42:main.c        **** CY_ISR(ISR_UART_rx_handler)
ARM GAS  C:\Users\Simon\AppData\Local\Temp\ccDMoNGH.s 			page 3


  43:main.c        **** {
  73              		.loc 1 43 0
  74              		.cfi_startproc
  75              		@ args = 0, pretend = 0, frame = 0
  76              		@ frame_needed = 0, uses_anonymous_args = 0
  77 0000 38B5     		push	{r3, r4, r5, lr}
  78              		.cfi_def_cfa_offset 16
  79              		.cfi_offset 3, -16
  80              		.cfi_offset 4, -12
  81              		.cfi_offset 5, -8
  82              		.cfi_offset 14, -4
  44:main.c        ****     uint8_t bytesToRead = UART_1_GetRxBufferSize();
  83              		.loc 1 44 0
  84 0002 FFF7FEFF 		bl	UART_1_GetRxBufferSize
  85              	.LVL5:
  86 0006 0446     		mov	r4, r0
  87              	.LVL6:
  45:main.c        ****     while (bytesToRead > 0)
  88              		.loc 1 45 0
  89 0008 09E0     		b	.L5
  90              	.L6:
  91              	.LBB2:
  46:main.c        ****     {
  47:main.c        ****         uint8_t byteReceived = UART_1_ReadRxData();
  92              		.loc 1 47 0
  93 000a FFF7FEFF 		bl	UART_1_ReadRxData
  94              	.LVL7:
  95 000e 0546     		mov	r5, r0
  96              	.LVL8:
  48:main.c        ****         UART_1_WriteTxData(byteReceived); // echo back
  97              		.loc 1 48 0
  98 0010 FFF7FEFF 		bl	UART_1_WriteTxData
  99              	.LVL9:
  49:main.c        ****         
  50:main.c        ****         handleByteReceived(byteReceived);
 100              		.loc 1 50 0
 101 0014 2846     		mov	r0, r5
 102 0016 FFF7FEFF 		bl	handleByteReceived
 103              	.LVL10:
  51:main.c        ****         
  52:main.c        ****         bytesToRead--;
 104              		.loc 1 52 0
 105 001a 013C     		subs	r4, r4, #1
 106              	.LVL11:
 107 001c E4B2     		uxtb	r4, r4
 108              	.LVL12:
 109              	.L5:
 110              	.LBE2:
  45:main.c        ****     {
 111              		.loc 1 45 0
 112 001e 002C     		cmp	r4, #0
 113 0020 F3D1     		bne	.L6
  53:main.c        ****     }
  54:main.c        **** }
 114              		.loc 1 54 0
 115 0022 38BD     		pop	{r3, r4, r5, pc}
 116              		.cfi_endproc
ARM GAS  C:\Users\Simon\AppData\Local\Temp\ccDMoNGH.s 			page 4


 117              	.LFE65:
 118              		.size	ISR_UART_rx_handler, .-ISR_UART_rx_handler
 119              		.text
 120              	.Letext0:
 121              		.file 2 "c:\\program files (x86)\\cypress\\psoc creator\\4.3\\psoc creator\\import\\gnu\\arm\\5.4.
 122              		.file 3 "c:\\program files (x86)\\cypress\\psoc creator\\4.3\\psoc creator\\import\\gnu\\arm\\5.4.
 123              		.file 4 "Generated_Source\\PSoC5/UART_1.h"
 124              		.file 5 "Generated_Source\\PSoC5/SPIM_1.h"
 125              		.file 6 "./SPI_handler.h"
 126              		.file 7 "Generated_Source\\PSoC5/CyLib.h"
 127              		.file 8 "./UART_handler.h"
 128              		.file 9 "Generated_Source\\PSoC5/core_cm3.h"
 129              		.section	.debug_info,"",%progbits
 130              	.Ldebug_info0:
 131 0000 E7010000 		.4byte	0x1e7
 132 0004 0400     		.2byte	0x4
 133 0006 00000000 		.4byte	.Ldebug_abbrev0
 134 000a 04       		.byte	0x4
 135 000b 01       		.uleb128 0x1
 136 000c 79000000 		.4byte	.LASF28
 137 0010 0C       		.byte	0xc
 138 0011 3F020000 		.4byte	.LASF29
 139 0015 CE010000 		.4byte	.LASF30
 140 0019 00000000 		.4byte	.Ldebug_ranges0+0
 141 001d 00000000 		.4byte	0
 142 0021 00000000 		.4byte	.Ldebug_line0
 143 0025 02       		.uleb128 0x2
 144 0026 01       		.byte	0x1
 145 0027 06       		.byte	0x6
 146 0028 6A020000 		.4byte	.LASF0
 147 002c 03       		.uleb128 0x3
 148 002d 0D000000 		.4byte	.LASF4
 149 0031 02       		.byte	0x2
 150 0032 1D       		.byte	0x1d
 151 0033 37000000 		.4byte	0x37
 152 0037 02       		.uleb128 0x2
 153 0038 01       		.byte	0x1
 154 0039 08       		.byte	0x8
 155 003a 6B000000 		.4byte	.LASF1
 156 003e 02       		.uleb128 0x2
 157 003f 02       		.byte	0x2
 158 0040 05       		.byte	0x5
 159 0041 4B020000 		.4byte	.LASF2
 160 0045 02       		.uleb128 0x2
 161 0046 02       		.byte	0x2
 162 0047 07       		.byte	0x7
 163 0048 2E000000 		.4byte	.LASF3
 164 004c 03       		.uleb128 0x3
 165 004d 24000000 		.4byte	.LASF5
 166 0051 02       		.byte	0x2
 167 0052 3F       		.byte	0x3f
 168 0053 57000000 		.4byte	0x57
 169 0057 02       		.uleb128 0x2
 170 0058 04       		.byte	0x4
 171 0059 05       		.byte	0x5
 172 005a 55020000 		.4byte	.LASF6
 173 005e 02       		.uleb128 0x2
ARM GAS  C:\Users\Simon\AppData\Local\Temp\ccDMoNGH.s 			page 5


 174 005f 04       		.byte	0x4
 175 0060 07       		.byte	0x7
 176 0061 1B010000 		.4byte	.LASF7
 177 0065 02       		.uleb128 0x2
 178 0066 08       		.byte	0x8
 179 0067 05       		.byte	0x5
 180 0068 31020000 		.4byte	.LASF8
 181 006c 02       		.uleb128 0x2
 182 006d 08       		.byte	0x8
 183 006e 07       		.byte	0x7
 184 006f 90010000 		.4byte	.LASF9
 185 0073 04       		.uleb128 0x4
 186 0074 04       		.byte	0x4
 187 0075 05       		.byte	0x5
 188 0076 696E7400 		.ascii	"int\000"
 189 007a 02       		.uleb128 0x2
 190 007b 04       		.byte	0x4
 191 007c 07       		.byte	0x7
 192 007d 83010000 		.4byte	.LASF10
 193 0081 03       		.uleb128 0x3
 194 0082 A7010000 		.4byte	.LASF11
 195 0086 03       		.byte	0x3
 196 0087 18       		.byte	0x18
 197 0088 2C000000 		.4byte	0x2c
 198 008c 03       		.uleb128 0x3
 199 008d C6010000 		.4byte	.LASF12
 200 0091 03       		.byte	0x3
 201 0092 2C       		.byte	0x2c
 202 0093 4C000000 		.4byte	0x4c
 203 0097 02       		.uleb128 0x2
 204 0098 04       		.byte	0x4
 205 0099 04       		.byte	0x4
 206 009a 58000000 		.4byte	.LASF13
 207 009e 02       		.uleb128 0x2
 208 009f 08       		.byte	0x8
 209 00a0 04       		.byte	0x4
 210 00a1 41000000 		.4byte	.LASF14
 211 00a5 02       		.uleb128 0x2
 212 00a6 01       		.byte	0x1
 213 00a7 08       		.byte	0x8
 214 00a8 46020000 		.4byte	.LASF15
 215 00ac 02       		.uleb128 0x2
 216 00ad 08       		.byte	0x8
 217 00ae 04       		.byte	0x4
 218 00af 5E020000 		.4byte	.LASF16
 219 00b3 02       		.uleb128 0x2
 220 00b4 04       		.byte	0x4
 221 00b5 07       		.byte	0x7
 222 00b6 28020000 		.4byte	.LASF17
 223 00ba 05       		.uleb128 0x5
 224 00bb 7E010000 		.4byte	.LASF31
 225 00bf 01       		.byte	0x1
 226 00c0 15       		.byte	0x15
 227 00c1 73000000 		.4byte	0x73
 228 00c5 00000000 		.4byte	.LFB64
 229 00c9 1E000000 		.4byte	.LFE64-.LFB64
 230 00cd 01       		.uleb128 0x1
ARM GAS  C:\Users\Simon\AppData\Local\Temp\ccDMoNGH.s 			page 6


 231 00ce 9C       		.byte	0x9c
 232 00cf 09010000 		.4byte	0x109
 233 00d3 06       		.uleb128 0x6
 234 00d4 08000000 		.4byte	.LVL0
 235 00d8 92010000 		.4byte	0x192
 236 00dc 06       		.uleb128 0x6
 237 00dd 0C000000 		.4byte	.LVL1
 238 00e1 9D010000 		.4byte	0x19d
 239 00e5 06       		.uleb128 0x6
 240 00e6 10000000 		.4byte	.LVL2
 241 00ea A8010000 		.4byte	0x1a8
 242 00ee 06       		.uleb128 0x6
 243 00ef 14000000 		.4byte	.LVL3
 244 00f3 A8010000 		.4byte	0x1a8
 245 00f7 07       		.uleb128 0x7
 246 00f8 1C000000 		.4byte	.LVL4
 247 00fc B3010000 		.4byte	0x1b3
 248 0100 08       		.uleb128 0x8
 249 0101 01       		.uleb128 0x1
 250 0102 50       		.byte	0x50
 251 0103 03       		.uleb128 0x3
 252 0104 0A       		.byte	0xa
 253 0105 E803     		.2byte	0x3e8
 254 0107 00       		.byte	0
 255 0108 00       		.byte	0
 256 0109 09       		.uleb128 0x9
 257 010a 07010000 		.4byte	.LASF32
 258 010e 01       		.byte	0x1
 259 010f 2A       		.byte	0x2a
 260 0110 00000000 		.4byte	.LFB65
 261 0114 24000000 		.4byte	.LFE65-.LFB65
 262 0118 01       		.uleb128 0x1
 263 0119 9C       		.byte	0x9c
 264 011a 81010000 		.4byte	0x181
 265 011e 0A       		.uleb128 0xa
 266 011f 72010000 		.4byte	.LASF18
 267 0123 01       		.byte	0x1
 268 0124 2C       		.byte	0x2c
 269 0125 81000000 		.4byte	0x81
 270 0129 00000000 		.4byte	.LLST0
 271 012d 0B       		.uleb128 0xb
 272 012e 0A000000 		.4byte	.LBB2
 273 0132 14000000 		.4byte	.LBE2-.LBB2
 274 0136 77010000 		.4byte	0x177
 275 013a 0A       		.uleb128 0xa
 276 013b 5E000000 		.4byte	.LASF19
 277 013f 01       		.byte	0x1
 278 0140 2F       		.byte	0x2f
 279 0141 81000000 		.4byte	0x81
 280 0145 1E000000 		.4byte	.LLST1
 281 0149 06       		.uleb128 0x6
 282 014a 0E000000 		.4byte	.LVL7
 283 014e BE010000 		.4byte	0x1be
 284 0152 0C       		.uleb128 0xc
 285 0153 14000000 		.4byte	.LVL9
 286 0157 C9010000 		.4byte	0x1c9
 287 015b 66010000 		.4byte	0x166
ARM GAS  C:\Users\Simon\AppData\Local\Temp\ccDMoNGH.s 			page 7


 288 015f 08       		.uleb128 0x8
 289 0160 01       		.uleb128 0x1
 290 0161 50       		.byte	0x50
 291 0162 02       		.uleb128 0x2
 292 0163 75       		.byte	0x75
 293 0164 00       		.sleb128 0
 294 0165 00       		.byte	0
 295 0166 07       		.uleb128 0x7
 296 0167 1A000000 		.4byte	.LVL10
 297 016b D4010000 		.4byte	0x1d4
 298 016f 08       		.uleb128 0x8
 299 0170 01       		.uleb128 0x1
 300 0171 50       		.byte	0x50
 301 0172 02       		.uleb128 0x2
 302 0173 75       		.byte	0x75
 303 0174 00       		.sleb128 0
 304 0175 00       		.byte	0
 305 0176 00       		.byte	0
 306 0177 06       		.uleb128 0x6
 307 0178 06000000 		.4byte	.LVL5
 308 017c DF010000 		.4byte	0x1df
 309 0180 00       		.byte	0
 310 0181 0D       		.uleb128 0xd
 311 0182 52010000 		.4byte	.LASF33
 312 0186 09       		.byte	0x9
 313 0187 1207     		.2byte	0x712
 314 0189 8D010000 		.4byte	0x18d
 315 018d 0E       		.uleb128 0xe
 316 018e 8C000000 		.4byte	0x8c
 317 0192 0F       		.uleb128 0xf
 318 0193 00000000 		.4byte	.LASF20
 319 0197 00000000 		.4byte	.LASF20
 320 019b 04       		.byte	0x4
 321 019c 54       		.byte	0x54
 322 019d 0F       		.uleb128 0xf
 323 019e 17000000 		.4byte	.LASF21
 324 01a2 17000000 		.4byte	.LASF21
 325 01a6 05       		.byte	0x5
 326 01a7 4D       		.byte	0x4d
 327 01a8 0F       		.uleb128 0xf
 328 01a9 48000000 		.4byte	.LASF22
 329 01ad 48000000 		.4byte	.LASF22
 330 01b1 06       		.byte	0x6
 331 01b2 10       		.byte	0x10
 332 01b3 0F       		.uleb128 0xf
 333 01b4 76020000 		.4byte	.LASF23
 334 01b8 76020000 		.4byte	.LASF23
 335 01bc 07       		.byte	0x7
 336 01bd 76       		.byte	0x76
 337 01be 0F       		.uleb128 0xf
 338 01bf 2D010000 		.4byte	.LASF24
 339 01c3 2D010000 		.4byte	.LASF24
 340 01c7 04       		.byte	0x4
 341 01c8 6F       		.byte	0x6f
 342 01c9 0F       		.uleb128 0xf
 343 01ca 5F010000 		.4byte	.LASF25
 344 01ce 5F010000 		.4byte	.LASF25
ARM GAS  C:\Users\Simon\AppData\Local\Temp\ccDMoNGH.s 			page 8


 345 01d2 04       		.byte	0x4
 346 01d3 88       		.byte	0x88
 347 01d4 0F       		.uleb128 0xf
 348 01d5 3F010000 		.4byte	.LASF26
 349 01d9 3F010000 		.4byte	.LASF26
 350 01dd 08       		.byte	0x8
 351 01de 11       		.byte	0x11
 352 01df 0F       		.uleb128 0xf
 353 01e0 AF010000 		.4byte	.LASF27
 354 01e4 AF010000 		.4byte	.LASF27
 355 01e8 04       		.byte	0x4
 356 01e9 73       		.byte	0x73
 357 01ea 00       		.byte	0
 358              		.section	.debug_abbrev,"",%progbits
 359              	.Ldebug_abbrev0:
 360 0000 01       		.uleb128 0x1
 361 0001 11       		.uleb128 0x11
 362 0002 01       		.byte	0x1
 363 0003 25       		.uleb128 0x25
 364 0004 0E       		.uleb128 0xe
 365 0005 13       		.uleb128 0x13
 366 0006 0B       		.uleb128 0xb
 367 0007 03       		.uleb128 0x3
 368 0008 0E       		.uleb128 0xe
 369 0009 1B       		.uleb128 0x1b
 370 000a 0E       		.uleb128 0xe
 371 000b 55       		.uleb128 0x55
 372 000c 17       		.uleb128 0x17
 373 000d 11       		.uleb128 0x11
 374 000e 01       		.uleb128 0x1
 375 000f 10       		.uleb128 0x10
 376 0010 17       		.uleb128 0x17
 377 0011 00       		.byte	0
 378 0012 00       		.byte	0
 379 0013 02       		.uleb128 0x2
 380 0014 24       		.uleb128 0x24
 381 0015 00       		.byte	0
 382 0016 0B       		.uleb128 0xb
 383 0017 0B       		.uleb128 0xb
 384 0018 3E       		.uleb128 0x3e
 385 0019 0B       		.uleb128 0xb
 386 001a 03       		.uleb128 0x3
 387 001b 0E       		.uleb128 0xe
 388 001c 00       		.byte	0
 389 001d 00       		.byte	0
 390 001e 03       		.uleb128 0x3
 391 001f 16       		.uleb128 0x16
 392 0020 00       		.byte	0
 393 0021 03       		.uleb128 0x3
 394 0022 0E       		.uleb128 0xe
 395 0023 3A       		.uleb128 0x3a
 396 0024 0B       		.uleb128 0xb
 397 0025 3B       		.uleb128 0x3b
 398 0026 0B       		.uleb128 0xb
 399 0027 49       		.uleb128 0x49
 400 0028 13       		.uleb128 0x13
 401 0029 00       		.byte	0
ARM GAS  C:\Users\Simon\AppData\Local\Temp\ccDMoNGH.s 			page 9


 402 002a 00       		.byte	0
 403 002b 04       		.uleb128 0x4
 404 002c 24       		.uleb128 0x24
 405 002d 00       		.byte	0
 406 002e 0B       		.uleb128 0xb
 407 002f 0B       		.uleb128 0xb
 408 0030 3E       		.uleb128 0x3e
 409 0031 0B       		.uleb128 0xb
 410 0032 03       		.uleb128 0x3
 411 0033 08       		.uleb128 0x8
 412 0034 00       		.byte	0
 413 0035 00       		.byte	0
 414 0036 05       		.uleb128 0x5
 415 0037 2E       		.uleb128 0x2e
 416 0038 01       		.byte	0x1
 417 0039 3F       		.uleb128 0x3f
 418 003a 19       		.uleb128 0x19
 419 003b 03       		.uleb128 0x3
 420 003c 0E       		.uleb128 0xe
 421 003d 3A       		.uleb128 0x3a
 422 003e 0B       		.uleb128 0xb
 423 003f 3B       		.uleb128 0x3b
 424 0040 0B       		.uleb128 0xb
 425 0041 27       		.uleb128 0x27
 426 0042 19       		.uleb128 0x19
 427 0043 49       		.uleb128 0x49
 428 0044 13       		.uleb128 0x13
 429 0045 8701     		.uleb128 0x87
 430 0047 19       		.uleb128 0x19
 431 0048 11       		.uleb128 0x11
 432 0049 01       		.uleb128 0x1
 433 004a 12       		.uleb128 0x12
 434 004b 06       		.uleb128 0x6
 435 004c 40       		.uleb128 0x40
 436 004d 18       		.uleb128 0x18
 437 004e 9742     		.uleb128 0x2117
 438 0050 19       		.uleb128 0x19
 439 0051 01       		.uleb128 0x1
 440 0052 13       		.uleb128 0x13
 441 0053 00       		.byte	0
 442 0054 00       		.byte	0
 443 0055 06       		.uleb128 0x6
 444 0056 898201   		.uleb128 0x4109
 445 0059 00       		.byte	0
 446 005a 11       		.uleb128 0x11
 447 005b 01       		.uleb128 0x1
 448 005c 31       		.uleb128 0x31
 449 005d 13       		.uleb128 0x13
 450 005e 00       		.byte	0
 451 005f 00       		.byte	0
 452 0060 07       		.uleb128 0x7
 453 0061 898201   		.uleb128 0x4109
 454 0064 01       		.byte	0x1
 455 0065 11       		.uleb128 0x11
 456 0066 01       		.uleb128 0x1
 457 0067 31       		.uleb128 0x31
 458 0068 13       		.uleb128 0x13
ARM GAS  C:\Users\Simon\AppData\Local\Temp\ccDMoNGH.s 			page 10


 459 0069 00       		.byte	0
 460 006a 00       		.byte	0
 461 006b 08       		.uleb128 0x8
 462 006c 8A8201   		.uleb128 0x410a
 463 006f 00       		.byte	0
 464 0070 02       		.uleb128 0x2
 465 0071 18       		.uleb128 0x18
 466 0072 9142     		.uleb128 0x2111
 467 0074 18       		.uleb128 0x18
 468 0075 00       		.byte	0
 469 0076 00       		.byte	0
 470 0077 09       		.uleb128 0x9
 471 0078 2E       		.uleb128 0x2e
 472 0079 01       		.byte	0x1
 473 007a 3F       		.uleb128 0x3f
 474 007b 19       		.uleb128 0x19
 475 007c 03       		.uleb128 0x3
 476 007d 0E       		.uleb128 0xe
 477 007e 3A       		.uleb128 0x3a
 478 007f 0B       		.uleb128 0xb
 479 0080 3B       		.uleb128 0x3b
 480 0081 0B       		.uleb128 0xb
 481 0082 27       		.uleb128 0x27
 482 0083 19       		.uleb128 0x19
 483 0084 11       		.uleb128 0x11
 484 0085 01       		.uleb128 0x1
 485 0086 12       		.uleb128 0x12
 486 0087 06       		.uleb128 0x6
 487 0088 40       		.uleb128 0x40
 488 0089 18       		.uleb128 0x18
 489 008a 9742     		.uleb128 0x2117
 490 008c 19       		.uleb128 0x19
 491 008d 01       		.uleb128 0x1
 492 008e 13       		.uleb128 0x13
 493 008f 00       		.byte	0
 494 0090 00       		.byte	0
 495 0091 0A       		.uleb128 0xa
 496 0092 34       		.uleb128 0x34
 497 0093 00       		.byte	0
 498 0094 03       		.uleb128 0x3
 499 0095 0E       		.uleb128 0xe
 500 0096 3A       		.uleb128 0x3a
 501 0097 0B       		.uleb128 0xb
 502 0098 3B       		.uleb128 0x3b
 503 0099 0B       		.uleb128 0xb
 504 009a 49       		.uleb128 0x49
 505 009b 13       		.uleb128 0x13
 506 009c 02       		.uleb128 0x2
 507 009d 17       		.uleb128 0x17
 508 009e 00       		.byte	0
 509 009f 00       		.byte	0
 510 00a0 0B       		.uleb128 0xb
 511 00a1 0B       		.uleb128 0xb
 512 00a2 01       		.byte	0x1
 513 00a3 11       		.uleb128 0x11
 514 00a4 01       		.uleb128 0x1
 515 00a5 12       		.uleb128 0x12
ARM GAS  C:\Users\Simon\AppData\Local\Temp\ccDMoNGH.s 			page 11


 516 00a6 06       		.uleb128 0x6
 517 00a7 01       		.uleb128 0x1
 518 00a8 13       		.uleb128 0x13
 519 00a9 00       		.byte	0
 520 00aa 00       		.byte	0
 521 00ab 0C       		.uleb128 0xc
 522 00ac 898201   		.uleb128 0x4109
 523 00af 01       		.byte	0x1
 524 00b0 11       		.uleb128 0x11
 525 00b1 01       		.uleb128 0x1
 526 00b2 31       		.uleb128 0x31
 527 00b3 13       		.uleb128 0x13
 528 00b4 01       		.uleb128 0x1
 529 00b5 13       		.uleb128 0x13
 530 00b6 00       		.byte	0
 531 00b7 00       		.byte	0
 532 00b8 0D       		.uleb128 0xd
 533 00b9 34       		.uleb128 0x34
 534 00ba 00       		.byte	0
 535 00bb 03       		.uleb128 0x3
 536 00bc 0E       		.uleb128 0xe
 537 00bd 3A       		.uleb128 0x3a
 538 00be 0B       		.uleb128 0xb
 539 00bf 3B       		.uleb128 0x3b
 540 00c0 05       		.uleb128 0x5
 541 00c1 49       		.uleb128 0x49
 542 00c2 13       		.uleb128 0x13
 543 00c3 3F       		.uleb128 0x3f
 544 00c4 19       		.uleb128 0x19
 545 00c5 3C       		.uleb128 0x3c
 546 00c6 19       		.uleb128 0x19
 547 00c7 00       		.byte	0
 548 00c8 00       		.byte	0
 549 00c9 0E       		.uleb128 0xe
 550 00ca 35       		.uleb128 0x35
 551 00cb 00       		.byte	0
 552 00cc 49       		.uleb128 0x49
 553 00cd 13       		.uleb128 0x13
 554 00ce 00       		.byte	0
 555 00cf 00       		.byte	0
 556 00d0 0F       		.uleb128 0xf
 557 00d1 2E       		.uleb128 0x2e
 558 00d2 00       		.byte	0
 559 00d3 3F       		.uleb128 0x3f
 560 00d4 19       		.uleb128 0x19
 561 00d5 3C       		.uleb128 0x3c
 562 00d6 19       		.uleb128 0x19
 563 00d7 6E       		.uleb128 0x6e
 564 00d8 0E       		.uleb128 0xe
 565 00d9 03       		.uleb128 0x3
 566 00da 0E       		.uleb128 0xe
 567 00db 3A       		.uleb128 0x3a
 568 00dc 0B       		.uleb128 0xb
 569 00dd 3B       		.uleb128 0x3b
 570 00de 0B       		.uleb128 0xb
 571 00df 00       		.byte	0
 572 00e0 00       		.byte	0
ARM GAS  C:\Users\Simon\AppData\Local\Temp\ccDMoNGH.s 			page 12


 573 00e1 00       		.byte	0
 574              		.section	.debug_loc,"",%progbits
 575              	.Ldebug_loc0:
 576              	.LLST0:
 577 0000 08000000 		.4byte	.LVL6
 578 0004 1C000000 		.4byte	.LVL11
 579 0008 0100     		.2byte	0x1
 580 000a 54       		.byte	0x54
 581 000b 1E000000 		.4byte	.LVL12
 582 000f 24000000 		.4byte	.LFE65
 583 0013 0100     		.2byte	0x1
 584 0015 54       		.byte	0x54
 585 0016 00000000 		.4byte	0
 586 001a 00000000 		.4byte	0
 587              	.LLST1:
 588 001e 10000000 		.4byte	.LVL8
 589 0022 1E000000 		.4byte	.LVL12
 590 0026 0100     		.2byte	0x1
 591 0028 55       		.byte	0x55
 592 0029 00000000 		.4byte	0
 593 002d 00000000 		.4byte	0
 594              		.section	.debug_aranges,"",%progbits
 595 0000 24000000 		.4byte	0x24
 596 0004 0200     		.2byte	0x2
 597 0006 00000000 		.4byte	.Ldebug_info0
 598 000a 04       		.byte	0x4
 599 000b 00       		.byte	0
 600 000c 0000     		.2byte	0
 601 000e 0000     		.2byte	0
 602 0010 00000000 		.4byte	.LFB64
 603 0014 1E000000 		.4byte	.LFE64-.LFB64
 604 0018 00000000 		.4byte	.LFB65
 605 001c 24000000 		.4byte	.LFE65-.LFB65
 606 0020 00000000 		.4byte	0
 607 0024 00000000 		.4byte	0
 608              		.section	.debug_ranges,"",%progbits
 609              	.Ldebug_ranges0:
 610 0000 00000000 		.4byte	.LFB64
 611 0004 1E000000 		.4byte	.LFE64
 612 0008 00000000 		.4byte	.LFB65
 613 000c 24000000 		.4byte	.LFE65
 614 0010 00000000 		.4byte	0
 615 0014 00000000 		.4byte	0
 616              		.section	.debug_line,"",%progbits
 617              	.Ldebug_line0:
 618 0000 C7010000 		.section	.debug_str,"MS",%progbits,1
 618      02008901 
 618      00000201 
 618      FB0E0D00 
 618      01010101 
 619              	.LASF20:
 620 0000 55415254 		.ascii	"UART_1_Start\000"
 620      5F315F53 
 620      74617274 
 620      00
 621              	.LASF4:
 622 000d 5F5F7569 		.ascii	"__uint8_t\000"
ARM GAS  C:\Users\Simon\AppData\Local\Temp\ccDMoNGH.s 			page 13


 622      6E74385F 
 622      7400
 623              	.LASF21:
 624 0017 5350494D 		.ascii	"SPIM_1_Start\000"
 624      5F315F53 
 624      74617274 
 624      00
 625              	.LASF5:
 626 0024 5F5F696E 		.ascii	"__int32_t\000"
 626      7433325F 
 626      7400
 627              	.LASF3:
 628 002e 73686F72 		.ascii	"short unsigned int\000"
 628      7420756E 
 628      7369676E 
 628      65642069 
 628      6E7400
 629              	.LASF14:
 630 0041 646F7562 		.ascii	"double\000"
 630      6C6500
 631              	.LASF22:
 632 0048 70757368 		.ascii	"pushButtonState\000"
 632      42757474 
 632      6F6E5374 
 632      61746500 
 633              	.LASF13:
 634 0058 666C6F61 		.ascii	"float\000"
 634      7400
 635              	.LASF19:
 636 005e 62797465 		.ascii	"byteReceived\000"
 636      52656365 
 636      69766564 
 636      00
 637              	.LASF1:
 638 006b 756E7369 		.ascii	"unsigned char\000"
 638      676E6564 
 638      20636861 
 638      7200
 639              	.LASF28:
 640 0079 474E5520 		.ascii	"GNU C11 5.4.1 20160609 (release) [ARM/embedded-5-br"
 640      43313120 
 640      352E342E 
 640      31203230 
 640      31363036 
 641 00ac 616E6368 		.ascii	"anch revision 237715] -mcpu=cortex-m3 -mthumb -g -O"
 641      20726576 
 641      6973696F 
 641      6E203233 
 641      37373135 
 642 00df 67202D66 		.ascii	"g -ffunction-sections -ffat-lto-objects\000"
 642      66756E63 
 642      74696F6E 
 642      2D736563 
 642      74696F6E 
 643              	.LASF32:
 644 0107 4953525F 		.ascii	"ISR_UART_rx_handler\000"
 644      55415254 
ARM GAS  C:\Users\Simon\AppData\Local\Temp\ccDMoNGH.s 			page 14


 644      5F72785F 
 644      68616E64 
 644      6C657200 
 645              	.LASF7:
 646 011b 6C6F6E67 		.ascii	"long unsigned int\000"
 646      20756E73 
 646      69676E65 
 646      6420696E 
 646      7400
 647              	.LASF24:
 648 012d 55415254 		.ascii	"UART_1_ReadRxData\000"
 648      5F315F52 
 648      65616452 
 648      78446174 
 648      6100
 649              	.LASF26:
 650 013f 68616E64 		.ascii	"handleByteReceived\000"
 650      6C654279 
 650      74655265 
 650      63656976 
 650      656400
 651              	.LASF33:
 652 0152 49544D5F 		.ascii	"ITM_RxBuffer\000"
 652      52784275 
 652      66666572 
 652      00
 653              	.LASF25:
 654 015f 55415254 		.ascii	"UART_1_WriteTxData\000"
 654      5F315F57 
 654      72697465 
 654      54784461 
 654      746100
 655              	.LASF18:
 656 0172 62797465 		.ascii	"bytesToRead\000"
 656      73546F52 
 656      65616400 
 657              	.LASF31:
 658 017e 6D61696E 		.ascii	"main\000"
 658      00
 659              	.LASF10:
 660 0183 756E7369 		.ascii	"unsigned int\000"
 660      676E6564 
 660      20696E74 
 660      00
 661              	.LASF9:
 662 0190 6C6F6E67 		.ascii	"long long unsigned int\000"
 662      206C6F6E 
 662      6720756E 
 662      7369676E 
 662      65642069 
 663              	.LASF11:
 664 01a7 75696E74 		.ascii	"uint8_t\000"
 664      385F7400 
 665              	.LASF27:
 666 01af 55415254 		.ascii	"UART_1_GetRxBufferSize\000"
 666      5F315F47 
 666      65745278 
ARM GAS  C:\Users\Simon\AppData\Local\Temp\ccDMoNGH.s 			page 15


 666      42756666 
 666      65725369 
 667              	.LASF12:
 668 01c6 696E7433 		.ascii	"int32_t\000"
 668      325F7400 
 669              	.LASF30:
 670 01ce 433A5C55 		.ascii	"C:\\Users\\Simon\\Desktop\\GFV-Gruppe14\\Labexercis"
 670      73657273 
 670      5C53696D 
 670      6F6E5C44 
 670      65736B74 
 671 01fc 65325F43 		.ascii	"e2_Communicationbuses\\Lab_SPI\\Lab_SPI.cydsn\000"
 671      6F6D6D75 
 671      6E696361 
 671      74696F6E 
 671      62757365 
 672              	.LASF17:
 673 0228 73697A65 		.ascii	"sizetype\000"
 673      74797065 
 673      00
 674              	.LASF8:
 675 0231 6C6F6E67 		.ascii	"long long int\000"
 675      206C6F6E 
 675      6720696E 
 675      7400
 676              	.LASF29:
 677 023f 6D61696E 		.ascii	"main.c\000"
 677      2E6300
 678              	.LASF15:
 679 0246 63686172 		.ascii	"char\000"
 679      00
 680              	.LASF2:
 681 024b 73686F72 		.ascii	"short int\000"
 681      7420696E 
 681      7400
 682              	.LASF6:
 683 0255 6C6F6E67 		.ascii	"long int\000"
 683      20696E74 
 683      00
 684              	.LASF16:
 685 025e 6C6F6E67 		.ascii	"long double\000"
 685      20646F75 
 685      626C6500 
 686              	.LASF0:
 687 026a 7369676E 		.ascii	"signed char\000"
 687      65642063 
 687      68617200 
 688              	.LASF23:
 689 0276 43794465 		.ascii	"CyDelay\000"
 689      6C617900 
 690              		.ident	"GCC: (GNU Tools for ARM Embedded Processors) 5.4.1 20160609 (release) [ARM/embedded-5-bran
