ARM GAS  C:\Users\Simon\AppData\Local\Temp\cc6aUwTf.s 			page 1


   1              		.syntax unified
   2              		.cpu cortex-m3
   3              		.fpu softvfp
   4              		.eabi_attribute 20, 1
   5              		.eabi_attribute 21, 1
   6              		.eabi_attribute 23, 3
   7              		.eabi_attribute 24, 1
   8              		.eabi_attribute 25, 1
   9              		.eabi_attribute 26, 1
  10              		.eabi_attribute 30, 1
  11              		.eabi_attribute 34, 1
  12              		.eabi_attribute 18, 4
  13              		.thumb
  14              		.syntax unified
  15              		.file	"SPI_handler.c"
  16              		.text
  17              	.Ltext0:
  18              		.cfi_sections	.debug_frame
  19              		.section	.text.pushButtonState,"ax",%progbits
  20              		.align	2
  21              		.global	pushButtonState
  22              		.thumb
  23              		.thumb_func
  24              		.type	pushButtonState, %function
  25              	pushButtonState:
  26              	.LFB64:
  27              		.file 1 "SPI_handler.c"
   1:SPI_handler.c **** /* ========================================
   2:SPI_handler.c ****  *
   3:SPI_handler.c ****  * Copyright YOUR COMPANY, THE YEAR
   4:SPI_handler.c ****  * All Rights Reserved
   5:SPI_handler.c ****  * UNPUBLISHED, LICENSED SOFTWARE.
   6:SPI_handler.c ****  *
   7:SPI_handler.c ****  * CONFIDENTIAL AND PROPRIETARY INFORMATION
   8:SPI_handler.c ****  * WHICH IS THE PROPERTY OF your company.
   9:SPI_handler.c ****  *
  10:SPI_handler.c ****  * ========================================
  11:SPI_handler.c **** */
  12:SPI_handler.c **** 
  13:SPI_handler.c **** #include <SPI_handler.h>
  14:SPI_handler.c **** 
  15:SPI_handler.c **** void pushButtonState()
  16:SPI_handler.c **** {
  28              		.loc 1 16 0
  29              		.cfi_startproc
  30              		@ args = 0, pretend = 0, frame = 0
  31              		@ frame_needed = 0, uses_anonymous_args = 0
  32              		@ link register save eliminated.
  33 0000 7047     		bx	lr
  34              		.cfi_endproc
  35              	.LFE64:
  36              		.size	pushButtonState, .-pushButtonState
  37 0002 00BF     		.text
  38              	.Letext0:
  39              		.file 2 "c:\\program files (x86)\\cypress\\psoc creator\\4.3\\psoc creator\\import\\gnu\\arm\\5.4.
  40              		.file 3 "c:\\program files (x86)\\cypress\\psoc creator\\4.3\\psoc creator\\import\\gnu\\arm\\5.4.
  41              		.file 4 "Generated_Source\\PSoC5/core_cm3.h"
ARM GAS  C:\Users\Simon\AppData\Local\Temp\cc6aUwTf.s 			page 2


  42              		.section	.debug_info,"",%progbits
  43              	.Ldebug_info0:
  44 0000 C3000000 		.4byte	0xc3
  45 0004 0400     		.2byte	0x4
  46 0006 00000000 		.4byte	.Ldebug_abbrev0
  47 000a 04       		.byte	0x4
  48 000b 01       		.uleb128 0x1
  49 000c 3B000000 		.4byte	.LASF16
  50 0010 0C       		.byte	0xc
  51 0011 7F010000 		.4byte	.LASF17
  52 0015 1E010000 		.4byte	.LASF18
  53 0019 00000000 		.4byte	.Ldebug_ranges0+0
  54 001d 00000000 		.4byte	0
  55 0021 00000000 		.4byte	.Ldebug_line0
  56 0025 02       		.uleb128 0x2
  57 0026 01       		.byte	0x1
  58 0027 06       		.byte	0x6
  59 0028 8D010000 		.4byte	.LASF0
  60 002c 02       		.uleb128 0x2
  61 002d 01       		.byte	0x1
  62 002e 08       		.byte	0x8
  63 002f F2000000 		.4byte	.LASF1
  64 0033 02       		.uleb128 0x2
  65 0034 02       		.byte	0x2
  66 0035 05       		.byte	0x5
  67 0036 B5010000 		.4byte	.LASF2
  68 003a 02       		.uleb128 0x2
  69 003b 02       		.byte	0x2
  70 003c 07       		.byte	0x7
  71 003d 0E000000 		.4byte	.LASF3
  72 0041 03       		.uleb128 0x3
  73 0042 A5010000 		.4byte	.LASF12
  74 0046 02       		.byte	0x2
  75 0047 3F       		.byte	0x3f
  76 0048 4C000000 		.4byte	0x4c
  77 004c 02       		.uleb128 0x2
  78 004d 04       		.byte	0x4
  79 004e 05       		.byte	0x5
  80 004f 05010000 		.4byte	.LASF4
  81 0053 02       		.uleb128 0x2
  82 0054 04       		.byte	0x4
  83 0055 07       		.byte	0x7
  84 0056 C9000000 		.4byte	.LASF5
  85 005a 02       		.uleb128 0x2
  86 005b 08       		.byte	0x8
  87 005c 05       		.byte	0x5
  88 005d 00000000 		.4byte	.LASF6
  89 0061 02       		.uleb128 0x2
  90 0062 08       		.byte	0x8
  91 0063 07       		.byte	0x7
  92 0064 DB000000 		.4byte	.LASF7
  93 0068 04       		.uleb128 0x4
  94 0069 04       		.byte	0x4
  95 006a 05       		.byte	0x5
  96 006b 696E7400 		.ascii	"int\000"
  97 006f 02       		.uleb128 0x2
  98 0070 04       		.byte	0x4
ARM GAS  C:\Users\Simon\AppData\Local\Temp\cc6aUwTf.s 			page 3


  99 0071 07       		.byte	0x7
 100 0072 2E000000 		.4byte	.LASF8
 101 0076 02       		.uleb128 0x2
 102 0077 08       		.byte	0x8
 103 0078 04       		.byte	0x4
 104 0079 99010000 		.4byte	.LASF9
 105 007d 02       		.uleb128 0x2
 106 007e 04       		.byte	0x4
 107 007f 07       		.byte	0x7
 108 0080 C7010000 		.4byte	.LASF10
 109 0084 02       		.uleb128 0x2
 110 0085 01       		.byte	0x1
 111 0086 08       		.byte	0x8
 112 0087 00010000 		.4byte	.LASF11
 113 008b 03       		.uleb128 0x3
 114 008c BF010000 		.4byte	.LASF13
 115 0090 03       		.byte	0x3
 116 0091 2C       		.byte	0x2c
 117 0092 41000000 		.4byte	0x41
 118 0096 02       		.uleb128 0x2
 119 0097 04       		.byte	0x4
 120 0098 04       		.byte	0x4
 121 0099 AF010000 		.4byte	.LASF14
 122 009d 02       		.uleb128 0x2
 123 009e 08       		.byte	0x8
 124 009f 04       		.byte	0x4
 125 00a0 78010000 		.4byte	.LASF15
 126 00a4 05       		.uleb128 0x5
 127 00a5 0E010000 		.4byte	.LASF19
 128 00a9 01       		.byte	0x1
 129 00aa 0F       		.byte	0xf
 130 00ab 00000000 		.4byte	.LFB64
 131 00af 02000000 		.4byte	.LFE64-.LFB64
 132 00b3 01       		.uleb128 0x1
 133 00b4 9C       		.byte	0x9c
 134 00b5 06       		.uleb128 0x6
 135 00b6 21000000 		.4byte	.LASF20
 136 00ba 04       		.byte	0x4
 137 00bb 1207     		.2byte	0x712
 138 00bd C1000000 		.4byte	0xc1
 139 00c1 07       		.uleb128 0x7
 140 00c2 8B000000 		.4byte	0x8b
 141 00c6 00       		.byte	0
 142              		.section	.debug_abbrev,"",%progbits
 143              	.Ldebug_abbrev0:
 144 0000 01       		.uleb128 0x1
 145 0001 11       		.uleb128 0x11
 146 0002 01       		.byte	0x1
 147 0003 25       		.uleb128 0x25
 148 0004 0E       		.uleb128 0xe
 149 0005 13       		.uleb128 0x13
 150 0006 0B       		.uleb128 0xb
 151 0007 03       		.uleb128 0x3
 152 0008 0E       		.uleb128 0xe
 153 0009 1B       		.uleb128 0x1b
 154 000a 0E       		.uleb128 0xe
 155 000b 55       		.uleb128 0x55
ARM GAS  C:\Users\Simon\AppData\Local\Temp\cc6aUwTf.s 			page 4


 156 000c 17       		.uleb128 0x17
 157 000d 11       		.uleb128 0x11
 158 000e 01       		.uleb128 0x1
 159 000f 10       		.uleb128 0x10
 160 0010 17       		.uleb128 0x17
 161 0011 00       		.byte	0
 162 0012 00       		.byte	0
 163 0013 02       		.uleb128 0x2
 164 0014 24       		.uleb128 0x24
 165 0015 00       		.byte	0
 166 0016 0B       		.uleb128 0xb
 167 0017 0B       		.uleb128 0xb
 168 0018 3E       		.uleb128 0x3e
 169 0019 0B       		.uleb128 0xb
 170 001a 03       		.uleb128 0x3
 171 001b 0E       		.uleb128 0xe
 172 001c 00       		.byte	0
 173 001d 00       		.byte	0
 174 001e 03       		.uleb128 0x3
 175 001f 16       		.uleb128 0x16
 176 0020 00       		.byte	0
 177 0021 03       		.uleb128 0x3
 178 0022 0E       		.uleb128 0xe
 179 0023 3A       		.uleb128 0x3a
 180 0024 0B       		.uleb128 0xb
 181 0025 3B       		.uleb128 0x3b
 182 0026 0B       		.uleb128 0xb
 183 0027 49       		.uleb128 0x49
 184 0028 13       		.uleb128 0x13
 185 0029 00       		.byte	0
 186 002a 00       		.byte	0
 187 002b 04       		.uleb128 0x4
 188 002c 24       		.uleb128 0x24
 189 002d 00       		.byte	0
 190 002e 0B       		.uleb128 0xb
 191 002f 0B       		.uleb128 0xb
 192 0030 3E       		.uleb128 0x3e
 193 0031 0B       		.uleb128 0xb
 194 0032 03       		.uleb128 0x3
 195 0033 08       		.uleb128 0x8
 196 0034 00       		.byte	0
 197 0035 00       		.byte	0
 198 0036 05       		.uleb128 0x5
 199 0037 2E       		.uleb128 0x2e
 200 0038 00       		.byte	0
 201 0039 3F       		.uleb128 0x3f
 202 003a 19       		.uleb128 0x19
 203 003b 03       		.uleb128 0x3
 204 003c 0E       		.uleb128 0xe
 205 003d 3A       		.uleb128 0x3a
 206 003e 0B       		.uleb128 0xb
 207 003f 3B       		.uleb128 0x3b
 208 0040 0B       		.uleb128 0xb
 209 0041 11       		.uleb128 0x11
 210 0042 01       		.uleb128 0x1
 211 0043 12       		.uleb128 0x12
 212 0044 06       		.uleb128 0x6
ARM GAS  C:\Users\Simon\AppData\Local\Temp\cc6aUwTf.s 			page 5


 213 0045 40       		.uleb128 0x40
 214 0046 18       		.uleb128 0x18
 215 0047 9742     		.uleb128 0x2117
 216 0049 19       		.uleb128 0x19
 217 004a 00       		.byte	0
 218 004b 00       		.byte	0
 219 004c 06       		.uleb128 0x6
 220 004d 34       		.uleb128 0x34
 221 004e 00       		.byte	0
 222 004f 03       		.uleb128 0x3
 223 0050 0E       		.uleb128 0xe
 224 0051 3A       		.uleb128 0x3a
 225 0052 0B       		.uleb128 0xb
 226 0053 3B       		.uleb128 0x3b
 227 0054 05       		.uleb128 0x5
 228 0055 49       		.uleb128 0x49
 229 0056 13       		.uleb128 0x13
 230 0057 3F       		.uleb128 0x3f
 231 0058 19       		.uleb128 0x19
 232 0059 3C       		.uleb128 0x3c
 233 005a 19       		.uleb128 0x19
 234 005b 00       		.byte	0
 235 005c 00       		.byte	0
 236 005d 07       		.uleb128 0x7
 237 005e 35       		.uleb128 0x35
 238 005f 00       		.byte	0
 239 0060 49       		.uleb128 0x49
 240 0061 13       		.uleb128 0x13
 241 0062 00       		.byte	0
 242 0063 00       		.byte	0
 243 0064 00       		.byte	0
 244              		.section	.debug_aranges,"",%progbits
 245 0000 1C000000 		.4byte	0x1c
 246 0004 0200     		.2byte	0x2
 247 0006 00000000 		.4byte	.Ldebug_info0
 248 000a 04       		.byte	0x4
 249 000b 00       		.byte	0
 250 000c 0000     		.2byte	0
 251 000e 0000     		.2byte	0
 252 0010 00000000 		.4byte	.LFB64
 253 0014 02000000 		.4byte	.LFE64-.LFB64
 254 0018 00000000 		.4byte	0
 255 001c 00000000 		.4byte	0
 256              		.section	.debug_ranges,"",%progbits
 257              	.Ldebug_ranges0:
 258 0000 00000000 		.4byte	.LFB64
 259 0004 02000000 		.4byte	.LFE64
 260 0008 00000000 		.4byte	0
 261 000c 00000000 		.4byte	0
 262              		.section	.debug_line,"",%progbits
 263              	.Ldebug_line0:
 264 0000 5B010000 		.section	.debug_str,"MS",%progbits,1
 264      02004601 
 264      00000201 
 264      FB0E0D00 
 264      01010101 
 265              	.LASF6:
ARM GAS  C:\Users\Simon\AppData\Local\Temp\cc6aUwTf.s 			page 6


 266 0000 6C6F6E67 		.ascii	"long long int\000"
 266      206C6F6E 
 266      6720696E 
 266      7400
 267              	.LASF3:
 268 000e 73686F72 		.ascii	"short unsigned int\000"
 268      7420756E 
 268      7369676E 
 268      65642069 
 268      6E7400
 269              	.LASF20:
 270 0021 49544D5F 		.ascii	"ITM_RxBuffer\000"
 270      52784275 
 270      66666572 
 270      00
 271              	.LASF8:
 272 002e 756E7369 		.ascii	"unsigned int\000"
 272      676E6564 
 272      20696E74 
 272      00
 273              	.LASF16:
 274 003b 474E5520 		.ascii	"GNU C11 5.4.1 20160609 (release) [ARM/embedded-5-br"
 274      43313120 
 274      352E342E 
 274      31203230 
 274      31363036 
 275 006e 616E6368 		.ascii	"anch revision 237715] -mcpu=cortex-m3 -mthumb -g -O"
 275      20726576 
 275      6973696F 
 275      6E203233 
 275      37373135 
 276 00a1 67202D66 		.ascii	"g -ffunction-sections -ffat-lto-objects\000"
 276      66756E63 
 276      74696F6E 
 276      2D736563 
 276      74696F6E 
 277              	.LASF5:
 278 00c9 6C6F6E67 		.ascii	"long unsigned int\000"
 278      20756E73 
 278      69676E65 
 278      6420696E 
 278      7400
 279              	.LASF7:
 280 00db 6C6F6E67 		.ascii	"long long unsigned int\000"
 280      206C6F6E 
 280      6720756E 
 280      7369676E 
 280      65642069 
 281              	.LASF1:
 282 00f2 756E7369 		.ascii	"unsigned char\000"
 282      676E6564 
 282      20636861 
 282      7200
 283              	.LASF11:
 284 0100 63686172 		.ascii	"char\000"
 284      00
 285              	.LASF4:
ARM GAS  C:\Users\Simon\AppData\Local\Temp\cc6aUwTf.s 			page 7


 286 0105 6C6F6E67 		.ascii	"long int\000"
 286      20696E74 
 286      00
 287              	.LASF19:
 288 010e 70757368 		.ascii	"pushButtonState\000"
 288      42757474 
 288      6F6E5374 
 288      61746500 
 289              	.LASF18:
 290 011e 433A5C55 		.ascii	"C:\\Users\\Simon\\Desktop\\GFV-Gruppe14\\Labexercis"
 290      73657273 
 290      5C53696D 
 290      6F6E5C44 
 290      65736B74 
 291 014c 65325F43 		.ascii	"e2_Communicationbuses\\Lab_SPI\\Lab_SPI.cydsn\000"
 291      6F6D6D75 
 291      6E696361 
 291      74696F6E 
 291      62757365 
 292              	.LASF15:
 293 0178 646F7562 		.ascii	"double\000"
 293      6C6500
 294              	.LASF17:
 295 017f 5350495F 		.ascii	"SPI_handler.c\000"
 295      68616E64 
 295      6C65722E 
 295      6300
 296              	.LASF0:
 297 018d 7369676E 		.ascii	"signed char\000"
 297      65642063 
 297      68617200 
 298              	.LASF9:
 299 0199 6C6F6E67 		.ascii	"long double\000"
 299      20646F75 
 299      626C6500 
 300              	.LASF12:
 301 01a5 5F5F696E 		.ascii	"__int32_t\000"
 301      7433325F 
 301      7400
 302              	.LASF14:
 303 01af 666C6F61 		.ascii	"float\000"
 303      7400
 304              	.LASF2:
 305 01b5 73686F72 		.ascii	"short int\000"
 305      7420696E 
 305      7400
 306              	.LASF13:
 307 01bf 696E7433 		.ascii	"int32_t\000"
 307      325F7400 
 308              	.LASF10:
 309 01c7 73697A65 		.ascii	"sizetype\000"
 309      74797065 
 309      00
 310              		.ident	"GCC: (GNU Tools for ARM Embedded Processors) 5.4.1 20160609 (release) [ARM/embedded-5-bran
