ARM GAS  C:\Users\Simon\AppData\Local\Temp\ccIuqanr.s 			page 1


   1              		.syntax unified
   2              		.cpu cortex-m3
   3              		.fpu softvfp
   4              		.eabi_attribute 20, 1
   5              		.eabi_attribute 21, 1
   6              		.eabi_attribute 23, 3
   7              		.eabi_attribute 24, 1
   8              		.eabi_attribute 25, 1
   9              		.eabi_attribute 26, 1
  10              		.eabi_attribute 30, 1
  11              		.eabi_attribute 34, 1
  12              		.eabi_attribute 18, 4
  13              		.thumb
  14              		.syntax unified
  15              		.file	"UART_handler.c"
  16              		.text
  17              	.Ltext0:
  18              		.cfi_sections	.debug_frame
  19              		.section	.text.handleByteReceived,"ax",%progbits
  20              		.align	2
  21              		.global	handleByteReceived
  22              		.thumb
  23              		.thumb_func
  24              		.type	handleByteReceived, %function
  25              	handleByteReceived:
  26              	.LFB64:
  27              		.file 1 "UART_handler.c"
   1:UART_handler.c **** /* ========================================
   2:UART_handler.c ****  *
   3:UART_handler.c ****  * Copyright YOUR COMPANY, THE YEAR
   4:UART_handler.c ****  * All Rights Reserved
   5:UART_handler.c ****  * UNPUBLISHED, LICENSED SOFTWARE.
   6:UART_handler.c ****  *
   7:UART_handler.c ****  * CONFIDENTIAL AND PROPRIETARY INFORMATION
   8:UART_handler.c ****  * WHICH IS THE PROPERTY OF your company.
   9:UART_handler.c ****  *
  10:UART_handler.c ****  * ========================================
  11:UART_handler.c **** */
  12:UART_handler.c **** #include <UART_handler.h>
  13:UART_handler.c **** 
  14:UART_handler.c **** #define LED_ON '1'
  15:UART_handler.c **** #define LED_OFF '0'
  16:UART_handler.c **** 
  17:UART_handler.c **** 
  18:UART_handler.c **** void handleByteReceived(uint8_t byteReceived)
  19:UART_handler.c **** {
  28              		.loc 1 19 0
  29              		.cfi_startproc
  30              		@ args = 0, pretend = 0, frame = 0
  31              		@ frame_needed = 0, uses_anonymous_args = 0
  32              	.LVL0:
  33 0000 08B5     		push	{r3, lr}
  34              		.cfi_def_cfa_offset 8
  35              		.cfi_offset 3, -8
  36              		.cfi_offset 14, -4
  20:UART_handler.c ****     switch(byteReceived)
  37              		.loc 1 20 0
ARM GAS  C:\Users\Simon\AppData\Local\Temp\ccIuqanr.s 			page 2


  38 0002 3028     		cmp	r0, #48
  39 0004 05D0     		beq	.L3
  40 0006 3128     		cmp	r0, #49
  41 0008 06D1     		bne	.L1
  21:UART_handler.c ****     {
  22:UART_handler.c ****         case LED_ON :
  23:UART_handler.c ****         UART_1_PutString("LED ON \n");
  42              		.loc 1 23 0
  43 000a 0448     		ldr	r0, .L6
  44              	.LVL1:
  45 000c FFF7FEFF 		bl	UART_1_PutString
  46              	.LVL2:
  24:UART_handler.c ****         break;
  47              		.loc 1 24 0
  48 0010 08BD     		pop	{r3, pc}
  49              	.LVL3:
  50              	.L3:
  25:UART_handler.c ****         case LED_OFF :
  26:UART_handler.c ****         UART_1_PutString("LED OFF \n");
  51              		.loc 1 26 0
  52 0012 0348     		ldr	r0, .L6+4
  53              	.LVL4:
  54 0014 FFF7FEFF 		bl	UART_1_PutString
  55              	.LVL5:
  56              	.L1:
  57 0018 08BD     		pop	{r3, pc}
  58              	.L7:
  59 001a 00BF     		.align	2
  60              	.L6:
  61 001c 00000000 		.word	.LC0
  62 0020 0C000000 		.word	.LC1
  63              		.cfi_endproc
  64              	.LFE64:
  65              		.size	handleByteReceived, .-handleByteReceived
  66              		.section	.rodata.str1.4,"aMS",%progbits,1
  67              		.align	2
  68              	.LC0:
  69 0000 4C454420 		.ascii	"LED ON \012\000"
  69      4F4E200A 
  69      00
  70 0009 000000   		.space	3
  71              	.LC1:
  72 000c 4C454420 		.ascii	"LED OFF \012\000"
  72      4F464620 
  72      0A00
  73              		.text
  74              	.Letext0:
  75              		.file 2 "c:\\program files (x86)\\cypress\\psoc creator\\4.3\\psoc creator\\import\\gnu\\arm\\5.4.
  76              		.file 3 "c:\\program files (x86)\\cypress\\psoc creator\\4.3\\psoc creator\\import\\gnu\\arm\\5.4.
  77              		.file 4 "Generated_Source\\PSoC5/core_cm3.h"
  78              		.file 5 "Generated_Source\\PSoC5/UART_1.h"
  79              		.section	.debug_info,"",%progbits
  80              	.Ldebug_info0:
  81 0000 22010000 		.4byte	0x122
  82 0004 0400     		.2byte	0x4
  83 0006 00000000 		.4byte	.Ldebug_abbrev0
  84 000a 04       		.byte	0x4
ARM GAS  C:\Users\Simon\AppData\Local\Temp\ccIuqanr.s 			page 3


  85 000b 01       		.uleb128 0x1
  86 000c 2E000000 		.4byte	.LASF18
  87 0010 0C       		.byte	0xc
  88 0011 1B010000 		.4byte	.LASF19
  89 0015 4E010000 		.4byte	.LASF20
  90 0019 00000000 		.4byte	.Ldebug_ranges0+0
  91 001d 00000000 		.4byte	0
  92 0021 00000000 		.4byte	.Ldebug_line0
  93 0025 02       		.uleb128 0x2
  94 0026 01       		.byte	0x1
  95 0027 06       		.byte	0x6
  96 0028 BC010000 		.4byte	.LASF0
  97 002c 03       		.uleb128 0x3
  98 002d ED000000 		.4byte	.LASF4
  99 0031 02       		.byte	0x2
 100 0032 1D       		.byte	0x1d
 101 0033 37000000 		.4byte	0x37
 102 0037 02       		.uleb128 0x2
 103 0038 01       		.byte	0x1
 104 0039 08       		.byte	0x8
 105 003a 32010000 		.4byte	.LASF1
 106 003e 02       		.uleb128 0x2
 107 003f 02       		.byte	0x2
 108 0040 05       		.byte	0x5
 109 0041 E4010000 		.4byte	.LASF2
 110 0045 02       		.uleb128 0x2
 111 0046 02       		.byte	0x2
 112 0047 07       		.byte	0x7
 113 0048 0E000000 		.4byte	.LASF3
 114 004c 03       		.uleb128 0x3
 115 004d D4010000 		.4byte	.LASF5
 116 0051 02       		.byte	0x2
 117 0052 3F       		.byte	0x3f
 118 0053 57000000 		.4byte	0x57
 119 0057 02       		.uleb128 0x2
 120 0058 04       		.byte	0x4
 121 0059 05       		.byte	0x5
 122 005a 45010000 		.4byte	.LASF6
 123 005e 02       		.uleb128 0x2
 124 005f 04       		.byte	0x4
 125 0060 07       		.byte	0x7
 126 0061 C4000000 		.4byte	.LASF7
 127 0065 02       		.uleb128 0x2
 128 0066 08       		.byte	0x8
 129 0067 05       		.byte	0x5
 130 0068 00000000 		.4byte	.LASF8
 131 006c 02       		.uleb128 0x2
 132 006d 08       		.byte	0x8
 133 006e 07       		.byte	0x7
 134 006f D6000000 		.4byte	.LASF9
 135 0073 04       		.uleb128 0x4
 136 0074 04       		.byte	0x4
 137 0075 05       		.byte	0x5
 138 0076 696E7400 		.ascii	"int\000"
 139 007a 02       		.uleb128 0x2
 140 007b 04       		.byte	0x4
 141 007c 07       		.byte	0x7
ARM GAS  C:\Users\Simon\AppData\Local\Temp\ccIuqanr.s 			page 4


 142 007d 21000000 		.4byte	.LASF10
 143 0081 02       		.uleb128 0x2
 144 0082 08       		.byte	0x8
 145 0083 04       		.byte	0x4
 146 0084 C8010000 		.4byte	.LASF11
 147 0088 02       		.uleb128 0x2
 148 0089 04       		.byte	0x4
 149 008a 07       		.byte	0x7
 150 008b FB010000 		.4byte	.LASF12
 151 008f 02       		.uleb128 0x2
 152 0090 01       		.byte	0x1
 153 0091 08       		.byte	0x8
 154 0092 40010000 		.4byte	.LASF13
 155 0096 03       		.uleb128 0x3
 156 0097 2A010000 		.4byte	.LASF14
 157 009b 03       		.byte	0x3
 158 009c 18       		.byte	0x18
 159 009d 2C000000 		.4byte	0x2c
 160 00a1 03       		.uleb128 0x3
 161 00a2 BC000000 		.4byte	.LASF15
 162 00a6 03       		.byte	0x3
 163 00a7 2C       		.byte	0x2c
 164 00a8 4C000000 		.4byte	0x4c
 165 00ac 02       		.uleb128 0x2
 166 00ad 04       		.byte	0x4
 167 00ae 04       		.byte	0x4
 168 00af DE010000 		.4byte	.LASF16
 169 00b3 02       		.uleb128 0x2
 170 00b4 08       		.byte	0x8
 171 00b5 04       		.byte	0x4
 172 00b6 A8010000 		.4byte	.LASF17
 173 00ba 05       		.uleb128 0x5
 174 00bb 08010000 		.4byte	.LASF21
 175 00bf 01       		.byte	0x1
 176 00c0 12       		.byte	0x12
 177 00c1 00000000 		.4byte	.LFB64
 178 00c5 24000000 		.4byte	.LFE64-.LFB64
 179 00c9 01       		.uleb128 0x1
 180 00ca 9C       		.byte	0x9c
 181 00cb 09010000 		.4byte	0x109
 182 00cf 06       		.uleb128 0x6
 183 00d0 EE010000 		.4byte	.LASF22
 184 00d4 01       		.byte	0x1
 185 00d5 12       		.byte	0x12
 186 00d6 96000000 		.4byte	0x96
 187 00da 00000000 		.4byte	.LLST0
 188 00de 07       		.uleb128 0x7
 189 00df 10000000 		.4byte	.LVL2
 190 00e3 1A010000 		.4byte	0x11a
 191 00e7 F5000000 		.4byte	0xf5
 192 00eb 08       		.uleb128 0x8
 193 00ec 01       		.uleb128 0x1
 194 00ed 50       		.byte	0x50
 195 00ee 05       		.uleb128 0x5
 196 00ef 03       		.byte	0x3
 197 00f0 00000000 		.4byte	.LC0
 198 00f4 00       		.byte	0
ARM GAS  C:\Users\Simon\AppData\Local\Temp\ccIuqanr.s 			page 5


 199 00f5 09       		.uleb128 0x9
 200 00f6 18000000 		.4byte	.LVL5
 201 00fa 1A010000 		.4byte	0x11a
 202 00fe 08       		.uleb128 0x8
 203 00ff 01       		.uleb128 0x1
 204 0100 50       		.byte	0x50
 205 0101 05       		.uleb128 0x5
 206 0102 03       		.byte	0x3
 207 0103 0C000000 		.4byte	.LC1
 208 0107 00       		.byte	0
 209 0108 00       		.byte	0
 210 0109 0A       		.uleb128 0xa
 211 010a AF010000 		.4byte	.LASF23
 212 010e 04       		.byte	0x4
 213 010f 1207     		.2byte	0x712
 214 0111 15010000 		.4byte	0x115
 215 0115 0B       		.uleb128 0xb
 216 0116 A1000000 		.4byte	0xa1
 217 011a 0C       		.uleb128 0xc
 218 011b F7000000 		.4byte	.LASF24
 219 011f F7000000 		.4byte	.LASF24
 220 0123 05       		.byte	0x5
 221 0124 8B       		.byte	0x8b
 222 0125 00       		.byte	0
 223              		.section	.debug_abbrev,"",%progbits
 224              	.Ldebug_abbrev0:
 225 0000 01       		.uleb128 0x1
 226 0001 11       		.uleb128 0x11
 227 0002 01       		.byte	0x1
 228 0003 25       		.uleb128 0x25
 229 0004 0E       		.uleb128 0xe
 230 0005 13       		.uleb128 0x13
 231 0006 0B       		.uleb128 0xb
 232 0007 03       		.uleb128 0x3
 233 0008 0E       		.uleb128 0xe
 234 0009 1B       		.uleb128 0x1b
 235 000a 0E       		.uleb128 0xe
 236 000b 55       		.uleb128 0x55
 237 000c 17       		.uleb128 0x17
 238 000d 11       		.uleb128 0x11
 239 000e 01       		.uleb128 0x1
 240 000f 10       		.uleb128 0x10
 241 0010 17       		.uleb128 0x17
 242 0011 00       		.byte	0
 243 0012 00       		.byte	0
 244 0013 02       		.uleb128 0x2
 245 0014 24       		.uleb128 0x24
 246 0015 00       		.byte	0
 247 0016 0B       		.uleb128 0xb
 248 0017 0B       		.uleb128 0xb
 249 0018 3E       		.uleb128 0x3e
 250 0019 0B       		.uleb128 0xb
 251 001a 03       		.uleb128 0x3
 252 001b 0E       		.uleb128 0xe
 253 001c 00       		.byte	0
 254 001d 00       		.byte	0
 255 001e 03       		.uleb128 0x3
ARM GAS  C:\Users\Simon\AppData\Local\Temp\ccIuqanr.s 			page 6


 256 001f 16       		.uleb128 0x16
 257 0020 00       		.byte	0
 258 0021 03       		.uleb128 0x3
 259 0022 0E       		.uleb128 0xe
 260 0023 3A       		.uleb128 0x3a
 261 0024 0B       		.uleb128 0xb
 262 0025 3B       		.uleb128 0x3b
 263 0026 0B       		.uleb128 0xb
 264 0027 49       		.uleb128 0x49
 265 0028 13       		.uleb128 0x13
 266 0029 00       		.byte	0
 267 002a 00       		.byte	0
 268 002b 04       		.uleb128 0x4
 269 002c 24       		.uleb128 0x24
 270 002d 00       		.byte	0
 271 002e 0B       		.uleb128 0xb
 272 002f 0B       		.uleb128 0xb
 273 0030 3E       		.uleb128 0x3e
 274 0031 0B       		.uleb128 0xb
 275 0032 03       		.uleb128 0x3
 276 0033 08       		.uleb128 0x8
 277 0034 00       		.byte	0
 278 0035 00       		.byte	0
 279 0036 05       		.uleb128 0x5
 280 0037 2E       		.uleb128 0x2e
 281 0038 01       		.byte	0x1
 282 0039 3F       		.uleb128 0x3f
 283 003a 19       		.uleb128 0x19
 284 003b 03       		.uleb128 0x3
 285 003c 0E       		.uleb128 0xe
 286 003d 3A       		.uleb128 0x3a
 287 003e 0B       		.uleb128 0xb
 288 003f 3B       		.uleb128 0x3b
 289 0040 0B       		.uleb128 0xb
 290 0041 27       		.uleb128 0x27
 291 0042 19       		.uleb128 0x19
 292 0043 11       		.uleb128 0x11
 293 0044 01       		.uleb128 0x1
 294 0045 12       		.uleb128 0x12
 295 0046 06       		.uleb128 0x6
 296 0047 40       		.uleb128 0x40
 297 0048 18       		.uleb128 0x18
 298 0049 9742     		.uleb128 0x2117
 299 004b 19       		.uleb128 0x19
 300 004c 01       		.uleb128 0x1
 301 004d 13       		.uleb128 0x13
 302 004e 00       		.byte	0
 303 004f 00       		.byte	0
 304 0050 06       		.uleb128 0x6
 305 0051 05       		.uleb128 0x5
 306 0052 00       		.byte	0
 307 0053 03       		.uleb128 0x3
 308 0054 0E       		.uleb128 0xe
 309 0055 3A       		.uleb128 0x3a
 310 0056 0B       		.uleb128 0xb
 311 0057 3B       		.uleb128 0x3b
 312 0058 0B       		.uleb128 0xb
ARM GAS  C:\Users\Simon\AppData\Local\Temp\ccIuqanr.s 			page 7


 313 0059 49       		.uleb128 0x49
 314 005a 13       		.uleb128 0x13
 315 005b 02       		.uleb128 0x2
 316 005c 17       		.uleb128 0x17
 317 005d 00       		.byte	0
 318 005e 00       		.byte	0
 319 005f 07       		.uleb128 0x7
 320 0060 898201   		.uleb128 0x4109
 321 0063 01       		.byte	0x1
 322 0064 11       		.uleb128 0x11
 323 0065 01       		.uleb128 0x1
 324 0066 31       		.uleb128 0x31
 325 0067 13       		.uleb128 0x13
 326 0068 01       		.uleb128 0x1
 327 0069 13       		.uleb128 0x13
 328 006a 00       		.byte	0
 329 006b 00       		.byte	0
 330 006c 08       		.uleb128 0x8
 331 006d 8A8201   		.uleb128 0x410a
 332 0070 00       		.byte	0
 333 0071 02       		.uleb128 0x2
 334 0072 18       		.uleb128 0x18
 335 0073 9142     		.uleb128 0x2111
 336 0075 18       		.uleb128 0x18
 337 0076 00       		.byte	0
 338 0077 00       		.byte	0
 339 0078 09       		.uleb128 0x9
 340 0079 898201   		.uleb128 0x4109
 341 007c 01       		.byte	0x1
 342 007d 11       		.uleb128 0x11
 343 007e 01       		.uleb128 0x1
 344 007f 31       		.uleb128 0x31
 345 0080 13       		.uleb128 0x13
 346 0081 00       		.byte	0
 347 0082 00       		.byte	0
 348 0083 0A       		.uleb128 0xa
 349 0084 34       		.uleb128 0x34
 350 0085 00       		.byte	0
 351 0086 03       		.uleb128 0x3
 352 0087 0E       		.uleb128 0xe
 353 0088 3A       		.uleb128 0x3a
 354 0089 0B       		.uleb128 0xb
 355 008a 3B       		.uleb128 0x3b
 356 008b 05       		.uleb128 0x5
 357 008c 49       		.uleb128 0x49
 358 008d 13       		.uleb128 0x13
 359 008e 3F       		.uleb128 0x3f
 360 008f 19       		.uleb128 0x19
 361 0090 3C       		.uleb128 0x3c
 362 0091 19       		.uleb128 0x19
 363 0092 00       		.byte	0
 364 0093 00       		.byte	0
 365 0094 0B       		.uleb128 0xb
 366 0095 35       		.uleb128 0x35
 367 0096 00       		.byte	0
 368 0097 49       		.uleb128 0x49
 369 0098 13       		.uleb128 0x13
ARM GAS  C:\Users\Simon\AppData\Local\Temp\ccIuqanr.s 			page 8


 370 0099 00       		.byte	0
 371 009a 00       		.byte	0
 372 009b 0C       		.uleb128 0xc
 373 009c 2E       		.uleb128 0x2e
 374 009d 00       		.byte	0
 375 009e 3F       		.uleb128 0x3f
 376 009f 19       		.uleb128 0x19
 377 00a0 3C       		.uleb128 0x3c
 378 00a1 19       		.uleb128 0x19
 379 00a2 6E       		.uleb128 0x6e
 380 00a3 0E       		.uleb128 0xe
 381 00a4 03       		.uleb128 0x3
 382 00a5 0E       		.uleb128 0xe
 383 00a6 3A       		.uleb128 0x3a
 384 00a7 0B       		.uleb128 0xb
 385 00a8 3B       		.uleb128 0x3b
 386 00a9 0B       		.uleb128 0xb
 387 00aa 00       		.byte	0
 388 00ab 00       		.byte	0
 389 00ac 00       		.byte	0
 390              		.section	.debug_loc,"",%progbits
 391              	.Ldebug_loc0:
 392              	.LLST0:
 393 0000 00000000 		.4byte	.LVL0
 394 0004 0C000000 		.4byte	.LVL1
 395 0008 0100     		.2byte	0x1
 396 000a 50       		.byte	0x50
 397 000b 0C000000 		.4byte	.LVL1
 398 000f 12000000 		.4byte	.LVL3
 399 0013 0400     		.2byte	0x4
 400 0015 F3       		.byte	0xf3
 401 0016 01       		.uleb128 0x1
 402 0017 50       		.byte	0x50
 403 0018 9F       		.byte	0x9f
 404 0019 12000000 		.4byte	.LVL3
 405 001d 14000000 		.4byte	.LVL4
 406 0021 0100     		.2byte	0x1
 407 0023 50       		.byte	0x50
 408 0024 14000000 		.4byte	.LVL4
 409 0028 24000000 		.4byte	.LFE64
 410 002c 0400     		.2byte	0x4
 411 002e F3       		.byte	0xf3
 412 002f 01       		.uleb128 0x1
 413 0030 50       		.byte	0x50
 414 0031 9F       		.byte	0x9f
 415 0032 00000000 		.4byte	0
 416 0036 00000000 		.4byte	0
 417              		.section	.debug_aranges,"",%progbits
 418 0000 1C000000 		.4byte	0x1c
 419 0004 0200     		.2byte	0x2
 420 0006 00000000 		.4byte	.Ldebug_info0
 421 000a 04       		.byte	0x4
 422 000b 00       		.byte	0
 423 000c 0000     		.2byte	0
 424 000e 0000     		.2byte	0
 425 0010 00000000 		.4byte	.LFB64
 426 0014 24000000 		.4byte	.LFE64-.LFB64
ARM GAS  C:\Users\Simon\AppData\Local\Temp\ccIuqanr.s 			page 9


 427 0018 00000000 		.4byte	0
 428 001c 00000000 		.4byte	0
 429              		.section	.debug_ranges,"",%progbits
 430              	.Ldebug_ranges0:
 431 0000 00000000 		.4byte	.LFB64
 432 0004 24000000 		.4byte	.LFE64
 433 0008 00000000 		.4byte	0
 434 000c 00000000 		.4byte	0
 435              		.section	.debug_line,"",%progbits
 436              	.Ldebug_line0:
 437 0000 6C010000 		.section	.debug_str,"MS",%progbits,1
 437      02005301 
 437      00000201 
 437      FB0E0D00 
 437      01010101 
 438              	.LASF8:
 439 0000 6C6F6E67 		.ascii	"long long int\000"
 439      206C6F6E 
 439      6720696E 
 439      7400
 440              	.LASF3:
 441 000e 73686F72 		.ascii	"short unsigned int\000"
 441      7420756E 
 441      7369676E 
 441      65642069 
 441      6E7400
 442              	.LASF10:
 443 0021 756E7369 		.ascii	"unsigned int\000"
 443      676E6564 
 443      20696E74 
 443      00
 444              	.LASF18:
 445 002e 474E5520 		.ascii	"GNU C11 5.4.1 20160609 (release) [ARM/embedded-5-br"
 445      43313120 
 445      352E342E 
 445      31203230 
 445      31363036 
 446 0061 616E6368 		.ascii	"anch revision 237715] -mcpu=cortex-m3 -mthumb -g -O"
 446      20726576 
 446      6973696F 
 446      6E203233 
 446      37373135 
 447 0094 67202D66 		.ascii	"g -ffunction-sections -ffat-lto-objects\000"
 447      66756E63 
 447      74696F6E 
 447      2D736563 
 447      74696F6E 
 448              	.LASF15:
 449 00bc 696E7433 		.ascii	"int32_t\000"
 449      325F7400 
 450              	.LASF7:
 451 00c4 6C6F6E67 		.ascii	"long unsigned int\000"
 451      20756E73 
 451      69676E65 
 451      6420696E 
 451      7400
 452              	.LASF9:
ARM GAS  C:\Users\Simon\AppData\Local\Temp\ccIuqanr.s 			page 10


 453 00d6 6C6F6E67 		.ascii	"long long unsigned int\000"
 453      206C6F6E 
 453      6720756E 
 453      7369676E 
 453      65642069 
 454              	.LASF4:
 455 00ed 5F5F7569 		.ascii	"__uint8_t\000"
 455      6E74385F 
 455      7400
 456              	.LASF24:
 457 00f7 55415254 		.ascii	"UART_1_PutString\000"
 457      5F315F50 
 457      75745374 
 457      72696E67 
 457      00
 458              	.LASF21:
 459 0108 68616E64 		.ascii	"handleByteReceived\000"
 459      6C654279 
 459      74655265 
 459      63656976 
 459      656400
 460              	.LASF19:
 461 011b 55415254 		.ascii	"UART_handler.c\000"
 461      5F68616E 
 461      646C6572 
 461      2E6300
 462              	.LASF14:
 463 012a 75696E74 		.ascii	"uint8_t\000"
 463      385F7400 
 464              	.LASF1:
 465 0132 756E7369 		.ascii	"unsigned char\000"
 465      676E6564 
 465      20636861 
 465      7200
 466              	.LASF13:
 467 0140 63686172 		.ascii	"char\000"
 467      00
 468              	.LASF6:
 469 0145 6C6F6E67 		.ascii	"long int\000"
 469      20696E74 
 469      00
 470              	.LASF20:
 471 014e 433A5C55 		.ascii	"C:\\Users\\Simon\\Desktop\\GFV-Gruppe14\\Labexercis"
 471      73657273 
 471      5C53696D 
 471      6F6E5C44 
 471      65736B74 
 472 017c 65325F43 		.ascii	"e2_Communicationbuses\\Lab_SPI\\Lab_SPI.cydsn\000"
 472      6F6D6D75 
 472      6E696361 
 472      74696F6E 
 472      62757365 
 473              	.LASF17:
 474 01a8 646F7562 		.ascii	"double\000"
 474      6C6500
 475              	.LASF23:
 476 01af 49544D5F 		.ascii	"ITM_RxBuffer\000"
ARM GAS  C:\Users\Simon\AppData\Local\Temp\ccIuqanr.s 			page 11


 476      52784275 
 476      66666572 
 476      00
 477              	.LASF0:
 478 01bc 7369676E 		.ascii	"signed char\000"
 478      65642063 
 478      68617200 
 479              	.LASF11:
 480 01c8 6C6F6E67 		.ascii	"long double\000"
 480      20646F75 
 480      626C6500 
 481              	.LASF5:
 482 01d4 5F5F696E 		.ascii	"__int32_t\000"
 482      7433325F 
 482      7400
 483              	.LASF16:
 484 01de 666C6F61 		.ascii	"float\000"
 484      7400
 485              	.LASF2:
 486 01e4 73686F72 		.ascii	"short int\000"
 486      7420696E 
 486      7400
 487              	.LASF22:
 488 01ee 62797465 		.ascii	"byteReceived\000"
 488      52656365 
 488      69766564 
 488      00
 489              	.LASF12:
 490 01fb 73697A65 		.ascii	"sizetype\000"
 490      74797065 
 490      00
 491              		.ident	"GCC: (GNU Tools for ARM Embedded Processors) 5.4.1 20160609 (release) [ARM/embedded-5-bran
