ARM GAS  C:\Users\Simon\AppData\Local\Temp\cccZN7ZP.s 			page 1


   1              		.syntax unified
   2              		.cpu cortex-m3
   3              		.fpu softvfp
   4              		.eabi_attribute 20, 1
   5              		.eabi_attribute 21, 1
   6              		.eabi_attribute 23, 3
   7              		.eabi_attribute 24, 1
   8              		.eabi_attribute 25, 1
   9              		.eabi_attribute 26, 1
  10              		.eabi_attribute 30, 1
  11              		.eabi_attribute 34, 1
  12              		.eabi_attribute 18, 4
  13              		.thumb
  14              		.syntax unified
  15              		.file	"cymetadata.c"
  16              		.text
  17              	.Ltext0:
  18              		.cfi_sections	.debug_frame
  19              		.global	cy_metadata
  20              		.global	cy_meta_flashprotect
  21              		.global	cy_meta_wonvl
  22              		.global	cy_meta_custnvl
  23              		.global	cy_meta_configecc
  24              		.section	.cyconfigecc,"a",%progbits
  25              		.align	2
  26              		.type	cy_meta_configecc, %object
  27              		.size	cy_meta_configecc, 840
  28              	cy_meta_configecc:
  29 0000 02       		.byte	2
  30 0001 4F       		.byte	79
  31 0002 00       		.byte	0
  32 0003 40       		.byte	64
  33 0004 03       		.byte	3
  34 0005 65       		.byte	101
  35 0006 00       		.byte	0
  36 0007 40       		.byte	64
  37 0008 01       		.byte	1
  38 0009 15       		.byte	21
  39 000a 01       		.byte	1
  40 000b 40       		.byte	64
  41 000c 01       		.byte	1
  42 000d 17       		.byte	23
  43 000e 01       		.byte	1
  44 000f 40       		.byte	64
  45 0010 15       		.byte	21
  46 0011 18       		.byte	24
  47 0012 01       		.byte	1
  48 0013 40       		.byte	64
  49 0014 3E       		.byte	62
  50 0015 19       		.byte	25
  51 0016 01       		.byte	1
  52 0017 40       		.byte	64
  53 0018 6C       		.byte	108
  54 0019 1A       		.byte	26
  55 001a 01       		.byte	1
  56 001b 40       		.byte	64
  57 001c 4C       		.byte	76
ARM GAS  C:\Users\Simon\AppData\Local\Temp\cccZN7ZP.s 			page 2


  58 001d 1B       		.byte	27
  59 001e 01       		.byte	1
  60 001f 40       		.byte	64
  61 0020 03       		.byte	3
  62 0021 40       		.byte	64
  63 0022 01       		.byte	1
  64 0023 40       		.byte	64
  65 0024 02       		.byte	2
  66 0025 41       		.byte	65
  67 0026 01       		.byte	1
  68 0027 40       		.byte	64
  69 0028 04       		.byte	4
  70 0029 42       		.byte	66
  71 002a 01       		.byte	1
  72 002b 40       		.byte	64
  73 002c 01       		.byte	1
  74 002d 43       		.byte	67
  75 002e 01       		.byte	1
  76 002f 40       		.byte	64
  77 0030 05       		.byte	5
  78 0031 48       		.byte	72
  79 0032 01       		.byte	1
  80 0033 40       		.byte	64
  81 0034 03       		.byte	3
  82 0035 49       		.byte	73
  83 0036 01       		.byte	1
  84 0037 40       		.byte	64
  85 0038 08       		.byte	8
  86 0039 4D       		.byte	77
  87 003a 01       		.byte	1
  88 003b 40       		.byte	64
  89 003c 02       		.byte	2
  90 003d 50       		.byte	80
  91 003e 01       		.byte	1
  92 003f 40       		.byte	64
  93 0040 01       		.byte	1
  94 0041 51       		.byte	81
  95 0042 01       		.byte	1
  96 0043 40       		.byte	64
  97 0044 01       		.byte	1
  98 0045 80       		.byte	-128
  99 0046 0A       		.byte	10
 100 0047 36       		.byte	54
 101 0048 88       		.byte	-120
 102 0049 72       		.byte	114
 103 004a 89       		.byte	-119
 104 004b 38       		.byte	56
 105 004c 8B       		.byte	-117
 106 004d 0F       		.byte	15
 107 004e E6       		.byte	-26
 108 004f 01       		.byte	1
 109 0050 E2       		.byte	-30
 110 0051 04       		.byte	4
 111 0052 82       		.byte	-126
 112 0053 08       		.byte	8
 113 0054 83       		.byte	-125
 114 0055 01       		.byte	1
ARM GAS  C:\Users\Simon\AppData\Local\Temp\cccZN7ZP.s 			page 3


 115 0056 84       		.byte	-124
 116 0057 04       		.byte	4
 117 0058 92       		.byte	-110
 118 0059 02       		.byte	2
 119 005a 96       		.byte	-106
 120 005b 08       		.byte	8
 121 005c 9A       		.byte	-102
 122 005d 02       		.byte	2
 123 005e A4       		.byte	-92
 124 005f 01       		.byte	1
 125 0060 A8       		.byte	-88
 126 0061 01       		.byte	1
 127 0062 AC       		.byte	-84
 128 0063 01       		.byte	1
 129 0064 B0       		.byte	-80
 130 0065 02       		.byte	2
 131 0066 B2       		.byte	-78
 132 0067 04       		.byte	4
 133 0068 B4       		.byte	-76
 134 0069 08       		.byte	8
 135 006a B5       		.byte	-75
 136 006b 01       		.byte	1
 137 006c B6       		.byte	-74
 138 006d 01       		.byte	1
 139 006e BE       		.byte	-66
 140 006f 15       		.byte	21
 141 0070 D4       		.byte	-44
 142 0071 18       		.byte	24
 143 0072 D6       		.byte	-42
 144 0073 04       		.byte	4
 145 0074 D8       		.byte	-40
 146 0075 04       		.byte	4
 147 0076 D9       		.byte	-39
 148 0077 04       		.byte	4
 149 0078 DB       		.byte	-37
 150 0079 04       		.byte	4
 151 007a DF       		.byte	-33
 152 007b 01       		.byte	1
 153 007c 00       		.byte	0
 154 007d 01       		.byte	1
 155 007e 03       		.byte	3
 156 007f 20       		.byte	32
 157 0080 05       		.byte	5
 158 0081 01       		.byte	1
 159 0082 07       		.byte	7
 160 0083 14       		.byte	20
 161 0084 09       		.byte	9
 162 0085 15       		.byte	21
 163 0086 0C       		.byte	12
 164 0087 84       		.byte	-124
 165 0088 0D       		.byte	13
 166 0089 22       		.byte	34
 167 008a 10       		.byte	16
 168 008b 28       		.byte	40
 169 008c 11       		.byte	17
 170 008d 80       		.byte	-128
 171 008e 14       		.byte	20
ARM GAS  C:\Users\Simon\AppData\Local\Temp\cccZN7ZP.s 			page 4


 172 008f 40       		.byte	64
 173 0090 16       		.byte	22
 174 0091 02       		.byte	2
 175 0092 17       		.byte	23
 176 0093 28       		.byte	40
 177 0094 18       		.byte	24
 178 0095 04       		.byte	4
 179 0096 19       		.byte	25
 180 0097 08       		.byte	8
 181 0098 1A       		.byte	26
 182 0099 02       		.byte	2
 183 009a 1B       		.byte	27
 184 009b 01       		.byte	1
 185 009c 1C       		.byte	28
 186 009d 11       		.byte	17
 187 009e 1D       		.byte	29
 188 009f 21       		.byte	33
 189 00a0 1F       		.byte	31
 190 00a1 10       		.byte	16
 191 00a2 22       		.byte	34
 192 00a3 20       		.byte	32
 193 00a4 25       		.byte	37
 194 00a5 01       		.byte	1
 195 00a6 26       		.byte	38
 196 00a7 02       		.byte	2
 197 00a8 27       		.byte	39
 198 00a9 11       		.byte	17
 199 00aa 2C       		.byte	44
 200 00ab 84       		.byte	-124
 201 00ac 2E       		.byte	46
 202 00ad 40       		.byte	64
 203 00ae 2F       		.byte	47
 204 00af 14       		.byte	20
 205 00b0 31       		.byte	49
 206 00b1 02       		.byte	2
 207 00b2 32       		.byte	50
 208 00b3 01       		.byte	1
 209 00b4 34       		.byte	52
 210 00b5 40       		.byte	64
 211 00b6 35       		.byte	53
 212 00b7 01       		.byte	1
 213 00b8 36       		.byte	54
 214 00b9 A0       		.byte	-96
 215 00ba 37       		.byte	55
 216 00bb 04       		.byte	4
 217 00bc 3A       		.byte	58
 218 00bd 02       		.byte	2
 219 00be 3E       		.byte	62
 220 00bf AA       		.byte	-86
 221 00c0 45       		.byte	69
 222 00c1 22       		.byte	34
 223 00c2 46       		.byte	70
 224 00c3 80       		.byte	-128
 225 00c4 47       		.byte	71
 226 00c5 44       		.byte	68
 227 00c6 4E       		.byte	78
 228 00c7 02       		.byte	2
ARM GAS  C:\Users\Simon\AppData\Local\Temp\cccZN7ZP.s 			page 5


 229 00c8 55       		.byte	85
 230 00c9 14       		.byte	20
 231 00ca 5B       		.byte	91
 232 00cb 01       		.byte	1
 233 00cc 5C       		.byte	92
 234 00cd 10       		.byte	16
 235 00ce 60       		.byte	96
 236 00cf 04       		.byte	4
 237 00d0 63       		.byte	99
 238 00d1 82       		.byte	-126
 239 00d2 6C       		.byte	108
 240 00d3 28       		.byte	40
 241 00d4 6D       		.byte	109
 242 00d5 90       		.byte	-112
 243 00d6 6E       		.byte	110
 244 00d7 14       		.byte	20
 245 00d8 74       		.byte	116
 246 00d9 80       		.byte	-128
 247 00da 76       		.byte	118
 248 00db 28       		.byte	40
 249 00dc 77       		.byte	119
 250 00dd 28       		.byte	40
 251 00de 83       		.byte	-125
 252 00df 40       		.byte	64
 253 00e0 8E       		.byte	-114
 254 00e1 40       		.byte	64
 255 00e2 8F       		.byte	-113
 256 00e3 10       		.byte	16
 257 00e4 C0       		.byte	-64
 258 00e5 7C       		.byte	124
 259 00e6 C2       		.byte	-62
 260 00e7 FE       		.byte	-2
 261 00e8 C4       		.byte	-60
 262 00e9 F7       		.byte	-9
 263 00ea CA       		.byte	-54
 264 00eb F0       		.byte	-16
 265 00ec CC       		.byte	-52
 266 00ed F0       		.byte	-16
 267 00ee CE       		.byte	-50
 268 00ef F1       		.byte	-15
 269 00f0 D0       		.byte	-48
 270 00f1 F0       		.byte	-16
 271 00f2 D2       		.byte	-46
 272 00f3 10       		.byte	16
 273 00f4 D6       		.byte	-42
 274 00f5 21       		.byte	33
 275 00f6 D8       		.byte	-40
 276 00f7 0D       		.byte	13
 277 00f8 00       		.byte	0
 278 00f9 0C       		.byte	12
 279 00fa 02       		.byte	2
 280 00fb 71       		.byte	113
 281 00fc 04       		.byte	4
 282 00fd 10       		.byte	16
 283 00fe 05       		.byte	5
 284 00ff 80       		.byte	-128
 285 0100 06       		.byte	6
ARM GAS  C:\Users\Simon\AppData\Local\Temp\cccZN7ZP.s 			page 6


 286 0101 AC       		.byte	-84
 287 0102 07       		.byte	7
 288 0103 13       		.byte	19
 289 0104 0A       		.byte	10
 290 0105 03       		.byte	3
 291 0106 0F       		.byte	15
 292 0107 0C       		.byte	12
 293 0108 10       		.byte	16
 294 0109 09       		.byte	9
 295 010a 12       		.byte	18
 296 010b D0       		.byte	-48
 297 010c 14       		.byte	20
 298 010d 14       		.byte	20
 299 010e 15       		.byte	21
 300 010f 2C       		.byte	44
 301 0110 17       		.byte	23
 302 0111 43       		.byte	67
 303 0112 19       		.byte	25
 304 0113 71       		.byte	113
 305 0114 1B       		.byte	27
 306 0115 06       		.byte	6
 307 0116 1F       		.byte	31
 308 0117 08       		.byte	8
 309 0118 20       		.byte	32
 310 0119 10       		.byte	16
 311 011a 21       		.byte	33
 312 011b 71       		.byte	113
 313 011c 22       		.byte	34
 314 011d 40       		.byte	64
 315 011e 23       		.byte	35
 316 011f 0E       		.byte	14
 317 0120 26       		.byte	38
 318 0121 20       		.byte	32
 319 0122 28       		.byte	40
 320 0123 DC       		.byte	-36
 321 0124 2A       		.byte	42
 322 0125 22       		.byte	34
 323 0126 30       		.byte	48
 324 0127 E0       		.byte	-32
 325 0128 31       		.byte	49
 326 0129 C0       		.byte	-64
 327 012a 33       		.byte	51
 328 012b 0F       		.byte	15
 329 012c 34       		.byte	52
 330 012d 1F       		.byte	31
 331 012e 35       		.byte	53
 332 012f 30       		.byte	48
 333 0130 38       		.byte	56
 334 0131 08       		.byte	8
 335 0132 39       		.byte	57
 336 0133 22       		.byte	34
 337 0134 3A       		.byte	58
 338 0135 02       		.byte	2
 339 0136 3B       		.byte	59
 340 0137 08       		.byte	8
 341 0138 3E       		.byte	62
 342 0139 04       		.byte	4
ARM GAS  C:\Users\Simon\AppData\Local\Temp\cccZN7ZP.s 			page 7


 343 013a 3F       		.byte	63
 344 013b 10       		.byte	16
 345 013c 40       		.byte	64
 346 013d 02       		.byte	2
 347 013e 45       		.byte	69
 348 013f 40       		.byte	64
 349 0140 49       		.byte	73
 350 0141 FF       		.byte	-1
 351 0142 4A       		.byte	74
 352 0143 07       		.byte	7
 353 0144 4B       		.byte	75
 354 0145 FF       		.byte	-1
 355 0146 4C       		.byte	76
 356 0147 40       		.byte	64
 357 0148 4D       		.byte	77
 358 0149 20       		.byte	32
 359 014a 4E       		.byte	78
 360 014b F0       		.byte	-16
 361 014c 4F       		.byte	79
 362 014d 05       		.byte	5
 363 014e 50       		.byte	80
 364 014f 08       		.byte	8
 365 0150 58       		.byte	88
 366 0151 04       		.byte	4
 367 0152 59       		.byte	89
 368 0153 04       		.byte	4
 369 0154 5A       		.byte	90
 370 0155 04       		.byte	4
 371 0156 5F       		.byte	95
 372 0157 01       		.byte	1
 373 0158 60       		.byte	96
 374 0159 40       		.byte	64
 375 015a 61       		.byte	97
 376 015b A8       		.byte	-88
 377 015c 62       		.byte	98
 378 015d 40       		.byte	64
 379 015e 63       		.byte	99
 380 015f 20       		.byte	32
 381 0160 80       		.byte	-128
 382 0161 13       		.byte	19
 383 0162 81       		.byte	-127
 384 0163 04       		.byte	4
 385 0164 82       		.byte	-126
 386 0165 04       		.byte	4
 387 0166 83       		.byte	-125
 388 0167 0A       		.byte	10
 389 0168 84       		.byte	-124
 390 0169 20       		.byte	32
 391 016a 85       		.byte	-123
 392 016b 0C       		.byte	12
 393 016c 86       		.byte	-122
 394 016d C0       		.byte	-64
 395 016e 88       		.byte	-120
 396 016f 13       		.byte	19
 397 0170 89       		.byte	-119
 398 0171 0C       		.byte	12
 399 0172 8A       		.byte	-118
ARM GAS  C:\Users\Simon\AppData\Local\Temp\cccZN7ZP.s 			page 8


 400 0173 0C       		.byte	12
 401 0174 92       		.byte	-110
 402 0175 08       		.byte	8
 403 0176 94       		.byte	-108
 404 0177 0A       		.byte	10
 405 0178 96       		.byte	-106
 406 0179 14       		.byte	20
 407 017a 98       		.byte	-104
 408 017b E0       		.byte	-32
 409 017c 99       		.byte	-103
 410 017d 10       		.byte	16
 411 017e 9C       		.byte	-100
 412 017f 80       		.byte	-128
 413 0180 9D       		.byte	-99
 414 0181 08       		.byte	8
 415 0182 9E       		.byte	-98
 416 0183 20       		.byte	32
 417 0184 9F       		.byte	-97
 418 0185 06       		.byte	6
 419 0186 A0       		.byte	-96
 420 0187 03       		.byte	3
 421 0188 A2       		.byte	-94
 422 0189 14       		.byte	20
 423 018a A6       		.byte	-90
 424 018b 15       		.byte	21
 425 018c A8       		.byte	-88
 426 018d E0       		.byte	-32
 427 018e AB       		.byte	-85
 428 018f 01       		.byte	1
 429 0190 AC       		.byte	-84
 430 0191 40       		.byte	64
 431 0192 AE       		.byte	-82
 432 0193 20       		.byte	32
 433 0194 B0       		.byte	-80
 434 0195 10       		.byte	16
 435 0196 B1       		.byte	-79
 436 0197 03       		.byte	3
 437 0198 B2       		.byte	-78
 438 0199 E0       		.byte	-32
 439 019a B3       		.byte	-77
 440 019b 10       		.byte	16
 441 019c B4       		.byte	-76
 442 019d 0F       		.byte	15
 443 019e B7       		.byte	-73
 444 019f 0C       		.byte	12
 445 01a0 BA       		.byte	-70
 446 01a1 20       		.byte	32
 447 01a2 BB       		.byte	-69
 448 01a3 20       		.byte	32
 449 01a4 BE       		.byte	-66
 450 01a5 01       		.byte	1
 451 01a6 BF       		.byte	-65
 452 01a7 05       		.byte	5
 453 01a8 C0       		.byte	-64
 454 01a9 26       		.byte	38
 455 01aa C1       		.byte	-63
 456 01ab 05       		.byte	5
ARM GAS  C:\Users\Simon\AppData\Local\Temp\cccZN7ZP.s 			page 9


 457 01ac C5       		.byte	-59
 458 01ad 0B       		.byte	11
 459 01ae C6       		.byte	-58
 460 01af EC       		.byte	-20
 461 01b0 C8       		.byte	-56
 462 01b1 0D       		.byte	13
 463 01b2 C9       		.byte	-55
 464 01b3 FF       		.byte	-1
 465 01b4 CA       		.byte	-54
 466 01b5 FF       		.byte	-1
 467 01b6 CB       		.byte	-53
 468 01b7 FF       		.byte	-1
 469 01b8 CE       		.byte	-50
 470 01b9 F0       		.byte	-16
 471 01ba CF       		.byte	-49
 472 01bb 44       		.byte	68
 473 01bc D0       		.byte	-48
 474 01bd 0C       		.byte	12
 475 01be D4       		.byte	-44
 476 01bf 01       		.byte	1
 477 01c0 D8       		.byte	-40
 478 01c1 04       		.byte	4
 479 01c2 D9       		.byte	-39
 480 01c3 04       		.byte	4
 481 01c4 DA       		.byte	-38
 482 01c5 04       		.byte	4
 483 01c6 DB       		.byte	-37
 484 01c7 04       		.byte	4
 485 01c8 DF       		.byte	-33
 486 01c9 01       		.byte	1
 487 01ca E6       		.byte	-26
 488 01cb C0       		.byte	-64
 489 01cc EA       		.byte	-22
 490 01cd 40       		.byte	64
 491 01ce EB       		.byte	-21
 492 01cf 02       		.byte	2
 493 01d0 00       		.byte	0
 494 01d1 01       		.byte	1
 495 01d2 01       		.byte	1
 496 01d3 20       		.byte	32
 497 01d4 03       		.byte	3
 498 01d5 10       		.byte	16
 499 01d6 04       		.byte	4
 500 01d7 01       		.byte	1
 501 01d8 05       		.byte	5
 502 01d9 11       		.byte	17
 503 01da 06       		.byte	6
 504 01db 20       		.byte	32
 505 01dc 0A       		.byte	10
 506 01dd 20       		.byte	32
 507 01de 0B       		.byte	11
 508 01df 40       		.byte	64
 509 01e0 0D       		.byte	13
 510 01e1 88       		.byte	-120
 511 01e2 0E       		.byte	14
 512 01e3 04       		.byte	4
 513 01e4 0F       		.byte	15
ARM GAS  C:\Users\Simon\AppData\Local\Temp\cccZN7ZP.s 			page 10


 514 01e5 40       		.byte	64
 515 01e6 10       		.byte	16
 516 01e7 80       		.byte	-128
 517 01e8 11       		.byte	17
 518 01e9 04       		.byte	4
 519 01ea 12       		.byte	18
 520 01eb 08       		.byte	8
 521 01ec 15       		.byte	21
 522 01ed 14       		.byte	20
 523 01ee 16       		.byte	22
 524 01ef 42       		.byte	66
 525 01f0 19       		.byte	25
 526 01f1 25       		.byte	37
 527 01f2 1D       		.byte	29
 528 01f3 10       		.byte	16
 529 01f4 1E       		.byte	30
 530 01f5 40       		.byte	64
 531 01f6 1F       		.byte	31
 532 01f7 04       		.byte	4
 533 01f8 20       		.byte	32
 534 01f9 04       		.byte	4
 535 01fa 21       		.byte	33
 536 01fb 08       		.byte	8
 537 01fc 22       		.byte	34
 538 01fd 08       		.byte	8
 539 01fe 23       		.byte	35
 540 01ff 40       		.byte	64
 541 0200 24       		.byte	36
 542 0201 20       		.byte	32
 543 0202 25       		.byte	37
 544 0203 80       		.byte	-128
 545 0204 26       		.byte	38
 546 0205 80       		.byte	-128
 547 0206 27       		.byte	39
 548 0207 44       		.byte	68
 549 0208 29       		.byte	41
 550 0209 01       		.byte	1
 551 020a 2B       		.byte	43
 552 020b 40       		.byte	64
 553 020c 2E       		.byte	46
 554 020d 20       		.byte	32
 555 020e 2F       		.byte	47
 556 020f 04       		.byte	4
 557 0210 30       		.byte	48
 558 0211 80       		.byte	-128
 559 0212 31       		.byte	49
 560 0213 18       		.byte	24
 561 0214 33       		.byte	51
 562 0215 10       		.byte	16
 563 0216 35       		.byte	53
 564 0217 20       		.byte	32
 565 0218 36       		.byte	54
 566 0219 80       		.byte	-128
 567 021a 38       		.byte	56
 568 021b 08       		.byte	8
 569 021c 39       		.byte	57
 570 021d 04       		.byte	4
ARM GAS  C:\Users\Simon\AppData\Local\Temp\cccZN7ZP.s 			page 11


 571 021e 3B       		.byte	59
 572 021f 40       		.byte	64
 573 0220 3E       		.byte	62
 574 0221 16       		.byte	22
 575 0222 40       		.byte	64
 576 0223 04       		.byte	4
 577 0224 47       		.byte	71
 578 0225 10       		.byte	16
 579 0226 48       		.byte	72
 580 0227 80       		.byte	-128
 581 0228 4C       		.byte	76
 582 0229 04       		.byte	4
 583 022a 4E       		.byte	78
 584 022b 10       		.byte	16
 585 022c 4F       		.byte	79
 586 022d 80       		.byte	-128
 587 022e 50       		.byte	80
 588 022f 04       		.byte	4
 589 0230 56       		.byte	86
 590 0231 40       		.byte	64
 591 0232 57       		.byte	87
 592 0233 20       		.byte	32
 593 0234 5D       		.byte	93
 594 0235 0A       		.byte	10
 595 0236 5E       		.byte	94
 596 0237 40       		.byte	64
 597 0238 5F       		.byte	95
 598 0239 10       		.byte	16
 599 023a 81       		.byte	-127
 600 023b 06       		.byte	6
 601 023c 83       		.byte	-125
 602 023d 20       		.byte	32
 603 023e 86       		.byte	-122
 604 023f 40       		.byte	64
 605 0240 87       		.byte	-121
 606 0241 10       		.byte	16
 607 0242 8A       		.byte	-118
 608 0243 02       		.byte	2
 609 0244 8C       		.byte	-116
 610 0245 10       		.byte	16
 611 0246 91       		.byte	-111
 612 0247 10       		.byte	16
 613 0248 92       		.byte	-110
 614 0249 14       		.byte	20
 615 024a 97       		.byte	-105
 616 024b 08       		.byte	8
 617 024c 99       		.byte	-103
 618 024d 08       		.byte	8
 619 024e 9E       		.byte	-98
 620 024f 02       		.byte	2
 621 0250 9F       		.byte	-97
 622 0251 44       		.byte	68
 623 0252 A6       		.byte	-90
 624 0253 80       		.byte	-128
 625 0254 A7       		.byte	-89
 626 0255 20       		.byte	32
 627 0256 C0       		.byte	-64
ARM GAS  C:\Users\Simon\AppData\Local\Temp\cccZN7ZP.s 			page 12


 628 0257 7E       		.byte	126
 629 0258 C2       		.byte	-62
 630 0259 FC       		.byte	-4
 631 025a C4       		.byte	-60
 632 025b FE       		.byte	-2
 633 025c CA       		.byte	-54
 634 025d 21       		.byte	33
 635 025e CC       		.byte	-52
 636 025f 3E       		.byte	62
 637 0260 CE       		.byte	-50
 638 0261 EA       		.byte	-22
 639 0262 D0       		.byte	-48
 640 0263 24       		.byte	36
 641 0264 D2       		.byte	-46
 642 0265 30       		.byte	48
 643 0266 D6       		.byte	-42
 644 0267 F0       		.byte	-16
 645 0268 32       		.byte	50
 646 0269 80       		.byte	-128
 647 026a 35       		.byte	53
 648 026b 80       		.byte	-128
 649 026c CC       		.byte	-52
 650 026d 30       		.byte	48
 651 026e 9D       		.byte	-99
 652 026f 80       		.byte	-128
 653 0270 A6       		.byte	-90
 654 0271 80       		.byte	-128
 655 0272 12       		.byte	18
 656 0273 80       		.byte	-128
 657 0274 9D       		.byte	-99
 658 0275 80       		.byte	-128
 659 0276 A6       		.byte	-90
 660 0277 80       		.byte	-128
 661 0278 C4       		.byte	-60
 662 0279 10       		.byte	16
 663 027a 9D       		.byte	-99
 664 027b 80       		.byte	-128
 665 027c 65       		.byte	101
 666 027d 04       		.byte	4
 667 027e 81       		.byte	-127
 668 027f 80       		.byte	-128
 669 0280 9D       		.byte	-99
 670 0281 80       		.byte	-128
 671 0282 D8       		.byte	-40
 672 0283 80       		.byte	-128
 673 0284 E2       		.byte	-30
 674 0285 20       		.byte	32
 675 0286 81       		.byte	-127
 676 0287 04       		.byte	4
 677 0288 9D       		.byte	-99
 678 0289 04       		.byte	4
 679 028a E6       		.byte	-26
 680 028b 80       		.byte	-128
 681 028c 10       		.byte	16
 682 028d 40       		.byte	64
 683 028e 77       		.byte	119
 684 028f 10       		.byte	16
ARM GAS  C:\Users\Simon\AppData\Local\Temp\cccZN7ZP.s 			page 13


 685 0290 88       		.byte	-120
 686 0291 40       		.byte	64
 687 0292 8F       		.byte	-113
 688 0293 10       		.byte	16
 689 0294 C4       		.byte	-60
 690 0295 08       		.byte	8
 691 0296 DE       		.byte	-34
 692 0297 04       		.byte	4
 693 0298 E2       		.byte	-30
 694 0299 01       		.byte	1
 695 029a E4       		.byte	-28
 696 029b 02       		.byte	2
 697 029c 10       		.byte	16
 698 029d 01       		.byte	1
 699 029e 1C       		.byte	28
 700 029f 01       		.byte	1
 701 02a0 00       		.byte	0
 702 02a1 0E       		.byte	14
 703 02a2 00       		.byte	0
 704 02a3 00       		.byte	0
 705 02a4 80       		.byte	-128
 706 02a5 80       		.byte	-128
 707 02a6 00       		.byte	0
 708 02a7 00       		.byte	0
 709 02a8 40       		.byte	64
 710 02a9 00       		.byte	0
 711 02aa 00       		.byte	0
 712 02ab 00       		.byte	0
 713 02ac 1F       		.byte	31
 714 02ad 44       		.byte	68
 715 02ae 60       		.byte	96
 716 02af 00       		.byte	0
 717 02b0 1C       		.byte	28
 718 02b1 08       		.byte	8
 719 02b2 63       		.byte	99
 720 02b3 00       		.byte	0
 721 02b4 7F       		.byte	127
 722 02b5 18       		.byte	24
 723 02b6 00       		.byte	0
 724 02b7 00       		.byte	0
 725 02b8 00       		.byte	0
 726 02b9 00       		.byte	0
 727 02ba 00       		.byte	0
 728 02bb E3       		.byte	-29
 729 02bc 00       		.byte	0
 730 02bd 1C       		.byte	28
 731 02be 23       		.byte	35
 732 02bf E1       		.byte	-31
 733 02c0 03       		.byte	3
 734 02c1 FF       		.byte	-1
 735 02c2 00       		.byte	0
 736 02c3 00       		.byte	0
 737 02c4 73       		.byte	115
 738 02c5 00       		.byte	0
 739 02c6 0C       		.byte	12
 740 02c7 04       		.byte	4
 741 02c8 08       		.byte	8
ARM GAS  C:\Users\Simon\AppData\Local\Temp\cccZN7ZP.s 			page 14


 742 02c9 80       		.byte	-128
 743 02ca 00       		.byte	0
 744 02cb 00       		.byte	0
 745 02cc 02       		.byte	2
 746 02cd 10       		.byte	16
 747 02ce 00       		.byte	0
 748 02cf 00       		.byte	0
 749 02d0 04       		.byte	4
 750 02d1 E7       		.byte	-25
 751 02d2 00       		.byte	0
 752 02d3 18       		.byte	24
 753 02d4 0C       		.byte	12
 754 02d5 C0       		.byte	-64
 755 02d6 00       		.byte	0
 756 02d7 00       		.byte	0
 757 02d8 01       		.byte	1
 758 02d9 3C       		.byte	60
 759 02da 00       		.byte	0
 760 02db C2       		.byte	-62
 761 02dc 2C       		.byte	44
 762 02dd 38       		.byte	56
 763 02de 10       		.byte	16
 764 02df 1F       		.byte	31
 765 02e0 0F       		.byte	15
 766 02e1 00       		.byte	0
 767 02e2 40       		.byte	64
 768 02e3 C0       		.byte	-64
 769 02e4 80       		.byte	-128
 770 02e5 00       		.byte	0
 771 02e6 22       		.byte	34
 772 02e7 08       		.byte	8
 773 02e8 00       		.byte	0
 774 02e9 00       		.byte	0
 775 02ea 04       		.byte	4
 776 02eb 00       		.byte	0
 777 02ec 24       		.byte	36
 778 02ed 03       		.byte	3
 779 02ee 05       		.byte	5
 780 02ef 00       		.byte	0
 781 02f0 01       		.byte	1
 782 02f1 00       		.byte	0
 783 02f2 C0       		.byte	-64
 784 02f3 0E       		.byte	14
 785 02f4 18       		.byte	24
 786 02f5 FF       		.byte	-1
 787 02f6 FF       		.byte	-1
 788 02f7 FF       		.byte	-1
 789 02f8 62       		.byte	98
 790 02f9 A0       		.byte	-96
 791 02fa F0       		.byte	-16
 792 02fb 41       		.byte	65
 793 02fc 0C       		.byte	12
 794 02fd 00       		.byte	0
 795 02fe 00       		.byte	0
 796 02ff 00       		.byte	0
 797 0300 00       		.byte	0
 798 0301 00       		.byte	0
ARM GAS  C:\Users\Simon\AppData\Local\Temp\cccZN7ZP.s 			page 15


 799 0302 02       		.byte	2
 800 0303 11       		.byte	17
 801 0304 04       		.byte	4
 802 0305 04       		.byte	4
 803 0306 04       		.byte	4
 804 0307 04       		.byte	4
 805 0308 00       		.byte	0
 806 0309 00       		.byte	0
 807 030a 00       		.byte	0
 808 030b 01       		.byte	1
 809 030c 00       		.byte	0
 810 030d 00       		.byte	0
 811 030e 00       		.byte	0
 812 030f 00       		.byte	0
 813 0310 00       		.byte	0
 814 0311 00       		.byte	0
 815 0312 40       		.byte	64
 816 0313 02       		.byte	2
 817 0314 00       		.byte	0
 818 0315 10       		.byte	16
 819 0316 30       		.byte	48
 820 0317 10       		.byte	16
 821 0318 00       		.byte	0
 822 0319 10       		.byte	16
 823 031a 10       		.byte	16
 824 031b 12       		.byte	18
 825 031c 00       		.byte	0
 826 031d 00       		.byte	0
 827 031e 00       		.byte	0
 828 031f 00       		.byte	0
 829 0320 00       		.byte	0
 830 0321 00       		.byte	0
 831 0322 00       		.byte	0
 832 0323 00       		.byte	0
 833 0324 00       		.byte	0
 834 0325 00       		.byte	0
 835 0326 00       		.byte	0
 836 0327 00       		.byte	0
 837 0328 00       		.byte	0
 838 0329 00       		.byte	0
 839 032a 00       		.byte	0
 840 032b 00       		.byte	0
 841 032c 80       		.byte	-128
 842 032d 00       		.byte	0
 843 032e 40       		.byte	64
 844 032f 80       		.byte	-128
 845 0330 80       		.byte	-128
 846 0331 00       		.byte	0
 847 0332 80       		.byte	-128
 848 0333 00       		.byte	0
 849 0334 00       		.byte	0
 850 0335 00       		.byte	0
 851 0336 00       		.byte	0
 852 0337 00       		.byte	0
 853 0338 00       		.byte	0
 854 0339 CB       		.byte	-53
 855 033a CB       		.byte	-53
ARM GAS  C:\Users\Simon\AppData\Local\Temp\cccZN7ZP.s 			page 16


 856 033b 00       		.byte	0
 857 033c 00       		.byte	0
 858 033d 00       		.byte	0
 859 033e 00       		.byte	0
 860 033f 00       		.byte	0
 861 0340 00       		.byte	0
 862 0341 03       		.byte	3
 863 0342 03       		.byte	3
 864 0343 00       		.byte	0
 865 0344 00       		.byte	0
 866 0345 00       		.byte	0
 867 0346 00       		.byte	0
 868 0347 00       		.byte	0
 869              		.section	.cywolatch,"a",%progbits
 870              		.align	2
 871              		.type	cy_meta_wonvl, %object
 872              		.size	cy_meta_wonvl, 4
 873              	cy_meta_wonvl:
 874 0000 BC       		.byte	-68
 875 0001 90       		.byte	-112
 876 0002 AC       		.byte	-84
 877 0003 AF       		.byte	-81
 878              		.section	.cycustnvl,"a",%progbits
 879              		.align	2
 880              		.type	cy_meta_custnvl, %object
 881              		.size	cy_meta_custnvl, 4
 882              	cy_meta_custnvl:
 883 0000 00       		.byte	0
 884 0001 00       		.byte	0
 885 0002 40       		.byte	64
 886 0003 05       		.byte	5
 887              		.section	.cymeta,"a",%progbits
 888              		.align	2
 889              		.type	cy_metadata, %object
 890              		.size	cy_metadata, 12
 891              	cy_metadata:
 892 0000 00       		.byte	0
 893 0001 01       		.byte	1
 894 0002 2E       		.byte	46
 895 0003 16       		.byte	22
 896 0004 10       		.byte	16
 897 0005 69       		.byte	105
 898 0006 00       		.byte	0
 899 0007 01       		.byte	1
 900 0008 00       		.byte	0
 901 0009 00       		.byte	0
 902 000a 00       		.byte	0
 903 000b 00       		.byte	0
 904              		.section	.cyflashprotect,"a",%progbits
 905              		.align	2
 906              		.type	cy_meta_flashprotect, %object
 907              		.size	cy_meta_flashprotect, 256
 908              	cy_meta_flashprotect:
 909 0000 00000000 		.space	256
 909      00000000 
 909      00000000 
 909      00000000 
ARM GAS  C:\Users\Simon\AppData\Local\Temp\cccZN7ZP.s 			page 17


 909      00000000 
 910              		.text
 911              	.Letext0:
 912              		.file 1 "c:\\program files (x86)\\cypress\\psoc creator\\4.3\\psoc creator\\import\\gnu\\arm\\5.4.
 913              		.file 2 "c:\\program files (x86)\\cypress\\psoc creator\\4.3\\psoc creator\\import\\gnu\\arm\\5.4.
 914              		.file 3 "Generated_Source\\PSoC5\\cymetadata.c"
 915              		.section	.debug_info,"",%progbits
 916              	.Ldebug_info0:
 917 0000 31010000 		.4byte	0x131
 918 0004 0400     		.2byte	0x4
 919 0006 00000000 		.4byte	.Ldebug_abbrev0
 920 000a 04       		.byte	0x4
 921 000b 01       		.uleb128 0x1
 922 000c 6E000000 		.4byte	.LASF17
 923 0010 0C       		.byte	0xc
 924 0011 C8010000 		.4byte	.LASF18
 925 0015 16000000 		.4byte	.LASF19
 926 0019 00000000 		.4byte	.Ldebug_line0
 927 001d 02       		.uleb128 0x2
 928 001e 01       		.byte	0x1
 929 001f 06       		.byte	0x6
 930 0020 BC010000 		.4byte	.LASF0
 931 0024 03       		.uleb128 0x3
 932 0025 00000000 		.4byte	.LASF9
 933 0029 01       		.byte	0x1
 934 002a 1D       		.byte	0x1d
 935 002b 2F000000 		.4byte	0x2f
 936 002f 02       		.uleb128 0x2
 937 0030 01       		.byte	0x1
 938 0031 08       		.byte	0x8
 939 0032 60000000 		.4byte	.LASF1
 940 0036 02       		.uleb128 0x2
 941 0037 02       		.byte	0x2
 942 0038 05       		.byte	0x5
 943 0039 A9010000 		.4byte	.LASF2
 944 003d 02       		.uleb128 0x2
 945 003e 02       		.byte	0x2
 946 003f 07       		.byte	0x7
 947 0040 0E010000 		.4byte	.LASF3
 948 0044 02       		.uleb128 0x2
 949 0045 04       		.byte	0x4
 950 0046 05       		.byte	0x5
 951 0047 B3010000 		.4byte	.LASF4
 952 004b 02       		.uleb128 0x2
 953 004c 04       		.byte	0x4
 954 004d 07       		.byte	0x7
 955 004e FC000000 		.4byte	.LASF5
 956 0052 02       		.uleb128 0x2
 957 0053 08       		.byte	0x8
 958 0054 05       		.byte	0x5
 959 0055 9B010000 		.4byte	.LASF6
 960 0059 02       		.uleb128 0x2
 961 005a 08       		.byte	0x8
 962 005b 07       		.byte	0x7
 963 005c 50010000 		.4byte	.LASF7
 964 0060 04       		.uleb128 0x4
 965 0061 04       		.byte	0x4
ARM GAS  C:\Users\Simon\AppData\Local\Temp\cccZN7ZP.s 			page 18


 966 0062 05       		.byte	0x5
 967 0063 696E7400 		.ascii	"int\000"
 968 0067 02       		.uleb128 0x2
 969 0068 04       		.byte	0x4
 970 0069 07       		.byte	0x7
 971 006a 43010000 		.4byte	.LASF8
 972 006e 03       		.uleb128 0x3
 973 006f 67010000 		.4byte	.LASF10
 974 0073 02       		.byte	0x2
 975 0074 18       		.byte	0x18
 976 0075 24000000 		.4byte	0x24
 977 0079 05       		.uleb128 0x5
 978 007a 91000000 		.4byte	0x91
 979 007e 8A000000 		.4byte	0x8a
 980 0082 06       		.uleb128 0x6
 981 0083 8A000000 		.4byte	0x8a
 982 0087 4703     		.2byte	0x347
 983 0089 00       		.byte	0
 984 008a 02       		.uleb128 0x2
 985 008b 04       		.byte	0x4
 986 008c 07       		.byte	0x7
 987 008d 92010000 		.4byte	.LASF11
 988 0091 07       		.uleb128 0x7
 989 0092 6E000000 		.4byte	0x6e
 990 0096 08       		.uleb128 0x8
 991 0097 31010000 		.4byte	.LASF12
 992 009b 03       		.byte	0x3
 993 009c 1F       		.byte	0x1f
 994 009d A7000000 		.4byte	0xa7
 995 00a1 05       		.uleb128 0x5
 996 00a2 03       		.byte	0x3
 997 00a3 00000000 		.4byte	cy_meta_configecc
 998 00a7 07       		.uleb128 0x7
 999 00a8 79000000 		.4byte	0x79
 1000 00ac 05       		.uleb128 0x5
 1001 00ad 91000000 		.4byte	0x91
 1002 00b1 BC000000 		.4byte	0xbc
 1003 00b5 09       		.uleb128 0x9
 1004 00b6 8A000000 		.4byte	0x8a
 1005 00ba 03       		.byte	0x3
 1006 00bb 00       		.byte	0
 1007 00bc 08       		.uleb128 0x8
 1008 00bd 21010000 		.4byte	.LASF13
 1009 00c1 03       		.byte	0x3
 1010 00c2 95       		.byte	0x95
 1011 00c3 CD000000 		.4byte	0xcd
 1012 00c7 05       		.uleb128 0x5
 1013 00c8 03       		.byte	0x3
 1014 00c9 00000000 		.4byte	cy_meta_custnvl
 1015 00cd 07       		.uleb128 0x7
 1016 00ce AC000000 		.4byte	0xac
 1017 00d2 08       		.uleb128 0x8
 1018 00d3 84010000 		.4byte	.LASF14
 1019 00d7 03       		.byte	0x3
 1020 00d8 A3       		.byte	0xa3
 1021 00d9 E3000000 		.4byte	0xe3
 1022 00dd 05       		.uleb128 0x5
ARM GAS  C:\Users\Simon\AppData\Local\Temp\cccZN7ZP.s 			page 19


 1023 00de 03       		.byte	0x3
 1024 00df 00000000 		.4byte	cy_meta_wonvl
 1025 00e3 07       		.uleb128 0x7
 1026 00e4 AC000000 		.4byte	0xac
 1027 00e8 05       		.uleb128 0x5
 1028 00e9 91000000 		.4byte	0x91
 1029 00ed F8000000 		.4byte	0xf8
 1030 00f1 09       		.uleb128 0x9
 1031 00f2 8A000000 		.4byte	0x8a
 1032 00f6 FF       		.byte	0xff
 1033 00f7 00       		.byte	0
 1034 00f8 08       		.uleb128 0x8
 1035 00f9 6F010000 		.4byte	.LASF15
 1036 00fd 03       		.byte	0x3
 1037 00fe B1       		.byte	0xb1
 1038 00ff 09010000 		.4byte	0x109
 1039 0103 05       		.uleb128 0x5
 1040 0104 03       		.byte	0x3
 1041 0105 00000000 		.4byte	cy_meta_flashprotect
 1042 0109 07       		.uleb128 0x7
 1043 010a E8000000 		.4byte	0xe8
 1044 010e 05       		.uleb128 0x5
 1045 010f 91000000 		.4byte	0x91
 1046 0113 1E010000 		.4byte	0x11e
 1047 0117 09       		.uleb128 0x9
 1048 0118 8A000000 		.4byte	0x8a
 1049 011c 0B       		.byte	0xb
 1050 011d 00       		.byte	0
 1051 011e 08       		.uleb128 0x8
 1052 011f 0A000000 		.4byte	.LASF16
 1053 0123 03       		.byte	0x3
 1054 0124 DE       		.byte	0xde
 1055 0125 2F010000 		.4byte	0x12f
 1056 0129 05       		.uleb128 0x5
 1057 012a 03       		.byte	0x3
 1058 012b 00000000 		.4byte	cy_metadata
 1059 012f 07       		.uleb128 0x7
 1060 0130 0E010000 		.4byte	0x10e
 1061 0134 00       		.byte	0
 1062              		.section	.debug_abbrev,"",%progbits
 1063              	.Ldebug_abbrev0:
 1064 0000 01       		.uleb128 0x1
 1065 0001 11       		.uleb128 0x11
 1066 0002 01       		.byte	0x1
 1067 0003 25       		.uleb128 0x25
 1068 0004 0E       		.uleb128 0xe
 1069 0005 13       		.uleb128 0x13
 1070 0006 0B       		.uleb128 0xb
 1071 0007 03       		.uleb128 0x3
 1072 0008 0E       		.uleb128 0xe
 1073 0009 1B       		.uleb128 0x1b
 1074 000a 0E       		.uleb128 0xe
 1075 000b 10       		.uleb128 0x10
 1076 000c 17       		.uleb128 0x17
 1077 000d 00       		.byte	0
 1078 000e 00       		.byte	0
 1079 000f 02       		.uleb128 0x2
ARM GAS  C:\Users\Simon\AppData\Local\Temp\cccZN7ZP.s 			page 20


 1080 0010 24       		.uleb128 0x24
 1081 0011 00       		.byte	0
 1082 0012 0B       		.uleb128 0xb
 1083 0013 0B       		.uleb128 0xb
 1084 0014 3E       		.uleb128 0x3e
 1085 0015 0B       		.uleb128 0xb
 1086 0016 03       		.uleb128 0x3
 1087 0017 0E       		.uleb128 0xe
 1088 0018 00       		.byte	0
 1089 0019 00       		.byte	0
 1090 001a 03       		.uleb128 0x3
 1091 001b 16       		.uleb128 0x16
 1092 001c 00       		.byte	0
 1093 001d 03       		.uleb128 0x3
 1094 001e 0E       		.uleb128 0xe
 1095 001f 3A       		.uleb128 0x3a
 1096 0020 0B       		.uleb128 0xb
 1097 0021 3B       		.uleb128 0x3b
 1098 0022 0B       		.uleb128 0xb
 1099 0023 49       		.uleb128 0x49
 1100 0024 13       		.uleb128 0x13
 1101 0025 00       		.byte	0
 1102 0026 00       		.byte	0
 1103 0027 04       		.uleb128 0x4
 1104 0028 24       		.uleb128 0x24
 1105 0029 00       		.byte	0
 1106 002a 0B       		.uleb128 0xb
 1107 002b 0B       		.uleb128 0xb
 1108 002c 3E       		.uleb128 0x3e
 1109 002d 0B       		.uleb128 0xb
 1110 002e 03       		.uleb128 0x3
 1111 002f 08       		.uleb128 0x8
 1112 0030 00       		.byte	0
 1113 0031 00       		.byte	0
 1114 0032 05       		.uleb128 0x5
 1115 0033 01       		.uleb128 0x1
 1116 0034 01       		.byte	0x1
 1117 0035 49       		.uleb128 0x49
 1118 0036 13       		.uleb128 0x13
 1119 0037 01       		.uleb128 0x1
 1120 0038 13       		.uleb128 0x13
 1121 0039 00       		.byte	0
 1122 003a 00       		.byte	0
 1123 003b 06       		.uleb128 0x6
 1124 003c 21       		.uleb128 0x21
 1125 003d 00       		.byte	0
 1126 003e 49       		.uleb128 0x49
 1127 003f 13       		.uleb128 0x13
 1128 0040 2F       		.uleb128 0x2f
 1129 0041 05       		.uleb128 0x5
 1130 0042 00       		.byte	0
 1131 0043 00       		.byte	0
 1132 0044 07       		.uleb128 0x7
 1133 0045 26       		.uleb128 0x26
 1134 0046 00       		.byte	0
 1135 0047 49       		.uleb128 0x49
 1136 0048 13       		.uleb128 0x13
ARM GAS  C:\Users\Simon\AppData\Local\Temp\cccZN7ZP.s 			page 21


 1137 0049 00       		.byte	0
 1138 004a 00       		.byte	0
 1139 004b 08       		.uleb128 0x8
 1140 004c 34       		.uleb128 0x34
 1141 004d 00       		.byte	0
 1142 004e 03       		.uleb128 0x3
 1143 004f 0E       		.uleb128 0xe
 1144 0050 3A       		.uleb128 0x3a
 1145 0051 0B       		.uleb128 0xb
 1146 0052 3B       		.uleb128 0x3b
 1147 0053 0B       		.uleb128 0xb
 1148 0054 49       		.uleb128 0x49
 1149 0055 13       		.uleb128 0x13
 1150 0056 3F       		.uleb128 0x3f
 1151 0057 19       		.uleb128 0x19
 1152 0058 02       		.uleb128 0x2
 1153 0059 18       		.uleb128 0x18
 1154 005a 00       		.byte	0
 1155 005b 00       		.byte	0
 1156 005c 09       		.uleb128 0x9
 1157 005d 21       		.uleb128 0x21
 1158 005e 00       		.byte	0
 1159 005f 49       		.uleb128 0x49
 1160 0060 13       		.uleb128 0x13
 1161 0061 2F       		.uleb128 0x2f
 1162 0062 0B       		.uleb128 0xb
 1163 0063 00       		.byte	0
 1164 0064 00       		.byte	0
 1165 0065 00       		.byte	0
 1166              		.section	.debug_aranges,"",%progbits
 1167 0000 14000000 		.4byte	0x14
 1168 0004 0200     		.2byte	0x2
 1169 0006 00000000 		.4byte	.Ldebug_info0
 1170 000a 04       		.byte	0x4
 1171 000b 00       		.byte	0
 1172 000c 0000     		.2byte	0
 1173 000e 0000     		.2byte	0
 1174 0010 00000000 		.4byte	0
 1175 0014 00000000 		.4byte	0
 1176              		.section	.debug_line,"",%progbits
 1177              	.Ldebug_line0:
 1178 0000 3D010000 		.section	.debug_str,"MS",%progbits,1
 1178      02003701 
 1178      00000201 
 1178      FB0E0D00 
 1178      01010101 
 1179              	.LASF9:
 1180 0000 5F5F7569 		.ascii	"__uint8_t\000"
 1180      6E74385F 
 1180      7400
 1181              	.LASF16:
 1182 000a 63795F6D 		.ascii	"cy_metadata\000"
 1182      65746164 
 1182      61746100 
 1183              	.LASF19:
 1184 0016 433A5C55 		.ascii	"C:\\Users\\Simon\\Documents\\PSoC Creator\\stepperm"
 1184      73657273 
ARM GAS  C:\Users\Simon\AppData\Local\Temp\cccZN7ZP.s 			page 22


 1184      5C53696D 
 1184      6F6E5C44 
 1184      6F63756D 
 1185 0044 6F746F72 		.ascii	"otor\\steppermotorLab1.cydsn\000"
 1185      5C737465 
 1185      70706572 
 1185      6D6F746F 
 1185      724C6162 
 1186              	.LASF1:
 1187 0060 756E7369 		.ascii	"unsigned char\000"
 1187      676E6564 
 1187      20636861 
 1187      7200
 1188              	.LASF17:
 1189 006e 474E5520 		.ascii	"GNU C11 5.4.1 20160609 (release) [ARM/embedded-5-br"
 1189      43313120 
 1189      352E342E 
 1189      31203230 
 1189      31363036 
 1190 00a1 616E6368 		.ascii	"anch revision 237715] -mcpu=cortex-m3 -mthumb -g -O"
 1190      20726576 
 1190      6973696F 
 1190      6E203233 
 1190      37373135 
 1191 00d4 67202D66 		.ascii	"g -ffunction-sections -ffat-lto-objects\000"
 1191      66756E63 
 1191      74696F6E 
 1191      2D736563 
 1191      74696F6E 
 1192              	.LASF5:
 1193 00fc 6C6F6E67 		.ascii	"long unsigned int\000"
 1193      20756E73 
 1193      69676E65 
 1193      6420696E 
 1193      7400
 1194              	.LASF3:
 1195 010e 73686F72 		.ascii	"short unsigned int\000"
 1195      7420756E 
 1195      7369676E 
 1195      65642069 
 1195      6E7400
 1196              	.LASF13:
 1197 0121 63795F6D 		.ascii	"cy_meta_custnvl\000"
 1197      6574615F 
 1197      63757374 
 1197      6E766C00 
 1198              	.LASF12:
 1199 0131 63795F6D 		.ascii	"cy_meta_configecc\000"
 1199      6574615F 
 1199      636F6E66 
 1199      69676563 
 1199      6300
 1200              	.LASF8:
 1201 0143 756E7369 		.ascii	"unsigned int\000"
 1201      676E6564 
 1201      20696E74 
 1201      00
ARM GAS  C:\Users\Simon\AppData\Local\Temp\cccZN7ZP.s 			page 23


 1202              	.LASF7:
 1203 0150 6C6F6E67 		.ascii	"long long unsigned int\000"
 1203      206C6F6E 
 1203      6720756E 
 1203      7369676E 
 1203      65642069 
 1204              	.LASF10:
 1205 0167 75696E74 		.ascii	"uint8_t\000"
 1205      385F7400 
 1206              	.LASF15:
 1207 016f 63795F6D 		.ascii	"cy_meta_flashprotect\000"
 1207      6574615F 
 1207      666C6173 
 1207      6870726F 
 1207      74656374 
 1208              	.LASF14:
 1209 0184 63795F6D 		.ascii	"cy_meta_wonvl\000"
 1209      6574615F 
 1209      776F6E76 
 1209      6C00
 1210              	.LASF11:
 1211 0192 73697A65 		.ascii	"sizetype\000"
 1211      74797065 
 1211      00
 1212              	.LASF6:
 1213 019b 6C6F6E67 		.ascii	"long long int\000"
 1213      206C6F6E 
 1213      6720696E 
 1213      7400
 1214              	.LASF2:
 1215 01a9 73686F72 		.ascii	"short int\000"
 1215      7420696E 
 1215      7400
 1216              	.LASF4:
 1217 01b3 6C6F6E67 		.ascii	"long int\000"
 1217      20696E74 
 1217      00
 1218              	.LASF0:
 1219 01bc 7369676E 		.ascii	"signed char\000"
 1219      65642063 
 1219      68617200 
 1220              	.LASF18:
 1221 01c8 47656E65 		.ascii	"Generated_Source\\PSoC5\\cymetadata.c\000"
 1221      72617465 
 1221      645F536F 
 1221      75726365 
 1221      5C50536F 
 1222              		.ident	"GCC: (GNU Tools for ARM Embedded Processors) 5.4.1 20160609 (release) [ARM/embedded-5-bran
