ARM GAS  C:\Users\Lucas\AppData\Local\Temp\ccdECdEk.s 			page 1


   1              		.syntax unified
   2              		.cpu cortex-m3
   3              		.fpu softvfp
   4              		.eabi_attribute 20, 1
   5              		.eabi_attribute 21, 1
   6              		.eabi_attribute 23, 3
   7              		.eabi_attribute 24, 1
   8              		.eabi_attribute 25, 1
   9              		.eabi_attribute 26, 1
  10              		.eabi_attribute 30, 1
  11              		.eabi_attribute 34, 1
  12              		.eabi_attribute 18, 4
  13              		.thumb
  14              		.syntax unified
  15              		.file	"cymetadata.c"
  16              		.text
  17              	.Ltext0:
  18              		.cfi_sections	.debug_frame
  19              		.global	cy_metadata
  20              		.global	cy_meta_flashprotect
  21              		.global	cy_meta_wonvl
  22              		.global	cy_meta_custnvl
  23              		.global	cy_meta_configecc
  24              		.section	.cyconfigecc,"a",%progbits
  25              		.align	2
  26              		.type	cy_meta_configecc, %object
  27              		.size	cy_meta_configecc, 1444
  28              	cy_meta_configecc:
  29 0000 03       		.byte	3
  30 0001 52       		.byte	82
  31 0002 00       		.byte	0
  32 0003 40       		.byte	64
  33 0004 02       		.byte	2
  34 0005 64       		.byte	100
  35 0006 00       		.byte	0
  36 0007 40       		.byte	64
  37 0008 04       		.byte	4
  38 0009 65       		.byte	101
  39 000a 00       		.byte	0
  40 000b 40       		.byte	64
  41 000c 04       		.byte	4
  42 000d 02       		.byte	2
  43 000e 01       		.byte	1
  44 000f 40       		.byte	64
  45 0010 01       		.byte	1
  46 0011 03       		.byte	3
  47 0012 01       		.byte	1
  48 0013 40       		.byte	64
  49 0014 44       		.byte	68
  50 0015 04       		.byte	4
  51 0016 01       		.byte	1
  52 0017 40       		.byte	64
  53 0018 31       		.byte	49
  54 0019 05       		.byte	5
  55 001a 01       		.byte	1
  56 001b 40       		.byte	64
  57 001c 53       		.byte	83
ARM GAS  C:\Users\Lucas\AppData\Local\Temp\ccdECdEk.s 			page 2


  58 001d 06       		.byte	6
  59 001e 01       		.byte	1
  60 001f 40       		.byte	64
  61 0020 43       		.byte	67
  62 0021 07       		.byte	7
  63 0022 01       		.byte	1
  64 0023 40       		.byte	64
  65 0024 01       		.byte	1
  66 0025 09       		.byte	9
  67 0026 01       		.byte	1
  68 0027 40       		.byte	64
  69 0028 02       		.byte	2
  70 0029 0B       		.byte	11
  71 002a 01       		.byte	1
  72 002b 40       		.byte	64
  73 002c 53       		.byte	83
  74 002d 14       		.byte	20
  75 002e 01       		.byte	1
  76 002f 40       		.byte	64
  77 0030 4F       		.byte	79
  78 0031 15       		.byte	21
  79 0032 01       		.byte	1
  80 0033 40       		.byte	64
  81 0034 4C       		.byte	76
  82 0035 16       		.byte	22
  83 0036 01       		.byte	1
  84 0037 40       		.byte	64
  85 0038 51       		.byte	81
  86 0039 17       		.byte	23
  87 003a 01       		.byte	1
  88 003b 40       		.byte	64
  89 003c 02       		.byte	2
  90 003d 1B       		.byte	27
  91 003e 01       		.byte	1
  92 003f 40       		.byte	64
  93 0040 03       		.byte	3
  94 0041 40       		.byte	64
  95 0042 01       		.byte	1
  96 0043 40       		.byte	64
  97 0044 02       		.byte	2
  98 0045 41       		.byte	65
  99 0046 01       		.byte	1
 100 0047 40       		.byte	64
 101 0048 02       		.byte	2
 102 0049 42       		.byte	66
 103 004a 01       		.byte	1
 104 004b 40       		.byte	64
 105 004c 02       		.byte	2
 106 004d 43       		.byte	67
 107 004e 01       		.byte	1
 108 004f 40       		.byte	64
 109 0050 02       		.byte	2
 110 0051 45       		.byte	69
 111 0052 01       		.byte	1
 112 0053 40       		.byte	64
 113 0054 03       		.byte	3
 114 0055 46       		.byte	70
ARM GAS  C:\Users\Lucas\AppData\Local\Temp\ccdECdEk.s 			page 3


 115 0056 01       		.byte	1
 116 0057 40       		.byte	64
 117 0058 03       		.byte	3
 118 0059 47       		.byte	71
 119 005a 01       		.byte	1
 120 005b 40       		.byte	64
 121 005c 04       		.byte	4
 122 005d 48       		.byte	72
 123 005e 01       		.byte	1
 124 005f 40       		.byte	64
 125 0060 03       		.byte	3
 126 0061 49       		.byte	73
 127 0062 01       		.byte	1
 128 0063 40       		.byte	64
 129 0064 06       		.byte	6
 130 0065 4C       		.byte	76
 131 0066 01       		.byte	1
 132 0067 40       		.byte	64
 133 0068 08       		.byte	8
 134 0069 4D       		.byte	77
 135 006a 01       		.byte	1
 136 006b 40       		.byte	64
 137 006c 04       		.byte	4
 138 006d 50       		.byte	80
 139 006e 01       		.byte	1
 140 006f 40       		.byte	64
 141 0070 01       		.byte	1
 142 0071 51       		.byte	81
 143 0072 01       		.byte	1
 144 0073 40       		.byte	64
 145 0074 08       		.byte	8
 146 0075 40       		.byte	64
 147 0076 61       		.byte	97
 148 0077 80       		.byte	-128
 149 0078 64       		.byte	100
 150 0079 40       		.byte	64
 151 007a 84       		.byte	-124
 152 007b 07       		.byte	7
 153 007c 86       		.byte	-122
 154 007d 47       		.byte	71
 155 007e 84       		.byte	-124
 156 007f 0F       		.byte	15
 157 0080 85       		.byte	-123
 158 0081 38       		.byte	56
 159 0082 86       		.byte	-122
 160 0083 72       		.byte	114
 161 0084 87       		.byte	-121
 162 0085 78       		.byte	120
 163 0086 B8       		.byte	-72
 164 0087 08       		.byte	8
 165 0088 BE       		.byte	-66
 166 0089 04       		.byte	4
 167 008a D8       		.byte	-40
 168 008b 04       		.byte	4
 169 008c DF       		.byte	-33
 170 008d 01       		.byte	1
 171 008e 18       		.byte	24
ARM GAS  C:\Users\Lucas\AppData\Local\Temp\ccdECdEk.s 			page 4


 172 008f 10       		.byte	16
 173 0090 01       		.byte	1
 174 0091 21       		.byte	33
 175 0092 02       		.byte	2
 176 0093 02       		.byte	2
 177 0094 03       		.byte	3
 178 0095 02       		.byte	2
 179 0096 05       		.byte	5
 180 0097 21       		.byte	33
 181 0098 06       		.byte	6
 182 0099 01       		.byte	1
 183 009a 07       		.byte	7
 184 009b 04       		.byte	4
 185 009c 08       		.byte	8
 186 009d 02       		.byte	2
 187 009e 09       		.byte	9
 188 009f 21       		.byte	33
 189 00a0 0B       		.byte	11
 190 00a1 08       		.byte	8
 191 00a2 0D       		.byte	13
 192 00a3 10       		.byte	16
 193 00a4 0E       		.byte	14
 194 00a5 02       		.byte	2
 195 00a6 0F       		.byte	15
 196 00a7 21       		.byte	33
 197 00a8 20       		.byte	32
 198 00a9 02       		.byte	2
 199 00aa 24       		.byte	36
 200 00ab 02       		.byte	2
 201 00ac 27       		.byte	39
 202 00ad 1E       		.byte	30
 203 00ae 2B       		.byte	43
 204 00af 01       		.byte	1
 205 00b0 32       		.byte	50
 206 00b1 01       		.byte	1
 207 00b2 34       		.byte	52
 208 00b3 02       		.byte	2
 209 00b4 35       		.byte	53
 210 00b5 20       		.byte	32
 211 00b6 37       		.byte	55
 212 00b7 1F       		.byte	31
 213 00b8 3E       		.byte	62
 214 00b9 10       		.byte	16
 215 00ba 3F       		.byte	63
 216 00bb 50       		.byte	80
 217 00bc 40       		.byte	64
 218 00bd 02       		.byte	2
 219 00be 41       		.byte	65
 220 00bf 03       		.byte	3
 221 00c0 42       		.byte	66
 222 00c1 20       		.byte	32
 223 00c2 44       		.byte	68
 224 00c3 01       		.byte	1
 225 00c4 45       		.byte	69
 226 00c5 FE       		.byte	-2
 227 00c6 46       		.byte	70
 228 00c7 CD       		.byte	-51
ARM GAS  C:\Users\Lucas\AppData\Local\Temp\ccdECdEk.s 			page 5


 229 00c8 47       		.byte	71
 230 00c9 0B       		.byte	11
 231 00ca 48       		.byte	72
 232 00cb 1F       		.byte	31
 233 00cc 49       		.byte	73
 234 00cd FF       		.byte	-1
 235 00ce 4A       		.byte	74
 236 00cf FF       		.byte	-1
 237 00d0 4B       		.byte	75
 238 00d1 FF       		.byte	-1
 239 00d2 4C       		.byte	76
 240 00d3 22       		.byte	34
 241 00d4 4E       		.byte	78
 242 00d5 F0       		.byte	-16
 243 00d6 4F       		.byte	79
 244 00d7 0C       		.byte	12
 245 00d8 50       		.byte	80
 246 00d9 8C       		.byte	-116
 247 00da 51       		.byte	81
 248 00db 10       		.byte	16
 249 00dc 56       		.byte	86
 250 00dd 02       		.byte	2
 251 00de 58       		.byte	88
 252 00df 04       		.byte	4
 253 00e0 59       		.byte	89
 254 00e1 04       		.byte	4
 255 00e2 5A       		.byte	90
 256 00e3 24       		.byte	36
 257 00e4 5B       		.byte	91
 258 00e5 24       		.byte	36
 259 00e6 5C       		.byte	92
 260 00e7 08       		.byte	8
 261 00e8 5D       		.byte	93
 262 00e9 88       		.byte	-120
 263 00ea 5F       		.byte	95
 264 00eb 11       		.byte	17
 265 00ec 68       		.byte	104
 266 00ed 40       		.byte	64
 267 00ee 69       		.byte	105
 268 00ef 01       		.byte	1
 269 00f0 6A       		.byte	106
 270 00f1 C0       		.byte	-64
 271 00f2 6B       		.byte	107
 272 00f3 01       		.byte	1
 273 00f4 83       		.byte	-125
 274 00f5 03       		.byte	3
 275 00f6 88       		.byte	-120
 276 00f7 01       		.byte	1
 277 00f8 92       		.byte	-110
 278 00f9 02       		.byte	2
 279 00fa 95       		.byte	-107
 280 00fb 01       		.byte	1
 281 00fc 9A       		.byte	-102
 282 00fd 01       		.byte	1
 283 00fe 9E       		.byte	-98
 284 00ff 02       		.byte	2
 285 0100 A2       		.byte	-94
ARM GAS  C:\Users\Lucas\AppData\Local\Temp\ccdECdEk.s 			page 6


 286 0101 01       		.byte	1
 287 0102 B0       		.byte	-80
 288 0103 01       		.byte	1
 289 0104 B2       		.byte	-78
 290 0105 02       		.byte	2
 291 0106 B3       		.byte	-77
 292 0107 01       		.byte	1
 293 0108 B5       		.byte	-75
 294 0109 02       		.byte	2
 295 010a BE       		.byte	-66
 296 010b 05       		.byte	5
 297 010c BF       		.byte	-65
 298 010d 04       		.byte	4
 299 010e D6       		.byte	-42
 300 010f 08       		.byte	8
 301 0110 D8       		.byte	-40
 302 0111 04       		.byte	4
 303 0112 D9       		.byte	-39
 304 0113 04       		.byte	4
 305 0114 DB       		.byte	-37
 306 0115 04       		.byte	4
 307 0116 DF       		.byte	-33
 308 0117 01       		.byte	1
 309 0118 01       		.byte	1
 310 0119 50       		.byte	80
 311 011a 02       		.byte	2
 312 011b 20       		.byte	32
 313 011c 03       		.byte	3
 314 011d C0       		.byte	-64
 315 011e 07       		.byte	7
 316 011f 08       		.byte	8
 317 0120 0E       		.byte	14
 318 0121 02       		.byte	2
 319 0122 0F       		.byte	15
 320 0123 84       		.byte	-124
 321 0124 10       		.byte	16
 322 0125 A0       		.byte	-96
 323 0126 16       		.byte	22
 324 0127 80       		.byte	-128
 325 0128 19       		.byte	25
 326 0129 18       		.byte	24
 327 012a 1E       		.byte	30
 328 012b 80       		.byte	-128
 329 012c 1F       		.byte	31
 330 012d 04       		.byte	4
 331 012e 20       		.byte	32
 332 012f 05       		.byte	5
 333 0130 25       		.byte	37
 334 0131 08       		.byte	8
 335 0132 27       		.byte	39
 336 0133 08       		.byte	8
 337 0134 29       		.byte	41
 338 0135 08       		.byte	8
 339 0136 2B       		.byte	43
 340 0137 08       		.byte	8
 341 0138 31       		.byte	49
 342 0139 0C       		.byte	12
ARM GAS  C:\Users\Lucas\AppData\Local\Temp\ccdECdEk.s 			page 7


 343 013a 37       		.byte	55
 344 013b 08       		.byte	8
 345 013c 39       		.byte	57
 346 013d 55       		.byte	85
 347 013e 3F       		.byte	63
 348 013f 01       		.byte	1
 349 0140 40       		.byte	64
 350 0141 15       		.byte	21
 351 0142 45       		.byte	69
 352 0143 20       		.byte	32
 353 0144 47       		.byte	71
 354 0145 20       		.byte	32
 355 0146 4A       		.byte	74
 356 0147 90       		.byte	-112
 357 0148 51       		.byte	81
 358 0149 24       		.byte	36
 359 014a 53       		.byte	83
 360 014b 80       		.byte	-128
 361 014c 5E       		.byte	94
 362 014d 40       		.byte	64
 363 014e 5F       		.byte	95
 364 014f 20       		.byte	32
 365 0150 66       		.byte	102
 366 0151 80       		.byte	-128
 367 0152 67       		.byte	103
 368 0153 05       		.byte	5
 369 0154 68       		.byte	104
 370 0155 A0       		.byte	-96
 371 0156 69       		.byte	105
 372 0157 55       		.byte	85
 373 0158 78       		.byte	120
 374 0159 20       		.byte	32
 375 015a 82       		.byte	-126
 376 015b 20       		.byte	32
 377 015c 83       		.byte	-125
 378 015d 08       		.byte	8
 379 015e 90       		.byte	-112
 380 015f 10       		.byte	16
 381 0160 98       		.byte	-104
 382 0161 20       		.byte	32
 383 0162 B0       		.byte	-80
 384 0163 20       		.byte	32
 385 0164 C0       		.byte	-64
 386 0165 4F       		.byte	79
 387 0166 C2       		.byte	-62
 388 0167 D0       		.byte	-48
 389 0168 C4       		.byte	-60
 390 0169 1C       		.byte	28
 391 016a CA       		.byte	-54
 392 016b 06       		.byte	6
 393 016c CC       		.byte	-52
 394 016d 40       		.byte	64
 395 016e CE       		.byte	-50
 396 016f 8F       		.byte	-113
 397 0170 D0       		.byte	-48
 398 0171 0E       		.byte	14
 399 0172 D6       		.byte	-42
ARM GAS  C:\Users\Lucas\AppData\Local\Temp\ccdECdEk.s 			page 8


 400 0173 30       		.byte	48
 401 0174 D8       		.byte	-40
 402 0175 30       		.byte	48
 403 0176 DE       		.byte	-34
 404 0177 04       		.byte	4
 405 0178 E6       		.byte	-26
 406 0179 01       		.byte	1
 407 017a 09       		.byte	9
 408 017b 07       		.byte	7
 409 017c 0D       		.byte	13
 410 017d 04       		.byte	4
 411 017e 12       		.byte	18
 412 017f 01       		.byte	1
 413 0180 15       		.byte	21
 414 0181 02       		.byte	2
 415 0182 17       		.byte	23
 416 0183 11       		.byte	17
 417 0184 18       		.byte	24
 418 0185 01       		.byte	1
 419 0186 1B       		.byte	27
 420 0187 08       		.byte	8
 421 0188 1C       		.byte	28
 422 0189 01       		.byte	1
 423 018a 25       		.byte	37
 424 018b 07       		.byte	7
 425 018c 26       		.byte	38
 426 018d 01       		.byte	1
 427 018e 29       		.byte	41
 428 018f 01       		.byte	1
 429 0190 2B       		.byte	43
 430 0191 12       		.byte	18
 431 0192 33       		.byte	51
 432 0193 18       		.byte	24
 433 0194 35       		.byte	53
 434 0195 03       		.byte	3
 435 0196 36       		.byte	54
 436 0197 01       		.byte	1
 437 0198 37       		.byte	55
 438 0199 04       		.byte	4
 439 019a 38       		.byte	56
 440 019b 80       		.byte	-128
 441 019c 3B       		.byte	59
 442 019d 02       		.byte	2
 443 019e 3F       		.byte	63
 444 019f 04       		.byte	4
 445 01a0 40       		.byte	64
 446 01a1 65       		.byte	101
 447 01a2 41       		.byte	65
 448 01a3 04       		.byte	4
 449 01a4 42       		.byte	66
 450 01a5 03       		.byte	3
 451 01a6 44       		.byte	68
 452 01a7 02       		.byte	2
 453 01a8 45       		.byte	69
 454 01a9 0C       		.byte	12
 455 01aa 46       		.byte	70
 456 01ab 0E       		.byte	14
ARM GAS  C:\Users\Lucas\AppData\Local\Temp\ccdECdEk.s 			page 9


 457 01ac 48       		.byte	72
 458 01ad 05       		.byte	5
 459 01ae 49       		.byte	73
 460 01af FF       		.byte	-1
 461 01b0 4A       		.byte	74
 462 01b1 FF       		.byte	-1
 463 01b2 4B       		.byte	75
 464 01b3 FF       		.byte	-1
 465 01b4 4C       		.byte	76
 466 01b5 62       		.byte	98
 467 01b6 4D       		.byte	77
 468 01b7 A0       		.byte	-96
 469 01b8 4E       		.byte	78
 470 01b9 F0       		.byte	-16
 471 01ba 4F       		.byte	79
 472 01bb 41       		.byte	65
 473 01bc 50       		.byte	80
 474 01bd 0C       		.byte	12
 475 01be 54       		.byte	84
 476 01bf 41       		.byte	65
 477 01c0 58       		.byte	88
 478 01c1 04       		.byte	4
 479 01c2 59       		.byte	89
 480 01c3 04       		.byte	4
 481 01c4 5A       		.byte	90
 482 01c5 04       		.byte	4
 483 01c6 5B       		.byte	91
 484 01c7 04       		.byte	4
 485 01c8 5C       		.byte	92
 486 01c9 11       		.byte	17
 487 01ca 5D       		.byte	93
 488 01cb 01       		.byte	1
 489 01cc 5F       		.byte	95
 490 01cd 01       		.byte	1
 491 01ce 66       		.byte	102
 492 01cf 40       		.byte	64
 493 01d0 67       		.byte	103
 494 01d1 02       		.byte	2
 495 01d2 69       		.byte	105
 496 01d3 10       		.byte	16
 497 01d4 6A       		.byte	106
 498 01d5 30       		.byte	48
 499 01d6 6B       		.byte	107
 500 01d7 10       		.byte	16
 501 01d8 6D       		.byte	109
 502 01d9 10       		.byte	16
 503 01da 6E       		.byte	110
 504 01db 10       		.byte	16
 505 01dc 6F       		.byte	111
 506 01dd 12       		.byte	18
 507 01de 86       		.byte	-122
 508 01df 01       		.byte	1
 509 01e0 8A       		.byte	-118
 510 01e1 02       		.byte	2
 511 01e2 8B       		.byte	-117
 512 01e3 01       		.byte	1
 513 01e4 8D       		.byte	-115
ARM GAS  C:\Users\Lucas\AppData\Local\Temp\ccdECdEk.s 			page 10


 514 01e5 66       		.byte	102
 515 01e6 8E       		.byte	-114
 516 01e7 02       		.byte	2
 517 01e8 8F       		.byte	-113
 518 01e9 18       		.byte	24
 519 01ea 9B       		.byte	-101
 520 01eb 2A       		.byte	42
 521 01ec 9C       		.byte	-100
 522 01ed 02       		.byte	2
 523 01ee 9D       		.byte	-99
 524 01ef 66       		.byte	102
 525 01f0 9F       		.byte	-97
 526 01f1 08       		.byte	8
 527 01f2 A1       		.byte	-95
 528 01f3 01       		.byte	1
 529 01f4 A6       		.byte	-90
 530 01f5 02       		.byte	2
 531 01f6 A7       		.byte	-89
 532 01f7 10       		.byte	16
 533 01f8 A9       		.byte	-87
 534 01f9 06       		.byte	6
 535 01fa AB       		.byte	-85
 536 01fb 08       		.byte	8
 537 01fc AC       		.byte	-84
 538 01fd 02       		.byte	2
 539 01fe AD       		.byte	-83
 540 01ff 54       		.byte	84
 541 0200 AF       		.byte	-81
 542 0201 08       		.byte	8
 543 0202 B0       		.byte	-80
 544 0203 02       		.byte	2
 545 0204 B1       		.byte	-79
 546 0205 1E       		.byte	30
 547 0206 B5       		.byte	-75
 548 0207 01       		.byte	1
 549 0208 B6       		.byte	-74
 550 0209 01       		.byte	1
 551 020a B7       		.byte	-73
 552 020b 60       		.byte	96
 553 020c B9       		.byte	-71
 554 020d 80       		.byte	-128
 555 020e BB       		.byte	-69
 556 020f 02       		.byte	2
 557 0210 BE       		.byte	-66
 558 0211 01       		.byte	1
 559 0212 BF       		.byte	-65
 560 0213 50       		.byte	80
 561 0214 D6       		.byte	-42
 562 0215 08       		.byte	8
 563 0216 D8       		.byte	-40
 564 0217 04       		.byte	4
 565 0218 D9       		.byte	-39
 566 0219 04       		.byte	4
 567 021a DB       		.byte	-37
 568 021b 04       		.byte	4
 569 021c DC       		.byte	-36
 570 021d 10       		.byte	16
ARM GAS  C:\Users\Lucas\AppData\Local\Temp\ccdECdEk.s 			page 11


 571 021e DF       		.byte	-33
 572 021f 01       		.byte	1
 573 0220 00       		.byte	0
 574 0221 20       		.byte	32
 575 0222 01       		.byte	1
 576 0223 A0       		.byte	-96
 577 0224 02       		.byte	2
 578 0225 10       		.byte	16
 579 0226 04       		.byte	4
 580 0227 02       		.byte	2
 581 0228 06       		.byte	6
 582 0229 40       		.byte	64
 583 022a 09       		.byte	9
 584 022b 80       		.byte	-128
 585 022c 0C       		.byte	12
 586 022d 40       		.byte	64
 587 022e 0E       		.byte	14
 588 022f 48       		.byte	72
 589 0230 10       		.byte	16
 590 0231 60       		.byte	96
 591 0232 11       		.byte	17
 592 0233 02       		.byte	2
 593 0234 12       		.byte	18
 594 0235 02       		.byte	2
 595 0236 17       		.byte	23
 596 0237 04       		.byte	4
 597 0238 1A       		.byte	26
 598 0239 80       		.byte	-128
 599 023a 1B       		.byte	27
 600 023b 80       		.byte	-128
 601 023c 1E       		.byte	30
 602 023d 02       		.byte	2
 603 023e 20       		.byte	32
 604 023f 40       		.byte	64
 605 0240 21       		.byte	33
 606 0241 60       		.byte	96
 607 0242 22       		.byte	34
 608 0243 02       		.byte	2
 609 0244 24       		.byte	36
 610 0245 0A       		.byte	10
 611 0246 25       		.byte	37
 612 0247 41       		.byte	65
 613 0248 27       		.byte	39
 614 0249 28       		.byte	40
 615 024a 29       		.byte	41
 616 024b A0       		.byte	-96
 617 024c 2B       		.byte	43
 618 024d 90       		.byte	-112
 619 024e 2C       		.byte	44
 620 024f 04       		.byte	4
 621 0250 2F       		.byte	47
 622 0251 20       		.byte	32
 623 0252 30       		.byte	48
 624 0253 20       		.byte	32
 625 0254 31       		.byte	49
 626 0255 80       		.byte	-128
 627 0256 37       		.byte	55
ARM GAS  C:\Users\Lucas\AppData\Local\Temp\ccdECdEk.s 			page 12


 628 0257 18       		.byte	24
 629 0258 38       		.byte	56
 630 0259 40       		.byte	64
 631 025a 3A       		.byte	58
 632 025b 10       		.byte	16
 633 025c 3D       		.byte	61
 634 025d 60       		.byte	96
 635 025e 44       		.byte	68
 636 025f 20       		.byte	32
 637 0260 45       		.byte	69
 638 0261 01       		.byte	1
 639 0262 47       		.byte	71
 640 0263 20       		.byte	32
 641 0264 4C       		.byte	76
 642 0265 01       		.byte	1
 643 0266 4E       		.byte	78
 644 0267 08       		.byte	8
 645 0268 4F       		.byte	79
 646 0269 08       		.byte	8
 647 026a 57       		.byte	87
 648 026b 40       		.byte	64
 649 026c 59       		.byte	89
 650 026d 10       		.byte	16
 651 026e 5B       		.byte	91
 652 026f 40       		.byte	64
 653 0270 5E       		.byte	94
 654 0271 A0       		.byte	-96
 655 0272 5F       		.byte	95
 656 0273 04       		.byte	4
 657 0274 62       		.byte	98
 658 0275 10       		.byte	16
 659 0276 63       		.byte	99
 660 0277 01       		.byte	1
 661 0278 65       		.byte	101
 662 0279 04       		.byte	4
 663 027a 82       		.byte	-126
 664 027b 04       		.byte	4
 665 027c 83       		.byte	-125
 666 027d 01       		.byte	1
 667 027e 93       		.byte	-109
 668 027f 0C       		.byte	12
 669 0280 99       		.byte	-103
 670 0281 14       		.byte	20
 671 0282 9B       		.byte	-101
 672 0283 40       		.byte	64
 673 0284 A2       		.byte	-94
 674 0285 D0       		.byte	-48
 675 0286 A6       		.byte	-90
 676 0287 01       		.byte	1
 677 0288 A7       		.byte	-89
 678 0289 40       		.byte	64
 679 028a AD       		.byte	-83
 680 028b 04       		.byte	4
 681 028c B4       		.byte	-76
 682 028d 04       		.byte	4
 683 028e B6       		.byte	-74
 684 028f 40       		.byte	64
ARM GAS  C:\Users\Lucas\AppData\Local\Temp\ccdECdEk.s 			page 13


 685 0290 C0       		.byte	-64
 686 0291 07       		.byte	7
 687 0292 C2       		.byte	-62
 688 0293 D1       		.byte	-47
 689 0294 C4       		.byte	-60
 690 0295 25       		.byte	37
 691 0296 CA       		.byte	-54
 692 0297 6F       		.byte	111
 693 0298 CC       		.byte	-52
 694 0299 6C       		.byte	108
 695 029a CE       		.byte	-50
 696 029b 3C       		.byte	60
 697 029c D0       		.byte	-48
 698 029d E0       		.byte	-32
 699 029e D2       		.byte	-46
 700 029f 30       		.byte	48
 701 02a0 D6       		.byte	-42
 702 02a1 7C       		.byte	124
 703 02a2 D8       		.byte	-40
 704 02a3 4C       		.byte	76
 705 02a4 E8       		.byte	-24
 706 02a5 08       		.byte	8
 707 02a6 E8       		.byte	-24
 708 02a7 08       		.byte	8
 709 02a8 E6       		.byte	-26
 710 02a9 01       		.byte	1
 711 02aa EA       		.byte	-22
 712 02ab 80       		.byte	-128
 713 02ac 06       		.byte	6
 714 02ad 08       		.byte	8
 715 02ae 07       		.byte	7
 716 02af 08       		.byte	8
 717 02b0 0C       		.byte	12
 718 02b1 0C       		.byte	12
 719 02b2 0E       		.byte	14
 720 02b3 03       		.byte	3
 721 02b4 0F       		.byte	15
 722 02b5 14       		.byte	20
 723 02b6 10       		.byte	16
 724 02b7 01       		.byte	1
 725 02b8 11       		.byte	17
 726 02b9 02       		.byte	2
 727 02ba 12       		.byte	18
 728 02bb 06       		.byte	6
 729 02bc 17       		.byte	23
 730 02bd 18       		.byte	24
 731 02be 1A       		.byte	26
 732 02bf 0C       		.byte	12
 733 02c0 1B       		.byte	27
 734 02c1 04       		.byte	4
 735 02c2 1C       		.byte	28
 736 02c3 01       		.byte	1
 737 02c4 1E       		.byte	30
 738 02c5 0E       		.byte	14
 739 02c6 1F       		.byte	31
 740 02c7 0C       		.byte	12
 741 02c8 26       		.byte	38
ARM GAS  C:\Users\Lucas\AppData\Local\Temp\ccdECdEk.s 			page 14


 742 02c9 03       		.byte	3
 743 02ca 2B       		.byte	43
 744 02cb 01       		.byte	1
 745 02cc 2D       		.byte	45
 746 02cd 18       		.byte	24
 747 02ce 2F       		.byte	47
 748 02cf 04       		.byte	4
 749 02d0 31       		.byte	49
 750 02d1 02       		.byte	2
 751 02d2 33       		.byte	51
 752 02d3 01       		.byte	1
 753 02d4 36       		.byte	54
 754 02d5 0F       		.byte	15
 755 02d6 37       		.byte	55
 756 02d7 1C       		.byte	28
 757 02d8 3A       		.byte	58
 758 02d9 80       		.byte	-128
 759 02da 3B       		.byte	59
 760 02db 80       		.byte	-128
 761 02dc 3F       		.byte	63
 762 02dd 01       		.byte	1
 763 02de 40       		.byte	64
 764 02df 01       		.byte	1
 765 02e0 45       		.byte	69
 766 02e1 04       		.byte	4
 767 02e2 49       		.byte	73
 768 02e3 FF       		.byte	-1
 769 02e4 4A       		.byte	74
 770 02e5 07       		.byte	7
 771 02e6 4B       		.byte	75
 772 02e7 FF       		.byte	-1
 773 02e8 4C       		.byte	76
 774 02e9 40       		.byte	64
 775 02ea 4D       		.byte	77
 776 02eb 20       		.byte	32
 777 02ec 4E       		.byte	78
 778 02ed F0       		.byte	-16
 779 02ee 4F       		.byte	79
 780 02ef 05       		.byte	5
 781 02f0 50       		.byte	80
 782 02f1 08       		.byte	8
 783 02f2 54       		.byte	84
 784 02f3 01       		.byte	1
 785 02f4 58       		.byte	88
 786 02f5 04       		.byte	4
 787 02f6 59       		.byte	89
 788 02f7 04       		.byte	4
 789 02f8 5A       		.byte	90
 790 02f9 04       		.byte	4
 791 02fa 5B       		.byte	91
 792 02fb 04       		.byte	4
 793 02fc 5C       		.byte	92
 794 02fd 11       		.byte	17
 795 02fe 5D       		.byte	93
 796 02ff 11       		.byte	17
 797 0300 5F       		.byte	95
 798 0301 01       		.byte	1
ARM GAS  C:\Users\Lucas\AppData\Local\Temp\ccdECdEk.s 			page 15


 799 0302 60       		.byte	96
 800 0303 40       		.byte	64
 801 0304 61       		.byte	97
 802 0305 A8       		.byte	-88
 803 0306 62       		.byte	98
 804 0307 40       		.byte	64
 805 0308 63       		.byte	99
 806 0309 20       		.byte	32
 807 030a 81       		.byte	-127
 808 030b 02       		.byte	2
 809 030c 82       		.byte	-126
 810 030d 0B       		.byte	11
 811 030e 83       		.byte	-125
 812 030f 01       		.byte	1
 813 0310 84       		.byte	-124
 814 0311 02       		.byte	2
 815 0312 85       		.byte	-123
 816 0313 07       		.byte	7
 817 0314 88       		.byte	-120
 818 0315 10       		.byte	16
 819 0316 89       		.byte	-119
 820 0317 07       		.byte	7
 821 0318 8C       		.byte	-116
 822 0319 20       		.byte	32
 823 031a 90       		.byte	-112
 824 031b 34       		.byte	52
 825 031c 92       		.byte	-110
 826 031d 0B       		.byte	11
 827 031e 94       		.byte	-108
 828 031f 03       		.byte	3
 829 0320 98       		.byte	-104
 830 0321 0F       		.byte	15
 831 0322 99       		.byte	-103
 832 0323 01       		.byte	1
 833 0324 9A       		.byte	-102
 834 0325 30       		.byte	48
 835 0326 9B       		.byte	-101
 836 0327 06       		.byte	6
 837 0328 9C       		.byte	-100
 838 0329 01       		.byte	1
 839 032a A0       		.byte	-96
 840 032b 3F       		.byte	63
 841 032c A4       		.byte	-92
 842 032d 34       		.byte	52
 843 032e A5       		.byte	-91
 844 032f 04       		.byte	4
 845 0330 A6       		.byte	-90
 846 0331 0B       		.byte	11
 847 0332 A7       		.byte	-89
 848 0333 01       		.byte	1
 849 0334 A8       		.byte	-88
 850 0335 30       		.byte	48
 851 0336 B0       		.byte	-80
 852 0337 38       		.byte	56
 853 0338 B2       		.byte	-78
 854 0339 04       		.byte	4
 855 033a B3       		.byte	-77
ARM GAS  C:\Users\Lucas\AppData\Local\Temp\ccdECdEk.s 			page 16


 856 033b 07       		.byte	7
 857 033c B6       		.byte	-74
 858 033d 03       		.byte	3
 859 033e BA       		.byte	-70
 860 033f 02       		.byte	2
 861 0340 BE       		.byte	-66
 862 0341 04       		.byte	4
 863 0342 D4       		.byte	-44
 864 0343 18       		.byte	24
 865 0344 D6       		.byte	-42
 866 0345 04       		.byte	4
 867 0346 D8       		.byte	-40
 868 0347 04       		.byte	4
 869 0348 D9       		.byte	-39
 870 0349 04       		.byte	4
 871 034a DB       		.byte	-37
 872 034b 04       		.byte	4
 873 034c DC       		.byte	-36
 874 034d 11       		.byte	17
 875 034e DD       		.byte	-35
 876 034f 10       		.byte	16
 877 0350 DF       		.byte	-33
 878 0351 01       		.byte	1
 879 0352 01       		.byte	1
 880 0353 81       		.byte	-127
 881 0354 02       		.byte	2
 882 0355 20       		.byte	32
 883 0356 03       		.byte	3
 884 0357 40       		.byte	64
 885 0358 04       		.byte	4
 886 0359 08       		.byte	8
 887 035a 05       		.byte	5
 888 035b 08       		.byte	8
 889 035c 06       		.byte	6
 890 035d 4A       		.byte	74
 891 035e 09       		.byte	9
 892 035f 80       		.byte	-128
 893 0360 0A       		.byte	10
 894 0361 08       		.byte	8
 895 0362 0B       		.byte	11
 896 0363 40       		.byte	64
 897 0364 0C       		.byte	12
 898 0365 80       		.byte	-128
 899 0366 0D       		.byte	13
 900 0367 08       		.byte	8
 901 0368 0E       		.byte	14
 902 0369 48       		.byte	72
 903 036a 10       		.byte	16
 904 036b 20       		.byte	32
 905 036c 14       		.byte	20
 906 036d 40       		.byte	64
 907 036e 17       		.byte	23
 908 036f 24       		.byte	36
 909 0370 19       		.byte	25
 910 0371 80       		.byte	-128
 911 0372 1E       		.byte	30
 912 0373 61       		.byte	97
ARM GAS  C:\Users\Lucas\AppData\Local\Temp\ccdECdEk.s 			page 17


 913 0374 21       		.byte	33
 914 0375 80       		.byte	-128
 915 0376 22       		.byte	34
 916 0377 01       		.byte	1
 917 0378 23       		.byte	35
 918 0379 10       		.byte	16
 919 037a 25       		.byte	37
 920 037b 08       		.byte	8
 921 037c 27       		.byte	39
 922 037d 10       		.byte	16
 923 037e 28       		.byte	40
 924 037f 04       		.byte	4
 925 0380 29       		.byte	41
 926 0381 80       		.byte	-128
 927 0382 2D       		.byte	45
 928 0383 08       		.byte	8
 929 0384 30       		.byte	48
 930 0385 20       		.byte	32
 931 0386 31       		.byte	49
 932 0387 80       		.byte	-128
 933 0388 32       		.byte	50
 934 0389 04       		.byte	4
 935 038a 33       		.byte	51
 936 038b 02       		.byte	2
 937 038c 37       		.byte	55
 938 038d 10       		.byte	16
 939 038e 3B       		.byte	59
 940 038f 44       		.byte	68
 941 0390 3D       		.byte	61
 942 0391 21       		.byte	33
 943 0392 3E       		.byte	62
 944 0393 04       		.byte	4
 945 0394 41       		.byte	65
 946 0395 40       		.byte	64
 947 0396 4A       		.byte	74
 948 0397 20       		.byte	32
 949 0398 4B       		.byte	75
 950 0399 04       		.byte	4
 951 039a 50       		.byte	80
 952 039b 20       		.byte	32
 953 039c 51       		.byte	81
 954 039d 10       		.byte	16
 955 039e 59       		.byte	89
 956 039f 24       		.byte	36
 957 03a0 5A       		.byte	90
 958 03a1 80       		.byte	-128
 959 03a2 5B       		.byte	91
 960 03a3 02       		.byte	2
 961 03a4 5E       		.byte	94
 962 03a5 01       		.byte	1
 963 03a6 66       		.byte	102
 964 03a7 01       		.byte	1
 965 03a8 67       		.byte	103
 966 03a9 0A       		.byte	10
 967 03aa 82       		.byte	-126
 968 03ab 01       		.byte	1
 969 03ac 87       		.byte	-121
ARM GAS  C:\Users\Lucas\AppData\Local\Temp\ccdECdEk.s 			page 18


 970 03ad 12       		.byte	18
 971 03ae 88       		.byte	-120
 972 03af 84       		.byte	-124
 973 03b0 89       		.byte	-119
 974 03b1 01       		.byte	1
 975 03b2 8A       		.byte	-118
 976 03b3 01       		.byte	1
 977 03b4 90       		.byte	-112
 978 03b5 08       		.byte	8
 979 03b6 91       		.byte	-111
 980 03b7 80       		.byte	-128
 981 03b8 92       		.byte	-110
 982 03b9 8C       		.byte	-116
 983 03ba 93       		.byte	-109
 984 03bb 6A       		.byte	106
 985 03bc 95       		.byte	-107
 986 03bd 20       		.byte	32
 987 03be 96       		.byte	-106
 988 03bf 40       		.byte	64
 989 03c0 97       		.byte	-105
 990 03c1 10       		.byte	16
 991 03c2 98       		.byte	-104
 992 03c3 40       		.byte	64
 993 03c4 99       		.byte	-103
 994 03c5 24       		.byte	36
 995 03c6 9A       		.byte	-102
 996 03c7 4A       		.byte	74
 997 03c8 9B       		.byte	-101
 998 03c9 24       		.byte	36
 999 03ca 9C       		.byte	-100
 1000 03cb 04       		.byte	4
 1001 03cc 9D       		.byte	-99
 1002 03cd 88       		.byte	-120
 1003 03ce 9F       		.byte	-97
 1004 03cf 50       		.byte	80
 1005 03d0 A1       		.byte	-95
 1006 03d1 10       		.byte	16
 1007 03d2 A2       		.byte	-94
 1008 03d3 04       		.byte	4
 1009 03d4 A3       		.byte	-93
 1010 03d5 02       		.byte	2
 1011 03d6 A4       		.byte	-92
 1012 03d7 20       		.byte	32
 1013 03d8 A5       		.byte	-91
 1014 03d9 80       		.byte	-128
 1015 03da A6       		.byte	-90
 1016 03db 30       		.byte	48
 1017 03dc A8       		.byte	-88
 1018 03dd 21       		.byte	33
 1019 03de C0       		.byte	-64
 1020 03df F5       		.byte	-11
 1021 03e0 C2       		.byte	-62
 1022 03e1 FB       		.byte	-5
 1023 03e2 C4       		.byte	-60
 1024 03e3 74       		.byte	116
 1025 03e4 CA       		.byte	-54
 1026 03e5 4C       		.byte	76
ARM GAS  C:\Users\Lucas\AppData\Local\Temp\ccdECdEk.s 			page 19


 1027 03e6 CC       		.byte	-52
 1028 03e7 2F       		.byte	47
 1029 03e8 CE       		.byte	-50
 1030 03e9 EA       		.byte	-22
 1031 03ea D0       		.byte	-48
 1032 03eb 08       		.byte	8
 1033 03ec D6       		.byte	-42
 1034 03ed 8F       		.byte	-113
 1035 03ee D8       		.byte	-40
 1036 03ef B0       		.byte	-80
 1037 03f0 01       		.byte	1
 1038 03f1 10       		.byte	16
 1039 03f2 05       		.byte	5
 1040 03f3 08       		.byte	8
 1041 03f4 0B       		.byte	11
 1042 03f5 04       		.byte	4
 1043 03f6 0F       		.byte	15
 1044 03f7 E3       		.byte	-29
 1045 03f8 11       		.byte	17
 1046 03f9 C0       		.byte	-64
 1047 03fa 15       		.byte	21
 1048 03fb 3C       		.byte	60
 1049 03fc 17       		.byte	23
 1050 03fd C2       		.byte	-62
 1051 03fe 19       		.byte	25
 1052 03ff 18       		.byte	24
 1053 0400 1A       		.byte	26
 1054 0401 01       		.byte	1
 1055 0402 1D       		.byte	29
 1056 0403 44       		.byte	68
 1057 0404 21       		.byte	33
 1058 0405 FF       		.byte	-1
 1059 0406 22       		.byte	34
 1060 0407 01       		.byte	1
 1061 0408 25       		.byte	37
 1062 0409 80       		.byte	-128
 1063 040a 29       		.byte	41
 1064 040b E7       		.byte	-25
 1065 040c 2B       		.byte	43
 1066 040d 18       		.byte	24
 1067 040e 2D       		.byte	45
 1068 040f DC       		.byte	-36
 1069 0410 2F       		.byte	47
 1070 0411 21       		.byte	33
 1071 0412 30       		.byte	48
 1072 0413 01       		.byte	1
 1073 0414 33       		.byte	51
 1074 0415 D8       		.byte	-40
 1075 0416 35       		.byte	53
 1076 0417 1F       		.byte	31
 1077 0418 37       		.byte	55
 1078 0419 38       		.byte	56
 1079 041a 3B       		.byte	59
 1080 041b 28       		.byte	40
 1081 041c 3E       		.byte	62
 1082 041d 01       		.byte	1
 1083 041e 56       		.byte	86
ARM GAS  C:\Users\Lucas\AppData\Local\Temp\ccdECdEk.s 			page 20


 1084 041f 02       		.byte	2
 1085 0420 57       		.byte	87
 1086 0421 11       		.byte	17
 1087 0422 58       		.byte	88
 1088 0423 04       		.byte	4
 1089 0424 59       		.byte	89
 1090 0425 04       		.byte	4
 1091 0426 5B       		.byte	91
 1092 0427 04       		.byte	4
 1093 0428 5C       		.byte	92
 1094 0429 10       		.byte	16
 1095 042a 5D       		.byte	93
 1096 042b 10       		.byte	16
 1097 042c 5F       		.byte	95
 1098 042d 01       		.byte	1
 1099 042e 84       		.byte	-124
 1100 042f 80       		.byte	-128
 1101 0430 8E       		.byte	-114
 1102 0431 18       		.byte	24
 1103 0432 90       		.byte	-112
 1104 0433 82       		.byte	-126
 1105 0434 92       		.byte	-110
 1106 0435 60       		.byte	96
 1107 0436 94       		.byte	-108
 1108 0437 01       		.byte	1
 1109 0438 98       		.byte	-104
 1110 0439 48       		.byte	72
 1111 043a 9A       		.byte	-102
 1112 043b 80       		.byte	-128
 1113 043c 9C       		.byte	-100
 1114 043d 62       		.byte	98
 1115 043e 9D       		.byte	-99
 1116 043f 01       		.byte	1
 1117 0440 9E       		.byte	-98
 1118 0441 88       		.byte	-120
 1119 0442 A4       		.byte	-92
 1120 0443 04       		.byte	4
 1121 0444 A8       		.byte	-88
 1122 0445 A0       		.byte	-96
 1123 0446 AC       		.byte	-84
 1124 0447 E0       		.byte	-32
 1125 0448 AE       		.byte	-82
 1126 0449 12       		.byte	18
 1127 044a B0       		.byte	-80
 1128 044b F8       		.byte	-8
 1129 044c B2       		.byte	-78
 1130 044d 01       		.byte	1
 1131 044e B4       		.byte	-76
 1132 044f 06       		.byte	6
 1133 0450 B7       		.byte	-73
 1134 0451 01       		.byte	1
 1135 0452 B8       		.byte	-72
 1136 0453 20       		.byte	32
 1137 0454 BE       		.byte	-66
 1138 0455 04       		.byte	4
 1139 0456 BF       		.byte	-65
 1140 0457 40       		.byte	64
ARM GAS  C:\Users\Lucas\AppData\Local\Temp\ccdECdEk.s 			page 21


 1141 0458 C0       		.byte	-64
 1142 0459 52       		.byte	82
 1143 045a C1       		.byte	-63
 1144 045b 01       		.byte	1
 1145 045c C5       		.byte	-59
 1146 045d 0C       		.byte	12
 1147 045e C6       		.byte	-58
 1148 045f E0       		.byte	-32
 1149 0460 C7       		.byte	-57
 1150 0461 0B       		.byte	11
 1151 0462 C8       		.byte	-56
 1152 0463 19       		.byte	25
 1153 0464 C9       		.byte	-55
 1154 0465 FF       		.byte	-1
 1155 0466 CA       		.byte	-54
 1156 0467 FF       		.byte	-1
 1157 0468 CB       		.byte	-53
 1158 0469 FF       		.byte	-1
 1159 046a CE       		.byte	-50
 1160 046b F0       		.byte	-16
 1161 046c CF       		.byte	-49
 1162 046d 44       		.byte	68
 1163 046e D0       		.byte	-48
 1164 046f 0C       		.byte	12
 1165 0470 D4       		.byte	-44
 1166 0471 20       		.byte	32
 1167 0472 D6       		.byte	-42
 1168 0473 04       		.byte	4
 1169 0474 D8       		.byte	-40
 1170 0475 04       		.byte	4
 1171 0476 D9       		.byte	-39
 1172 0477 04       		.byte	4
 1173 0478 DA       		.byte	-38
 1174 0479 04       		.byte	4
 1175 047a DB       		.byte	-37
 1176 047b 04       		.byte	4
 1177 047c DC       		.byte	-36
 1178 047d 01       		.byte	1
 1179 047e DD       		.byte	-35
 1180 047f 01       		.byte	1
 1181 0480 DF       		.byte	-33
 1182 0481 01       		.byte	1
 1183 0482 E6       		.byte	-26
 1184 0483 C0       		.byte	-64
 1185 0484 EA       		.byte	-22
 1186 0485 40       		.byte	64
 1187 0486 EB       		.byte	-21
 1188 0487 02       		.byte	2
 1189 0488 02       		.byte	2
 1190 0489 20       		.byte	32
 1191 048a 03       		.byte	3
 1192 048b 02       		.byte	2
 1193 048c 05       		.byte	5
 1194 048d 80       		.byte	-128
 1195 048e 06       		.byte	6
 1196 048f 01       		.byte	1
 1197 0490 09       		.byte	9
ARM GAS  C:\Users\Lucas\AppData\Local\Temp\ccdECdEk.s 			page 22


 1198 0491 80       		.byte	-128
 1199 0492 0A       		.byte	10
 1200 0493 08       		.byte	8
 1201 0494 0B       		.byte	11
 1202 0495 60       		.byte	96
 1203 0496 0F       		.byte	15
 1204 0497 08       		.byte	8
 1205 0498 10       		.byte	16
 1206 0499 28       		.byte	40
 1207 049a 12       		.byte	18
 1208 049b 01       		.byte	1
 1209 049c 17       		.byte	23
 1210 049d 01       		.byte	1
 1211 049e 19       		.byte	25
 1212 049f 04       		.byte	4
 1213 04a0 1A       		.byte	26
 1214 04a1 08       		.byte	8
 1215 04a2 1B       		.byte	27
 1216 04a3 12       		.byte	18
 1217 04a4 1F       		.byte	31
 1218 04a5 01       		.byte	1
 1219 04a6 23       		.byte	35
 1220 04a7 01       		.byte	1
 1221 04a8 24       		.byte	36
 1222 04a9 02       		.byte	2
 1223 04aa 26       		.byte	38
 1224 04ab 0C       		.byte	12
 1225 04ac 27       		.byte	39
 1226 04ad 05       		.byte	5
 1227 04ae 2C       		.byte	44
 1228 04af 40       		.byte	64
 1229 04b0 2D       		.byte	45
 1230 04b1 08       		.byte	8
 1231 04b2 2E       		.byte	46
 1232 04b3 40       		.byte	64
 1233 04b4 2F       		.byte	47
 1234 04b5 08       		.byte	8
 1235 04b6 32       		.byte	50
 1236 04b7 88       		.byte	-120
 1237 04b8 33       		.byte	51
 1238 04b9 08       		.byte	8
 1239 04ba 35       		.byte	53
 1240 04bb 01       		.byte	1
 1241 04bc 37       		.byte	55
 1242 04bd 64       		.byte	100
 1243 04be 3D       		.byte	61
 1244 04bf 80       		.byte	-128
 1245 04c0 3E       		.byte	62
 1246 04c1 0A       		.byte	10
 1247 04c2 3F       		.byte	63
 1248 04c3 10       		.byte	16
 1249 04c4 41       		.byte	65
 1250 04c5 90       		.byte	-112
 1251 04c6 48       		.byte	72
 1252 04c7 10       		.byte	16
 1253 04c8 4A       		.byte	74
 1254 04c9 02       		.byte	2
ARM GAS  C:\Users\Lucas\AppData\Local\Temp\ccdECdEk.s 			page 23


 1255 04ca 4B       		.byte	75
 1256 04cb 40       		.byte	64
 1257 04cc 50       		.byte	80
 1258 04cd 08       		.byte	8
 1259 04ce 53       		.byte	83
 1260 04cf 10       		.byte	16
 1261 04d0 58       		.byte	88
 1262 04d1 01       		.byte	1
 1263 04d2 5E       		.byte	94
 1264 04d3 20       		.byte	32
 1265 04d4 60       		.byte	96
 1266 04d5 40       		.byte	64
 1267 04d6 61       		.byte	97
 1268 04d7 20       		.byte	32
 1269 04d8 62       		.byte	98
 1270 04d9 04       		.byte	4
 1271 04da 63       		.byte	99
 1272 04db 01       		.byte	1
 1273 04dc 6D       		.byte	109
 1274 04dd 60       		.byte	96
 1275 04de 6E       		.byte	110
 1276 04df 04       		.byte	4
 1277 04e0 6F       		.byte	111
 1278 04e1 20       		.byte	32
 1279 04e2 76       		.byte	118
 1280 04e3 0A       		.byte	10
 1281 04e4 77       		.byte	119
 1282 04e5 20       		.byte	32
 1283 04e6 78       		.byte	120
 1284 04e7 01       		.byte	1
 1285 04e8 7A       		.byte	122
 1286 04e9 80       		.byte	-128
 1287 04ea 80       		.byte	-128
 1288 04eb 40       		.byte	64
 1289 04ec 81       		.byte	-127
 1290 04ed 01       		.byte	1
 1291 04ee 83       		.byte	-125
 1292 04ef 10       		.byte	16
 1293 04f0 90       		.byte	-112
 1294 04f1 08       		.byte	8
 1295 04f2 91       		.byte	-111
 1296 04f3 80       		.byte	-128
 1297 04f4 92       		.byte	-110
 1298 04f5 80       		.byte	-128
 1299 04f6 93       		.byte	-109
 1300 04f7 08       		.byte	8
 1301 04f8 95       		.byte	-107
 1302 04f9 40       		.byte	64
 1303 04fa 96       		.byte	-106
 1304 04fb 40       		.byte	64
 1305 04fc 98       		.byte	-104
 1306 04fd 40       		.byte	64
 1307 04fe 99       		.byte	-103
 1308 04ff 20       		.byte	32
 1309 0500 9A       		.byte	-102
 1310 0501 44       		.byte	68
 1311 0502 9C       		.byte	-100
ARM GAS  C:\Users\Lucas\AppData\Local\Temp\ccdECdEk.s 			page 24


 1312 0503 24       		.byte	36
 1313 0504 9D       		.byte	-99
 1314 0505 80       		.byte	-128
 1315 0506 9F       		.byte	-97
 1316 0507 14       		.byte	20
 1317 0508 A1       		.byte	-95
 1318 0509 60       		.byte	96
 1319 050a A2       		.byte	-94
 1320 050b 82       		.byte	-126
 1321 050c A3       		.byte	-93
 1322 050d 04       		.byte	4
 1323 050e A4       		.byte	-92
 1324 050f 30       		.byte	48
 1325 0510 A5       		.byte	-91
 1326 0511 90       		.byte	-112
 1327 0512 A6       		.byte	-90
 1328 0513 0C       		.byte	12
 1329 0514 A7       		.byte	-89
 1330 0515 30       		.byte	48
 1331 0516 C0       		.byte	-64
 1332 0517 05       		.byte	5
 1333 0518 C2       		.byte	-62
 1334 0519 4F       		.byte	79
 1335 051a C4       		.byte	-60
 1336 051b 17       		.byte	23
 1337 051c CA       		.byte	-54
 1338 051d F0       		.byte	-16
 1339 051e CC       		.byte	-52
 1340 051f F8       		.byte	-8
 1341 0520 CE       		.byte	-50
 1342 0521 F0       		.byte	-16
 1343 0522 D0       		.byte	-48
 1344 0523 0C       		.byte	12
 1345 0524 D2       		.byte	-46
 1346 0525 08       		.byte	8
 1347 0526 D6       		.byte	-42
 1348 0527 21       		.byte	33
 1349 0528 D8       		.byte	-40
 1350 0529 0F       		.byte	15
 1351 052a E0       		.byte	-32
 1352 052b 20       		.byte	32
 1353 052c E6       		.byte	-26
 1354 052d 80       		.byte	-128
 1355 052e 33       		.byte	51
 1356 052f 80       		.byte	-128
 1357 0530 37       		.byte	55
 1358 0531 10       		.byte	16
 1359 0532 CC       		.byte	-52
 1360 0533 30       		.byte	48
 1361 0534 9F       		.byte	-97
 1362 0535 10       		.byte	16
 1363 0536 A7       		.byte	-89
 1364 0537 80       		.byte	-128
 1365 0538 9F       		.byte	-97
 1366 0539 10       		.byte	16
 1367 053a A7       		.byte	-89
 1368 053b 80       		.byte	-128
ARM GAS  C:\Users\Lucas\AppData\Local\Temp\ccdECdEk.s 			page 25


 1369 053c 9F       		.byte	-97
 1370 053d 10       		.byte	16
 1371 053e A7       		.byte	-89
 1372 053f 80       		.byte	-128
 1373 0540 00       		.byte	0
 1374 0541 02       		.byte	2
 1375 0542 C0       		.byte	-64
 1376 0543 08       		.byte	8
 1377 0544 81       		.byte	-127
 1378 0545 80       		.byte	-128
 1379 0546 B0       		.byte	-80
 1380 0547 01       		.byte	1
 1381 0548 EA       		.byte	-22
 1382 0549 01       		.byte	1
 1383 054a 92       		.byte	-110
 1384 054b 01       		.byte	1
 1385 054c A5       		.byte	-91
 1386 054d 80       		.byte	-128
 1387 054e AE       		.byte	-82
 1388 054f 01       		.byte	1
 1389 0550 83       		.byte	-125
 1390 0551 80       		.byte	-128
 1391 0552 9F       		.byte	-97
 1392 0553 10       		.byte	16
 1393 0554 A7       		.byte	-89
 1394 0555 80       		.byte	-128
 1395 0556 E6       		.byte	-26
 1396 0557 20       		.byte	32
 1397 0558 83       		.byte	-125
 1398 0559 10       		.byte	16
 1399 055a 9F       		.byte	-97
 1400 055b 10       		.byte	16
 1401 055c E2       		.byte	-30
 1402 055d 20       		.byte	32
 1403 055e 0D       		.byte	13
 1404 055f 80       		.byte	-128
 1405 0560 5E       		.byte	94
 1406 0561 01       		.byte	1
 1407 0562 92       		.byte	-110
 1408 0563 01       		.byte	1
 1409 0564 A5       		.byte	-91
 1410 0565 80       		.byte	-128
 1411 0566 C2       		.byte	-62
 1412 0567 01       		.byte	1
 1413 0568 D6       		.byte	-42
 1414 0569 01       		.byte	1
 1415 056a 10       		.byte	16
 1416 056b 80       		.byte	-128
 1417 056c 73       		.byte	115
 1418 056d 40       		.byte	64
 1419 056e 88       		.byte	-120
 1420 056f 80       		.byte	-128
 1421 0570 8B       		.byte	-117
 1422 0571 40       		.byte	64
 1423 0572 C4       		.byte	-60
 1424 0573 08       		.byte	8
 1425 0574 DC       		.byte	-36
ARM GAS  C:\Users\Lucas\AppData\Local\Temp\ccdECdEk.s 			page 26


 1426 0575 01       		.byte	1
 1427 0576 E0       		.byte	-32
 1428 0577 04       		.byte	4
 1429 0578 E6       		.byte	-26
 1430 0579 01       		.byte	1
 1431 057a 00       		.byte	0
 1432 057b 03       		.byte	3
 1433 057c 0A       		.byte	10
 1434 057d 03       		.byte	3
 1435 057e 10       		.byte	16
 1436 057f 03       		.byte	3
 1437 0580 1A       		.byte	26
 1438 0581 03       		.byte	3
 1439 0582 00       		.byte	0
 1440 0583 0F       		.byte	15
 1441 0584 80       		.byte	-128
 1442 0585 00       		.byte	0
 1443 0586 40       		.byte	64
 1444 0587 80       		.byte	-128
 1445 0588 80       		.byte	-128
 1446 0589 00       		.byte	0
 1447 058a 80       		.byte	-128
 1448 058b 00       		.byte	0
 1449 058c 00       		.byte	0
 1450 058d 00       		.byte	0
 1451 058e 00       		.byte	0
 1452 058f 00       		.byte	0
 1453 0590 80       		.byte	-128
 1454 0591 4B       		.byte	75
 1455 0592 4B       		.byte	75
 1456 0593 00       		.byte	0
 1457 0594 40       		.byte	64
 1458 0595 00       		.byte	0
 1459 0596 00       		.byte	0
 1460 0597 00       		.byte	0
 1461 0598 06       		.byte	6
 1462 0599 00       		.byte	0
 1463 059a 01       		.byte	1
 1464 059b 06       		.byte	6
 1465 059c 00       		.byte	0
 1466 059d 00       		.byte	0
 1467 059e 00       		.byte	0
 1468 059f 00       		.byte	0
 1469 05a0 00       		.byte	0
 1470 05a1 00       		.byte	0
 1471 05a2 00       		.byte	0
 1472 05a3 00       		.byte	0
 1473              		.section	.cywolatch,"a",%progbits
 1474              		.align	2
 1475              		.type	cy_meta_wonvl, %object
 1476              		.size	cy_meta_wonvl, 4
 1477              	cy_meta_wonvl:
 1478 0000 BC       		.byte	-68
 1479 0001 90       		.byte	-112
 1480 0002 AC       		.byte	-84
 1481 0003 AF       		.byte	-81
 1482              		.section	.cycustnvl,"a",%progbits
ARM GAS  C:\Users\Lucas\AppData\Local\Temp\ccdECdEk.s 			page 27


 1483              		.align	2
 1484              		.type	cy_meta_custnvl, %object
 1485              		.size	cy_meta_custnvl, 4
 1486              	cy_meta_custnvl:
 1487 0000 00       		.byte	0
 1488 0001 00       		.byte	0
 1489 0002 40       		.byte	64
 1490 0003 05       		.byte	5
 1491              		.section	.cymeta,"a",%progbits
 1492              		.align	2
 1493              		.type	cy_metadata, %object
 1494              		.size	cy_metadata, 12
 1495              	cy_metadata:
 1496 0000 00       		.byte	0
 1497 0001 01       		.byte	1
 1498 0002 2E       		.byte	46
 1499 0003 12       		.byte	18
 1500 0004 70       		.byte	112
 1501 0005 69       		.byte	105
 1502 0006 00       		.byte	0
 1503 0007 01       		.byte	1
 1504 0008 00       		.byte	0
 1505 0009 00       		.byte	0
 1506 000a 00       		.byte	0
 1507 000b 00       		.byte	0
 1508              		.section	.cyflashprotect,"a",%progbits
 1509              		.align	2
 1510              		.type	cy_meta_flashprotect, %object
 1511              		.size	cy_meta_flashprotect, 256
 1512              	cy_meta_flashprotect:
 1513 0000 00000000 		.space	256
 1513      00000000 
 1513      00000000 
 1513      00000000 
 1513      00000000 
 1514              		.text
 1515              	.Letext0:
 1516              		.file 1 "c:\\program files (x86)\\cypress\\psoc creator\\4.3\\psoc creator\\import\\gnu\\arm\\5.4.
 1517              		.file 2 "c:\\program files (x86)\\cypress\\psoc creator\\4.3\\psoc creator\\import\\gnu\\arm\\5.4.
 1518              		.file 3 "Generated_Source\\PSoC5\\cymetadata.c"
 1519              		.section	.debug_info,"",%progbits
 1520              	.Ldebug_info0:
 1521 0000 32010000 		.4byte	0x132
 1522 0004 0400     		.2byte	0x4
 1523 0006 00000000 		.4byte	.Ldebug_abbrev0
 1524 000a 04       		.byte	0x4
 1525 000b 01       		.uleb128 0x1
 1526 000c 64000000 		.4byte	.LASF17
 1527 0010 0C       		.byte	0xc
 1528 0011 BE010000 		.4byte	.LASF18
 1529 0015 0A000000 		.4byte	.LASF19
 1530 0019 00000000 		.4byte	.Ldebug_line0
 1531 001d 02       		.uleb128 0x2
 1532 001e 01       		.byte	0x1
 1533 001f 06       		.byte	0x6
 1534 0020 B2010000 		.4byte	.LASF0
 1535 0024 03       		.uleb128 0x3
ARM GAS  C:\Users\Lucas\AppData\Local\Temp\ccdECdEk.s 			page 28


 1536 0025 00000000 		.4byte	.LASF9
 1537 0029 01       		.byte	0x1
 1538 002a 1D       		.byte	0x1d
 1539 002b 2F000000 		.4byte	0x2f
 1540 002f 02       		.uleb128 0x2
 1541 0030 01       		.byte	0x1
 1542 0031 08       		.byte	0x8
 1543 0032 56000000 		.4byte	.LASF1
 1544 0036 02       		.uleb128 0x2
 1545 0037 02       		.byte	0x2
 1546 0038 05       		.byte	0x5
 1547 0039 9F010000 		.4byte	.LASF2
 1548 003d 02       		.uleb128 0x2
 1549 003e 02       		.byte	0x2
 1550 003f 07       		.byte	0x7
 1551 0040 04010000 		.4byte	.LASF3
 1552 0044 02       		.uleb128 0x2
 1553 0045 04       		.byte	0x4
 1554 0046 05       		.byte	0x5
 1555 0047 A9010000 		.4byte	.LASF4
 1556 004b 02       		.uleb128 0x2
 1557 004c 04       		.byte	0x4
 1558 004d 07       		.byte	0x7
 1559 004e F2000000 		.4byte	.LASF5
 1560 0052 02       		.uleb128 0x2
 1561 0053 08       		.byte	0x8
 1562 0054 05       		.byte	0x5
 1563 0055 91010000 		.4byte	.LASF6
 1564 0059 02       		.uleb128 0x2
 1565 005a 08       		.byte	0x8
 1566 005b 07       		.byte	0x7
 1567 005c 46010000 		.4byte	.LASF7
 1568 0060 04       		.uleb128 0x4
 1569 0061 04       		.byte	0x4
 1570 0062 05       		.byte	0x5
 1571 0063 696E7400 		.ascii	"int\000"
 1572 0067 02       		.uleb128 0x2
 1573 0068 04       		.byte	0x4
 1574 0069 07       		.byte	0x7
 1575 006a 39010000 		.4byte	.LASF8
 1576 006e 03       		.uleb128 0x3
 1577 006f 5D010000 		.4byte	.LASF10
 1578 0073 02       		.byte	0x2
 1579 0074 18       		.byte	0x18
 1580 0075 24000000 		.4byte	0x24
 1581 0079 05       		.uleb128 0x5
 1582 007a 91000000 		.4byte	0x91
 1583 007e 8A000000 		.4byte	0x8a
 1584 0082 06       		.uleb128 0x6
 1585 0083 8A000000 		.4byte	0x8a
 1586 0087 A305     		.2byte	0x5a3
 1587 0089 00       		.byte	0
 1588 008a 02       		.uleb128 0x2
 1589 008b 04       		.byte	0x4
 1590 008c 07       		.byte	0x7
 1591 008d 88010000 		.4byte	.LASF11
 1592 0091 07       		.uleb128 0x7
ARM GAS  C:\Users\Lucas\AppData\Local\Temp\ccdECdEk.s 			page 29


 1593 0092 6E000000 		.4byte	0x6e
 1594 0096 08       		.uleb128 0x8
 1595 0097 27010000 		.4byte	.LASF12
 1596 009b 03       		.byte	0x3
 1597 009c 1F       		.byte	0x1f
 1598 009d A7000000 		.4byte	0xa7
 1599 00a1 05       		.uleb128 0x5
 1600 00a2 03       		.byte	0x3
 1601 00a3 00000000 		.4byte	cy_meta_configecc
 1602 00a7 07       		.uleb128 0x7
 1603 00a8 79000000 		.4byte	0x79
 1604 00ac 05       		.uleb128 0x5
 1605 00ad 91000000 		.4byte	0x91
 1606 00b1 BC000000 		.4byte	0xbc
 1607 00b5 09       		.uleb128 0x9
 1608 00b6 8A000000 		.4byte	0x8a
 1609 00ba 03       		.byte	0x3
 1610 00bb 00       		.byte	0
 1611 00bc 08       		.uleb128 0x8
 1612 00bd 17010000 		.4byte	.LASF13
 1613 00c1 03       		.byte	0x3
 1614 00c2 E1       		.byte	0xe1
 1615 00c3 CD000000 		.4byte	0xcd
 1616 00c7 05       		.uleb128 0x5
 1617 00c8 03       		.byte	0x3
 1618 00c9 00000000 		.4byte	cy_meta_custnvl
 1619 00cd 07       		.uleb128 0x7
 1620 00ce AC000000 		.4byte	0xac
 1621 00d2 08       		.uleb128 0x8
 1622 00d3 7A010000 		.4byte	.LASF14
 1623 00d7 03       		.byte	0x3
 1624 00d8 EF       		.byte	0xef
 1625 00d9 E3000000 		.4byte	0xe3
 1626 00dd 05       		.uleb128 0x5
 1627 00de 03       		.byte	0x3
 1628 00df 00000000 		.4byte	cy_meta_wonvl
 1629 00e3 07       		.uleb128 0x7
 1630 00e4 AC000000 		.4byte	0xac
 1631 00e8 05       		.uleb128 0x5
 1632 00e9 91000000 		.4byte	0x91
 1633 00ed F8000000 		.4byte	0xf8
 1634 00f1 09       		.uleb128 0x9
 1635 00f2 8A000000 		.4byte	0x8a
 1636 00f6 FF       		.byte	0xff
 1637 00f7 00       		.byte	0
 1638 00f8 08       		.uleb128 0x8
 1639 00f9 65010000 		.4byte	.LASF15
 1640 00fd 03       		.byte	0x3
 1641 00fe FD       		.byte	0xfd
 1642 00ff 09010000 		.4byte	0x109
 1643 0103 05       		.uleb128 0x5
 1644 0104 03       		.byte	0x3
 1645 0105 00000000 		.4byte	cy_meta_flashprotect
 1646 0109 07       		.uleb128 0x7
 1647 010a E8000000 		.4byte	0xe8
 1648 010e 05       		.uleb128 0x5
 1649 010f 91000000 		.4byte	0x91
ARM GAS  C:\Users\Lucas\AppData\Local\Temp\ccdECdEk.s 			page 30


 1650 0113 1E010000 		.4byte	0x11e
 1651 0117 09       		.uleb128 0x9
 1652 0118 8A000000 		.4byte	0x8a
 1653 011c 0B       		.byte	0xb
 1654 011d 00       		.byte	0
 1655 011e 0A       		.uleb128 0xa
 1656 011f 4A000000 		.4byte	.LASF16
 1657 0123 03       		.byte	0x3
 1658 0124 2A01     		.2byte	0x12a
 1659 0126 30010000 		.4byte	0x130
 1660 012a 05       		.uleb128 0x5
 1661 012b 03       		.byte	0x3
 1662 012c 00000000 		.4byte	cy_metadata
 1663 0130 07       		.uleb128 0x7
 1664 0131 0E010000 		.4byte	0x10e
 1665 0135 00       		.byte	0
 1666              		.section	.debug_abbrev,"",%progbits
 1667              	.Ldebug_abbrev0:
 1668 0000 01       		.uleb128 0x1
 1669 0001 11       		.uleb128 0x11
 1670 0002 01       		.byte	0x1
 1671 0003 25       		.uleb128 0x25
 1672 0004 0E       		.uleb128 0xe
 1673 0005 13       		.uleb128 0x13
 1674 0006 0B       		.uleb128 0xb
 1675 0007 03       		.uleb128 0x3
 1676 0008 0E       		.uleb128 0xe
 1677 0009 1B       		.uleb128 0x1b
 1678 000a 0E       		.uleb128 0xe
 1679 000b 10       		.uleb128 0x10
 1680 000c 17       		.uleb128 0x17
 1681 000d 00       		.byte	0
 1682 000e 00       		.byte	0
 1683 000f 02       		.uleb128 0x2
 1684 0010 24       		.uleb128 0x24
 1685 0011 00       		.byte	0
 1686 0012 0B       		.uleb128 0xb
 1687 0013 0B       		.uleb128 0xb
 1688 0014 3E       		.uleb128 0x3e
 1689 0015 0B       		.uleb128 0xb
 1690 0016 03       		.uleb128 0x3
 1691 0017 0E       		.uleb128 0xe
 1692 0018 00       		.byte	0
 1693 0019 00       		.byte	0
 1694 001a 03       		.uleb128 0x3
 1695 001b 16       		.uleb128 0x16
 1696 001c 00       		.byte	0
 1697 001d 03       		.uleb128 0x3
 1698 001e 0E       		.uleb128 0xe
 1699 001f 3A       		.uleb128 0x3a
 1700 0020 0B       		.uleb128 0xb
 1701 0021 3B       		.uleb128 0x3b
 1702 0022 0B       		.uleb128 0xb
 1703 0023 49       		.uleb128 0x49
 1704 0024 13       		.uleb128 0x13
 1705 0025 00       		.byte	0
 1706 0026 00       		.byte	0
ARM GAS  C:\Users\Lucas\AppData\Local\Temp\ccdECdEk.s 			page 31


 1707 0027 04       		.uleb128 0x4
 1708 0028 24       		.uleb128 0x24
 1709 0029 00       		.byte	0
 1710 002a 0B       		.uleb128 0xb
 1711 002b 0B       		.uleb128 0xb
 1712 002c 3E       		.uleb128 0x3e
 1713 002d 0B       		.uleb128 0xb
 1714 002e 03       		.uleb128 0x3
 1715 002f 08       		.uleb128 0x8
 1716 0030 00       		.byte	0
 1717 0031 00       		.byte	0
 1718 0032 05       		.uleb128 0x5
 1719 0033 01       		.uleb128 0x1
 1720 0034 01       		.byte	0x1
 1721 0035 49       		.uleb128 0x49
 1722 0036 13       		.uleb128 0x13
 1723 0037 01       		.uleb128 0x1
 1724 0038 13       		.uleb128 0x13
 1725 0039 00       		.byte	0
 1726 003a 00       		.byte	0
 1727 003b 06       		.uleb128 0x6
 1728 003c 21       		.uleb128 0x21
 1729 003d 00       		.byte	0
 1730 003e 49       		.uleb128 0x49
 1731 003f 13       		.uleb128 0x13
 1732 0040 2F       		.uleb128 0x2f
 1733 0041 05       		.uleb128 0x5
 1734 0042 00       		.byte	0
 1735 0043 00       		.byte	0
 1736 0044 07       		.uleb128 0x7
 1737 0045 26       		.uleb128 0x26
 1738 0046 00       		.byte	0
 1739 0047 49       		.uleb128 0x49
 1740 0048 13       		.uleb128 0x13
 1741 0049 00       		.byte	0
 1742 004a 00       		.byte	0
 1743 004b 08       		.uleb128 0x8
 1744 004c 34       		.uleb128 0x34
 1745 004d 00       		.byte	0
 1746 004e 03       		.uleb128 0x3
 1747 004f 0E       		.uleb128 0xe
 1748 0050 3A       		.uleb128 0x3a
 1749 0051 0B       		.uleb128 0xb
 1750 0052 3B       		.uleb128 0x3b
 1751 0053 0B       		.uleb128 0xb
 1752 0054 49       		.uleb128 0x49
 1753 0055 13       		.uleb128 0x13
 1754 0056 3F       		.uleb128 0x3f
 1755 0057 19       		.uleb128 0x19
 1756 0058 02       		.uleb128 0x2
 1757 0059 18       		.uleb128 0x18
 1758 005a 00       		.byte	0
 1759 005b 00       		.byte	0
 1760 005c 09       		.uleb128 0x9
 1761 005d 21       		.uleb128 0x21
 1762 005e 00       		.byte	0
 1763 005f 49       		.uleb128 0x49
ARM GAS  C:\Users\Lucas\AppData\Local\Temp\ccdECdEk.s 			page 32


 1764 0060 13       		.uleb128 0x13
 1765 0061 2F       		.uleb128 0x2f
 1766 0062 0B       		.uleb128 0xb
 1767 0063 00       		.byte	0
 1768 0064 00       		.byte	0
 1769 0065 0A       		.uleb128 0xa
 1770 0066 34       		.uleb128 0x34
 1771 0067 00       		.byte	0
 1772 0068 03       		.uleb128 0x3
 1773 0069 0E       		.uleb128 0xe
 1774 006a 3A       		.uleb128 0x3a
 1775 006b 0B       		.uleb128 0xb
 1776 006c 3B       		.uleb128 0x3b
 1777 006d 05       		.uleb128 0x5
 1778 006e 49       		.uleb128 0x49
 1779 006f 13       		.uleb128 0x13
 1780 0070 3F       		.uleb128 0x3f
 1781 0071 19       		.uleb128 0x19
 1782 0072 02       		.uleb128 0x2
 1783 0073 18       		.uleb128 0x18
 1784 0074 00       		.byte	0
 1785 0075 00       		.byte	0
 1786 0076 00       		.byte	0
 1787              		.section	.debug_aranges,"",%progbits
 1788 0000 14000000 		.4byte	0x14
 1789 0004 0200     		.2byte	0x2
 1790 0006 00000000 		.4byte	.Ldebug_info0
 1791 000a 04       		.byte	0x4
 1792 000b 00       		.byte	0
 1793 000c 0000     		.2byte	0
 1794 000e 0000     		.2byte	0
 1795 0010 00000000 		.4byte	0
 1796 0014 00000000 		.4byte	0
 1797              		.section	.debug_line,"",%progbits
 1798              	.Ldebug_line0:
 1799 0000 3D010000 		.section	.debug_str,"MS",%progbits,1
 1799      02003701 
 1799      00000201 
 1799      FB0E0D00 
 1799      01010101 
 1800              	.LASF9:
 1801 0000 5F5F7569 		.ascii	"__uint8_t\000"
 1801      6E74385F 
 1801      7400
 1802              	.LASF19:
 1803 000a 433A5C55 		.ascii	"C:\\Users\\Lucas\\Documents\\PSoC Creator\\SPI_Slav"
 1803      73657273 
 1803      5C4C7563 
 1803      61735C44 
 1803      6F63756D 
 1804 0038 655C5350 		.ascii	"e\\SPI_Slave.cydsn\000"
 1804      495F536C 
 1804      6176652E 
 1804      63796473 
 1804      6E00
 1805              	.LASF16:
 1806 004a 63795F6D 		.ascii	"cy_metadata\000"
ARM GAS  C:\Users\Lucas\AppData\Local\Temp\ccdECdEk.s 			page 33


 1806      65746164 
 1806      61746100 
 1807              	.LASF1:
 1808 0056 756E7369 		.ascii	"unsigned char\000"
 1808      676E6564 
 1808      20636861 
 1808      7200
 1809              	.LASF17:
 1810 0064 474E5520 		.ascii	"GNU C11 5.4.1 20160609 (release) [ARM/embedded-5-br"
 1810      43313120 
 1810      352E342E 
 1810      31203230 
 1810      31363036 
 1811 0097 616E6368 		.ascii	"anch revision 237715] -mcpu=cortex-m3 -mthumb -g -O"
 1811      20726576 
 1811      6973696F 
 1811      6E203233 
 1811      37373135 
 1812 00ca 67202D66 		.ascii	"g -ffunction-sections -ffat-lto-objects\000"
 1812      66756E63 
 1812      74696F6E 
 1812      2D736563 
 1812      74696F6E 
 1813              	.LASF5:
 1814 00f2 6C6F6E67 		.ascii	"long unsigned int\000"
 1814      20756E73 
 1814      69676E65 
 1814      6420696E 
 1814      7400
 1815              	.LASF3:
 1816 0104 73686F72 		.ascii	"short unsigned int\000"
 1816      7420756E 
 1816      7369676E 
 1816      65642069 
 1816      6E7400
 1817              	.LASF13:
 1818 0117 63795F6D 		.ascii	"cy_meta_custnvl\000"
 1818      6574615F 
 1818      63757374 
 1818      6E766C00 
 1819              	.LASF12:
 1820 0127 63795F6D 		.ascii	"cy_meta_configecc\000"
 1820      6574615F 
 1820      636F6E66 
 1820      69676563 
 1820      6300
 1821              	.LASF8:
 1822 0139 756E7369 		.ascii	"unsigned int\000"
 1822      676E6564 
 1822      20696E74 
 1822      00
 1823              	.LASF7:
 1824 0146 6C6F6E67 		.ascii	"long long unsigned int\000"
 1824      206C6F6E 
 1824      6720756E 
 1824      7369676E 
 1824      65642069 
ARM GAS  C:\Users\Lucas\AppData\Local\Temp\ccdECdEk.s 			page 34


 1825              	.LASF10:
 1826 015d 75696E74 		.ascii	"uint8_t\000"
 1826      385F7400 
 1827              	.LASF15:
 1828 0165 63795F6D 		.ascii	"cy_meta_flashprotect\000"
 1828      6574615F 
 1828      666C6173 
 1828      6870726F 
 1828      74656374 
 1829              	.LASF14:
 1830 017a 63795F6D 		.ascii	"cy_meta_wonvl\000"
 1830      6574615F 
 1830      776F6E76 
 1830      6C00
 1831              	.LASF11:
 1832 0188 73697A65 		.ascii	"sizetype\000"
 1832      74797065 
 1832      00
 1833              	.LASF6:
 1834 0191 6C6F6E67 		.ascii	"long long int\000"
 1834      206C6F6E 
 1834      6720696E 
 1834      7400
 1835              	.LASF2:
 1836 019f 73686F72 		.ascii	"short int\000"
 1836      7420696E 
 1836      7400
 1837              	.LASF4:
 1838 01a9 6C6F6E67 		.ascii	"long int\000"
 1838      20696E74 
 1838      00
 1839              	.LASF0:
 1840 01b2 7369676E 		.ascii	"signed char\000"
 1840      65642063 
 1840      68617200 
 1841              	.LASF18:
 1842 01be 47656E65 		.ascii	"Generated_Source\\PSoC5\\cymetadata.c\000"
 1842      72617465 
 1842      645F536F 
 1842      75726365 
 1842      5C50536F 
 1843              		.ident	"GCC: (GNU Tools for ARM Embedded Processors) 5.4.1 20160609 (release) [ARM/embedded-5-bran
