ARM GAS  C:\Users\Lucas\AppData\Local\Temp\ccCfzzzM.s 			page 1


   1              		.syntax unified
   2              		.cpu cortex-m3
   3              		.fpu softvfp
   4              		.eabi_attribute 20, 1
   5              		.eabi_attribute 21, 1
   6              		.eabi_attribute 23, 3
   7              		.eabi_attribute 24, 1
   8              		.eabi_attribute 25, 1
   9              		.eabi_attribute 26, 1
  10              		.eabi_attribute 30, 1
  11              		.eabi_attribute 34, 1
  12              		.eabi_attribute 18, 4
  13              		.thumb
  14              		.syntax unified
  15              		.file	"main.c"
  16              		.text
  17              	.Ltext0:
  18              		.cfi_sections	.debug_frame
  19              		.section	.text.ISR_UART_rx_handler,"ax",%progbits
  20              		.align	2
  21              		.global	ISR_UART_rx_handler
  22              		.thumb
  23              		.thumb_func
  24              		.type	ISR_UART_rx_handler, %function
  25              	ISR_UART_rx_handler:
  26              	.LFB65:
  27              		.file 1 "main.c"
   1:main.c        **** /* ========================================
   2:main.c        ****  *
   3:main.c        ****  * Copyright YOUR COMPANY, THE YEAR
   4:main.c        ****  * All Rights Reserved
   5:main.c        ****  * UNPUBLISHED, LICENSED SOFTWARE.
   6:main.c        ****  *
   7:main.c        ****  * CONFIDENTIAL AND PROPRIETARY INFORMATION
   8:main.c        ****  * WHICH IS THE PROPERTY OF your company.
   9:main.c        ****  *
  10:main.c        ****  * ========================================
  11:main.c        **** */
  12:main.c        **** #include <project.h>
  13:main.c        **** #include <stdio.h>
  14:main.c        **** #include <stdint.h>
  15:main.c        **** 
  16:main.c        **** #include <UART_handler.h>
  17:main.c        **** #include <SPI_Slave.h>
  18:main.c        **** 
  19:main.c        **** CY_ISR_PROTO(ISR_UART_rx_handler);
  20:main.c        **** CY_ISR_PROTO(SPIS_rx_handler);
  21:main.c        **** 
  22:main.c        **** int main(void)
  23:main.c        **** {
  24:main.c        ****     CyGlobalIntEnable; /* Enable global interrupts. */
  25:main.c        ****     isruart_StartEx(ISR_UART_rx_handler);
  26:main.c        ****     isrspis_StartEx(SPIS_rx_handler);
  27:main.c        ****     /* Place your initialization/startup code here (e.g. MyInst_Start()) */
  28:main.c        ****     UART_1_Start();
  29:main.c        ****     SPIS_1_Start();
  30:main.c        ****     SPIS_1_ClearRxBuffer(); // Clear Rx buffer en gang i starten.
ARM GAS  C:\Users\Lucas\AppData\Local\Temp\ccCfzzzM.s 			page 2


  31:main.c        ****     
  32:main.c        ****    
  33:main.c        ****     
  34:main.c        ****     for(;;)
  35:main.c        ****     {
  36:main.c        ****         
  37:main.c        ****         /* Place your application code here. */
  38:main.c        ****         
  39:main.c        ****     }
  40:main.c        **** }
  41:main.c        **** 
  42:main.c        **** CY_ISR(ISR_UART_rx_handler)
  43:main.c        **** {
  28              		.loc 1 43 0
  29              		.cfi_startproc
  30              		@ args = 0, pretend = 0, frame = 0
  31              		@ frame_needed = 0, uses_anonymous_args = 0
  32 0000 10B5     		push	{r4, lr}
  33              		.cfi_def_cfa_offset 8
  34              		.cfi_offset 4, -8
  35              		.cfi_offset 14, -4
  44:main.c        ****     uint8_t bytesToRead = UART_1_GetRxBufferSize(); // Aflæs bytes fra UART Master
  36              		.loc 1 44 0
  37 0002 FFF7FEFF 		bl	UART_1_GetRxBufferSize
  38              	.LVL0:
  39 0006 0446     		mov	r4, r0
  40              	.LVL1:
  45:main.c        ****     while (bytesToRead > 0)
  41              		.loc 1 45 0
  42 0008 05E0     		b	.L2
  43              	.L3:
  44              	.LBB2:
  46:main.c        ****     {
  47:main.c        ****         uint8_t byteReceived = UART_1_ReadRxData();  // Aflæs bytes fra UART
  45              		.loc 1 47 0
  46 000a FFF7FEFF 		bl	UART_1_ReadRxData
  47              	.LVL2:
  48:main.c        ****         UART_1_WriteTxData(byteReceived); // echo back
  48              		.loc 1 48 0
  49 000e FFF7FEFF 		bl	UART_1_WriteTxData
  50              	.LVL3:
  49:main.c        **** //        SPIS_1_WriteTxData(byteReceived);  //Skriv bytes til SPI master
  50:main.c        ****         
  51:main.c        **** //        handleByteReceived(byteReceived);
  52:main.c        ****         
  53:main.c        ****         bytesToRead--;
  51              		.loc 1 53 0
  52 0012 013C     		subs	r4, r4, #1
  53              	.LVL4:
  54 0014 E4B2     		uxtb	r4, r4
  55              	.LVL5:
  56              	.L2:
  57              	.LBE2:
  45:main.c        ****     {
  58              		.loc 1 45 0
  59 0016 002C     		cmp	r4, #0
  60 0018 F7D1     		bne	.L3
ARM GAS  C:\Users\Lucas\AppData\Local\Temp\ccCfzzzM.s 			page 3


  54:main.c        ****     }
  55:main.c        **** }
  61              		.loc 1 55 0
  62 001a 10BD     		pop	{r4, pc}
  63              		.cfi_endproc
  64              	.LFE65:
  65              		.size	ISR_UART_rx_handler, .-ISR_UART_rx_handler
  66              		.section	.text.SPIS_rx_handler,"ax",%progbits
  67              		.align	2
  68              		.global	SPIS_rx_handler
  69              		.thumb
  70              		.thumb_func
  71              		.type	SPIS_rx_handler, %function
  72              	SPIS_rx_handler:
  73              	.LFB66:
  56:main.c        **** CY_ISR(SPIS_rx_handler)
  57:main.c        **** {
  74              		.loc 1 57 0
  75              		.cfi_startproc
  76              		@ args = 0, pretend = 0, frame = 0
  77              		@ frame_needed = 0, uses_anonymous_args = 0
  78 0000 10B5     		push	{r4, lr}
  79              		.cfi_def_cfa_offset 8
  80              		.cfi_offset 4, -8
  81              		.cfi_offset 14, -4
  58:main.c        ****     uint8_t bytesToRead = SPIS_1_GetRxBufferSize();  // SPI Master rx interrupt få size
  82              		.loc 1 58 0
  83 0002 FFF7FEFF 		bl	SPIS_1_GetRxBufferSize
  84              	.LVL6:
  85 0006 0446     		mov	r4, r0
  86              	.LVL7:
  59:main.c        ****     while (bytesToRead > 0)
  87              		.loc 1 59 0
  88 0008 05E0     		b	.L6
  89              	.L7:
  90              	.LBB3:
  60:main.c        ****     {
  61:main.c        ****         uint8_t byteReceived = SPIS_1_ReadRxData(); // Aflæs Rx data
  91              		.loc 1 61 0
  92 000a FFF7FEFF 		bl	SPIS_1_ReadRxData
  93              	.LVL8:
  62:main.c        ****  //       UART_1_WriteTxData(byteReceived);  // Skriv bytes til UART
  63:main.c        ****  //      UART_1_PutString("TEST");
  64:main.c        ****         
  65:main.c        ****         SPIS_handleByteReceived(byteReceived); 
  94              		.loc 1 65 0
  95 000e FFF7FEFF 		bl	SPIS_handleByteReceived
  96              	.LVL9:
  66:main.c        ****         
  67:main.c        ****        // bytesToRead = SPIS_1_GetRxBufferSize();
  68:main.c        ****         bytesToRead--;
  97              		.loc 1 68 0
  98 0012 013C     		subs	r4, r4, #1
  99              	.LVL10:
 100 0014 E4B2     		uxtb	r4, r4
 101              	.LVL11:
 102              	.L6:
ARM GAS  C:\Users\Lucas\AppData\Local\Temp\ccCfzzzM.s 			page 4


 103              	.LBE3:
  59:main.c        ****     {
 104              		.loc 1 59 0
 105 0016 002C     		cmp	r4, #0
 106 0018 F7D1     		bne	.L7
  69:main.c        ****     }
  70:main.c        **** }
 107              		.loc 1 70 0
 108 001a 10BD     		pop	{r4, pc}
 109              		.cfi_endproc
 110              	.LFE66:
 111              		.size	SPIS_rx_handler, .-SPIS_rx_handler
 112              		.section	.text.main,"ax",%progbits
 113              		.align	2
 114              		.global	main
 115              		.thumb
 116              		.thumb_func
 117              		.type	main, %function
 118              	main:
 119              	.LFB64:
  23:main.c        ****     CyGlobalIntEnable; /* Enable global interrupts. */
 120              		.loc 1 23 0
 121              		.cfi_startproc
 122              		@ Volatile: function does not return.
 123              		@ args = 0, pretend = 0, frame = 0
 124              		@ frame_needed = 0, uses_anonymous_args = 0
 125 0000 08B5     		push	{r3, lr}
 126              		.cfi_def_cfa_offset 8
 127              		.cfi_offset 3, -8
 128              		.cfi_offset 14, -4
  24:main.c        ****     isruart_StartEx(ISR_UART_rx_handler);
 129              		.loc 1 24 0
 130              		.syntax unified
 131              	@ 24 "main.c" 1
 132 0002 62B6     		CPSIE   i
 133              	@ 0 "" 2
  25:main.c        ****     isrspis_StartEx(SPIS_rx_handler);
 134              		.loc 1 25 0
 135              		.thumb
 136              		.syntax unified
 137 0004 0648     		ldr	r0, .L12
 138 0006 FFF7FEFF 		bl	isruart_StartEx
 139              	.LVL12:
  26:main.c        ****     /* Place your initialization/startup code here (e.g. MyInst_Start()) */
 140              		.loc 1 26 0
 141 000a 0648     		ldr	r0, .L12+4
 142 000c FFF7FEFF 		bl	isrspis_StartEx
 143              	.LVL13:
  28:main.c        ****     SPIS_1_Start();
 144              		.loc 1 28 0
 145 0010 FFF7FEFF 		bl	UART_1_Start
 146              	.LVL14:
  29:main.c        ****     SPIS_1_ClearRxBuffer(); // Clear Rx buffer en gang i starten.
 147              		.loc 1 29 0
 148 0014 FFF7FEFF 		bl	SPIS_1_Start
 149              	.LVL15:
  30:main.c        ****     
ARM GAS  C:\Users\Lucas\AppData\Local\Temp\ccCfzzzM.s 			page 5


 150              		.loc 1 30 0
 151 0018 FFF7FEFF 		bl	SPIS_1_ClearRxBuffer
 152              	.LVL16:
 153              	.L10:
 154 001c FEE7     		b	.L10
 155              	.L13:
 156 001e 00BF     		.align	2
 157              	.L12:
 158 0020 00000000 		.word	ISR_UART_rx_handler
 159 0024 00000000 		.word	SPIS_rx_handler
 160              		.cfi_endproc
 161              	.LFE64:
 162              		.size	main, .-main
 163              		.text
 164              	.Letext0:
 165              		.file 2 "c:\\program files (x86)\\cypress\\psoc creator\\4.3\\psoc creator\\import\\gnu\\arm\\5.4.
 166              		.file 3 "c:\\program files (x86)\\cypress\\psoc creator\\4.3\\psoc creator\\import\\gnu\\arm\\5.4.
 167              		.file 4 "Generated_Source\\PSoC5/UART_1.h"
 168              		.file 5 "Generated_Source\\PSoC5/SPIS_1.h"
 169              		.file 6 "./SPI_Slave.h"
 170              		.file 7 "Generated_Source\\PSoC5/isruart.h"
 171              		.file 8 "Generated_Source\\PSoC5/isrspis.h"
 172              		.file 9 "Generated_Source\\PSoC5/core_cm3.h"
 173              		.section	.debug_info,"",%progbits
 174              	.Ldebug_info0:
 175 0000 5E020000 		.4byte	0x25e
 176 0004 0400     		.2byte	0x4
 177 0006 00000000 		.4byte	.Ldebug_abbrev0
 178 000a 04       		.byte	0x4
 179 000b 01       		.uleb128 0x1
 180 000c 96000000 		.4byte	.LASF33
 181 0010 0C       		.byte	0xc
 182 0011 31020000 		.4byte	.LASF34
 183 0015 17000000 		.4byte	.LASF35
 184 0019 00000000 		.4byte	.Ldebug_ranges0+0
 185 001d 00000000 		.4byte	0
 186 0021 00000000 		.4byte	.Ldebug_line0
 187 0025 02       		.uleb128 0x2
 188 0026 01       		.byte	0x1
 189 0027 06       		.byte	0x6
 190 0028 94020000 		.4byte	.LASF0
 191 002c 03       		.uleb128 0x3
 192 002d 0D000000 		.4byte	.LASF4
 193 0031 02       		.byte	0x2
 194 0032 1D       		.byte	0x1d
 195 0033 37000000 		.4byte	0x37
 196 0037 02       		.uleb128 0x2
 197 0038 01       		.byte	0x1
 198 0039 08       		.byte	0x8
 199 003a 88000000 		.4byte	.LASF1
 200 003e 02       		.uleb128 0x2
 201 003f 02       		.byte	0x2
 202 0040 05       		.byte	0x5
 203 0041 65020000 		.4byte	.LASF2
 204 0045 02       		.uleb128 0x2
 205 0046 02       		.byte	0x2
 206 0047 07       		.byte	0x7
ARM GAS  C:\Users\Lucas\AppData\Local\Temp\ccCfzzzM.s 			page 6


 207 0048 5C010000 		.4byte	.LASF3
 208 004c 03       		.uleb128 0x3
 209 004d 57000000 		.4byte	.LASF5
 210 0051 02       		.byte	0x2
 211 0052 3F       		.byte	0x3f
 212 0053 57000000 		.4byte	0x57
 213 0057 02       		.uleb128 0x2
 214 0058 04       		.byte	0x4
 215 0059 05       		.byte	0x5
 216 005a 6F020000 		.4byte	.LASF6
 217 005e 02       		.uleb128 0x2
 218 005f 04       		.byte	0x4
 219 0060 07       		.byte	0x7
 220 0061 38010000 		.4byte	.LASF7
 221 0065 02       		.uleb128 0x2
 222 0066 08       		.byte	0x8
 223 0067 05       		.byte	0x5
 224 0068 23020000 		.4byte	.LASF8
 225 006c 02       		.uleb128 0x2
 226 006d 08       		.byte	0x8
 227 006e 07       		.byte	0x7
 228 006f C5010000 		.4byte	.LASF9
 229 0073 04       		.uleb128 0x4
 230 0074 04       		.byte	0x4
 231 0075 05       		.byte	0x5
 232 0076 696E7400 		.ascii	"int\000"
 233 007a 02       		.uleb128 0x2
 234 007b 04       		.byte	0x4
 235 007c 07       		.byte	0x7
 236 007d B8010000 		.4byte	.LASF10
 237 0081 03       		.uleb128 0x3
 238 0082 DC010000 		.4byte	.LASF11
 239 0086 03       		.byte	0x3
 240 0087 18       		.byte	0x18
 241 0088 2C000000 		.4byte	0x2c
 242 008c 03       		.uleb128 0x3
 243 008d FB010000 		.4byte	.LASF12
 244 0091 03       		.byte	0x3
 245 0092 2C       		.byte	0x2c
 246 0093 4C000000 		.4byte	0x4c
 247 0097 02       		.uleb128 0x2
 248 0098 04       		.byte	0x4
 249 0099 04       		.byte	0x4
 250 009a 82000000 		.4byte	.LASF13
 251 009e 02       		.uleb128 0x2
 252 009f 08       		.byte	0x8
 253 00a0 04       		.byte	0x4
 254 00a1 AC010000 		.4byte	.LASF14
 255 00a5 02       		.uleb128 0x2
 256 00a6 01       		.byte	0x1
 257 00a7 08       		.byte	0x8
 258 00a8 38020000 		.4byte	.LASF15
 259 00ac 02       		.uleb128 0x2
 260 00ad 08       		.byte	0x8
 261 00ae 04       		.byte	0x4
 262 00af 78020000 		.4byte	.LASF16
 263 00b3 02       		.uleb128 0x2
ARM GAS  C:\Users\Lucas\AppData\Local\Temp\ccCfzzzM.s 			page 7


 264 00b4 04       		.byte	0x4
 265 00b5 07       		.byte	0x7
 266 00b6 03020000 		.4byte	.LASF17
 267 00ba 05       		.uleb128 0x5
 268 00bb 24010000 		.4byte	.LASF20
 269 00bf 01       		.byte	0x1
 270 00c0 2A       		.byte	0x2a
 271 00c1 00000000 		.4byte	.LFB65
 272 00c5 1C000000 		.4byte	.LFE65-.LFB65
 273 00c9 01       		.uleb128 0x1
 274 00ca 9C       		.byte	0x9c
 275 00cb 17010000 		.4byte	0x117
 276 00cf 06       		.uleb128 0x6
 277 00d0 61000000 		.4byte	.LASF18
 278 00d4 01       		.byte	0x1
 279 00d5 2C       		.byte	0x2c
 280 00d6 81000000 		.4byte	0x81
 281 00da 00000000 		.4byte	.LLST0
 282 00de 07       		.uleb128 0x7
 283 00df 0A000000 		.4byte	.LBB2
 284 00e3 0C000000 		.4byte	.LBE2-.LBB2
 285 00e7 0D010000 		.4byte	0x10d
 286 00eb 06       		.uleb128 0x6
 287 00ec A0020000 		.4byte	.LASF19
 288 00f0 01       		.byte	0x1
 289 00f1 2F       		.byte	0x2f
 290 00f2 81000000 		.4byte	0x81
 291 00f6 1E000000 		.4byte	.LLST1
 292 00fa 08       		.uleb128 0x8
 293 00fb 0E000000 		.4byte	.LVL2
 294 00ff E8010000 		.4byte	0x1e8
 295 0103 08       		.uleb128 0x8
 296 0104 12000000 		.4byte	.LVL3
 297 0108 F3010000 		.4byte	0x1f3
 298 010c 00       		.byte	0
 299 010d 08       		.uleb128 0x8
 300 010e 06000000 		.4byte	.LVL0
 301 0112 FE010000 		.4byte	0x1fe
 302 0116 00       		.byte	0
 303 0117 05       		.uleb128 0x5
 304 0118 84020000 		.4byte	.LASF21
 305 011c 01       		.byte	0x1
 306 011d 38       		.byte	0x38
 307 011e 00000000 		.4byte	.LFB66
 308 0122 1C000000 		.4byte	.LFE66-.LFB66
 309 0126 01       		.uleb128 0x1
 310 0127 9C       		.byte	0x9c
 311 0128 74010000 		.4byte	0x174
 312 012c 06       		.uleb128 0x6
 313 012d 61000000 		.4byte	.LASF18
 314 0131 01       		.byte	0x1
 315 0132 3A       		.byte	0x3a
 316 0133 81000000 		.4byte	0x81
 317 0137 31000000 		.4byte	.LLST2
 318 013b 07       		.uleb128 0x7
 319 013c 0A000000 		.4byte	.LBB3
 320 0140 0C000000 		.4byte	.LBE3-.LBB3
ARM GAS  C:\Users\Lucas\AppData\Local\Temp\ccCfzzzM.s 			page 8


 321 0144 6A010000 		.4byte	0x16a
 322 0148 06       		.uleb128 0x6
 323 0149 A0020000 		.4byte	.LASF19
 324 014d 01       		.byte	0x1
 325 014e 3D       		.byte	0x3d
 326 014f 81000000 		.4byte	0x81
 327 0153 4F000000 		.4byte	.LLST3
 328 0157 08       		.uleb128 0x8
 329 0158 0E000000 		.4byte	.LVL8
 330 015c 09020000 		.4byte	0x209
 331 0160 08       		.uleb128 0x8
 332 0161 12000000 		.4byte	.LVL9
 333 0165 14020000 		.4byte	0x214
 334 0169 00       		.byte	0
 335 016a 08       		.uleb128 0x8
 336 016b 06000000 		.4byte	.LVL6
 337 016f 1F020000 		.4byte	0x21f
 338 0173 00       		.byte	0
 339 0174 09       		.uleb128 0x9
 340 0175 B3010000 		.4byte	.LASF36
 341 0179 01       		.byte	0x1
 342 017a 16       		.byte	0x16
 343 017b 73000000 		.4byte	0x73
 344 017f 00000000 		.4byte	.LFB64
 345 0183 28000000 		.4byte	.LFE64-.LFB64
 346 0187 01       		.uleb128 0x1
 347 0188 9C       		.byte	0x9c
 348 0189 D7010000 		.4byte	0x1d7
 349 018d 0A       		.uleb128 0xa
 350 018e 0A000000 		.4byte	.LVL12
 351 0192 2A020000 		.4byte	0x22a
 352 0196 A4010000 		.4byte	0x1a4
 353 019a 0B       		.uleb128 0xb
 354 019b 01       		.uleb128 0x1
 355 019c 50       		.byte	0x50
 356 019d 05       		.uleb128 0x5
 357 019e 03       		.byte	0x3
 358 019f 00000000 		.4byte	ISR_UART_rx_handler
 359 01a3 00       		.byte	0
 360 01a4 0A       		.uleb128 0xa
 361 01a5 10000000 		.4byte	.LVL13
 362 01a9 35020000 		.4byte	0x235
 363 01ad BB010000 		.4byte	0x1bb
 364 01b1 0B       		.uleb128 0xb
 365 01b2 01       		.uleb128 0x1
 366 01b3 50       		.byte	0x50
 367 01b4 05       		.uleb128 0x5
 368 01b5 03       		.byte	0x3
 369 01b6 00000000 		.4byte	SPIS_rx_handler
 370 01ba 00       		.byte	0
 371 01bb 08       		.uleb128 0x8
 372 01bc 14000000 		.4byte	.LVL14
 373 01c0 40020000 		.4byte	0x240
 374 01c4 08       		.uleb128 0x8
 375 01c5 18000000 		.4byte	.LVL15
 376 01c9 4B020000 		.4byte	0x24b
 377 01cd 08       		.uleb128 0x8
ARM GAS  C:\Users\Lucas\AppData\Local\Temp\ccCfzzzM.s 			page 9


 378 01ce 1C000000 		.4byte	.LVL16
 379 01d2 56020000 		.4byte	0x256
 380 01d6 00       		.byte	0
 381 01d7 0C       		.uleb128 0xc
 382 01d8 7C010000 		.4byte	.LASF37
 383 01dc 09       		.byte	0x9
 384 01dd 1207     		.2byte	0x712
 385 01df E3010000 		.4byte	0x1e3
 386 01e3 0D       		.uleb128 0xd
 387 01e4 8C000000 		.4byte	0x8c
 388 01e8 0E       		.uleb128 0xe
 389 01e9 4A010000 		.4byte	.LASF22
 390 01ed 4A010000 		.4byte	.LASF22
 391 01f1 04       		.byte	0x4
 392 01f2 6F       		.byte	0x6f
 393 01f3 0E       		.uleb128 0xe
 394 01f4 99010000 		.4byte	.LASF23
 395 01f8 99010000 		.4byte	.LASF23
 396 01fc 04       		.byte	0x4
 397 01fd 88       		.byte	0x88
 398 01fe 0E       		.uleb128 0xe
 399 01ff E4010000 		.4byte	.LASF24
 400 0203 E4010000 		.4byte	.LASF24
 401 0207 04       		.byte	0x4
 402 0208 73       		.byte	0x73
 403 0209 0E       		.uleb128 0xe
 404 020a AD020000 		.4byte	.LASF25
 405 020e AD020000 		.4byte	.LASF25
 406 0212 05       		.byte	0x5
 407 0213 57       		.byte	0x57
 408 0214 0E       		.uleb128 0xe
 409 0215 3D020000 		.4byte	.LASF26
 410 0219 3D020000 		.4byte	.LASF26
 411 021d 06       		.byte	0x6
 412 021e 12       		.byte	0x12
 413 021f 0E       		.uleb128 0xe
 414 0220 0C020000 		.4byte	.LASF27
 415 0224 0C020000 		.4byte	.LASF27
 416 0228 05       		.byte	0x5
 417 0229 58       		.byte	0x58
 418 022a 0E       		.uleb128 0xe
 419 022b 89010000 		.4byte	.LASF28
 420 022f 89010000 		.4byte	.LASF28
 421 0233 07       		.byte	0x7
 422 0234 18       		.byte	0x18
 423 0235 0E       		.uleb128 0xe
 424 0236 55020000 		.4byte	.LASF29
 425 023a 55020000 		.4byte	.LASF29
 426 023e 08       		.byte	0x8
 427 023f 18       		.byte	0x18
 428 0240 0E       		.uleb128 0xe
 429 0241 00000000 		.4byte	.LASF30
 430 0245 00000000 		.4byte	.LASF30
 431 0249 04       		.byte	0x4
 432 024a 54       		.byte	0x54
 433 024b 0E       		.uleb128 0xe
 434 024c 6F010000 		.4byte	.LASF31
ARM GAS  C:\Users\Lucas\AppData\Local\Temp\ccCfzzzM.s 			page 10


 435 0250 6F010000 		.4byte	.LASF31
 436 0254 05       		.byte	0x5
 437 0255 46       		.byte	0x46
 438 0256 0E       		.uleb128 0xe
 439 0257 6D000000 		.4byte	.LASF32
 440 025b 6D000000 		.4byte	.LASF32
 441 025f 05       		.byte	0x5
 442 0260 5A       		.byte	0x5a
 443 0261 00       		.byte	0
 444              		.section	.debug_abbrev,"",%progbits
 445              	.Ldebug_abbrev0:
 446 0000 01       		.uleb128 0x1
 447 0001 11       		.uleb128 0x11
 448 0002 01       		.byte	0x1
 449 0003 25       		.uleb128 0x25
 450 0004 0E       		.uleb128 0xe
 451 0005 13       		.uleb128 0x13
 452 0006 0B       		.uleb128 0xb
 453 0007 03       		.uleb128 0x3
 454 0008 0E       		.uleb128 0xe
 455 0009 1B       		.uleb128 0x1b
 456 000a 0E       		.uleb128 0xe
 457 000b 55       		.uleb128 0x55
 458 000c 17       		.uleb128 0x17
 459 000d 11       		.uleb128 0x11
 460 000e 01       		.uleb128 0x1
 461 000f 10       		.uleb128 0x10
 462 0010 17       		.uleb128 0x17
 463 0011 00       		.byte	0
 464 0012 00       		.byte	0
 465 0013 02       		.uleb128 0x2
 466 0014 24       		.uleb128 0x24
 467 0015 00       		.byte	0
 468 0016 0B       		.uleb128 0xb
 469 0017 0B       		.uleb128 0xb
 470 0018 3E       		.uleb128 0x3e
 471 0019 0B       		.uleb128 0xb
 472 001a 03       		.uleb128 0x3
 473 001b 0E       		.uleb128 0xe
 474 001c 00       		.byte	0
 475 001d 00       		.byte	0
 476 001e 03       		.uleb128 0x3
 477 001f 16       		.uleb128 0x16
 478 0020 00       		.byte	0
 479 0021 03       		.uleb128 0x3
 480 0022 0E       		.uleb128 0xe
 481 0023 3A       		.uleb128 0x3a
 482 0024 0B       		.uleb128 0xb
 483 0025 3B       		.uleb128 0x3b
 484 0026 0B       		.uleb128 0xb
 485 0027 49       		.uleb128 0x49
 486 0028 13       		.uleb128 0x13
 487 0029 00       		.byte	0
 488 002a 00       		.byte	0
 489 002b 04       		.uleb128 0x4
 490 002c 24       		.uleb128 0x24
 491 002d 00       		.byte	0
ARM GAS  C:\Users\Lucas\AppData\Local\Temp\ccCfzzzM.s 			page 11


 492 002e 0B       		.uleb128 0xb
 493 002f 0B       		.uleb128 0xb
 494 0030 3E       		.uleb128 0x3e
 495 0031 0B       		.uleb128 0xb
 496 0032 03       		.uleb128 0x3
 497 0033 08       		.uleb128 0x8
 498 0034 00       		.byte	0
 499 0035 00       		.byte	0
 500 0036 05       		.uleb128 0x5
 501 0037 2E       		.uleb128 0x2e
 502 0038 01       		.byte	0x1
 503 0039 3F       		.uleb128 0x3f
 504 003a 19       		.uleb128 0x19
 505 003b 03       		.uleb128 0x3
 506 003c 0E       		.uleb128 0xe
 507 003d 3A       		.uleb128 0x3a
 508 003e 0B       		.uleb128 0xb
 509 003f 3B       		.uleb128 0x3b
 510 0040 0B       		.uleb128 0xb
 511 0041 27       		.uleb128 0x27
 512 0042 19       		.uleb128 0x19
 513 0043 11       		.uleb128 0x11
 514 0044 01       		.uleb128 0x1
 515 0045 12       		.uleb128 0x12
 516 0046 06       		.uleb128 0x6
 517 0047 40       		.uleb128 0x40
 518 0048 18       		.uleb128 0x18
 519 0049 9742     		.uleb128 0x2117
 520 004b 19       		.uleb128 0x19
 521 004c 01       		.uleb128 0x1
 522 004d 13       		.uleb128 0x13
 523 004e 00       		.byte	0
 524 004f 00       		.byte	0
 525 0050 06       		.uleb128 0x6
 526 0051 34       		.uleb128 0x34
 527 0052 00       		.byte	0
 528 0053 03       		.uleb128 0x3
 529 0054 0E       		.uleb128 0xe
 530 0055 3A       		.uleb128 0x3a
 531 0056 0B       		.uleb128 0xb
 532 0057 3B       		.uleb128 0x3b
 533 0058 0B       		.uleb128 0xb
 534 0059 49       		.uleb128 0x49
 535 005a 13       		.uleb128 0x13
 536 005b 02       		.uleb128 0x2
 537 005c 17       		.uleb128 0x17
 538 005d 00       		.byte	0
 539 005e 00       		.byte	0
 540 005f 07       		.uleb128 0x7
 541 0060 0B       		.uleb128 0xb
 542 0061 01       		.byte	0x1
 543 0062 11       		.uleb128 0x11
 544 0063 01       		.uleb128 0x1
 545 0064 12       		.uleb128 0x12
 546 0065 06       		.uleb128 0x6
 547 0066 01       		.uleb128 0x1
 548 0067 13       		.uleb128 0x13
ARM GAS  C:\Users\Lucas\AppData\Local\Temp\ccCfzzzM.s 			page 12


 549 0068 00       		.byte	0
 550 0069 00       		.byte	0
 551 006a 08       		.uleb128 0x8
 552 006b 898201   		.uleb128 0x4109
 553 006e 00       		.byte	0
 554 006f 11       		.uleb128 0x11
 555 0070 01       		.uleb128 0x1
 556 0071 31       		.uleb128 0x31
 557 0072 13       		.uleb128 0x13
 558 0073 00       		.byte	0
 559 0074 00       		.byte	0
 560 0075 09       		.uleb128 0x9
 561 0076 2E       		.uleb128 0x2e
 562 0077 01       		.byte	0x1
 563 0078 3F       		.uleb128 0x3f
 564 0079 19       		.uleb128 0x19
 565 007a 03       		.uleb128 0x3
 566 007b 0E       		.uleb128 0xe
 567 007c 3A       		.uleb128 0x3a
 568 007d 0B       		.uleb128 0xb
 569 007e 3B       		.uleb128 0x3b
 570 007f 0B       		.uleb128 0xb
 571 0080 27       		.uleb128 0x27
 572 0081 19       		.uleb128 0x19
 573 0082 49       		.uleb128 0x49
 574 0083 13       		.uleb128 0x13
 575 0084 8701     		.uleb128 0x87
 576 0086 19       		.uleb128 0x19
 577 0087 11       		.uleb128 0x11
 578 0088 01       		.uleb128 0x1
 579 0089 12       		.uleb128 0x12
 580 008a 06       		.uleb128 0x6
 581 008b 40       		.uleb128 0x40
 582 008c 18       		.uleb128 0x18
 583 008d 9742     		.uleb128 0x2117
 584 008f 19       		.uleb128 0x19
 585 0090 01       		.uleb128 0x1
 586 0091 13       		.uleb128 0x13
 587 0092 00       		.byte	0
 588 0093 00       		.byte	0
 589 0094 0A       		.uleb128 0xa
 590 0095 898201   		.uleb128 0x4109
 591 0098 01       		.byte	0x1
 592 0099 11       		.uleb128 0x11
 593 009a 01       		.uleb128 0x1
 594 009b 31       		.uleb128 0x31
 595 009c 13       		.uleb128 0x13
 596 009d 01       		.uleb128 0x1
 597 009e 13       		.uleb128 0x13
 598 009f 00       		.byte	0
 599 00a0 00       		.byte	0
 600 00a1 0B       		.uleb128 0xb
 601 00a2 8A8201   		.uleb128 0x410a
 602 00a5 00       		.byte	0
 603 00a6 02       		.uleb128 0x2
 604 00a7 18       		.uleb128 0x18
 605 00a8 9142     		.uleb128 0x2111
ARM GAS  C:\Users\Lucas\AppData\Local\Temp\ccCfzzzM.s 			page 13


 606 00aa 18       		.uleb128 0x18
 607 00ab 00       		.byte	0
 608 00ac 00       		.byte	0
 609 00ad 0C       		.uleb128 0xc
 610 00ae 34       		.uleb128 0x34
 611 00af 00       		.byte	0
 612 00b0 03       		.uleb128 0x3
 613 00b1 0E       		.uleb128 0xe
 614 00b2 3A       		.uleb128 0x3a
 615 00b3 0B       		.uleb128 0xb
 616 00b4 3B       		.uleb128 0x3b
 617 00b5 05       		.uleb128 0x5
 618 00b6 49       		.uleb128 0x49
 619 00b7 13       		.uleb128 0x13
 620 00b8 3F       		.uleb128 0x3f
 621 00b9 19       		.uleb128 0x19
 622 00ba 3C       		.uleb128 0x3c
 623 00bb 19       		.uleb128 0x19
 624 00bc 00       		.byte	0
 625 00bd 00       		.byte	0
 626 00be 0D       		.uleb128 0xd
 627 00bf 35       		.uleb128 0x35
 628 00c0 00       		.byte	0
 629 00c1 49       		.uleb128 0x49
 630 00c2 13       		.uleb128 0x13
 631 00c3 00       		.byte	0
 632 00c4 00       		.byte	0
 633 00c5 0E       		.uleb128 0xe
 634 00c6 2E       		.uleb128 0x2e
 635 00c7 00       		.byte	0
 636 00c8 3F       		.uleb128 0x3f
 637 00c9 19       		.uleb128 0x19
 638 00ca 3C       		.uleb128 0x3c
 639 00cb 19       		.uleb128 0x19
 640 00cc 6E       		.uleb128 0x6e
 641 00cd 0E       		.uleb128 0xe
 642 00ce 03       		.uleb128 0x3
 643 00cf 0E       		.uleb128 0xe
 644 00d0 3A       		.uleb128 0x3a
 645 00d1 0B       		.uleb128 0xb
 646 00d2 3B       		.uleb128 0x3b
 647 00d3 0B       		.uleb128 0xb
 648 00d4 00       		.byte	0
 649 00d5 00       		.byte	0
 650 00d6 00       		.byte	0
 651              		.section	.debug_loc,"",%progbits
 652              	.Ldebug_loc0:
 653              	.LLST0:
 654 0000 08000000 		.4byte	.LVL1
 655 0004 14000000 		.4byte	.LVL4
 656 0008 0100     		.2byte	0x1
 657 000a 54       		.byte	0x54
 658 000b 16000000 		.4byte	.LVL5
 659 000f 1C000000 		.4byte	.LFE65
 660 0013 0100     		.2byte	0x1
 661 0015 54       		.byte	0x54
 662 0016 00000000 		.4byte	0
ARM GAS  C:\Users\Lucas\AppData\Local\Temp\ccCfzzzM.s 			page 14


 663 001a 00000000 		.4byte	0
 664              	.LLST1:
 665 001e 0E000000 		.4byte	.LVL2
 666 0022 11000000 		.4byte	.LVL3-1
 667 0026 0100     		.2byte	0x1
 668 0028 50       		.byte	0x50
 669 0029 00000000 		.4byte	0
 670 002d 00000000 		.4byte	0
 671              	.LLST2:
 672 0031 08000000 		.4byte	.LVL7
 673 0035 14000000 		.4byte	.LVL10
 674 0039 0100     		.2byte	0x1
 675 003b 54       		.byte	0x54
 676 003c 16000000 		.4byte	.LVL11
 677 0040 1C000000 		.4byte	.LFE66
 678 0044 0100     		.2byte	0x1
 679 0046 54       		.byte	0x54
 680 0047 00000000 		.4byte	0
 681 004b 00000000 		.4byte	0
 682              	.LLST3:
 683 004f 0E000000 		.4byte	.LVL8
 684 0053 11000000 		.4byte	.LVL9-1
 685 0057 0100     		.2byte	0x1
 686 0059 50       		.byte	0x50
 687 005a 00000000 		.4byte	0
 688 005e 00000000 		.4byte	0
 689              		.section	.debug_aranges,"",%progbits
 690 0000 2C000000 		.4byte	0x2c
 691 0004 0200     		.2byte	0x2
 692 0006 00000000 		.4byte	.Ldebug_info0
 693 000a 04       		.byte	0x4
 694 000b 00       		.byte	0
 695 000c 0000     		.2byte	0
 696 000e 0000     		.2byte	0
 697 0010 00000000 		.4byte	.LFB65
 698 0014 1C000000 		.4byte	.LFE65-.LFB65
 699 0018 00000000 		.4byte	.LFB66
 700 001c 1C000000 		.4byte	.LFE66-.LFB66
 701 0020 00000000 		.4byte	.LFB64
 702 0024 28000000 		.4byte	.LFE64-.LFB64
 703 0028 00000000 		.4byte	0
 704 002c 00000000 		.4byte	0
 705              		.section	.debug_ranges,"",%progbits
 706              	.Ldebug_ranges0:
 707 0000 00000000 		.4byte	.LFB65
 708 0004 1C000000 		.4byte	.LFE65
 709 0008 00000000 		.4byte	.LFB66
 710 000c 1C000000 		.4byte	.LFE66
 711 0010 00000000 		.4byte	.LFB64
 712 0014 28000000 		.4byte	.LFE64
 713 0018 00000000 		.4byte	0
 714 001c 00000000 		.4byte	0
 715              		.section	.debug_line,"",%progbits
 716              	.Ldebug_line0:
 717 0000 D1010000 		.section	.debug_str,"MS",%progbits,1
 717      02008201 
 717      00000201 
ARM GAS  C:\Users\Lucas\AppData\Local\Temp\ccCfzzzM.s 			page 15


 717      FB0E0D00 
 717      01010101 
 718              	.LASF30:
 719 0000 55415254 		.ascii	"UART_1_Start\000"
 719      5F315F53 
 719      74617274 
 719      00
 720              	.LASF4:
 721 000d 5F5F7569 		.ascii	"__uint8_t\000"
 721      6E74385F 
 721      7400
 722              	.LASF35:
 723 0017 433A5C55 		.ascii	"C:\\Users\\Lucas\\Documents\\PSoC Creator\\SPI_Slav"
 723      73657273 
 723      5C4C7563 
 723      61735C44 
 723      6F63756D 
 724 0045 655C5350 		.ascii	"e\\SPI_Slave.cydsn\000"
 724      495F536C 
 724      6176652E 
 724      63796473 
 724      6E00
 725              	.LASF5:
 726 0057 5F5F696E 		.ascii	"__int32_t\000"
 726      7433325F 
 726      7400
 727              	.LASF18:
 728 0061 62797465 		.ascii	"bytesToRead\000"
 728      73546F52 
 728      65616400 
 729              	.LASF32:
 730 006d 53504953 		.ascii	"SPIS_1_ClearRxBuffer\000"
 730      5F315F43 
 730      6C656172 
 730      52784275 
 730      66666572 
 731              	.LASF13:
 732 0082 666C6F61 		.ascii	"float\000"
 732      7400
 733              	.LASF1:
 734 0088 756E7369 		.ascii	"unsigned char\000"
 734      676E6564 
 734      20636861 
 734      7200
 735              	.LASF33:
 736 0096 474E5520 		.ascii	"GNU C11 5.4.1 20160609 (release) [ARM/embedded-5-br"
 736      43313120 
 736      352E342E 
 736      31203230 
 736      31363036 
 737 00c9 616E6368 		.ascii	"anch revision 237715] -mcpu=cortex-m3 -mthumb -g -O"
 737      20726576 
 737      6973696F 
 737      6E203233 
 737      37373135 
 738 00fc 67202D66 		.ascii	"g -ffunction-sections -ffat-lto-objects\000"
 738      66756E63 
ARM GAS  C:\Users\Lucas\AppData\Local\Temp\ccCfzzzM.s 			page 16


 738      74696F6E 
 738      2D736563 
 738      74696F6E 
 739              	.LASF20:
 740 0124 4953525F 		.ascii	"ISR_UART_rx_handler\000"
 740      55415254 
 740      5F72785F 
 740      68616E64 
 740      6C657200 
 741              	.LASF7:
 742 0138 6C6F6E67 		.ascii	"long unsigned int\000"
 742      20756E73 
 742      69676E65 
 742      6420696E 
 742      7400
 743              	.LASF22:
 744 014a 55415254 		.ascii	"UART_1_ReadRxData\000"
 744      5F315F52 
 744      65616452 
 744      78446174 
 744      6100
 745              	.LASF3:
 746 015c 73686F72 		.ascii	"short unsigned int\000"
 746      7420756E 
 746      7369676E 
 746      65642069 
 746      6E7400
 747              	.LASF31:
 748 016f 53504953 		.ascii	"SPIS_1_Start\000"
 748      5F315F53 
 748      74617274 
 748      00
 749              	.LASF37:
 750 017c 49544D5F 		.ascii	"ITM_RxBuffer\000"
 750      52784275 
 750      66666572 
 750      00
 751              	.LASF28:
 752 0189 69737275 		.ascii	"isruart_StartEx\000"
 752      6172745F 
 752      53746172 
 752      74457800 
 753              	.LASF23:
 754 0199 55415254 		.ascii	"UART_1_WriteTxData\000"
 754      5F315F57 
 754      72697465 
 754      54784461 
 754      746100
 755              	.LASF14:
 756 01ac 646F7562 		.ascii	"double\000"
 756      6C6500
 757              	.LASF36:
 758 01b3 6D61696E 		.ascii	"main\000"
 758      00
 759              	.LASF10:
 760 01b8 756E7369 		.ascii	"unsigned int\000"
 760      676E6564 
ARM GAS  C:\Users\Lucas\AppData\Local\Temp\ccCfzzzM.s 			page 17


 760      20696E74 
 760      00
 761              	.LASF9:
 762 01c5 6C6F6E67 		.ascii	"long long unsigned int\000"
 762      206C6F6E 
 762      6720756E 
 762      7369676E 
 762      65642069 
 763              	.LASF11:
 764 01dc 75696E74 		.ascii	"uint8_t\000"
 764      385F7400 
 765              	.LASF24:
 766 01e4 55415254 		.ascii	"UART_1_GetRxBufferSize\000"
 766      5F315F47 
 766      65745278 
 766      42756666 
 766      65725369 
 767              	.LASF12:
 768 01fb 696E7433 		.ascii	"int32_t\000"
 768      325F7400 
 769              	.LASF17:
 770 0203 73697A65 		.ascii	"sizetype\000"
 770      74797065 
 770      00
 771              	.LASF27:
 772 020c 53504953 		.ascii	"SPIS_1_GetRxBufferSize\000"
 772      5F315F47 
 772      65745278 
 772      42756666 
 772      65725369 
 773              	.LASF8:
 774 0223 6C6F6E67 		.ascii	"long long int\000"
 774      206C6F6E 
 774      6720696E 
 774      7400
 775              	.LASF34:
 776 0231 6D61696E 		.ascii	"main.c\000"
 776      2E6300
 777              	.LASF15:
 778 0238 63686172 		.ascii	"char\000"
 778      00
 779              	.LASF26:
 780 023d 53504953 		.ascii	"SPIS_handleByteReceived\000"
 780      5F68616E 
 780      646C6542 
 780      79746552 
 780      65636569 
 781              	.LASF29:
 782 0255 69737273 		.ascii	"isrspis_StartEx\000"
 782      7069735F 
 782      53746172 
 782      74457800 
 783              	.LASF2:
 784 0265 73686F72 		.ascii	"short int\000"
 784      7420696E 
 784      7400
 785              	.LASF6:
ARM GAS  C:\Users\Lucas\AppData\Local\Temp\ccCfzzzM.s 			page 18


 786 026f 6C6F6E67 		.ascii	"long int\000"
 786      20696E74 
 786      00
 787              	.LASF16:
 788 0278 6C6F6E67 		.ascii	"long double\000"
 788      20646F75 
 788      626C6500 
 789              	.LASF21:
 790 0284 53504953 		.ascii	"SPIS_rx_handler\000"
 790      5F72785F 
 790      68616E64 
 790      6C657200 
 791              	.LASF0:
 792 0294 7369676E 		.ascii	"signed char\000"
 792      65642063 
 792      68617200 
 793              	.LASF19:
 794 02a0 62797465 		.ascii	"byteReceived\000"
 794      52656365 
 794      69766564 
 794      00
 795              	.LASF25:
 796 02ad 53504953 		.ascii	"SPIS_1_ReadRxData\000"
 796      5F315F52 
 796      65616452 
 796      78446174 
 796      6100
 797              		.ident	"GCC: (GNU Tools for ARM Embedded Processors) 5.4.1 20160609 (release) [ARM/embedded-5-bran
