ARM GAS  C:\Users\Simon\AppData\Local\Temp\ccKQPhxQ.s 			page 1


   1              		.syntax unified
   2              		.cpu cortex-m3
   3              		.fpu softvfp
   4              		.eabi_attribute 20, 1
   5              		.eabi_attribute 21, 1
   6              		.eabi_attribute 23, 3
   7              		.eabi_attribute 24, 1
   8              		.eabi_attribute 25, 1
   9              		.eabi_attribute 26, 1
  10              		.eabi_attribute 30, 1
  11              		.eabi_attribute 34, 1
  12              		.eabi_attribute 18, 4
  13              		.thumb
  14              		.syntax unified
  15              		.file	"cymetadata.c"
  16              		.text
  17              	.Ltext0:
  18              		.cfi_sections	.debug_frame
  19              		.global	cy_metadata
  20              		.global	cy_meta_flashprotect
  21              		.global	cy_meta_wonvl
  22              		.global	cy_meta_custnvl
  23              		.global	cy_meta_configecc
  24              		.section	.cyconfigecc,"a",%progbits
  25              		.align	2
  26              		.type	cy_meta_configecc, %object
  27              		.size	cy_meta_configecc, 1176
  28              	cy_meta_configecc:
  29 0000 02       		.byte	2
  30 0001 52       		.byte	82
  31 0002 00       		.byte	0
  32 0003 40       		.byte	64
  33 0004 01       		.byte	1
  34 0005 64       		.byte	100
  35 0006 00       		.byte	0
  36 0007 40       		.byte	64
  37 0008 03       		.byte	3
  38 0009 65       		.byte	101
  39 000a 00       		.byte	0
  40 000b 40       		.byte	64
  41 000c 46       		.byte	70
  42 000d 08       		.byte	8
  43 000e 01       		.byte	1
  44 000f 40       		.byte	64
  45 0010 34       		.byte	52
  46 0011 09       		.byte	9
  47 0012 01       		.byte	1
  48 0013 40       		.byte	64
  49 0014 02       		.byte	2
  50 0015 0B       		.byte	11
  51 0016 01       		.byte	1
  52 0017 40       		.byte	64
  53 0018 03       		.byte	3
  54 0019 15       		.byte	21
  55 001a 01       		.byte	1
  56 001b 40       		.byte	64
  57 001c 01       		.byte	1
ARM GAS  C:\Users\Simon\AppData\Local\Temp\ccKQPhxQ.s 			page 2


  58 001d 17       		.byte	23
  59 001e 01       		.byte	1
  60 001f 40       		.byte	64
  61 0020 5E       		.byte	94
  62 0021 18       		.byte	24
  63 0022 01       		.byte	1
  64 0023 40       		.byte	64
  65 0024 4A       		.byte	74
  66 0025 19       		.byte	25
  67 0026 01       		.byte	1
  68 0027 40       		.byte	64
  69 0028 54       		.byte	84
  70 0029 1A       		.byte	26
  71 002a 01       		.byte	1
  72 002b 40       		.byte	64
  73 002c 4C       		.byte	76
  74 002d 1B       		.byte	27
  75 002e 01       		.byte	1
  76 002f 40       		.byte	64
  77 0030 02       		.byte	2
  78 0031 40       		.byte	64
  79 0032 01       		.byte	1
  80 0033 40       		.byte	64
  81 0034 01       		.byte	1
  82 0035 41       		.byte	65
  83 0036 01       		.byte	1
  84 0037 40       		.byte	64
  85 0038 03       		.byte	3
  86 0039 42       		.byte	66
  87 003a 01       		.byte	1
  88 003b 40       		.byte	64
  89 003c 02       		.byte	2
  90 003d 43       		.byte	67
  91 003e 01       		.byte	1
  92 003f 40       		.byte	64
  93 0040 02       		.byte	2
  94 0041 45       		.byte	69
  95 0042 01       		.byte	1
  96 0043 40       		.byte	64
  97 0044 02       		.byte	2
  98 0045 46       		.byte	70
  99 0046 01       		.byte	1
 100 0047 40       		.byte	64
 101 0048 05       		.byte	5
 102 0049 48       		.byte	72
 103 004a 01       		.byte	1
 104 004b 40       		.byte	64
 105 004c 0F       		.byte	15
 106 004d 49       		.byte	73
 107 004e 01       		.byte	1
 108 004f 40       		.byte	64
 109 0050 07       		.byte	7
 110 0051 4C       		.byte	76
 111 0052 01       		.byte	1
 112 0053 40       		.byte	64
 113 0054 0E       		.byte	14
 114 0055 4D       		.byte	77
ARM GAS  C:\Users\Simon\AppData\Local\Temp\ccKQPhxQ.s 			page 3


 115 0056 01       		.byte	1
 116 0057 40       		.byte	64
 117 0058 04       		.byte	4
 118 0059 50       		.byte	80
 119 005a 01       		.byte	1
 120 005b 40       		.byte	64
 121 005c 02       		.byte	2
 122 005d 51       		.byte	81
 123 005e 01       		.byte	1
 124 005f 40       		.byte	64
 125 0060 10       		.byte	16
 126 0061 01       		.byte	1
 127 0062 11       		.byte	17
 128 0063 01       		.byte	1
 129 0064 89       		.byte	-119
 130 0065 72       		.byte	114
 131 0066 88       		.byte	-120
 132 0067 0F       		.byte	15
 133 0068 8A       		.byte	-118
 134 0069 0D       		.byte	13
 135 006a 8B       		.byte	-117
 136 006b 38       		.byte	56
 137 006c 01       		.byte	1
 138 006d 60       		.byte	96
 139 006e 03       		.byte	3
 140 006f 80       		.byte	-128
 141 0070 09       		.byte	9
 142 0071 68       		.byte	104
 143 0072 0B       		.byte	11
 144 0073 95       		.byte	-107
 145 0074 11       		.byte	17
 146 0075 56       		.byte	86
 147 0076 13       		.byte	19
 148 0077 89       		.byte	-119
 149 0078 15       		.byte	21
 150 0079 68       		.byte	104
 151 007a 17       		.byte	23
 152 007b 93       		.byte	-109
 153 007c 1B       		.byte	27
 154 007d 16       		.byte	22
 155 007e 2B       		.byte	43
 156 007f 02       		.byte	2
 157 0080 2F       		.byte	47
 158 0081 A9       		.byte	-87
 159 0082 33       		.byte	51
 160 0083 07       		.byte	7
 161 0084 35       		.byte	53
 162 0085 E4       		.byte	-28
 163 0086 37       		.byte	55
 164 0087 1B       		.byte	27
 165 0088 3B       		.byte	59
 166 0089 A8       		.byte	-88
 167 008a 40       		.byte	64
 168 008b 25       		.byte	37
 169 008c 41       		.byte	65
 170 008d 06       		.byte	6
 171 008e 45       		.byte	69
ARM GAS  C:\Users\Simon\AppData\Local\Temp\ccKQPhxQ.s 			page 4


 172 008f E0       		.byte	-32
 173 0090 46       		.byte	70
 174 0091 B0       		.byte	-80
 175 0092 47       		.byte	71
 176 0093 C0       		.byte	-64
 177 0094 48       		.byte	72
 178 0095 2A       		.byte	42
 179 0096 49       		.byte	73
 180 0097 FF       		.byte	-1
 181 0098 4A       		.byte	74
 182 0099 FF       		.byte	-1
 183 009a 4B       		.byte	75
 184 009b FF       		.byte	-1
 185 009c 4E       		.byte	78
 186 009d F0       		.byte	-16
 187 009e 4F       		.byte	79
 188 009f 44       		.byte	68
 189 00a0 50       		.byte	80
 190 00a1 0C       		.byte	12
 191 00a2 59       		.byte	89
 192 00a3 04       		.byte	4
 193 00a4 5A       		.byte	90
 194 00a5 04       		.byte	4
 195 00a6 5F       		.byte	95
 196 00a7 01       		.byte	1
 197 00a8 66       		.byte	102
 198 00a9 C0       		.byte	-64
 199 00aa 6A       		.byte	106
 200 00ab 40       		.byte	64
 201 00ac 6B       		.byte	107
 202 00ad 02       		.byte	2
 203 00ae 83       		.byte	-125
 204 00af 04       		.byte	4
 205 00b0 84       		.byte	-124
 206 00b1 03       		.byte	3
 207 00b2 85       		.byte	-123
 208 00b3 18       		.byte	24
 209 00b4 86       		.byte	-122
 210 00b5 0C       		.byte	12
 211 00b6 89       		.byte	-119
 212 00b7 08       		.byte	8
 213 00b8 8C       		.byte	-116
 214 00b9 0D       		.byte	13
 215 00ba 8D       		.byte	-115
 216 00bb 3C       		.byte	60
 217 00bc 8E       		.byte	-114
 218 00bd 02       		.byte	2
 219 00be 8F       		.byte	-113
 220 00bf 02       		.byte	2
 221 00c0 92       		.byte	-110
 222 00c1 02       		.byte	2
 223 00c2 94       		.byte	-108
 224 00c3 0C       		.byte	12
 225 00c4 95       		.byte	-107
 226 00c5 3F       		.byte	63
 227 00c6 98       		.byte	-104
 228 00c7 0F       		.byte	15
ARM GAS  C:\Users\Simon\AppData\Local\Temp\ccKQPhxQ.s 			page 5


 229 00c8 99       		.byte	-103
 230 00c9 04       		.byte	4
 231 00ca 9C       		.byte	-100
 232 00cb 0D       		.byte	13
 233 00cc 9D       		.byte	-99
 234 00cd 10       		.byte	16
 235 00ce 9E       		.byte	-98
 236 00cf 02       		.byte	2
 237 00d0 A0       		.byte	-96
 238 00d1 08       		.byte	8
 239 00d2 A1       		.byte	-95
 240 00d3 1C       		.byte	28
 241 00d4 A3       		.byte	-93
 242 00d5 21       		.byte	33
 243 00d6 A4       		.byte	-92
 244 00d7 04       		.byte	4
 245 00d8 A9       		.byte	-87
 246 00d9 27       		.byte	39
 247 00da AB       		.byte	-85
 248 00db 18       		.byte	24
 249 00dc AF       		.byte	-81
 250 00dd 23       		.byte	35
 251 00de B0       		.byte	-80
 252 00df 01       		.byte	1
 253 00e0 B1       		.byte	-79
 254 00e1 1F       		.byte	31
 255 00e2 B6       		.byte	-74
 256 00e3 0E       		.byte	14
 257 00e4 B7       		.byte	-73
 258 00e5 38       		.byte	56
 259 00e6 BA       		.byte	-70
 260 00e7 A0       		.byte	-96
 261 00e8 BB       		.byte	-69
 262 00e9 02       		.byte	2
 263 00ea BE       		.byte	-66
 264 00eb 01       		.byte	1
 265 00ec D6       		.byte	-42
 266 00ed 02       		.byte	2
 267 00ee D7       		.byte	-41
 268 00ef 13       		.byte	19
 269 00f0 D8       		.byte	-40
 270 00f1 04       		.byte	4
 271 00f2 D9       		.byte	-39
 272 00f3 04       		.byte	4
 273 00f4 DB       		.byte	-37
 274 00f5 04       		.byte	4
 275 00f6 DF       		.byte	-33
 276 00f7 01       		.byte	1
 277 00f8 00       		.byte	0
 278 00f9 48       		.byte	72
 279 00fa 02       		.byte	2
 280 00fb 10       		.byte	16
 281 00fc 08       		.byte	8
 282 00fd 01       		.byte	1
 283 00fe 09       		.byte	9
 284 00ff 08       		.byte	8
 285 0100 0A       		.byte	10
ARM GAS  C:\Users\Simon\AppData\Local\Temp\ccKQPhxQ.s 			page 6


 286 0101 05       		.byte	5
 287 0102 10       		.byte	16
 288 0103 80       		.byte	-128
 289 0104 13       		.byte	19
 290 0105 08       		.byte	8
 291 0106 19       		.byte	25
 292 0107 11       		.byte	17
 293 0108 1A       		.byte	26
 294 0109 0D       		.byte	13
 295 010a 1B       		.byte	27
 296 010b 80       		.byte	-128
 297 010c 20       		.byte	32
 298 010d 40       		.byte	64
 299 010e 21       		.byte	33
 300 010f 80       		.byte	-128
 301 0110 25       		.byte	37
 302 0111 14       		.byte	20
 303 0112 26       		.byte	38
 304 0113 88       		.byte	-120
 305 0114 27       		.byte	39
 306 0115 01       		.byte	1
 307 0116 28       		.byte	40
 308 0117 01       		.byte	1
 309 0118 2A       		.byte	42
 310 0119 10       		.byte	16
 311 011a 2B       		.byte	43
 312 011b 82       		.byte	-126
 313 011c 2D       		.byte	45
 314 011d 40       		.byte	64
 315 011e 2F       		.byte	47
 316 011f 08       		.byte	8
 317 0120 30       		.byte	48
 318 0121 80       		.byte	-128
 319 0122 32       		.byte	50
 320 0123 14       		.byte	20
 321 0124 36       		.byte	54
 322 0125 18       		.byte	24
 323 0126 37       		.byte	55
 324 0127 01       		.byte	1
 325 0128 38       		.byte	56
 326 0129 68       		.byte	104
 327 012a 39       		.byte	57
 328 012b 02       		.byte	2
 329 012c 3D       		.byte	61
 330 012d 20       		.byte	32
 331 012e 3F       		.byte	63
 332 012f 02       		.byte	2
 333 0130 45       		.byte	69
 334 0131 10       		.byte	16
 335 0132 4C       		.byte	76
 336 0133 40       		.byte	64
 337 0134 4D       		.byte	77
 338 0135 40       		.byte	64
 339 0136 4E       		.byte	78
 340 0137 08       		.byte	8
 341 0138 4F       		.byte	79
 342 0139 81       		.byte	-127
ARM GAS  C:\Users\Simon\AppData\Local\Temp\ccKQPhxQ.s 			page 7


 343 013a 56       		.byte	86
 344 013b 20       		.byte	32
 345 013c 57       		.byte	87
 346 013d 01       		.byte	1
 347 013e 59       		.byte	89
 348 013f 01       		.byte	1
 349 0140 68       		.byte	104
 350 0141 08       		.byte	8
 351 0142 69       		.byte	105
 352 0143 04       		.byte	4
 353 0144 6A       		.byte	106
 354 0145 80       		.byte	-128
 355 0146 70       		.byte	112
 356 0147 94       		.byte	-108
 357 0148 71       		.byte	113
 358 0149 08       		.byte	8
 359 014a 73       		.byte	115
 360 014b 08       		.byte	8
 361 014c 9D       		.byte	-99
 362 014d 80       		.byte	-128
 363 014e C0       		.byte	-64
 364 014f 05       		.byte	5
 365 0150 C2       		.byte	-62
 366 0151 0F       		.byte	15
 367 0152 C4       		.byte	-60
 368 0153 0C       		.byte	12
 369 0154 CA       		.byte	-54
 370 0155 3D       		.byte	61
 371 0156 CC       		.byte	-52
 372 0157 EE       		.byte	-18
 373 0158 CE       		.byte	-50
 374 0159 AF       		.byte	-81
 375 015a D0       		.byte	-48
 376 015b 20       		.byte	32
 377 015c D2       		.byte	-46
 378 015d 30       		.byte	48
 379 015e D6       		.byte	-42
 380 015f 01       		.byte	1
 381 0160 85       		.byte	-123
 382 0161 80       		.byte	-128
 383 0162 E0       		.byte	-32
 384 0163 08       		.byte	8
 385 0164 E0       		.byte	-32
 386 0165 08       		.byte	8
 387 0166 E4       		.byte	-28
 388 0167 80       		.byte	-128
 389 0168 EA       		.byte	-22
 390 0169 05       		.byte	5
 391 016a E6       		.byte	-26
 392 016b 0A       		.byte	10
 393 016c 05       		.byte	5
 394 016d 07       		.byte	7
 395 016e 08       		.byte	8
 396 016f 02       		.byte	2
 397 0170 09       		.byte	9
 398 0171 07       		.byte	7
 399 0172 0C       		.byte	12
ARM GAS  C:\Users\Simon\AppData\Local\Temp\ccKQPhxQ.s 			page 8


 400 0173 01       		.byte	1
 401 0174 0D       		.byte	13
 402 0175 08       		.byte	8
 403 0176 0F       		.byte	15
 404 0177 01       		.byte	1
 405 0178 12       		.byte	18
 406 0179 02       		.byte	2
 407 017a 14       		.byte	20
 408 017b 02       		.byte	2
 409 017c 1D       		.byte	29
 410 017d 02       		.byte	2
 411 017e 1E       		.byte	30
 412 017f 02       		.byte	2
 413 0180 1F       		.byte	31
 414 0181 04       		.byte	4
 415 0182 22       		.byte	34
 416 0183 02       		.byte	2
 417 0184 30       		.byte	48
 418 0185 02       		.byte	2
 419 0186 33       		.byte	51
 420 0187 03       		.byte	3
 421 0188 34       		.byte	52
 422 0189 01       		.byte	1
 423 018a 35       		.byte	53
 424 018b 0C       		.byte	12
 425 018c 39       		.byte	57
 426 018d 28       		.byte	40
 427 018e 3E       		.byte	62
 428 018f 11       		.byte	17
 429 0190 3F       		.byte	63
 430 0191 04       		.byte	4
 431 0192 40       		.byte	64
 432 0193 02       		.byte	2
 433 0194 47       		.byte	71
 434 0195 04       		.byte	4
 435 0196 49       		.byte	73
 436 0197 FF       		.byte	-1
 437 0198 4A       		.byte	74
 438 0199 07       		.byte	7
 439 019a 4B       		.byte	75
 440 019b FF       		.byte	-1
 441 019c 4C       		.byte	76
 442 019d 40       		.byte	64
 443 019e 4D       		.byte	77
 444 019f 20       		.byte	32
 445 01a0 4E       		.byte	78
 446 01a1 F0       		.byte	-16
 447 01a2 4F       		.byte	79
 448 01a3 05       		.byte	5
 449 01a4 50       		.byte	80
 450 01a5 08       		.byte	8
 451 01a6 54       		.byte	84
 452 01a7 01       		.byte	1
 453 01a8 58       		.byte	88
 454 01a9 04       		.byte	4
 455 01aa 59       		.byte	89
 456 01ab 04       		.byte	4
ARM GAS  C:\Users\Simon\AppData\Local\Temp\ccKQPhxQ.s 			page 9


 457 01ac 5A       		.byte	90
 458 01ad 04       		.byte	4
 459 01ae 5B       		.byte	91
 460 01af 04       		.byte	4
 461 01b0 5F       		.byte	95
 462 01b1 01       		.byte	1
 463 01b2 60       		.byte	96
 464 01b3 40       		.byte	64
 465 01b4 61       		.byte	97
 466 01b5 A8       		.byte	-88
 467 01b6 62       		.byte	98
 468 01b7 40       		.byte	64
 469 01b8 63       		.byte	99
 470 01b9 20       		.byte	32
 471 01ba 81       		.byte	-127
 472 01bb 22       		.byte	34
 473 01bc 83       		.byte	-125
 474 01bd 01       		.byte	1
 475 01be 84       		.byte	-124
 476 01bf 08       		.byte	8
 477 01c0 85       		.byte	-123
 478 01c1 18       		.byte	24
 479 01c2 89       		.byte	-119
 480 01c3 08       		.byte	8
 481 01c4 8D       		.byte	-115
 482 01c5 18       		.byte	24
 483 01c6 8F       		.byte	-113
 484 01c7 66       		.byte	102
 485 01c8 92       		.byte	-110
 486 01c9 02       		.byte	2
 487 01ca 95       		.byte	-107
 488 01cb 44       		.byte	68
 489 01cc 99       		.byte	-103
 490 01cd 66       		.byte	102
 491 01ce 9B       		.byte	-101
 492 01cf 18       		.byte	24
 493 01d0 9D       		.byte	-99
 494 01d1 10       		.byte	16
 495 01d2 A1       		.byte	-95
 496 01d3 1E       		.byte	30
 497 01d4 A3       		.byte	-93
 498 01d5 60       		.byte	96
 499 01d6 A5       		.byte	-91
 500 01d7 66       		.byte	102
 501 01d8 A6       		.byte	-90
 502 01d9 0E       		.byte	14
 503 01da A9       		.byte	-87
 504 01db 7E       		.byte	126
 505 01dc AE       		.byte	-82
 506 01dd 01       		.byte	1
 507 01de AF       		.byte	-81
 508 01df 66       		.byte	102
 509 01e0 B0       		.byte	-80
 510 01e1 01       		.byte	1
 511 01e2 B1       		.byte	-79
 512 01e3 01       		.byte	1
 513 01e4 B2       		.byte	-78
ARM GAS  C:\Users\Simon\AppData\Local\Temp\ccKQPhxQ.s 			page 10


 514 01e5 08       		.byte	8
 515 01e6 B4       		.byte	-76
 516 01e7 04       		.byte	4
 517 01e8 B5       		.byte	-75
 518 01e9 1E       		.byte	30
 519 01ea B6       		.byte	-74
 520 01eb 02       		.byte	2
 521 01ec B7       		.byte	-73
 522 01ed 60       		.byte	96
 523 01ee BB       		.byte	-69
 524 01ef 20       		.byte	32
 525 01f0 C0       		.byte	-64
 526 01f1 40       		.byte	64
 527 01f2 C1       		.byte	-63
 528 01f3 05       		.byte	5
 529 01f4 C5       		.byte	-59
 530 01f5 D0       		.byte	-48
 531 01f6 C6       		.byte	-58
 532 01f7 12       		.byte	18
 533 01f8 C8       		.byte	-56
 534 01f9 0E       		.byte	14
 535 01fa C9       		.byte	-55
 536 01fb FF       		.byte	-1
 537 01fc CA       		.byte	-54
 538 01fd FF       		.byte	-1
 539 01fe CB       		.byte	-53
 540 01ff FF       		.byte	-1
 541 0200 CD       		.byte	-51
 542 0201 A0       		.byte	-96
 543 0202 CF       		.byte	-49
 544 0203 04       		.byte	4
 545 0204 D0       		.byte	-48
 546 0205 18       		.byte	24
 547 0206 D2       		.byte	-46
 548 0207 80       		.byte	-128
 549 0208 D8       		.byte	-40
 550 0209 04       		.byte	4
 551 020a D9       		.byte	-39
 552 020b 04       		.byte	4
 553 020c DA       		.byte	-38
 554 020d 04       		.byte	4
 555 020e DB       		.byte	-37
 556 020f 04       		.byte	4
 557 0210 DC       		.byte	-36
 558 0211 01       		.byte	1
 559 0212 DD       		.byte	-35
 560 0213 11       		.byte	17
 561 0214 DF       		.byte	-33
 562 0215 01       		.byte	1
 563 0216 E0       		.byte	-32
 564 0217 40       		.byte	64
 565 0218 E2       		.byte	-30
 566 0219 C0       		.byte	-64
 567 021a E4       		.byte	-28
 568 021b 40       		.byte	64
 569 021c E5       		.byte	-27
 570 021d 40       		.byte	64
ARM GAS  C:\Users\Simon\AppData\Local\Temp\ccKQPhxQ.s 			page 11


 571 021e E6       		.byte	-26
 572 021f C0       		.byte	-64
 573 0220 E8       		.byte	-24
 574 0221 C0       		.byte	-64
 575 0222 EA       		.byte	-22
 576 0223 C0       		.byte	-64
 577 0224 EC       		.byte	-20
 578 0225 C0       		.byte	-64
 579 0226 EE       		.byte	-18
 580 0227 C0       		.byte	-64
 581 0228 00       		.byte	0
 582 0229 04       		.byte	4
 583 022a 04       		.byte	4
 584 022b 80       		.byte	-128
 585 022c 06       		.byte	6
 586 022d 08       		.byte	8
 587 022e 0A       		.byte	10
 588 022f 40       		.byte	64
 589 0230 0D       		.byte	13
 590 0231 44       		.byte	68
 591 0232 0F       		.byte	15
 592 0233 92       		.byte	-110
 593 0234 10       		.byte	16
 594 0235 20       		.byte	32
 595 0236 13       		.byte	19
 596 0237 40       		.byte	64
 597 0238 14       		.byte	20
 598 0239 80       		.byte	-128
 599 023a 18       		.byte	24
 600 023b 04       		.byte	4
 601 023c 19       		.byte	25
 602 023d 86       		.byte	-122
 603 023e 1A       		.byte	26
 604 023f 40       		.byte	64
 605 0240 1E       		.byte	30
 606 0241 88       		.byte	-120
 607 0242 20       		.byte	32
 608 0243 08       		.byte	8
 609 0244 21       		.byte	33
 610 0245 01       		.byte	1
 611 0246 22       		.byte	34
 612 0247 20       		.byte	32
 613 0248 23       		.byte	35
 614 0249 02       		.byte	2
 615 024a 25       		.byte	37
 616 024b 20       		.byte	32
 617 024c 26       		.byte	38
 618 024d 10       		.byte	16
 619 024e 27       		.byte	39
 620 024f 10       		.byte	16
 621 0250 28       		.byte	40
 622 0251 10       		.byte	16
 623 0252 29       		.byte	41
 624 0253 10       		.byte	16
 625 0254 2B       		.byte	43
 626 0255 82       		.byte	-126
 627 0256 30       		.byte	48
ARM GAS  C:\Users\Simon\AppData\Local\Temp\ccKQPhxQ.s 			page 12


 628 0257 80       		.byte	-128
 629 0258 31       		.byte	49
 630 0259 08       		.byte	8
 631 025a 32       		.byte	50
 632 025b 20       		.byte	32
 633 025c 34       		.byte	52
 634 025d 80       		.byte	-128
 635 025e 36       		.byte	54
 636 025f 80       		.byte	-128
 637 0260 38       		.byte	56
 638 0261 6A       		.byte	106
 639 0262 3D       		.byte	61
 640 0263 28       		.byte	40
 641 0264 3E       		.byte	62
 642 0265 08       		.byte	8
 643 0266 3F       		.byte	63
 644 0267 90       		.byte	-112
 645 0268 42       		.byte	66
 646 0269 40       		.byte	64
 647 026a 47       		.byte	71
 648 026b 10       		.byte	16
 649 026c 49       		.byte	73
 650 026d 01       		.byte	1
 651 026e 4B       		.byte	75
 652 026f 80       		.byte	-128
 653 0270 50       		.byte	80
 654 0271 20       		.byte	32
 655 0272 52       		.byte	82
 656 0273 40       		.byte	64
 657 0274 53       		.byte	83
 658 0275 40       		.byte	64
 659 0276 56       		.byte	86
 660 0277 04       		.byte	4
 661 0278 57       		.byte	87
 662 0279 48       		.byte	72
 663 027a 5E       		.byte	94
 664 027b 98       		.byte	-104
 665 027c 5F       		.byte	95
 666 027d 01       		.byte	1
 667 027e 73       		.byte	115
 668 027f 40       		.byte	64
 669 0280 86       		.byte	-122
 670 0281 02       		.byte	2
 671 0282 8D       		.byte	-115
 672 0283 44       		.byte	68
 673 0284 8E       		.byte	-114
 674 0285 10       		.byte	16
 675 0286 8F       		.byte	-113
 676 0287 40       		.byte	64
 677 0288 90       		.byte	-112
 678 0289 E8       		.byte	-24
 679 028a 91       		.byte	-111
 680 028b 04       		.byte	4
 681 028c 92       		.byte	-110
 682 028d 85       		.byte	-123
 683 028e 93       		.byte	-109
 684 028f 01       		.byte	1
ARM GAS  C:\Users\Simon\AppData\Local\Temp\ccKQPhxQ.s 			page 13


 685 0290 95       		.byte	-107
 686 0291 02       		.byte	2
 687 0292 96       		.byte	-106
 688 0293 20       		.byte	32
 689 0294 99       		.byte	-103
 690 0295 10       		.byte	16
 691 0296 9A       		.byte	-102
 692 0297 20       		.byte	32
 693 0298 9D       		.byte	-99
 694 0299 80       		.byte	-128
 695 029a A0       		.byte	-96
 696 029b 88       		.byte	-120
 697 029c A1       		.byte	-95
 698 029d 94       		.byte	-108
 699 029e A2       		.byte	-94
 700 029f 80       		.byte	-128
 701 02a0 A3       		.byte	-93
 702 02a1 81       		.byte	-127
 703 02a2 A4       		.byte	-92
 704 02a3 04       		.byte	4
 705 02a4 A6       		.byte	-90
 706 02a5 10       		.byte	16
 707 02a6 A7       		.byte	-89
 708 02a7 4A       		.byte	74
 709 02a8 C0       		.byte	-64
 710 02a9 C4       		.byte	-60
 711 02aa C2       		.byte	-62
 712 02ab B8       		.byte	-72
 713 02ac C4       		.byte	-60
 714 02ad 15       		.byte	21
 715 02ae CA       		.byte	-54
 716 02af 0F       		.byte	15
 717 02b0 CC       		.byte	-52
 718 02b1 1E       		.byte	30
 719 02b2 CE       		.byte	-50
 720 02b3 7F       		.byte	127
 721 02b4 D0       		.byte	-48
 722 02b5 21       		.byte	33
 723 02b6 D2       		.byte	-46
 724 02b7 08       		.byte	8
 725 02b8 D6       		.byte	-42
 726 02b9 F0       		.byte	-16
 727 02ba E6       		.byte	-26
 728 02bb 02       		.byte	2
 729 02bc 01       		.byte	1
 730 02bd 41       		.byte	65
 731 02be 02       		.byte	2
 732 02bf 08       		.byte	8
 733 02c0 03       		.byte	3
 734 02c1 2A       		.byte	42
 735 02c2 04       		.byte	4
 736 02c3 01       		.byte	1
 737 02c4 05       		.byte	5
 738 02c5 E3       		.byte	-29
 739 02c6 0A       		.byte	10
 740 02c7 02       		.byte	2
 741 02c8 0E       		.byte	14
ARM GAS  C:\Users\Simon\AppData\Local\Temp\ccKQPhxQ.s 			page 14


 742 02c9 01       		.byte	1
 743 02ca 0F       		.byte	15
 744 02cb 10       		.byte	16
 745 02cc 10       		.byte	16
 746 02cd 04       		.byte	4
 747 02ce 14       		.byte	20
 748 02cf 01       		.byte	1
 749 02d0 15       		.byte	21
 750 02d1 82       		.byte	-126
 751 02d2 17       		.byte	23
 752 02d3 29       		.byte	41
 753 02d4 19       		.byte	25
 754 02d5 20       		.byte	32
 755 02d6 1A       		.byte	26
 756 02d7 02       		.byte	2
 757 02d8 1B       		.byte	27
 758 02d9 C4       		.byte	-60
 759 02da 1E       		.byte	30
 760 02db 01       		.byte	1
 761 02dc 1F       		.byte	31
 762 02dd 10       		.byte	16
 763 02de 22       		.byte	34
 764 02df 08       		.byte	8
 765 02e0 24       		.byte	36
 766 02e1 04       		.byte	4
 767 02e2 28       		.byte	40
 768 02e3 04       		.byte	4
 769 02e4 29       		.byte	41
 770 02e5 E3       		.byte	-29
 771 02e6 30       		.byte	48
 772 02e7 04       		.byte	4
 773 02e8 31       		.byte	49
 774 02e9 10       		.byte	16
 775 02ea 32       		.byte	50
 776 02eb 01       		.byte	1
 777 02ec 33       		.byte	51
 778 02ed 03       		.byte	3
 779 02ee 34       		.byte	52
 780 02ef 02       		.byte	2
 781 02f0 35       		.byte	53
 782 02f1 E0       		.byte	-32
 783 02f2 36       		.byte	54
 784 02f3 08       		.byte	8
 785 02f4 37       		.byte	55
 786 02f5 0C       		.byte	12
 787 02f6 38       		.byte	56
 788 02f7 08       		.byte	8
 789 02f8 3E       		.byte	62
 790 02f9 50       		.byte	80
 791 02fa 3F       		.byte	63
 792 02fb 41       		.byte	65
 793 02fc 40       		.byte	64
 794 02fd 64       		.byte	100
 795 02fe 41       		.byte	65
 796 02ff 02       		.byte	2
 797 0300 42       		.byte	66
 798 0301 05       		.byte	5
ARM GAS  C:\Users\Simon\AppData\Local\Temp\ccKQPhxQ.s 			page 15


 799 0302 44       		.byte	68
 800 0303 01       		.byte	1
 801 0304 45       		.byte	69
 802 0305 0E       		.byte	14
 803 0306 46       		.byte	70
 804 0307 0C       		.byte	12
 805 0308 48       		.byte	72
 806 0309 05       		.byte	5
 807 030a 49       		.byte	73
 808 030b FF       		.byte	-1
 809 030c 4A       		.byte	74
 810 030d FF       		.byte	-1
 811 030e 4B       		.byte	75
 812 030f FF       		.byte	-1
 813 0310 4C       		.byte	76
 814 0311 62       		.byte	98
 815 0312 4D       		.byte	77
 816 0313 A0       		.byte	-96
 817 0314 4E       		.byte	78
 818 0315 F0       		.byte	-16
 819 0316 4F       		.byte	79
 820 0317 41       		.byte	65
 821 0318 50       		.byte	80
 822 0319 0C       		.byte	12
 823 031a 54       		.byte	84
 824 031b 05       		.byte	5
 825 031c 58       		.byte	88
 826 031d 04       		.byte	4
 827 031e 59       		.byte	89
 828 031f 04       		.byte	4
 829 0320 5A       		.byte	90
 830 0321 04       		.byte	4
 831 0322 5B       		.byte	91
 832 0323 04       		.byte	4
 833 0324 5D       		.byte	93
 834 0325 10       		.byte	16
 835 0326 5F       		.byte	95
 836 0327 01       		.byte	1
 837 0328 66       		.byte	102
 838 0329 40       		.byte	64
 839 032a 67       		.byte	103
 840 032b 02       		.byte	2
 841 032c 69       		.byte	105
 842 032d 10       		.byte	16
 843 032e 6A       		.byte	106
 844 032f 30       		.byte	48
 845 0330 6B       		.byte	107
 846 0331 10       		.byte	16
 847 0332 6D       		.byte	109
 848 0333 10       		.byte	16
 849 0334 6E       		.byte	110
 850 0335 10       		.byte	16
 851 0336 6F       		.byte	111
 852 0337 12       		.byte	18
 853 0338 84       		.byte	-124
 854 0339 14       		.byte	20
 855 033a 88       		.byte	-120
ARM GAS  C:\Users\Simon\AppData\Local\Temp\ccKQPhxQ.s 			page 16


 856 033b 0C       		.byte	12
 857 033c 8A       		.byte	-118
 858 033d 11       		.byte	17
 859 033e 92       		.byte	-110
 860 033f 03       		.byte	3
 861 0340 98       		.byte	-104
 862 0341 09       		.byte	9
 863 0342 9A       		.byte	-102
 864 0343 10       		.byte	16
 865 0344 A0       		.byte	-96
 866 0345 1C       		.byte	28
 867 0346 A1       		.byte	-95
 868 0347 01       		.byte	1
 869 0348 A2       		.byte	-94
 870 0349 02       		.byte	2
 871 034a A4       		.byte	-92
 872 034b 10       		.byte	16
 873 034c A6       		.byte	-90
 874 034d 0C       		.byte	12
 875 034e A8       		.byte	-88
 876 034f 10       		.byte	16
 877 0350 B0       		.byte	-80
 878 0351 1F       		.byte	31
 879 0352 B1       		.byte	-79
 880 0353 01       		.byte	1
 881 0354 B6       		.byte	-74
 882 0355 1F       		.byte	31
 883 0356 BF       		.byte	-65
 884 0357 01       		.byte	1
 885 0358 D4       		.byte	-44
 886 0359 18       		.byte	24
 887 035a D6       		.byte	-42
 888 035b 04       		.byte	4
 889 035c D8       		.byte	-40
 890 035d 04       		.byte	4
 891 035e D9       		.byte	-39
 892 035f 04       		.byte	4
 893 0360 DB       		.byte	-37
 894 0361 04       		.byte	4
 895 0362 DF       		.byte	-33
 896 0363 01       		.byte	1
 897 0364 00       		.byte	0
 898 0365 48       		.byte	72
 899 0366 01       		.byte	1
 900 0367 02       		.byte	2
 901 0368 03       		.byte	3
 902 0369 08       		.byte	8
 903 036a 06       		.byte	6
 904 036b 28       		.byte	40
 905 036c 08       		.byte	8
 906 036d 08       		.byte	8
 907 036e 0A       		.byte	10
 908 036f 81       		.byte	-127
 909 0370 0B       		.byte	11
 910 0371 08       		.byte	8
 911 0372 0D       		.byte	13
 912 0373 A0       		.byte	-96
ARM GAS  C:\Users\Simon\AppData\Local\Temp\ccKQPhxQ.s 			page 17


 913 0374 0E       		.byte	14
 914 0375 82       		.byte	-126
 915 0376 10       		.byte	16
 916 0377 0C       		.byte	12
 917 0378 11       		.byte	17
 918 0379 04       		.byte	4
 919 037a 12       		.byte	18
 920 037b 40       		.byte	64
 921 037c 14       		.byte	20
 922 037d 80       		.byte	-128
 923 037e 15       		.byte	21
 924 037f 08       		.byte	8
 925 0380 16       		.byte	22
 926 0381 04       		.byte	4
 927 0382 19       		.byte	25
 928 0383 20       		.byte	32
 929 0384 1A       		.byte	26
 930 0385 40       		.byte	64
 931 0386 1B       		.byte	27
 932 0387 4A       		.byte	74
 933 0388 1E       		.byte	30
 934 0389 80       		.byte	-128
 935 038a 1F       		.byte	31
 936 038b 80       		.byte	-128
 937 038c 20       		.byte	32
 938 038d 01       		.byte	1
 939 038e 21       		.byte	33
 940 038f 08       		.byte	8
 941 0390 22       		.byte	34
 942 0391 21       		.byte	33
 943 0392 25       		.byte	37
 944 0393 01       		.byte	1
 945 0394 28       		.byte	40
 946 0395 04       		.byte	4
 947 0396 2F       		.byte	47
 948 0397 80       		.byte	-128
 949 0398 30       		.byte	48
 950 0399 10       		.byte	16
 951 039a 31       		.byte	49
 952 039b 88       		.byte	-120
 953 039c 32       		.byte	50
 954 039d 20       		.byte	32
 955 039e 38       		.byte	56
 956 039f 82       		.byte	-126
 957 03a0 39       		.byte	57
 958 03a1 04       		.byte	4
 959 03a2 40       		.byte	64
 960 03a3 09       		.byte	9
 961 03a4 42       		.byte	66
 962 03a5 44       		.byte	68
 963 03a6 48       		.byte	72
 964 03a7 04       		.byte	4
 965 03a8 4A       		.byte	74
 966 03a9 01       		.byte	1
 967 03aa 4B       		.byte	75
 968 03ab 08       		.byte	8
 969 03ac 4D       		.byte	77
ARM GAS  C:\Users\Simon\AppData\Local\Temp\ccKQPhxQ.s 			page 18


 970 03ad 80       		.byte	-128
 971 03ae 4E       		.byte	78
 972 03af 01       		.byte	1
 973 03b0 50       		.byte	80
 974 03b1 40       		.byte	64
 975 03b2 59       		.byte	89
 976 03b3 01       		.byte	1
 977 03b4 5B       		.byte	91
 978 03b5 48       		.byte	72
 979 03b6 5F       		.byte	95
 980 03b7 02       		.byte	2
 981 03b8 65       		.byte	101
 982 03b9 A0       		.byte	-96
 983 03ba 66       		.byte	102
 984 03bb 02       		.byte	2
 985 03bc 8C       		.byte	-116
 986 03bd 01       		.byte	1
 987 03be 8D       		.byte	-115
 988 03bf 01       		.byte	1
 989 03c0 8E       		.byte	-114
 990 03c1 10       		.byte	16
 991 03c2 8F       		.byte	-113
 992 03c3 48       		.byte	72
 993 03c4 90       		.byte	-112
 994 03c5 40       		.byte	64
 995 03c6 91       		.byte	-111
 996 03c7 0C       		.byte	12
 997 03c8 92       		.byte	-110
 998 03c9 85       		.byte	-123
 999 03ca 94       		.byte	-108
 1000 03cb 02       		.byte	2
 1001 03cc 96       		.byte	-106
 1002 03cd 20       		.byte	32
 1003 03ce 98       		.byte	-104
 1004 03cf 80       		.byte	-128
 1005 03d0 99       		.byte	-103
 1006 03d1 03       		.byte	3
 1007 03d2 9A       		.byte	-102
 1008 03d3 6C       		.byte	108
 1009 03d4 9B       		.byte	-101
 1010 03d5 42       		.byte	66
 1011 03d6 9C       		.byte	-100
 1012 03d7 10       		.byte	16
 1013 03d8 9E       		.byte	-98
 1014 03d9 02       		.byte	2
 1015 03da A0       		.byte	-96
 1016 03db 0C       		.byte	12
 1017 03dc A1       		.byte	-95
 1018 03dd A0       		.byte	-96
 1019 03de A5       		.byte	-91
 1020 03df 08       		.byte	8
 1021 03e0 A7       		.byte	-89
 1022 03e1 02       		.byte	2
 1023 03e2 C0       		.byte	-64
 1024 03e3 6F       		.byte	111
 1025 03e4 C2       		.byte	-62
 1026 03e5 5F       		.byte	95
ARM GAS  C:\Users\Simon\AppData\Local\Temp\ccKQPhxQ.s 			page 19


 1027 03e6 C4       		.byte	-60
 1028 03e7 7E       		.byte	126
 1029 03e8 CA       		.byte	-54
 1030 03e9 84       		.byte	-124
 1031 03ea CC       		.byte	-52
 1032 03eb 0E       		.byte	14
 1033 03ec CE       		.byte	-50
 1034 03ed 0B       		.byte	11
 1035 03ee D0       		.byte	-48
 1036 03ef 0D       		.byte	13
 1037 03f0 D2       		.byte	-46
 1038 03f1 0C       		.byte	12
 1039 03f2 D6       		.byte	-42
 1040 03f3 8B       		.byte	-117
 1041 03f4 D8       		.byte	-40
 1042 03f5 B0       		.byte	-80
 1043 03f6 E0       		.byte	-32
 1044 03f7 08       		.byte	8
 1045 03f8 E4       		.byte	-28
 1046 03f9 80       		.byte	-128
 1047 03fa EA       		.byte	-22
 1048 03fb 05       		.byte	5
 1049 03fc 33       		.byte	51
 1050 03fd 80       		.byte	-128
 1051 03fe CC       		.byte	-52
 1052 03ff 10       		.byte	16
 1053 0400 A7       		.byte	-89
 1054 0401 80       		.byte	-128
 1055 0402 3E       		.byte	62
 1056 0403 10       		.byte	16
 1057 0404 A7       		.byte	-89
 1058 0405 80       		.byte	-128
 1059 0406 CE       		.byte	-50
 1060 0407 20       		.byte	32
 1061 0408 96       		.byte	-106
 1062 0409 10       		.byte	16
 1063 040a A7       		.byte	-89
 1064 040b 80       		.byte	-128
 1065 040c 57       		.byte	87
 1066 040d 02       		.byte	2
 1067 040e D6       		.byte	-42
 1068 040f 04       		.byte	4
 1069 0410 87       		.byte	-121
 1070 0411 02       		.byte	2
 1071 0412 A7       		.byte	-89
 1072 0413 02       		.byte	2
 1073 0414 84       		.byte	-124
 1074 0415 04       		.byte	4
 1075 0416 87       		.byte	-121
 1076 0417 80       		.byte	-128
 1077 0418 96       		.byte	-106
 1078 0419 10       		.byte	16
 1079 041a A7       		.byte	-89
 1080 041b 80       		.byte	-128
 1081 041c E6       		.byte	-26
 1082 041d 50       		.byte	80
 1083 041e 13       		.byte	19
ARM GAS  C:\Users\Simon\AppData\Local\Temp\ccKQPhxQ.s 			page 20


 1084 041f 08       		.byte	8
 1085 0420 16       		.byte	22
 1086 0421 40       		.byte	64
 1087 0422 74       		.byte	116
 1088 0423 04       		.byte	4
 1089 0424 7B       		.byte	123
 1090 0425 02       		.byte	2
 1091 0426 86       		.byte	-122
 1092 0427 40       		.byte	64
 1093 0428 8B       		.byte	-117
 1094 0429 08       		.byte	8
 1095 042a A0       		.byte	-96
 1096 042b 04       		.byte	4
 1097 042c A3       		.byte	-93
 1098 042d 02       		.byte	2
 1099 042e AA       		.byte	-86
 1100 042f 10       		.byte	16
 1101 0430 AB       		.byte	-85
 1102 0431 02       		.byte	2
 1103 0432 C4       		.byte	-60
 1104 0433 30       		.byte	48
 1105 0434 DC       		.byte	-36
 1106 0435 80       		.byte	-128
 1107 0436 DE       		.byte	-34
 1108 0437 20       		.byte	32
 1109 0438 E0       		.byte	-32
 1110 0439 10       		.byte	16
 1111 043a EA       		.byte	-22
 1112 043b A0       		.byte	-96
 1113 043c 13       		.byte	19
 1114 043d 28       		.byte	40
 1115 043e 14       		.byte	20
 1116 043f 10       		.byte	16
 1117 0440 79       		.byte	121
 1118 0441 01       		.byte	1
 1119 0442 7F       		.byte	127
 1120 0443 40       		.byte	64
 1121 0444 84       		.byte	-124
 1122 0445 10       		.byte	16
 1123 0446 C4       		.byte	-60
 1124 0447 0E       		.byte	14
 1125 0448 DE       		.byte	-34
 1126 0449 03       		.byte	3
 1127 044a 12       		.byte	18
 1128 044b 80       		.byte	-128
 1129 044c 75       		.byte	117
 1130 044d 04       		.byte	4
 1131 044e 87       		.byte	-121
 1132 044f 40       		.byte	64
 1133 0450 89       		.byte	-119
 1134 0451 01       		.byte	1
 1135 0452 8D       		.byte	-115
 1136 0453 04       		.byte	4
 1137 0454 8E       		.byte	-114
 1138 0455 80       		.byte	-128
 1139 0456 95       		.byte	-107
 1140 0457 01       		.byte	1
ARM GAS  C:\Users\Simon\AppData\Local\Temp\ccKQPhxQ.s 			page 21


 1141 0458 97       		.byte	-105
 1142 0459 80       		.byte	-128
 1143 045a AB       		.byte	-85
 1144 045b 28       		.byte	40
 1145 045c C4       		.byte	-60
 1146 045d 08       		.byte	8
 1147 045e DE       		.byte	-34
 1148 045f 04       		.byte	4
 1149 0460 E0       		.byte	-32
 1150 0461 08       		.byte	8
 1151 0462 E2       		.byte	-30
 1152 0463 02       		.byte	2
 1153 0464 E4       		.byte	-28
 1154 0465 01       		.byte	1
 1155 0466 00       		.byte	0
 1156 0467 01       		.byte	1
 1157 0468 0C       		.byte	12
 1158 0469 01       		.byte	1
 1159 046a 10       		.byte	16
 1160 046b 03       		.byte	3
 1161 046c 1C       		.byte	28
 1162 046d 03       		.byte	3
 1163 046e 00       		.byte	0
 1164 046f 03       		.byte	3
 1165 0470 03       		.byte	3
 1166 0471 C0       		.byte	-64
 1167 0472 00       		.byte	0
 1168 0473 00       		.byte	0
 1169 0474 82       		.byte	-126
 1170 0475 80       		.byte	-128
 1171 0476 00       		.byte	0
 1172 0477 00       		.byte	0
 1173 0478 43       		.byte	67
 1174 0479 00       		.byte	0
 1175 047a 00       		.byte	0
 1176 047b 00       		.byte	0
 1177 047c 83       		.byte	-125
 1178 047d 00       		.byte	0
 1179 047e 40       		.byte	64
 1180 047f 80       		.byte	-128
 1181 0480 83       		.byte	-125
 1182 0481 00       		.byte	0
 1183 0482 83       		.byte	-125
 1184 0483 00       		.byte	0
 1185 0484 00       		.byte	0
 1186 0485 00       		.byte	0
 1187 0486 00       		.byte	0
 1188 0487 00       		.byte	0
 1189 0488 00       		.byte	0
 1190 0489 0B       		.byte	11
 1191 048a 0B       		.byte	11
 1192 048b 00       		.byte	0
 1193 048c 00       		.byte	0
 1194 048d 00       		.byte	0
 1195 048e 00       		.byte	0
 1196 048f 00       		.byte	0
 1197 0490 00       		.byte	0
ARM GAS  C:\Users\Simon\AppData\Local\Temp\ccKQPhxQ.s 			page 22


 1198 0491 01       		.byte	1
 1199 0492 01       		.byte	1
 1200 0493 00       		.byte	0
 1201 0494 01       		.byte	1
 1202 0495 00       		.byte	0
 1203 0496 00       		.byte	0
 1204 0497 00       		.byte	0
 1205              		.section	.cywolatch,"a",%progbits
 1206              		.align	2
 1207              		.type	cy_meta_wonvl, %object
 1208              		.size	cy_meta_wonvl, 4
 1209              	cy_meta_wonvl:
 1210 0000 BC       		.byte	-68
 1211 0001 90       		.byte	-112
 1212 0002 AC       		.byte	-84
 1213 0003 AF       		.byte	-81
 1214              		.section	.cycustnvl,"a",%progbits
 1215              		.align	2
 1216              		.type	cy_meta_custnvl, %object
 1217              		.size	cy_meta_custnvl, 4
 1218              	cy_meta_custnvl:
 1219 0000 00       		.byte	0
 1220 0001 00       		.byte	0
 1221 0002 40       		.byte	64
 1222 0003 05       		.byte	5
 1223              		.section	.cymeta,"a",%progbits
 1224              		.align	2
 1225              		.type	cy_metadata, %object
 1226              		.size	cy_metadata, 12
 1227              	cy_metadata:
 1228 0000 00       		.byte	0
 1229 0001 01       		.byte	1
 1230 0002 2E       		.byte	46
 1231 0003 16       		.byte	22
 1232 0004 10       		.byte	16
 1233 0005 69       		.byte	105
 1234 0006 00       		.byte	0
 1235 0007 01       		.byte	1
 1236 0008 00       		.byte	0
 1237 0009 00       		.byte	0
 1238 000a 00       		.byte	0
 1239 000b 00       		.byte	0
 1240              		.section	.cyflashprotect,"a",%progbits
 1241              		.align	2
 1242              		.type	cy_meta_flashprotect, %object
 1243              		.size	cy_meta_flashprotect, 256
 1244              	cy_meta_flashprotect:
 1245 0000 00000000 		.space	256
 1245      00000000 
 1245      00000000 
 1245      00000000 
 1245      00000000 
 1246              		.text
 1247              	.Letext0:
 1248              		.file 1 "c:\\program files (x86)\\cypress\\psoc creator\\4.4\\psoc creator\\import\\gnu\\arm\\5.4.
 1249              		.file 2 "c:\\program files (x86)\\cypress\\psoc creator\\4.4\\psoc creator\\import\\gnu\\arm\\5.4.
 1250              		.file 3 "Generated_Source\\PSoC5\\cymetadata.c"
ARM GAS  C:\Users\Simon\AppData\Local\Temp\ccKQPhxQ.s 			page 23


 1251              		.section	.debug_info,"",%progbits
 1252              	.Ldebug_info0:
 1253 0000 32010000 		.4byte	0x132
 1254 0004 0400     		.2byte	0x4
 1255 0006 00000000 		.4byte	.Ldebug_abbrev0
 1256 000a 04       		.byte	0x4
 1257 000b 01       		.uleb128 0x1
 1258 000c 24000000 		.4byte	.LASF17
 1259 0010 0C       		.byte	0xc
 1260 0011 E6010000 		.4byte	.LASF18
 1261 0015 E7000000 		.4byte	.LASF19
 1262 0019 00000000 		.4byte	.Ldebug_line0
 1263 001d 02       		.uleb128 0x2
 1264 001e 01       		.byte	0x1
 1265 001f 06       		.byte	0x6
 1266 0020 DA010000 		.4byte	.LASF0
 1267 0024 03       		.uleb128 0x3
 1268 0025 00000000 		.4byte	.LASF9
 1269 0029 01       		.byte	0x1
 1270 002a 1D       		.byte	0x1d
 1271 002b 2F000000 		.4byte	0x2f
 1272 002f 02       		.uleb128 0x2
 1273 0030 01       		.byte	0x1
 1274 0031 08       		.byte	0x8
 1275 0032 16000000 		.4byte	.LASF1
 1276 0036 02       		.uleb128 0x2
 1277 0037 02       		.byte	0x2
 1278 0038 05       		.byte	0x5
 1279 0039 C7010000 		.4byte	.LASF2
 1280 003d 02       		.uleb128 0x2
 1281 003e 02       		.byte	0x2
 1282 003f 07       		.byte	0x7
 1283 0040 C4000000 		.4byte	.LASF3
 1284 0044 02       		.uleb128 0x2
 1285 0045 04       		.byte	0x4
 1286 0046 05       		.byte	0x5
 1287 0047 D1010000 		.4byte	.LASF4
 1288 004b 02       		.uleb128 0x2
 1289 004c 04       		.byte	0x4
 1290 004d 07       		.byte	0x7
 1291 004e B2000000 		.4byte	.LASF5
 1292 0052 02       		.uleb128 0x2
 1293 0053 08       		.byte	0x8
 1294 0054 05       		.byte	0x5
 1295 0055 B9010000 		.4byte	.LASF6
 1296 0059 02       		.uleb128 0x2
 1297 005a 08       		.byte	0x8
 1298 005b 07       		.byte	0x7
 1299 005c 6E010000 		.4byte	.LASF7
 1300 0060 04       		.uleb128 0x4
 1301 0061 04       		.byte	0x4
 1302 0062 05       		.byte	0x5
 1303 0063 696E7400 		.ascii	"int\000"
 1304 0067 02       		.uleb128 0x2
 1305 0068 04       		.byte	0x4
 1306 0069 07       		.byte	0x7
 1307 006a 61010000 		.4byte	.LASF8
ARM GAS  C:\Users\Simon\AppData\Local\Temp\ccKQPhxQ.s 			page 24


 1308 006e 03       		.uleb128 0x3
 1309 006f 85010000 		.4byte	.LASF10
 1310 0073 02       		.byte	0x2
 1311 0074 18       		.byte	0x18
 1312 0075 24000000 		.4byte	0x24
 1313 0079 05       		.uleb128 0x5
 1314 007a 91000000 		.4byte	0x91
 1315 007e 8A000000 		.4byte	0x8a
 1316 0082 06       		.uleb128 0x6
 1317 0083 8A000000 		.4byte	0x8a
 1318 0087 9704     		.2byte	0x497
 1319 0089 00       		.byte	0
 1320 008a 02       		.uleb128 0x2
 1321 008b 04       		.byte	0x4
 1322 008c 07       		.byte	0x7
 1323 008d B0010000 		.4byte	.LASF11
 1324 0091 07       		.uleb128 0x7
 1325 0092 6E000000 		.4byte	0x6e
 1326 0096 08       		.uleb128 0x8
 1327 0097 4F010000 		.4byte	.LASF12
 1328 009b 03       		.byte	0x3
 1329 009c 1F       		.byte	0x1f
 1330 009d A7000000 		.4byte	0xa7
 1331 00a1 05       		.uleb128 0x5
 1332 00a2 03       		.byte	0x3
 1333 00a3 00000000 		.4byte	cy_meta_configecc
 1334 00a7 07       		.uleb128 0x7
 1335 00a8 79000000 		.4byte	0x79
 1336 00ac 05       		.uleb128 0x5
 1337 00ad 91000000 		.4byte	0x91
 1338 00b1 BC000000 		.4byte	0xbc
 1339 00b5 09       		.uleb128 0x9
 1340 00b6 8A000000 		.4byte	0x8a
 1341 00ba 03       		.byte	0x3
 1342 00bb 00       		.byte	0
 1343 00bc 08       		.uleb128 0x8
 1344 00bd D7000000 		.4byte	.LASF13
 1345 00c1 03       		.byte	0x3
 1346 00c2 BF       		.byte	0xbf
 1347 00c3 CD000000 		.4byte	0xcd
 1348 00c7 05       		.uleb128 0x5
 1349 00c8 03       		.byte	0x3
 1350 00c9 00000000 		.4byte	cy_meta_custnvl
 1351 00cd 07       		.uleb128 0x7
 1352 00ce AC000000 		.4byte	0xac
 1353 00d2 08       		.uleb128 0x8
 1354 00d3 A2010000 		.4byte	.LASF14
 1355 00d7 03       		.byte	0x3
 1356 00d8 CD       		.byte	0xcd
 1357 00d9 E3000000 		.4byte	0xe3
 1358 00dd 05       		.uleb128 0x5
 1359 00de 03       		.byte	0x3
 1360 00df 00000000 		.4byte	cy_meta_wonvl
 1361 00e3 07       		.uleb128 0x7
 1362 00e4 AC000000 		.4byte	0xac
 1363 00e8 05       		.uleb128 0x5
 1364 00e9 91000000 		.4byte	0x91
ARM GAS  C:\Users\Simon\AppData\Local\Temp\ccKQPhxQ.s 			page 25


 1365 00ed F8000000 		.4byte	0xf8
 1366 00f1 09       		.uleb128 0x9
 1367 00f2 8A000000 		.4byte	0x8a
 1368 00f6 FF       		.byte	0xff
 1369 00f7 00       		.byte	0
 1370 00f8 08       		.uleb128 0x8
 1371 00f9 8D010000 		.4byte	.LASF15
 1372 00fd 03       		.byte	0x3
 1373 00fe DB       		.byte	0xdb
 1374 00ff 09010000 		.4byte	0x109
 1375 0103 05       		.uleb128 0x5
 1376 0104 03       		.byte	0x3
 1377 0105 00000000 		.4byte	cy_meta_flashprotect
 1378 0109 07       		.uleb128 0x7
 1379 010a E8000000 		.4byte	0xe8
 1380 010e 05       		.uleb128 0x5
 1381 010f 91000000 		.4byte	0x91
 1382 0113 1E010000 		.4byte	0x11e
 1383 0117 09       		.uleb128 0x9
 1384 0118 8A000000 		.4byte	0x8a
 1385 011c 0B       		.byte	0xb
 1386 011d 00       		.byte	0
 1387 011e 0A       		.uleb128 0xa
 1388 011f 0A000000 		.4byte	.LASF16
 1389 0123 03       		.byte	0x3
 1390 0124 0801     		.2byte	0x108
 1391 0126 30010000 		.4byte	0x130
 1392 012a 05       		.uleb128 0x5
 1393 012b 03       		.byte	0x3
 1394 012c 00000000 		.4byte	cy_metadata
 1395 0130 07       		.uleb128 0x7
 1396 0131 0E010000 		.4byte	0x10e
 1397 0135 00       		.byte	0
 1398              		.section	.debug_abbrev,"",%progbits
 1399              	.Ldebug_abbrev0:
 1400 0000 01       		.uleb128 0x1
 1401 0001 11       		.uleb128 0x11
 1402 0002 01       		.byte	0x1
 1403 0003 25       		.uleb128 0x25
 1404 0004 0E       		.uleb128 0xe
 1405 0005 13       		.uleb128 0x13
 1406 0006 0B       		.uleb128 0xb
 1407 0007 03       		.uleb128 0x3
 1408 0008 0E       		.uleb128 0xe
 1409 0009 1B       		.uleb128 0x1b
 1410 000a 0E       		.uleb128 0xe
 1411 000b 10       		.uleb128 0x10
 1412 000c 17       		.uleb128 0x17
 1413 000d 00       		.byte	0
 1414 000e 00       		.byte	0
 1415 000f 02       		.uleb128 0x2
 1416 0010 24       		.uleb128 0x24
 1417 0011 00       		.byte	0
 1418 0012 0B       		.uleb128 0xb
 1419 0013 0B       		.uleb128 0xb
 1420 0014 3E       		.uleb128 0x3e
 1421 0015 0B       		.uleb128 0xb
ARM GAS  C:\Users\Simon\AppData\Local\Temp\ccKQPhxQ.s 			page 26


 1422 0016 03       		.uleb128 0x3
 1423 0017 0E       		.uleb128 0xe
 1424 0018 00       		.byte	0
 1425 0019 00       		.byte	0
 1426 001a 03       		.uleb128 0x3
 1427 001b 16       		.uleb128 0x16
 1428 001c 00       		.byte	0
 1429 001d 03       		.uleb128 0x3
 1430 001e 0E       		.uleb128 0xe
 1431 001f 3A       		.uleb128 0x3a
 1432 0020 0B       		.uleb128 0xb
 1433 0021 3B       		.uleb128 0x3b
 1434 0022 0B       		.uleb128 0xb
 1435 0023 49       		.uleb128 0x49
 1436 0024 13       		.uleb128 0x13
 1437 0025 00       		.byte	0
 1438 0026 00       		.byte	0
 1439 0027 04       		.uleb128 0x4
 1440 0028 24       		.uleb128 0x24
 1441 0029 00       		.byte	0
 1442 002a 0B       		.uleb128 0xb
 1443 002b 0B       		.uleb128 0xb
 1444 002c 3E       		.uleb128 0x3e
 1445 002d 0B       		.uleb128 0xb
 1446 002e 03       		.uleb128 0x3
 1447 002f 08       		.uleb128 0x8
 1448 0030 00       		.byte	0
 1449 0031 00       		.byte	0
 1450 0032 05       		.uleb128 0x5
 1451 0033 01       		.uleb128 0x1
 1452 0034 01       		.byte	0x1
 1453 0035 49       		.uleb128 0x49
 1454 0036 13       		.uleb128 0x13
 1455 0037 01       		.uleb128 0x1
 1456 0038 13       		.uleb128 0x13
 1457 0039 00       		.byte	0
 1458 003a 00       		.byte	0
 1459 003b 06       		.uleb128 0x6
 1460 003c 21       		.uleb128 0x21
 1461 003d 00       		.byte	0
 1462 003e 49       		.uleb128 0x49
 1463 003f 13       		.uleb128 0x13
 1464 0040 2F       		.uleb128 0x2f
 1465 0041 05       		.uleb128 0x5
 1466 0042 00       		.byte	0
 1467 0043 00       		.byte	0
 1468 0044 07       		.uleb128 0x7
 1469 0045 26       		.uleb128 0x26
 1470 0046 00       		.byte	0
 1471 0047 49       		.uleb128 0x49
 1472 0048 13       		.uleb128 0x13
 1473 0049 00       		.byte	0
 1474 004a 00       		.byte	0
 1475 004b 08       		.uleb128 0x8
 1476 004c 34       		.uleb128 0x34
 1477 004d 00       		.byte	0
 1478 004e 03       		.uleb128 0x3
ARM GAS  C:\Users\Simon\AppData\Local\Temp\ccKQPhxQ.s 			page 27


 1479 004f 0E       		.uleb128 0xe
 1480 0050 3A       		.uleb128 0x3a
 1481 0051 0B       		.uleb128 0xb
 1482 0052 3B       		.uleb128 0x3b
 1483 0053 0B       		.uleb128 0xb
 1484 0054 49       		.uleb128 0x49
 1485 0055 13       		.uleb128 0x13
 1486 0056 3F       		.uleb128 0x3f
 1487 0057 19       		.uleb128 0x19
 1488 0058 02       		.uleb128 0x2
 1489 0059 18       		.uleb128 0x18
 1490 005a 00       		.byte	0
 1491 005b 00       		.byte	0
 1492 005c 09       		.uleb128 0x9
 1493 005d 21       		.uleb128 0x21
 1494 005e 00       		.byte	0
 1495 005f 49       		.uleb128 0x49
 1496 0060 13       		.uleb128 0x13
 1497 0061 2F       		.uleb128 0x2f
 1498 0062 0B       		.uleb128 0xb
 1499 0063 00       		.byte	0
 1500 0064 00       		.byte	0
 1501 0065 0A       		.uleb128 0xa
 1502 0066 34       		.uleb128 0x34
 1503 0067 00       		.byte	0
 1504 0068 03       		.uleb128 0x3
 1505 0069 0E       		.uleb128 0xe
 1506 006a 3A       		.uleb128 0x3a
 1507 006b 0B       		.uleb128 0xb
 1508 006c 3B       		.uleb128 0x3b
 1509 006d 05       		.uleb128 0x5
 1510 006e 49       		.uleb128 0x49
 1511 006f 13       		.uleb128 0x13
 1512 0070 3F       		.uleb128 0x3f
 1513 0071 19       		.uleb128 0x19
 1514 0072 02       		.uleb128 0x2
 1515 0073 18       		.uleb128 0x18
 1516 0074 00       		.byte	0
 1517 0075 00       		.byte	0
 1518 0076 00       		.byte	0
 1519              		.section	.debug_aranges,"",%progbits
 1520 0000 14000000 		.4byte	0x14
 1521 0004 0200     		.2byte	0x2
 1522 0006 00000000 		.4byte	.Ldebug_info0
 1523 000a 04       		.byte	0x4
 1524 000b 00       		.byte	0
 1525 000c 0000     		.2byte	0
 1526 000e 0000     		.2byte	0
 1527 0010 00000000 		.4byte	0
 1528 0014 00000000 		.4byte	0
 1529              		.section	.debug_line,"",%progbits
 1530              	.Ldebug_line0:
 1531 0000 3D010000 		.section	.debug_str,"MS",%progbits,1
 1531      02003701 
 1531      00000201 
 1531      FB0E0D00 
 1531      01010101 
ARM GAS  C:\Users\Simon\AppData\Local\Temp\ccKQPhxQ.s 			page 28


 1532              	.LASF9:
 1533 0000 5F5F7569 		.ascii	"__uint8_t\000"
 1533      6E74385F 
 1533      7400
 1534              	.LASF16:
 1535 000a 63795F6D 		.ascii	"cy_metadata\000"
 1535      65746164 
 1535      61746100 
 1536              	.LASF1:
 1537 0016 756E7369 		.ascii	"unsigned char\000"
 1537      676E6564 
 1537      20636861 
 1537      7200
 1538              	.LASF17:
 1539 0024 474E5520 		.ascii	"GNU C11 5.4.1 20160609 (release) [ARM/embedded-5-br"
 1539      43313120 
 1539      352E342E 
 1539      31203230 
 1539      31363036 
 1540 0057 616E6368 		.ascii	"anch revision 237715] -mcpu=cortex-m3 -mthumb -g -O"
 1540      20726576 
 1540      6973696F 
 1540      6E203233 
 1540      37373135 
 1541 008a 67202D66 		.ascii	"g -ffunction-sections -ffat-lto-objects\000"
 1541      66756E63 
 1541      74696F6E 
 1541      2D736563 
 1541      74696F6E 
 1542              	.LASF5:
 1543 00b2 6C6F6E67 		.ascii	"long unsigned int\000"
 1543      20756E73 
 1543      69676E65 
 1543      6420696E 
 1543      7400
 1544              	.LASF3:
 1545 00c4 73686F72 		.ascii	"short unsigned int\000"
 1545      7420756E 
 1545      7369676E 
 1545      65642069 
 1545      6E7400
 1546              	.LASF13:
 1547 00d7 63795F6D 		.ascii	"cy_meta_custnvl\000"
 1547      6574615F 
 1547      63757374 
 1547      6E766C00 
 1548              	.LASF19:
 1549 00e7 433A5C55 		.ascii	"C:\\Users\\Simon\\Documents\\GitHub\\GFV-Gruppe14\\"
 1549      73657273 
 1549      5C53696D 
 1549      6F6E5C44 
 1549      6F63756D 
 1550 0114 4C616265 		.ascii	"Labexercise3_Temperaturregulator\\Temperature-Contr"
 1550      78657263 
 1550      69736533 
 1550      5F54656D 
 1550      70657261 
ARM GAS  C:\Users\Simon\AppData\Local\Temp\ccKQPhxQ.s 			page 29


 1551 0146 6F6C2E63 		.ascii	"ol.cydsn\000"
 1551      7964736E 
 1551      00
 1552              	.LASF12:
 1553 014f 63795F6D 		.ascii	"cy_meta_configecc\000"
 1553      6574615F 
 1553      636F6E66 
 1553      69676563 
 1553      6300
 1554              	.LASF8:
 1555 0161 756E7369 		.ascii	"unsigned int\000"
 1555      676E6564 
 1555      20696E74 
 1555      00
 1556              	.LASF7:
 1557 016e 6C6F6E67 		.ascii	"long long unsigned int\000"
 1557      206C6F6E 
 1557      6720756E 
 1557      7369676E 
 1557      65642069 
 1558              	.LASF10:
 1559 0185 75696E74 		.ascii	"uint8_t\000"
 1559      385F7400 
 1560              	.LASF15:
 1561 018d 63795F6D 		.ascii	"cy_meta_flashprotect\000"
 1561      6574615F 
 1561      666C6173 
 1561      6870726F 
 1561      74656374 
 1562              	.LASF14:
 1563 01a2 63795F6D 		.ascii	"cy_meta_wonvl\000"
 1563      6574615F 
 1563      776F6E76 
 1563      6C00
 1564              	.LASF11:
 1565 01b0 73697A65 		.ascii	"sizetype\000"
 1565      74797065 
 1565      00
 1566              	.LASF6:
 1567 01b9 6C6F6E67 		.ascii	"long long int\000"
 1567      206C6F6E 
 1567      6720696E 
 1567      7400
 1568              	.LASF2:
 1569 01c7 73686F72 		.ascii	"short int\000"
 1569      7420696E 
 1569      7400
 1570              	.LASF4:
 1571 01d1 6C6F6E67 		.ascii	"long int\000"
 1571      20696E74 
 1571      00
 1572              	.LASF0:
 1573 01da 7369676E 		.ascii	"signed char\000"
 1573      65642063 
 1573      68617200 
 1574              	.LASF18:
 1575 01e6 47656E65 		.ascii	"Generated_Source\\PSoC5\\cymetadata.c\000"
ARM GAS  C:\Users\Simon\AppData\Local\Temp\ccKQPhxQ.s 			page 30


 1575      72617465 
 1575      645F536F 
 1575      75726365 
 1575      5C50536F 
 1576              		.ident	"GCC: (GNU Tools for ARM Embedded Processors) 5.4.1 20160609 (release) [ARM/embedded-5-bran
