ARM GAS  C:\Users\Simon\AppData\Local\Temp\ccNqX75j.s 			page 1


   1              		.syntax unified
   2              		.cpu cortex-m3
   3              		.fpu softvfp
   4              		.eabi_attribute 20, 1
   5              		.eabi_attribute 21, 1
   6              		.eabi_attribute 23, 3
   7              		.eabi_attribute 24, 1
   8              		.eabi_attribute 25, 1
   9              		.eabi_attribute 26, 1
  10              		.eabi_attribute 30, 1
  11              		.eabi_attribute 34, 1
  12              		.eabi_attribute 18, 4
  13              		.thumb
  14              		.syntax unified
  15              		.file	"main.c"
  16              		.text
  17              	.Ltext0:
  18              		.cfi_sections	.debug_frame
  19              		.global	__aeabi_i2f
  20              		.global	__aeabi_fsub
  21              		.global	__aeabi_f2d
  22              		.global	__aeabi_f2uiz
  23              		.section	.text.main,"ax",%progbits
  24              		.align	2
  25              		.global	main
  26              		.thumb
  27              		.thumb_func
  28              		.type	main, %function
  29              	main:
  30              	.LFB64:
  31              		.file 1 "main.c"
   1:main.c        **** /* ========================================
   2:main.c        ****  *
   3:main.c        ****  * Copyright YOUR COMPANY, THE YEAR
   4:main.c        ****  * All Rights Reserved
   5:main.c        ****  * UNPUBLISHED, LICENSED SOFTWARE.
   6:main.c        ****  *
   7:main.c        ****  * CONFIDENTIAL AND PROPRIETARY INFORMATION
   8:main.c        ****  * WHICH IS THE PROPERTY OF your company.
   9:main.c        ****  *
  10:main.c        ****  * ========================================
  11:main.c        **** */
  12:main.c        **** #include <stdio.h>
  13:main.c        **** #include "project.h"
  14:main.c        **** #include "PIDControl.h"
  15:main.c        **** #include "I2C_handler.h"
  16:main.c        **** 
  17:main.c        **** CY_ISR_PROTO(ISR_UART_rx_handler);
  18:main.c        **** static char outputBuffer[256]; // Buffer til udskriv til UART
  19:main.c        **** static float setPoint = 50; // SP degrees celcius 
  20:main.c        **** 
  21:main.c        **** #define SAMPLES_PER_SECOND 3
  22:main.c        **** static uint16_t sampleWaitTimeInMilliseconds = 1000 / SAMPLES_PER_SECOND; // Sample hver 0,333 seku
  23:main.c        **** 
  24:main.c        **** 
  25:main.c        **** int main(void)
  26:main.c        **** {
ARM GAS  C:\Users\Simon\AppData\Local\Temp\ccNqX75j.s 			page 2


  32              		.loc 1 26 0
  33              		.cfi_startproc
  34              		@ args = 0, pretend = 0, frame = 16
  35              		@ frame_needed = 0, uses_anonymous_args = 0
  36 0000 2DE9F041 		push	{r4, r5, r6, r7, r8, lr}
  37              		.cfi_def_cfa_offset 24
  38              		.cfi_offset 4, -24
  39              		.cfi_offset 5, -20
  40              		.cfi_offset 6, -16
  41              		.cfi_offset 7, -12
  42              		.cfi_offset 8, -8
  43              		.cfi_offset 14, -4
  44 0004 98B0     		sub	sp, sp, #96
  45              		.cfi_def_cfa_offset 120
  27:main.c        ****     CyGlobalIntEnable; /* Enable global interrupts. */
  46              		.loc 1 27 0
  47              		.syntax unified
  48              	@ 27 "main.c" 1
  49 0006 62B6     		CPSIE   i
  50              	@ 0 "" 2
  28:main.c        ****     PWM_1_Start();  // Init af forskellige dele
  51              		.loc 1 28 0
  52              		.thumb
  53              		.syntax unified
  54 0008 FFF7FEFF 		bl	PWM_1_Start
  55              	.LVL0:
  29:main.c        ****     I2C_1_Start();
  56              		.loc 1 29 0
  57 000c FFF7FEFF 		bl	I2C_1_Start
  58              	.LVL1:
  30:main.c        ****     UART_1_Start();
  59              		.loc 1 30 0
  60 0010 FFF7FEFF 		bl	UART_1_Start
  61              	.LVL2:
  31:main.c        ****     isr_uart_rx_StartEx(ISR_UART_rx_handler); // Init af ISR interrupt
  62              		.loc 1 31 0
  63 0014 3A48     		ldr	r0, .L4+8
  64 0016 FFF7FEFF 		bl	isr_uart_rx_StartEx
  65              	.LVL3:
  32:main.c        ****     
  33:main.c        ****     //Opsætning af variabler
  34:main.c        ****     float Kp = 0.5f;
  35:main.c        ****     float Ki = 1.0f/30.0f;
  36:main.c        ****     float Kd = 0.0f;
  37:main.c        ****     float integralMax = 3000;
  38:main.c        ****     float integralMin = -3000;
  39:main.c        ****     float temp = 0;
  40:main.c        ****     float controlSignal = 0;
  41:main.c        ****     float dt = ((float)sampleWaitTimeInMilliseconds) / 1000; // dt is measured in seconds
  42:main.c        ****     PIDControl_init(Kp, Ki, Kd, integralMax, integralMin, dt);
  66              		.loc 1 42 0
  67 001a 3A4B     		ldr	r3, .L4+12
  68 001c 0193     		str	r3, [sp, #4]	@ float
  69 001e 3A4B     		ldr	r3, .L4+16
  70 0020 0093     		str	r3, [sp]	@ float
  71 0022 3A4B     		ldr	r3, .L4+20
  72 0024 0022     		movs	r2, #0
ARM GAS  C:\Users\Simon\AppData\Local\Temp\ccNqX75j.s 			page 3


  73 0026 3A49     		ldr	r1, .L4+24
  74 0028 4FF07C50 		mov	r0, #1056964608
  75 002c FFF7FEFF 		bl	PIDControl_init
  76              	.LVL4:
  43:main.c        ****     PIDControl_changeSetPoint(setPoint);
  77              		.loc 1 43 0
  78 0030 384B     		ldr	r3, .L4+28
  79 0032 1868     		ldr	r0, [r3]	@ float
  80 0034 FFF7FEFF 		bl	PIDControl_changeSetPoint
  81              	.LVL5:
  44:main.c        ****     
  45:main.c        ****     UART_1_PutString("Temperature control application started\r\n");
  82              		.loc 1 45 0
  83 0038 3748     		ldr	r0, .L4+32
  84 003a FFF7FEFF 		bl	UART_1_PutString
  85              	.LVL6:
  86              	.L2:
  87              	.LBB2:
  46:main.c        ****     for(;;)
  47:main.c        ****     {
  48:main.c        ****         temp = (float)readTemp();  // Temperaturen aflæses og placeres i temp float
  88              		.loc 1 48 0 discriminator 1
  89 003e FFF7FEFF 		bl	readTemp
  90              	.LVL7:
  91 0042 FFF7FEFF 		bl	__aeabi_i2f
  92              	.LVL8:
  93 0046 0446     		mov	r4, r0
  94              	.LVL9:
  49:main.c        ****         float error = setPoint - temp;  // Error udregning
  95              		.loc 1 49 0 discriminator 1
  96 0048 324F     		ldr	r7, .L4+28
  97 004a 0146     		mov	r1, r0
  98 004c 3868     		ldr	r0, [r7]	@ float
  99              	.LVL10:
 100 004e FFF7FEFF 		bl	__aeabi_fsub
 101              	.LVL11:
 102 0052 8046     		mov	r8, r0
 103              	.LVL12:
  50:main.c        ****         float proportionalPart = 0;
 104              		.loc 1 50 0 discriminator 1
 105 0054 0022     		movs	r2, #0
 106 0056 1592     		str	r2, [sp, #84]	@ float
  51:main.c        ****         float integralPart = 0;
 107              		.loc 1 51 0 discriminator 1
 108 0058 1692     		str	r2, [sp, #88]	@ float
  52:main.c        ****         float derivativePart = 0;
 109              		.loc 1 52 0 discriminator 1
 110 005a 18AB     		add	r3, sp, #96
 111 005c 43F8042D 		str	r2, [r3, #-4]!	@ float
  53:main.c        ****         
  54:main.c        ****         controlSignal = PIDControl_doStep(temp, &proportionalPart, &integralPart, &derivativePart);
 112              		.loc 1 54 0 discriminator 1
 113 0060 16AA     		add	r2, sp, #88
 114 0062 15A9     		add	r1, sp, #84
 115 0064 2046     		mov	r0, r4
 116              	.LVL13:
 117 0066 FFF7FEFF 		bl	PIDControl_doStep
ARM GAS  C:\Users\Simon\AppData\Local\Temp\ccNqX75j.s 			page 4


 118              	.LVL14:
 119 006a 0546     		mov	r5, r0
 120              	.LVL15:
  55:main.c        ****         snprintf(outputBuffer, sizeof(outputBuffer), "%2.f,%2.f,%2.f, %2.f, %2.f, %2.f, %2.f, %2.f,
 121              		.loc 1 55 0 discriminator 1
 122 006c 2B4E     		ldr	r6, .L4+36
 123 006e 1798     		ldr	r0, [sp, #92]	@ float
 124              	.LVL16:
 125 0070 FFF7FEFF 		bl	__aeabi_f2d
 126              	.LVL17:
 127 0074 CDE91201 		strd	r0, [sp, #72]
 128 0078 1698     		ldr	r0, [sp, #88]	@ float
 129 007a FFF7FEFF 		bl	__aeabi_f2d
 130              	.LVL18:
 131 007e CDE91001 		strd	r0, [sp, #64]
 132 0082 1598     		ldr	r0, [sp, #84]	@ float
 133 0084 FFF7FEFF 		bl	__aeabi_f2d
 134              	.LVL19:
 135 0088 CDE90E01 		strd	r0, [sp, #56]
 136 008c 0022     		movs	r2, #0
 137 008e 0023     		movs	r3, #0
 138 0090 CDE90C23 		strd	r2, [sp, #48]
 139 0094 18A3     		adr	r3, .L4
 140 0096 D3E90023 		ldrd	r2, [r3]
 141 009a CDE90A23 		strd	r2, [sp, #40]
 142 009e 0022     		movs	r2, #0
 143 00a0 1F4B     		ldr	r3, .L4+40
 144 00a2 CDE90823 		strd	r2, [sp, #32]
 145 00a6 2846     		mov	r0, r5
 146 00a8 FFF7FEFF 		bl	__aeabi_f2d
 147              	.LVL20:
 148 00ac CDE90601 		strd	r0, [sp, #24]
 149 00b0 4046     		mov	r0, r8
 150 00b2 FFF7FEFF 		bl	__aeabi_f2d
 151              	.LVL21:
 152 00b6 CDE90401 		strd	r0, [sp, #16]
 153 00ba 2046     		mov	r0, r4
 154 00bc FFF7FEFF 		bl	__aeabi_f2d
 155              	.LVL22:
 156 00c0 CDE90201 		strd	r0, [sp, #8]
 157 00c4 3868     		ldr	r0, [r7]	@ float
 158 00c6 FFF7FEFF 		bl	__aeabi_f2d
 159              	.LVL23:
 160 00ca CDE90001 		strd	r0, [sp]
 161 00ce 154A     		ldr	r2, .L4+44
 162 00d0 4FF48071 		mov	r1, #256
 163 00d4 3046     		mov	r0, r6
 164 00d6 FFF7FEFF 		bl	snprintf
 165              	.LVL24:
  56:main.c        ****                                                      setPoint, temp, error, controlSignal, Kp, Ki, 
  57:main.c        ****                                                    proportionalPart, integralPart, derivativePart);
  58:main.c        ****         UART_1_PutString(outputBuffer);
 166              		.loc 1 58 0 discriminator 1
 167 00da 3046     		mov	r0, r6
 168 00dc FFF7FEFF 		bl	UART_1_PutString
 169              	.LVL25:
  59:main.c        ****         
ARM GAS  C:\Users\Simon\AppData\Local\Temp\ccNqX75j.s 			page 5


  60:main.c        ****         
  61:main.c        ****         PWM_1_WriteCompare(controlSignal); // Ud fra kontrolsignalet ændres PWM som varmer power r
 170              		.loc 1 61 0 discriminator 1
 171 00e0 2846     		mov	r0, r5
 172 00e2 FFF7FEFF 		bl	__aeabi_f2uiz
 173              	.LVL26:
 174 00e6 C0B2     		uxtb	r0, r0
 175 00e8 FFF7FEFF 		bl	PWM_1_WriteCompare
 176              	.LVL27:
  62:main.c        ****         
  63:main.c        ****         CyDelay(sampleWaitTimeInMilliseconds); // delay 0,333 sekunder
 177              		.loc 1 63 0 discriminator 1
 178 00ec 40F24D10 		movw	r0, #333
 179 00f0 FFF7FEFF 		bl	CyDelay
 180              	.LVL28:
 181 00f4 A3E7     		b	.L2
 182              	.L5:
 183 00f6 00BF     		.align	3
 184              	.L4:
 185 00f8 00000020 		.word	536870912
 186 00fc 1111A13F 		.word	1067520273
 187 0100 00000000 		.word	ISR_UART_rx_handler
 188 0104 FA7EAA3E 		.word	1051361018
 189 0108 00803BC5 		.word	-985956352
 190 010c 00803B45 		.word	1161527296
 191 0110 8988083D 		.word	1023969417
 192 0114 00000000 		.word	.LANCHOR0
 193 0118 00000000 		.word	.LC0
 194 011c 00000000 		.word	.LANCHOR1
 195 0120 0000E03F 		.word	1071644672
 196 0124 2C000000 		.word	.LC1
 197              	.LBE2:
 198              		.cfi_endproc
 199              	.LFE64:
 200              		.size	main, .-main
 201              		.section	.text.handleByteReceived,"ax",%progbits
 202              		.align	2
 203              		.global	handleByteReceived
 204              		.thumb
 205              		.thumb_func
 206              		.type	handleByteReceived, %function
 207              	handleByteReceived:
 208              	.LFB65:
  64:main.c        ****     }
  65:main.c        **** }
  66:main.c        **** 
  67:main.c        **** void handleByteReceived(uint8_t ByteReceived) // Ud fra om man trykker 3 eller 5 sættes setpoint
  68:main.c        **** {
 209              		.loc 1 68 0
 210              		.cfi_startproc
 211              		@ args = 0, pretend = 0, frame = 0
 212              		@ frame_needed = 0, uses_anonymous_args = 0
 213              	.LVL29:
 214 0000 08B5     		push	{r3, lr}
 215              		.cfi_def_cfa_offset 8
 216              		.cfi_offset 3, -8
 217              		.cfi_offset 14, -4
ARM GAS  C:\Users\Simon\AppData\Local\Temp\ccNqX75j.s 			page 6


  69:main.c        ****     switch(ByteReceived)
 218              		.loc 1 69 0
 219 0002 3328     		cmp	r0, #51
 220 0004 02D0     		beq	.L8
 221 0006 3528     		cmp	r0, #53
 222 0008 09D0     		beq	.L9
 223 000a 08BD     		pop	{r3, pc}
 224              	.L8:
  70:main.c        ****     {
  71:main.c        ****         case '3':
  72:main.c        ****         {
  73:main.c        ****             UART_1_PutString("30 set\n");
 225              		.loc 1 73 0
 226 000c 0848     		ldr	r0, .L11
 227              	.LVL30:
 228 000e FFF7FEFF 		bl	UART_1_PutString
 229              	.LVL31:
  74:main.c        ****            setPoint = 30;
 230              		.loc 1 74 0
 231 0012 0848     		ldr	r0, .L11+4
 232 0014 084B     		ldr	r3, .L11+8
 233 0016 1860     		str	r0, [r3]	@ float
  75:main.c        ****            PIDControl_changeSetPoint(30);
 234              		.loc 1 75 0
 235 0018 FFF7FEFF 		bl	PIDControl_changeSetPoint
 236              	.LVL32:
  76:main.c        ****         }
  77:main.c        ****         break;
 237              		.loc 1 77 0
 238 001c 08BD     		pop	{r3, pc}
 239              	.LVL33:
 240              	.L9:
  78:main.c        ****         case '5':
  79:main.c        ****         {
  80:main.c        ****             UART_1_PutString("50 set\n");
 241              		.loc 1 80 0
 242 001e 0748     		ldr	r0, .L11+12
 243              	.LVL34:
 244 0020 FFF7FEFF 		bl	UART_1_PutString
 245              	.LVL35:
  81:main.c        ****             setPoint = 50;
 246              		.loc 1 81 0
 247 0024 0648     		ldr	r0, .L11+16
 248 0026 044B     		ldr	r3, .L11+8
 249 0028 1860     		str	r0, [r3]	@ float
  82:main.c        ****             PIDControl_changeSetPoint(50);
 250              		.loc 1 82 0
 251 002a FFF7FEFF 		bl	PIDControl_changeSetPoint
 252              	.LVL36:
 253 002e 08BD     		pop	{r3, pc}
 254              	.L12:
 255              		.align	2
 256              	.L11:
 257 0030 6C000000 		.word	.LC2
 258 0034 0000F041 		.word	1106247680
 259 0038 00000000 		.word	.LANCHOR0
 260 003c 74000000 		.word	.LC3
ARM GAS  C:\Users\Simon\AppData\Local\Temp\ccNqX75j.s 			page 7


 261 0040 00004842 		.word	1112014848
 262              		.cfi_endproc
 263              	.LFE65:
 264              		.size	handleByteReceived, .-handleByteReceived
 265              		.section	.text.ISR_UART_rx_handler,"ax",%progbits
 266              		.align	2
 267              		.global	ISR_UART_rx_handler
 268              		.thumb
 269              		.thumb_func
 270              		.type	ISR_UART_rx_handler, %function
 271              	ISR_UART_rx_handler:
 272              	.LFB66:
  83:main.c        ****             
  84:main.c        ****         }
  85:main.c        ****         break;
  86:main.c        ****         default:
  87:main.c        ****         {}
  88:main.c        ****         break;
  89:main.c        ****     }
  90:main.c        **** }
  91:main.c        **** 
  92:main.c        **** CY_ISR(ISR_UART_rx_handler) //Interrupt handler på UART
  93:main.c        **** {
 273              		.loc 1 93 0
 274              		.cfi_startproc
 275              		@ args = 0, pretend = 0, frame = 0
 276              		@ frame_needed = 0, uses_anonymous_args = 0
 277 0000 10B5     		push	{r4, lr}
 278              		.cfi_def_cfa_offset 8
 279              		.cfi_offset 4, -8
 280              		.cfi_offset 14, -4
  94:main.c        ****     uint8_t bytesToRead = UART_1_GetRxBufferSize();
 281              		.loc 1 94 0
 282 0002 FFF7FEFF 		bl	UART_1_GetRxBufferSize
 283              	.LVL37:
 284 0006 0446     		mov	r4, r0
 285              	.LVL38:
  95:main.c        ****     while(bytesToRead > 0)
 286              		.loc 1 95 0
 287 0008 05E0     		b	.L14
 288              	.L15:
 289              	.LBB3:
  96:main.c        ****     {
  97:main.c        ****         uint8_t bytesReceived = UART_1_ReadRxData();
 290              		.loc 1 97 0
 291 000a FFF7FEFF 		bl	UART_1_ReadRxData
 292              	.LVL39:
  98:main.c        ****         
  99:main.c        ****         handleByteReceived(bytesReceived);
 293              		.loc 1 99 0
 294 000e FFF7FEFF 		bl	handleByteReceived
 295              	.LVL40:
 100:main.c        ****         
 101:main.c        ****         bytesToRead--;
 296              		.loc 1 101 0
 297 0012 013C     		subs	r4, r4, #1
 298              	.LVL41:
ARM GAS  C:\Users\Simon\AppData\Local\Temp\ccNqX75j.s 			page 8


 299 0014 E4B2     		uxtb	r4, r4
 300              	.LVL42:
 301              	.L14:
 302              	.LBE3:
  95:main.c        ****     {
 303              		.loc 1 95 0
 304 0016 002C     		cmp	r4, #0
 305 0018 F7D1     		bne	.L15
 102:main.c        ****     }
 103:main.c        **** }
 306              		.loc 1 103 0
 307 001a 10BD     		pop	{r4, pc}
 308              		.cfi_endproc
 309              	.LFE66:
 310              		.size	ISR_UART_rx_handler, .-ISR_UART_rx_handler
 311              		.data
 312              		.align	2
 313              		.set	.LANCHOR0,. + 0
 314              		.type	setPoint, %object
 315              		.size	setPoint, 4
 316              	setPoint:
 317 0000 00004842 		.word	1112014848
 318              		.section	.rodata.str1.4,"aMS",%progbits,1
 319              		.align	2
 320              	.LC0:
 321 0000 54656D70 		.ascii	"Temperature control application started\015\012\000"
 321      65726174 
 321      75726520 
 321      636F6E74 
 321      726F6C20 
 322 002a 0000     		.space	2
 323              	.LC1:
 324 002c 25322E66 		.ascii	"%2.f,%2.f,%2.f, %2.f, %2.f, %2.f, %2.f, %2.f, %2.f,"
 324      2C25322E 
 324      662C2532 
 324      2E662C20 
 324      25322E66 
 325 005f 2025322E 		.ascii	" %2.f \015\012\012\000"
 325      66200D0A 
 325      0A00
 326 0069 000000   		.space	3
 327              	.LC2:
 328 006c 33302073 		.ascii	"30 set\012\000"
 328      65740A00 
 329              	.LC3:
 330 0074 35302073 		.ascii	"50 set\012\000"
 330      65740A00 
 331              		.bss
 332              		.align	2
 333              		.set	.LANCHOR1,. + 0
 334              		.type	outputBuffer, %object
 335              		.size	outputBuffer, 256
 336              	outputBuffer:
 337 0000 00000000 		.space	256
 337      00000000 
 337      00000000 
 337      00000000 
ARM GAS  C:\Users\Simon\AppData\Local\Temp\ccNqX75j.s 			page 9


 337      00000000 
 338              		.text
 339              	.Letext0:
 340              		.file 2 "c:\\program files (x86)\\cypress\\psoc creator\\4.4\\psoc creator\\import\\gnu\\arm\\5.4.
 341              		.file 3 "c:\\program files (x86)\\cypress\\psoc creator\\4.4\\psoc creator\\import\\gnu\\arm\\5.4.
 342              		.file 4 "I2C_handler.h"
 343              		.file 5 "PIDControl.h"
 344              		.file 6 "c:\\program files (x86)\\cypress\\psoc creator\\4.4\\psoc creator\\import\\gnu\\arm\\5.4.
 345              		.file 7 "Generated_Source\\PSoC5/UART_1.h"
 346              		.file 8 "Generated_Source\\PSoC5/PWM_1.h"
 347              		.file 9 "Generated_Source\\PSoC5/CyLib.h"
 348              		.file 10 "Generated_Source\\PSoC5/I2C_1.h"
 349              		.file 11 "Generated_Source\\PSoC5/isr_uart_rx.h"
 350              		.file 12 "Generated_Source\\PSoC5/core_cm3.h"
 351              		.section	.debug_info,"",%progbits
 352              	.Ldebug_info0:
 353 0000 42040000 		.4byte	0x442
 354 0004 0400     		.2byte	0x4
 355 0006 00000000 		.4byte	.Ldebug_abbrev0
 356 000a 04       		.byte	0x4
 357 000b 01       		.uleb128 0x1
 358 000c B6000000 		.4byte	.LASF49
 359 0010 0C       		.byte	0xc
 360 0011 FF020000 		.4byte	.LASF50
 361 0015 E9010000 		.4byte	.LASF51
 362 0019 00000000 		.4byte	.Ldebug_ranges0+0
 363 001d 00000000 		.4byte	0
 364 0021 00000000 		.4byte	.Ldebug_line0
 365 0025 02       		.uleb128 0x2
 366 0026 08       		.byte	0x8
 367 0027 04       		.byte	0x4
 368 0028 5E000000 		.4byte	.LASF0
 369 002c 02       		.uleb128 0x2
 370 002d 04       		.byte	0x4
 371 002e 04       		.byte	0x4
 372 002f 84000000 		.4byte	.LASF1
 373 0033 02       		.uleb128 0x2
 374 0034 01       		.byte	0x1
 375 0035 06       		.byte	0x6
 376 0036 60030000 		.4byte	.LASF2
 377 003a 03       		.uleb128 0x3
 378 003b 0D000000 		.4byte	.LASF5
 379 003f 02       		.byte	0x2
 380 0040 1D       		.byte	0x1d
 381 0041 45000000 		.4byte	0x45
 382 0045 02       		.uleb128 0x2
 383 0046 01       		.byte	0x1
 384 0047 08       		.byte	0x8
 385 0048 A8000000 		.4byte	.LASF3
 386 004c 02       		.uleb128 0x2
 387 004d 02       		.byte	0x2
 388 004e 05       		.byte	0x5
 389 004f 17030000 		.4byte	.LASF4
 390 0053 03       		.uleb128 0x3
 391 0054 A0010000 		.4byte	.LASF6
 392 0058 02       		.byte	0x2
 393 0059 2B       		.byte	0x2b
ARM GAS  C:\Users\Simon\AppData\Local\Temp\ccNqX75j.s 			page 10


 394 005a 5E000000 		.4byte	0x5e
 395 005e 02       		.uleb128 0x2
 396 005f 02       		.byte	0x2
 397 0060 07       		.byte	0x7
 398 0061 36000000 		.4byte	.LASF7
 399 0065 03       		.uleb128 0x3
 400 0066 23000000 		.4byte	.LASF8
 401 006a 02       		.byte	0x2
 402 006b 3F       		.byte	0x3f
 403 006c 70000000 		.4byte	0x70
 404 0070 02       		.uleb128 0x2
 405 0071 04       		.byte	0x4
 406 0072 05       		.byte	0x5
 407 0073 4B030000 		.4byte	.LASF9
 408 0077 02       		.uleb128 0x2
 409 0078 04       		.byte	0x4
 410 0079 07       		.byte	0x7
 411 007a AB010000 		.4byte	.LASF10
 412 007e 02       		.uleb128 0x2
 413 007f 08       		.byte	0x8
 414 0080 05       		.byte	0x5
 415 0081 F1020000 		.4byte	.LASF11
 416 0085 02       		.uleb128 0x2
 417 0086 08       		.byte	0x8
 418 0087 07       		.byte	0x7
 419 0088 92020000 		.4byte	.LASF12
 420 008c 04       		.uleb128 0x4
 421 008d 04       		.byte	0x4
 422 008e 05       		.byte	0x5
 423 008f 696E7400 		.ascii	"int\000"
 424 0093 02       		.uleb128 0x2
 425 0094 04       		.byte	0x4
 426 0095 07       		.byte	0x7
 427 0096 80020000 		.4byte	.LASF13
 428 009a 02       		.uleb128 0x2
 429 009b 08       		.byte	0x8
 430 009c 04       		.byte	0x4
 431 009d 54030000 		.4byte	.LASF14
 432 00a1 02       		.uleb128 0x2
 433 00a2 04       		.byte	0x4
 434 00a3 07       		.byte	0x7
 435 00a4 E2020000 		.4byte	.LASF15
 436 00a8 02       		.uleb128 0x2
 437 00a9 01       		.byte	0x1
 438 00aa 08       		.byte	0x8
 439 00ab 06030000 		.4byte	.LASF16
 440 00af 03       		.uleb128 0x3
 441 00b0 A9020000 		.4byte	.LASF17
 442 00b4 03       		.byte	0x3
 443 00b5 18       		.byte	0x18
 444 00b6 3A000000 		.4byte	0x3a
 445 00ba 03       		.uleb128 0x3
 446 00bb 35030000 		.4byte	.LASF18
 447 00bf 03       		.byte	0x3
 448 00c0 24       		.byte	0x24
 449 00c1 53000000 		.4byte	0x53
 450 00c5 03       		.uleb128 0x3
ARM GAS  C:\Users\Simon\AppData\Local\Temp\ccNqX75j.s 			page 11


 451 00c6 DA020000 		.4byte	.LASF19
 452 00ca 03       		.byte	0x3
 453 00cb 2C       		.byte	0x2c
 454 00cc 65000000 		.4byte	0x65
 455 00d0 05       		.uleb128 0x5
 456 00d1 D5020000 		.4byte	.LASF52
 457 00d5 01       		.byte	0x1
 458 00d6 19       		.byte	0x19
 459 00d7 8C000000 		.4byte	0x8c
 460 00db 00000000 		.4byte	.LFB64
 461 00df 28010000 		.4byte	.LFE64-.LFB64
 462 00e3 01       		.uleb128 0x1
 463 00e4 9C       		.byte	0x9c
 464 00e5 94020000 		.4byte	0x294
 465 00e9 06       		.uleb128 0x6
 466 00ea 4B7000   		.ascii	"Kp\000"
 467 00ed 01       		.byte	0x1
 468 00ee 22       		.byte	0x22
 469 00ef 2C000000 		.4byte	0x2c
 470 00f3 04       		.byte	0x4
 471 00f4 0000003F 		.4byte	0x3f000000
 472 00f8 06       		.uleb128 0x6
 473 00f9 4B6900   		.ascii	"Ki\000"
 474 00fc 01       		.byte	0x1
 475 00fd 23       		.byte	0x23
 476 00fe 2C000000 		.4byte	0x2c
 477 0102 04       		.byte	0x4
 478 0103 8988083D 		.4byte	0x3d088889
 479 0107 06       		.uleb128 0x6
 480 0108 4B6400   		.ascii	"Kd\000"
 481 010b 01       		.byte	0x1
 482 010c 24       		.byte	0x24
 483 010d 2C000000 		.4byte	0x2c
 484 0111 04       		.byte	0x4
 485 0112 00000000 		.4byte	0
 486 0116 07       		.uleb128 0x7
 487 0117 17000000 		.4byte	.LASF20
 488 011b 01       		.byte	0x1
 489 011c 25       		.byte	0x25
 490 011d 2C000000 		.4byte	0x2c
 491 0121 04       		.byte	0x4
 492 0122 00803B45 		.4byte	0x453b8000
 493 0126 07       		.uleb128 0x7
 494 0127 52000000 		.4byte	.LASF21
 495 012b 01       		.byte	0x1
 496 012c 26       		.byte	0x26
 497 012d 2C000000 		.4byte	0x2c
 498 0131 04       		.byte	0x4
 499 0132 00803BC5 		.4byte	0xc53b8000
 500 0136 08       		.uleb128 0x8
 501 0137 8D020000 		.4byte	.LASF22
 502 013b 01       		.byte	0x1
 503 013c 27       		.byte	0x27
 504 013d 2C000000 		.4byte	0x2c
 505 0141 00000000 		.4byte	.LLST0
 506 0145 08       		.uleb128 0x8
 507 0146 92010000 		.4byte	.LASF23
ARM GAS  C:\Users\Simon\AppData\Local\Temp\ccNqX75j.s 			page 12


 508 014a 01       		.byte	0x1
 509 014b 28       		.byte	0x28
 510 014c 2C000000 		.4byte	0x2c
 511 0150 39000000 		.4byte	.LLST1
 512 0154 06       		.uleb128 0x6
 513 0155 647400   		.ascii	"dt\000"
 514 0158 01       		.byte	0x1
 515 0159 29       		.byte	0x29
 516 015a 2C000000 		.4byte	0x2c
 517 015e 04       		.byte	0x4
 518 015f FA7EAA3E 		.4byte	0x3eaa7efa
 519 0163 09       		.uleb128 0x9
 520 0164 3E000000 		.4byte	.LBB2
 521 0168 EA000000 		.4byte	.LBE2-.LBB2
 522 016c 3C020000 		.4byte	0x23c
 523 0170 08       		.uleb128 0x8
 524 0171 EB020000 		.4byte	.LASF24
 525 0175 01       		.byte	0x1
 526 0176 31       		.byte	0x31
 527 0177 2C000000 		.4byte	0x2c
 528 017b 67000000 		.4byte	.LLST2
 529 017f 0A       		.uleb128 0xa
 530 0180 97000000 		.4byte	.LASF25
 531 0184 01       		.byte	0x1
 532 0185 32       		.byte	0x32
 533 0186 2C000000 		.4byte	0x2c
 534 018a 02       		.uleb128 0x2
 535 018b 91       		.byte	0x91
 536 018c 5C       		.sleb128 -36
 537 018d 0A       		.uleb128 0xa
 538 018e 8A000000 		.4byte	.LASF26
 539 0192 01       		.byte	0x1
 540 0193 33       		.byte	0x33
 541 0194 2C000000 		.4byte	0x2c
 542 0198 02       		.uleb128 0x2
 543 0199 91       		.byte	0x91
 544 019a 60       		.sleb128 -32
 545 019b 0A       		.uleb128 0xa
 546 019c 58010000 		.4byte	.LASF27
 547 01a0 01       		.byte	0x1
 548 01a1 34       		.byte	0x34
 549 01a2 2C000000 		.4byte	0x2c
 550 01a6 02       		.uleb128 0x2
 551 01a7 91       		.byte	0x91
 552 01a8 64       		.sleb128 -28
 553 01a9 0B       		.uleb128 0xb
 554 01aa 42000000 		.4byte	.LVL7
 555 01ae AB030000 		.4byte	0x3ab
 556 01b2 0C       		.uleb128 0xc
 557 01b3 6A000000 		.4byte	.LVL14
 558 01b7 B6030000 		.4byte	0x3b6
 559 01bb D9010000 		.4byte	0x1d9
 560 01bf 0D       		.uleb128 0xd
 561 01c0 01       		.uleb128 0x1
 562 01c1 50       		.byte	0x50
 563 01c2 03       		.uleb128 0x3
 564 01c3 F5       		.byte	0xf5
ARM GAS  C:\Users\Simon\AppData\Local\Temp\ccNqX75j.s 			page 13


 565 01c4 04       		.uleb128 0x4
 566 01c5 2C       		.uleb128 0x2c
 567 01c6 0D       		.uleb128 0xd
 568 01c7 01       		.uleb128 0x1
 569 01c8 51       		.byte	0x51
 570 01c9 02       		.uleb128 0x2
 571 01ca 91       		.byte	0x91
 572 01cb 5C       		.sleb128 -36
 573 01cc 0D       		.uleb128 0xd
 574 01cd 01       		.uleb128 0x1
 575 01ce 52       		.byte	0x52
 576 01cf 02       		.uleb128 0x2
 577 01d0 91       		.byte	0x91
 578 01d1 60       		.sleb128 -32
 579 01d2 0D       		.uleb128 0xd
 580 01d3 01       		.uleb128 0x1
 581 01d4 53       		.byte	0x53
 582 01d5 02       		.uleb128 0x2
 583 01d6 91       		.byte	0x91
 584 01d7 64       		.sleb128 -28
 585 01d8 00       		.byte	0
 586 01d9 0C       		.uleb128 0xc
 587 01da DA000000 		.4byte	.LVL24
 588 01de C1030000 		.4byte	0x3c1
 589 01e2 0D020000 		.4byte	0x20d
 590 01e6 0D       		.uleb128 0xd
 591 01e7 01       		.uleb128 0x1
 592 01e8 50       		.byte	0x50
 593 01e9 02       		.uleb128 0x2
 594 01ea 76       		.byte	0x76
 595 01eb 00       		.sleb128 0
 596 01ec 0D       		.uleb128 0xd
 597 01ed 01       		.uleb128 0x1
 598 01ee 51       		.byte	0x51
 599 01ef 03       		.uleb128 0x3
 600 01f0 0A       		.byte	0xa
 601 01f1 0001     		.2byte	0x100
 602 01f3 0D       		.uleb128 0xd
 603 01f4 01       		.uleb128 0x1
 604 01f5 52       		.byte	0x52
 605 01f6 05       		.uleb128 0x5
 606 01f7 03       		.byte	0x3
 607 01f8 2C000000 		.4byte	.LC1
 608 01fc 0D       		.uleb128 0xd
 609 01fd 02       		.uleb128 0x2
 610 01fe 7D       		.byte	0x7d
 611 01ff 28       		.sleb128 40
 612 0200 0B       		.uleb128 0xb
 613 0201 F4       		.byte	0xf4
 614 0202 25       		.uleb128 0x25
 615 0203 08       		.byte	0x8
 616 0204 00000020 		.4byte	0x20000000
 617 0208 1111A13F 		.4byte	0x3fa11111
 618 020c 00       		.byte	0
 619 020d 0C       		.uleb128 0xc
 620 020e E0000000 		.4byte	.LVL25
 621 0212 CC030000 		.4byte	0x3cc
ARM GAS  C:\Users\Simon\AppData\Local\Temp\ccNqX75j.s 			page 14


 622 0216 21020000 		.4byte	0x221
 623 021a 0D       		.uleb128 0xd
 624 021b 01       		.uleb128 0x1
 625 021c 50       		.byte	0x50
 626 021d 02       		.uleb128 0x2
 627 021e 76       		.byte	0x76
 628 021f 00       		.sleb128 0
 629 0220 00       		.byte	0
 630 0221 0B       		.uleb128 0xb
 631 0222 EC000000 		.4byte	.LVL27
 632 0226 D7030000 		.4byte	0x3d7
 633 022a 0E       		.uleb128 0xe
 634 022b F4000000 		.4byte	.LVL28
 635 022f E2030000 		.4byte	0x3e2
 636 0233 0D       		.uleb128 0xd
 637 0234 01       		.uleb128 0x1
 638 0235 50       		.byte	0x50
 639 0236 03       		.uleb128 0x3
 640 0237 0A       		.byte	0xa
 641 0238 4D01     		.2byte	0x14d
 642 023a 00       		.byte	0
 643 023b 00       		.byte	0
 644 023c 0B       		.uleb128 0xb
 645 023d 0C000000 		.4byte	.LVL0
 646 0241 ED030000 		.4byte	0x3ed
 647 0245 0B       		.uleb128 0xb
 648 0246 10000000 		.4byte	.LVL1
 649 024a F8030000 		.4byte	0x3f8
 650 024e 0B       		.uleb128 0xb
 651 024f 14000000 		.4byte	.LVL2
 652 0253 03040000 		.4byte	0x403
 653 0257 0C       		.uleb128 0xc
 654 0258 1A000000 		.4byte	.LVL3
 655 025c 0E040000 		.4byte	0x40e
 656 0260 6E020000 		.4byte	0x26e
 657 0264 0D       		.uleb128 0xd
 658 0265 01       		.uleb128 0x1
 659 0266 50       		.byte	0x50
 660 0267 05       		.uleb128 0x5
 661 0268 03       		.byte	0x3
 662 0269 00000000 		.4byte	ISR_UART_rx_handler
 663 026d 00       		.byte	0
 664 026e 0B       		.uleb128 0xb
 665 026f 30000000 		.4byte	.LVL4
 666 0273 19040000 		.4byte	0x419
 667 0277 0B       		.uleb128 0xb
 668 0278 38000000 		.4byte	.LVL5
 669 027c 24040000 		.4byte	0x424
 670 0280 0E       		.uleb128 0xe
 671 0281 3E000000 		.4byte	.LVL6
 672 0285 CC030000 		.4byte	0x3cc
 673 0289 0D       		.uleb128 0xd
 674 028a 01       		.uleb128 0x1
 675 028b 50       		.byte	0x50
 676 028c 05       		.uleb128 0x5
 677 028d 03       		.byte	0x3
 678 028e 00000000 		.4byte	.LC0
ARM GAS  C:\Users\Simon\AppData\Local\Temp\ccNqX75j.s 			page 15


 679 0292 00       		.byte	0
 680 0293 00       		.byte	0
 681 0294 0F       		.uleb128 0xf
 682 0295 D6010000 		.4byte	.LASF28
 683 0299 01       		.byte	0x1
 684 029a 43       		.byte	0x43
 685 029b 00000000 		.4byte	.LFB65
 686 029f 44000000 		.4byte	.LFE65-.LFB65
 687 02a3 01       		.uleb128 0x1
 688 02a4 9C       		.byte	0x9c
 689 02a5 F9020000 		.4byte	0x2f9
 690 02a9 10       		.uleb128 0x10
 691 02aa 3E030000 		.4byte	.LASF53
 692 02ae 01       		.byte	0x1
 693 02af 43       		.byte	0x43
 694 02b0 AF000000 		.4byte	0xaf
 695 02b4 85000000 		.4byte	.LLST3
 696 02b8 0C       		.uleb128 0xc
 697 02b9 12000000 		.4byte	.LVL31
 698 02bd CC030000 		.4byte	0x3cc
 699 02c1 CF020000 		.4byte	0x2cf
 700 02c5 0D       		.uleb128 0xd
 701 02c6 01       		.uleb128 0x1
 702 02c7 50       		.byte	0x50
 703 02c8 05       		.uleb128 0x5
 704 02c9 03       		.byte	0x3
 705 02ca 6C000000 		.4byte	.LC2
 706 02ce 00       		.byte	0
 707 02cf 0B       		.uleb128 0xb
 708 02d0 1C000000 		.4byte	.LVL32
 709 02d4 24040000 		.4byte	0x424
 710 02d8 0C       		.uleb128 0xc
 711 02d9 24000000 		.4byte	.LVL35
 712 02dd CC030000 		.4byte	0x3cc
 713 02e1 EF020000 		.4byte	0x2ef
 714 02e5 0D       		.uleb128 0xd
 715 02e6 01       		.uleb128 0x1
 716 02e7 50       		.byte	0x50
 717 02e8 05       		.uleb128 0x5
 718 02e9 03       		.byte	0x3
 719 02ea 74000000 		.4byte	.LC3
 720 02ee 00       		.byte	0
 721 02ef 0B       		.uleb128 0xb
 722 02f0 2E000000 		.4byte	.LVL36
 723 02f4 24040000 		.4byte	0x424
 724 02f8 00       		.byte	0
 725 02f9 0F       		.uleb128 0xf
 726 02fa 44010000 		.4byte	.LASF29
 727 02fe 01       		.byte	0x1
 728 02ff 5C       		.byte	0x5c
 729 0300 00000000 		.4byte	.LFB66
 730 0304 1C000000 		.4byte	.LFE66-.LFB66
 731 0308 01       		.uleb128 0x1
 732 0309 9C       		.byte	0x9c
 733 030a 56030000 		.4byte	0x356
 734 030e 08       		.uleb128 0x8
 735 030f 78000000 		.4byte	.LASF30
ARM GAS  C:\Users\Simon\AppData\Local\Temp\ccNqX75j.s 			page 16


 736 0313 01       		.byte	0x1
 737 0314 5E       		.byte	0x5e
 738 0315 AF000000 		.4byte	0xaf
 739 0319 BF000000 		.4byte	.LLST4
 740 031d 09       		.uleb128 0x9
 741 031e 0A000000 		.4byte	.LBB3
 742 0322 0C000000 		.4byte	.LBE3-.LBB3
 743 0326 4C030000 		.4byte	0x34c
 744 032a 08       		.uleb128 0x8
 745 032b 97030000 		.4byte	.LASF31
 746 032f 01       		.byte	0x1
 747 0330 61       		.byte	0x61
 748 0331 AF000000 		.4byte	0xaf
 749 0335 DD000000 		.4byte	.LLST5
 750 0339 0B       		.uleb128 0xb
 751 033a 0E000000 		.4byte	.LVL39
 752 033e 2F040000 		.4byte	0x42f
 753 0342 0B       		.uleb128 0xb
 754 0343 12000000 		.4byte	.LVL40
 755 0347 94020000 		.4byte	0x294
 756 034b 00       		.byte	0
 757 034c 0B       		.uleb128 0xb
 758 034d 06000000 		.4byte	.LVL37
 759 0351 3A040000 		.4byte	0x43a
 760 0355 00       		.byte	0
 761 0356 11       		.uleb128 0x11
 762 0357 A8000000 		.4byte	0xa8
 763 035b 66030000 		.4byte	0x366
 764 035f 12       		.uleb128 0x12
 765 0360 A1000000 		.4byte	0xa1
 766 0364 FF       		.byte	0xff
 767 0365 00       		.byte	0
 768 0366 0A       		.uleb128 0xa
 769 0367 C8020000 		.4byte	.LASF32
 770 036b 01       		.byte	0x1
 771 036c 12       		.byte	0x12
 772 036d 56030000 		.4byte	0x356
 773 0371 05       		.uleb128 0x5
 774 0372 03       		.byte	0x3
 775 0373 00000000 		.4byte	outputBuffer
 776 0377 0A       		.uleb128 0xa
 777 0378 CD010000 		.4byte	.LASF33
 778 037c 01       		.byte	0x1
 779 037d 13       		.byte	0x13
 780 037e 2C000000 		.4byte	0x2c
 781 0382 05       		.uleb128 0x5
 782 0383 03       		.byte	0x3
 783 0384 00000000 		.4byte	setPoint
 784 0388 13       		.uleb128 0x13
 785 0389 51020000 		.4byte	.LASF34
 786 038d 01       		.byte	0x1
 787 038e 16       		.byte	0x16
 788 038f 95030000 		.4byte	0x395
 789 0393 4D01     		.2byte	0x14d
 790 0395 14       		.uleb128 0x14
 791 0396 BA000000 		.4byte	0xba
 792 039a 15       		.uleb128 0x15
ARM GAS  C:\Users\Simon\AppData\Local\Temp\ccNqX75j.s 			page 17


 793 039b 85010000 		.4byte	.LASF54
 794 039f 0C       		.byte	0xc
 795 03a0 9606     		.2byte	0x696
 796 03a2 A6030000 		.4byte	0x3a6
 797 03a6 16       		.uleb128 0x16
 798 03a7 C5000000 		.4byte	0xc5
 799 03ab 17       		.uleb128 0x17
 800 03ac 49000000 		.4byte	.LASF35
 801 03b0 49000000 		.4byte	.LASF35
 802 03b4 04       		.byte	0x4
 803 03b5 11       		.byte	0x11
 804 03b6 17       		.uleb128 0x17
 805 03b7 6E020000 		.4byte	.LASF36
 806 03bb 6E020000 		.4byte	.LASF36
 807 03bf 05       		.byte	0x5
 808 03c0 2B       		.byte	0x2b
 809 03c1 17       		.uleb128 0x17
 810 03c2 2D000000 		.4byte	.LASF37
 811 03c6 2D000000 		.4byte	.LASF37
 812 03ca 06       		.byte	0x6
 813 03cb FD       		.byte	0xfd
 814 03cc 17       		.uleb128 0x17
 815 03cd 86030000 		.4byte	.LASF38
 816 03d1 86030000 		.4byte	.LASF38
 817 03d5 07       		.byte	0x7
 818 03d6 8B       		.byte	0x8b
 819 03d7 17       		.uleb128 0x17
 820 03d8 65000000 		.4byte	.LASF39
 821 03dc 65000000 		.4byte	.LASF39
 822 03e0 08       		.byte	0x8
 823 03e1 C3       		.byte	0xc3
 824 03e2 17       		.uleb128 0x17
 825 03e3 A5030000 		.4byte	.LASF40
 826 03e7 A5030000 		.4byte	.LASF40
 827 03eb 09       		.byte	0x9
 828 03ec 76       		.byte	0x76
 829 03ed 17       		.uleb128 0x17
 830 03ee 79010000 		.4byte	.LASF41
 831 03f2 79010000 		.4byte	.LASF41
 832 03f6 08       		.byte	0x8
 833 03f7 92       		.byte	0x92
 834 03f8 17       		.uleb128 0x17
 835 03f9 0B030000 		.4byte	.LASF42
 836 03fd 0B030000 		.4byte	.LASF42
 837 0401 0A       		.byte	0xa
 838 0402 93       		.byte	0x93
 839 0403 17       		.uleb128 0x17
 840 0404 00000000 		.4byte	.LASF43
 841 0408 00000000 		.4byte	.LASF43
 842 040c 07       		.byte	0x7
 843 040d 54       		.byte	0x54
 844 040e 17       		.uleb128 0x17
 845 040f 21030000 		.4byte	.LASF44
 846 0413 21030000 		.4byte	.LASF44
 847 0417 0B       		.byte	0xb
 848 0418 18       		.byte	0x18
 849 0419 17       		.uleb128 0x17
ARM GAS  C:\Users\Simon\AppData\Local\Temp\ccNqX75j.s 			page 18


 850 041a BD010000 		.4byte	.LASF45
 851 041e BD010000 		.4byte	.LASF45
 852 0422 05       		.byte	0x5
 853 0423 19       		.byte	0x19
 854 0424 17       		.uleb128 0x17
 855 0425 6C030000 		.4byte	.LASF46
 856 0429 6C030000 		.4byte	.LASF46
 857 042d 05       		.byte	0x5
 858 042e 1F       		.byte	0x1f
 859 042f 17       		.uleb128 0x17
 860 0430 67010000 		.4byte	.LASF47
 861 0434 67010000 		.4byte	.LASF47
 862 0438 07       		.byte	0x7
 863 0439 6F       		.byte	0x6f
 864 043a 17       		.uleb128 0x17
 865 043b B1020000 		.4byte	.LASF48
 866 043f B1020000 		.4byte	.LASF48
 867 0443 07       		.byte	0x7
 868 0444 73       		.byte	0x73
 869 0445 00       		.byte	0
 870              		.section	.debug_abbrev,"",%progbits
 871              	.Ldebug_abbrev0:
 872 0000 01       		.uleb128 0x1
 873 0001 11       		.uleb128 0x11
 874 0002 01       		.byte	0x1
 875 0003 25       		.uleb128 0x25
 876 0004 0E       		.uleb128 0xe
 877 0005 13       		.uleb128 0x13
 878 0006 0B       		.uleb128 0xb
 879 0007 03       		.uleb128 0x3
 880 0008 0E       		.uleb128 0xe
 881 0009 1B       		.uleb128 0x1b
 882 000a 0E       		.uleb128 0xe
 883 000b 55       		.uleb128 0x55
 884 000c 17       		.uleb128 0x17
 885 000d 11       		.uleb128 0x11
 886 000e 01       		.uleb128 0x1
 887 000f 10       		.uleb128 0x10
 888 0010 17       		.uleb128 0x17
 889 0011 00       		.byte	0
 890 0012 00       		.byte	0
 891 0013 02       		.uleb128 0x2
 892 0014 24       		.uleb128 0x24
 893 0015 00       		.byte	0
 894 0016 0B       		.uleb128 0xb
 895 0017 0B       		.uleb128 0xb
 896 0018 3E       		.uleb128 0x3e
 897 0019 0B       		.uleb128 0xb
 898 001a 03       		.uleb128 0x3
 899 001b 0E       		.uleb128 0xe
 900 001c 00       		.byte	0
 901 001d 00       		.byte	0
 902 001e 03       		.uleb128 0x3
 903 001f 16       		.uleb128 0x16
 904 0020 00       		.byte	0
 905 0021 03       		.uleb128 0x3
 906 0022 0E       		.uleb128 0xe
ARM GAS  C:\Users\Simon\AppData\Local\Temp\ccNqX75j.s 			page 19


 907 0023 3A       		.uleb128 0x3a
 908 0024 0B       		.uleb128 0xb
 909 0025 3B       		.uleb128 0x3b
 910 0026 0B       		.uleb128 0xb
 911 0027 49       		.uleb128 0x49
 912 0028 13       		.uleb128 0x13
 913 0029 00       		.byte	0
 914 002a 00       		.byte	0
 915 002b 04       		.uleb128 0x4
 916 002c 24       		.uleb128 0x24
 917 002d 00       		.byte	0
 918 002e 0B       		.uleb128 0xb
 919 002f 0B       		.uleb128 0xb
 920 0030 3E       		.uleb128 0x3e
 921 0031 0B       		.uleb128 0xb
 922 0032 03       		.uleb128 0x3
 923 0033 08       		.uleb128 0x8
 924 0034 00       		.byte	0
 925 0035 00       		.byte	0
 926 0036 05       		.uleb128 0x5
 927 0037 2E       		.uleb128 0x2e
 928 0038 01       		.byte	0x1
 929 0039 3F       		.uleb128 0x3f
 930 003a 19       		.uleb128 0x19
 931 003b 03       		.uleb128 0x3
 932 003c 0E       		.uleb128 0xe
 933 003d 3A       		.uleb128 0x3a
 934 003e 0B       		.uleb128 0xb
 935 003f 3B       		.uleb128 0x3b
 936 0040 0B       		.uleb128 0xb
 937 0041 27       		.uleb128 0x27
 938 0042 19       		.uleb128 0x19
 939 0043 49       		.uleb128 0x49
 940 0044 13       		.uleb128 0x13
 941 0045 8701     		.uleb128 0x87
 942 0047 19       		.uleb128 0x19
 943 0048 11       		.uleb128 0x11
 944 0049 01       		.uleb128 0x1
 945 004a 12       		.uleb128 0x12
 946 004b 06       		.uleb128 0x6
 947 004c 40       		.uleb128 0x40
 948 004d 18       		.uleb128 0x18
 949 004e 9642     		.uleb128 0x2116
 950 0050 19       		.uleb128 0x19
 951 0051 01       		.uleb128 0x1
 952 0052 13       		.uleb128 0x13
 953 0053 00       		.byte	0
 954 0054 00       		.byte	0
 955 0055 06       		.uleb128 0x6
 956 0056 34       		.uleb128 0x34
 957 0057 00       		.byte	0
 958 0058 03       		.uleb128 0x3
 959 0059 08       		.uleb128 0x8
 960 005a 3A       		.uleb128 0x3a
 961 005b 0B       		.uleb128 0xb
 962 005c 3B       		.uleb128 0x3b
 963 005d 0B       		.uleb128 0xb
ARM GAS  C:\Users\Simon\AppData\Local\Temp\ccNqX75j.s 			page 20


 964 005e 49       		.uleb128 0x49
 965 005f 13       		.uleb128 0x13
 966 0060 1C       		.uleb128 0x1c
 967 0061 0A       		.uleb128 0xa
 968 0062 00       		.byte	0
 969 0063 00       		.byte	0
 970 0064 07       		.uleb128 0x7
 971 0065 34       		.uleb128 0x34
 972 0066 00       		.byte	0
 973 0067 03       		.uleb128 0x3
 974 0068 0E       		.uleb128 0xe
 975 0069 3A       		.uleb128 0x3a
 976 006a 0B       		.uleb128 0xb
 977 006b 3B       		.uleb128 0x3b
 978 006c 0B       		.uleb128 0xb
 979 006d 49       		.uleb128 0x49
 980 006e 13       		.uleb128 0x13
 981 006f 1C       		.uleb128 0x1c
 982 0070 0A       		.uleb128 0xa
 983 0071 00       		.byte	0
 984 0072 00       		.byte	0
 985 0073 08       		.uleb128 0x8
 986 0074 34       		.uleb128 0x34
 987 0075 00       		.byte	0
 988 0076 03       		.uleb128 0x3
 989 0077 0E       		.uleb128 0xe
 990 0078 3A       		.uleb128 0x3a
 991 0079 0B       		.uleb128 0xb
 992 007a 3B       		.uleb128 0x3b
 993 007b 0B       		.uleb128 0xb
 994 007c 49       		.uleb128 0x49
 995 007d 13       		.uleb128 0x13
 996 007e 02       		.uleb128 0x2
 997 007f 17       		.uleb128 0x17
 998 0080 00       		.byte	0
 999 0081 00       		.byte	0
 1000 0082 09       		.uleb128 0x9
 1001 0083 0B       		.uleb128 0xb
 1002 0084 01       		.byte	0x1
 1003 0085 11       		.uleb128 0x11
 1004 0086 01       		.uleb128 0x1
 1005 0087 12       		.uleb128 0x12
 1006 0088 06       		.uleb128 0x6
 1007 0089 01       		.uleb128 0x1
 1008 008a 13       		.uleb128 0x13
 1009 008b 00       		.byte	0
 1010 008c 00       		.byte	0
 1011 008d 0A       		.uleb128 0xa
 1012 008e 34       		.uleb128 0x34
 1013 008f 00       		.byte	0
 1014 0090 03       		.uleb128 0x3
 1015 0091 0E       		.uleb128 0xe
 1016 0092 3A       		.uleb128 0x3a
 1017 0093 0B       		.uleb128 0xb
 1018 0094 3B       		.uleb128 0x3b
 1019 0095 0B       		.uleb128 0xb
 1020 0096 49       		.uleb128 0x49
ARM GAS  C:\Users\Simon\AppData\Local\Temp\ccNqX75j.s 			page 21


 1021 0097 13       		.uleb128 0x13
 1022 0098 02       		.uleb128 0x2
 1023 0099 18       		.uleb128 0x18
 1024 009a 00       		.byte	0
 1025 009b 00       		.byte	0
 1026 009c 0B       		.uleb128 0xb
 1027 009d 898201   		.uleb128 0x4109
 1028 00a0 00       		.byte	0
 1029 00a1 11       		.uleb128 0x11
 1030 00a2 01       		.uleb128 0x1
 1031 00a3 31       		.uleb128 0x31
 1032 00a4 13       		.uleb128 0x13
 1033 00a5 00       		.byte	0
 1034 00a6 00       		.byte	0
 1035 00a7 0C       		.uleb128 0xc
 1036 00a8 898201   		.uleb128 0x4109
 1037 00ab 01       		.byte	0x1
 1038 00ac 11       		.uleb128 0x11
 1039 00ad 01       		.uleb128 0x1
 1040 00ae 31       		.uleb128 0x31
 1041 00af 13       		.uleb128 0x13
 1042 00b0 01       		.uleb128 0x1
 1043 00b1 13       		.uleb128 0x13
 1044 00b2 00       		.byte	0
 1045 00b3 00       		.byte	0
 1046 00b4 0D       		.uleb128 0xd
 1047 00b5 8A8201   		.uleb128 0x410a
 1048 00b8 00       		.byte	0
 1049 00b9 02       		.uleb128 0x2
 1050 00ba 18       		.uleb128 0x18
 1051 00bb 9142     		.uleb128 0x2111
 1052 00bd 18       		.uleb128 0x18
 1053 00be 00       		.byte	0
 1054 00bf 00       		.byte	0
 1055 00c0 0E       		.uleb128 0xe
 1056 00c1 898201   		.uleb128 0x4109
 1057 00c4 01       		.byte	0x1
 1058 00c5 11       		.uleb128 0x11
 1059 00c6 01       		.uleb128 0x1
 1060 00c7 31       		.uleb128 0x31
 1061 00c8 13       		.uleb128 0x13
 1062 00c9 00       		.byte	0
 1063 00ca 00       		.byte	0
 1064 00cb 0F       		.uleb128 0xf
 1065 00cc 2E       		.uleb128 0x2e
 1066 00cd 01       		.byte	0x1
 1067 00ce 3F       		.uleb128 0x3f
 1068 00cf 19       		.uleb128 0x19
 1069 00d0 03       		.uleb128 0x3
 1070 00d1 0E       		.uleb128 0xe
 1071 00d2 3A       		.uleb128 0x3a
 1072 00d3 0B       		.uleb128 0xb
 1073 00d4 3B       		.uleb128 0x3b
 1074 00d5 0B       		.uleb128 0xb
 1075 00d6 27       		.uleb128 0x27
 1076 00d7 19       		.uleb128 0x19
 1077 00d8 11       		.uleb128 0x11
ARM GAS  C:\Users\Simon\AppData\Local\Temp\ccNqX75j.s 			page 22


 1078 00d9 01       		.uleb128 0x1
 1079 00da 12       		.uleb128 0x12
 1080 00db 06       		.uleb128 0x6
 1081 00dc 40       		.uleb128 0x40
 1082 00dd 18       		.uleb128 0x18
 1083 00de 9742     		.uleb128 0x2117
 1084 00e0 19       		.uleb128 0x19
 1085 00e1 01       		.uleb128 0x1
 1086 00e2 13       		.uleb128 0x13
 1087 00e3 00       		.byte	0
 1088 00e4 00       		.byte	0
 1089 00e5 10       		.uleb128 0x10
 1090 00e6 05       		.uleb128 0x5
 1091 00e7 00       		.byte	0
 1092 00e8 03       		.uleb128 0x3
 1093 00e9 0E       		.uleb128 0xe
 1094 00ea 3A       		.uleb128 0x3a
 1095 00eb 0B       		.uleb128 0xb
 1096 00ec 3B       		.uleb128 0x3b
 1097 00ed 0B       		.uleb128 0xb
 1098 00ee 49       		.uleb128 0x49
 1099 00ef 13       		.uleb128 0x13
 1100 00f0 02       		.uleb128 0x2
 1101 00f1 17       		.uleb128 0x17
 1102 00f2 00       		.byte	0
 1103 00f3 00       		.byte	0
 1104 00f4 11       		.uleb128 0x11
 1105 00f5 01       		.uleb128 0x1
 1106 00f6 01       		.byte	0x1
 1107 00f7 49       		.uleb128 0x49
 1108 00f8 13       		.uleb128 0x13
 1109 00f9 01       		.uleb128 0x1
 1110 00fa 13       		.uleb128 0x13
 1111 00fb 00       		.byte	0
 1112 00fc 00       		.byte	0
 1113 00fd 12       		.uleb128 0x12
 1114 00fe 21       		.uleb128 0x21
 1115 00ff 00       		.byte	0
 1116 0100 49       		.uleb128 0x49
 1117 0101 13       		.uleb128 0x13
 1118 0102 2F       		.uleb128 0x2f
 1119 0103 0B       		.uleb128 0xb
 1120 0104 00       		.byte	0
 1121 0105 00       		.byte	0
 1122 0106 13       		.uleb128 0x13
 1123 0107 34       		.uleb128 0x34
 1124 0108 00       		.byte	0
 1125 0109 03       		.uleb128 0x3
 1126 010a 0E       		.uleb128 0xe
 1127 010b 3A       		.uleb128 0x3a
 1128 010c 0B       		.uleb128 0xb
 1129 010d 3B       		.uleb128 0x3b
 1130 010e 0B       		.uleb128 0xb
 1131 010f 49       		.uleb128 0x49
 1132 0110 13       		.uleb128 0x13
 1133 0111 1C       		.uleb128 0x1c
 1134 0112 05       		.uleb128 0x5
ARM GAS  C:\Users\Simon\AppData\Local\Temp\ccNqX75j.s 			page 23


 1135 0113 00       		.byte	0
 1136 0114 00       		.byte	0
 1137 0115 14       		.uleb128 0x14
 1138 0116 26       		.uleb128 0x26
 1139 0117 00       		.byte	0
 1140 0118 49       		.uleb128 0x49
 1141 0119 13       		.uleb128 0x13
 1142 011a 00       		.byte	0
 1143 011b 00       		.byte	0
 1144 011c 15       		.uleb128 0x15
 1145 011d 34       		.uleb128 0x34
 1146 011e 00       		.byte	0
 1147 011f 03       		.uleb128 0x3
 1148 0120 0E       		.uleb128 0xe
 1149 0121 3A       		.uleb128 0x3a
 1150 0122 0B       		.uleb128 0xb
 1151 0123 3B       		.uleb128 0x3b
 1152 0124 05       		.uleb128 0x5
 1153 0125 49       		.uleb128 0x49
 1154 0126 13       		.uleb128 0x13
 1155 0127 3F       		.uleb128 0x3f
 1156 0128 19       		.uleb128 0x19
 1157 0129 3C       		.uleb128 0x3c
 1158 012a 19       		.uleb128 0x19
 1159 012b 00       		.byte	0
 1160 012c 00       		.byte	0
 1161 012d 16       		.uleb128 0x16
 1162 012e 35       		.uleb128 0x35
 1163 012f 00       		.byte	0
 1164 0130 49       		.uleb128 0x49
 1165 0131 13       		.uleb128 0x13
 1166 0132 00       		.byte	0
 1167 0133 00       		.byte	0
 1168 0134 17       		.uleb128 0x17
 1169 0135 2E       		.uleb128 0x2e
 1170 0136 00       		.byte	0
 1171 0137 3F       		.uleb128 0x3f
 1172 0138 19       		.uleb128 0x19
 1173 0139 3C       		.uleb128 0x3c
 1174 013a 19       		.uleb128 0x19
 1175 013b 6E       		.uleb128 0x6e
 1176 013c 0E       		.uleb128 0xe
 1177 013d 03       		.uleb128 0x3
 1178 013e 0E       		.uleb128 0xe
 1179 013f 3A       		.uleb128 0x3a
 1180 0140 0B       		.uleb128 0xb
 1181 0141 3B       		.uleb128 0x3b
 1182 0142 0B       		.uleb128 0xb
 1183 0143 00       		.byte	0
 1184 0144 00       		.byte	0
 1185 0145 00       		.byte	0
 1186              		.section	.debug_loc,"",%progbits
 1187              	.Ldebug_loc0:
 1188              	.LLST0:
 1189 0000 1A000000 		.4byte	.LVL3
 1190 0004 3E000000 		.4byte	.LVL6
 1191 0008 0600     		.2byte	0x6
ARM GAS  C:\Users\Simon\AppData\Local\Temp\ccNqX75j.s 			page 24


 1192 000a 9E       		.byte	0x9e
 1193 000b 04       		.uleb128 0x4
 1194 000c 00000000 		.4byte	0
 1195 0010 48000000 		.4byte	.LVL9
 1196 0014 4E000000 		.4byte	.LVL10
 1197 0018 0100     		.2byte	0x1
 1198 001a 50       		.byte	0x50
 1199 001b 4E000000 		.4byte	.LVL10
 1200 001f 51000000 		.4byte	.LVL11-1
 1201 0023 0100     		.2byte	0x1
 1202 0025 51       		.byte	0x51
 1203 0026 51000000 		.4byte	.LVL11-1
 1204 002a 28010000 		.4byte	.LFE64
 1205 002e 0100     		.2byte	0x1
 1206 0030 54       		.byte	0x54
 1207 0031 00000000 		.4byte	0
 1208 0035 00000000 		.4byte	0
 1209              	.LLST1:
 1210 0039 1A000000 		.4byte	.LVL3
 1211 003d 3E000000 		.4byte	.LVL6
 1212 0041 0600     		.2byte	0x6
 1213 0043 9E       		.byte	0x9e
 1214 0044 04       		.uleb128 0x4
 1215 0045 00000000 		.4byte	0
 1216 0049 6C000000 		.4byte	.LVL15
 1217 004d 70000000 		.4byte	.LVL16
 1218 0051 0100     		.2byte	0x1
 1219 0053 50       		.byte	0x50
 1220 0054 70000000 		.4byte	.LVL16
 1221 0058 28010000 		.4byte	.LFE64
 1222 005c 0100     		.2byte	0x1
 1223 005e 55       		.byte	0x55
 1224 005f 00000000 		.4byte	0
 1225 0063 00000000 		.4byte	0
 1226              	.LLST2:
 1227 0067 54000000 		.4byte	.LVL12
 1228 006b 66000000 		.4byte	.LVL13
 1229 006f 0100     		.2byte	0x1
 1230 0071 50       		.byte	0x50
 1231 0072 66000000 		.4byte	.LVL13
 1232 0076 28010000 		.4byte	.LFE64
 1233 007a 0100     		.2byte	0x1
 1234 007c 58       		.byte	0x58
 1235 007d 00000000 		.4byte	0
 1236 0081 00000000 		.4byte	0
 1237              	.LLST3:
 1238 0085 00000000 		.4byte	.LVL29
 1239 0089 0E000000 		.4byte	.LVL30
 1240 008d 0100     		.2byte	0x1
 1241 008f 50       		.byte	0x50
 1242 0090 0E000000 		.4byte	.LVL30
 1243 0094 1E000000 		.4byte	.LVL33
 1244 0098 0400     		.2byte	0x4
 1245 009a F3       		.byte	0xf3
 1246 009b 01       		.uleb128 0x1
 1247 009c 50       		.byte	0x50
 1248 009d 9F       		.byte	0x9f
ARM GAS  C:\Users\Simon\AppData\Local\Temp\ccNqX75j.s 			page 25


 1249 009e 1E000000 		.4byte	.LVL33
 1250 00a2 20000000 		.4byte	.LVL34
 1251 00a6 0100     		.2byte	0x1
 1252 00a8 50       		.byte	0x50
 1253 00a9 20000000 		.4byte	.LVL34
 1254 00ad 44000000 		.4byte	.LFE65
 1255 00b1 0400     		.2byte	0x4
 1256 00b3 F3       		.byte	0xf3
 1257 00b4 01       		.uleb128 0x1
 1258 00b5 50       		.byte	0x50
 1259 00b6 9F       		.byte	0x9f
 1260 00b7 00000000 		.4byte	0
 1261 00bb 00000000 		.4byte	0
 1262              	.LLST4:
 1263 00bf 08000000 		.4byte	.LVL38
 1264 00c3 14000000 		.4byte	.LVL41
 1265 00c7 0100     		.2byte	0x1
 1266 00c9 54       		.byte	0x54
 1267 00ca 16000000 		.4byte	.LVL42
 1268 00ce 1C000000 		.4byte	.LFE66
 1269 00d2 0100     		.2byte	0x1
 1270 00d4 54       		.byte	0x54
 1271 00d5 00000000 		.4byte	0
 1272 00d9 00000000 		.4byte	0
 1273              	.LLST5:
 1274 00dd 0E000000 		.4byte	.LVL39
 1275 00e1 11000000 		.4byte	.LVL40-1
 1276 00e5 0100     		.2byte	0x1
 1277 00e7 50       		.byte	0x50
 1278 00e8 00000000 		.4byte	0
 1279 00ec 00000000 		.4byte	0
 1280              		.section	.debug_aranges,"",%progbits
 1281 0000 2C000000 		.4byte	0x2c
 1282 0004 0200     		.2byte	0x2
 1283 0006 00000000 		.4byte	.Ldebug_info0
 1284 000a 04       		.byte	0x4
 1285 000b 00       		.byte	0
 1286 000c 0000     		.2byte	0
 1287 000e 0000     		.2byte	0
 1288 0010 00000000 		.4byte	.LFB64
 1289 0014 28010000 		.4byte	.LFE64-.LFB64
 1290 0018 00000000 		.4byte	.LFB65
 1291 001c 44000000 		.4byte	.LFE65-.LFB65
 1292 0020 00000000 		.4byte	.LFB66
 1293 0024 1C000000 		.4byte	.LFE66-.LFB66
 1294 0028 00000000 		.4byte	0
 1295 002c 00000000 		.4byte	0
 1296              		.section	.debug_ranges,"",%progbits
 1297              	.Ldebug_ranges0:
 1298 0000 00000000 		.4byte	.LFB64
 1299 0004 28010000 		.4byte	.LFE64
 1300 0008 00000000 		.4byte	.LFB65
 1301 000c 44000000 		.4byte	.LFE65
 1302 0010 00000000 		.4byte	.LFB66
 1303 0014 1C000000 		.4byte	.LFE66
 1304 0018 00000000 		.4byte	0
 1305 001c 00000000 		.4byte	0
ARM GAS  C:\Users\Simon\AppData\Local\Temp\ccNqX75j.s 			page 26


 1306              		.section	.debug_line,"",%progbits
 1307              	.Ldebug_line0:
 1308 0000 95020000 		.section	.debug_str,"MS",%progbits,1
 1308      02001102 
 1308      00000201 
 1308      FB0E0D00 
 1308      01010101 
 1309              	.LASF43:
 1310 0000 55415254 		.ascii	"UART_1_Start\000"
 1310      5F315F53 
 1310      74617274 
 1310      00
 1311              	.LASF5:
 1312 000d 5F5F7569 		.ascii	"__uint8_t\000"
 1312      6E74385F 
 1312      7400
 1313              	.LASF20:
 1314 0017 696E7465 		.ascii	"integralMax\000"
 1314      6772616C 
 1314      4D617800 
 1315              	.LASF8:
 1316 0023 5F5F696E 		.ascii	"__int32_t\000"
 1316      7433325F 
 1316      7400
 1317              	.LASF37:
 1318 002d 736E7072 		.ascii	"snprintf\000"
 1318      696E7466 
 1318      00
 1319              	.LASF7:
 1320 0036 73686F72 		.ascii	"short unsigned int\000"
 1320      7420756E 
 1320      7369676E 
 1320      65642069 
 1320      6E7400
 1321              	.LASF35:
 1322 0049 72656164 		.ascii	"readTemp\000"
 1322      54656D70 
 1322      00
 1323              	.LASF21:
 1324 0052 696E7465 		.ascii	"integralMin\000"
 1324      6772616C 
 1324      4D696E00 
 1325              	.LASF0:
 1326 005e 646F7562 		.ascii	"double\000"
 1326      6C6500
 1327              	.LASF39:
 1328 0065 50574D5F 		.ascii	"PWM_1_WriteCompare\000"
 1328      315F5772 
 1328      69746543 
 1328      6F6D7061 
 1328      726500
 1329              	.LASF30:
 1330 0078 62797465 		.ascii	"bytesToRead\000"
 1330      73546F52 
 1330      65616400 
 1331              	.LASF1:
 1332 0084 666C6F61 		.ascii	"float\000"
ARM GAS  C:\Users\Simon\AppData\Local\Temp\ccNqX75j.s 			page 27


 1332      7400
 1333              	.LASF26:
 1334 008a 696E7465 		.ascii	"integralPart\000"
 1334      6772616C 
 1334      50617274 
 1334      00
 1335              	.LASF25:
 1336 0097 70726F70 		.ascii	"proportionalPart\000"
 1336      6F727469 
 1336      6F6E616C 
 1336      50617274 
 1336      00
 1337              	.LASF3:
 1338 00a8 756E7369 		.ascii	"unsigned char\000"
 1338      676E6564 
 1338      20636861 
 1338      7200
 1339              	.LASF49:
 1340 00b6 474E5520 		.ascii	"GNU C11 5.4.1 20160609 (release) [ARM/embedded-5-br"
 1340      43313120 
 1340      352E342E 
 1340      31203230 
 1340      31363036 
 1341 00e9 616E6368 		.ascii	"anch revision 237715] -mcpu=cortex-m3 -mthumb -g -O"
 1341      20726576 
 1341      6973696F 
 1341      6E203233 
 1341      37373135 
 1342 011c 67202D66 		.ascii	"g -ffunction-sections -ffat-lto-objects\000"
 1342      66756E63 
 1342      74696F6E 
 1342      2D736563 
 1342      74696F6E 
 1343              	.LASF29:
 1344 0144 4953525F 		.ascii	"ISR_UART_rx_handler\000"
 1344      55415254 
 1344      5F72785F 
 1344      68616E64 
 1344      6C657200 
 1345              	.LASF27:
 1346 0158 64657269 		.ascii	"derivativePart\000"
 1346      76617469 
 1346      76655061 
 1346      727400
 1347              	.LASF47:
 1348 0167 55415254 		.ascii	"UART_1_ReadRxData\000"
 1348      5F315F52 
 1348      65616452 
 1348      78446174 
 1348      6100
 1349              	.LASF41:
 1350 0179 50574D5F 		.ascii	"PWM_1_Start\000"
 1350      315F5374 
 1350      61727400 
 1351              	.LASF54:
 1352 0185 49544D5F 		.ascii	"ITM_RxBuffer\000"
 1352      52784275 
ARM GAS  C:\Users\Simon\AppData\Local\Temp\ccNqX75j.s 			page 28


 1352      66666572 
 1352      00
 1353              	.LASF23:
 1354 0192 636F6E74 		.ascii	"controlSignal\000"
 1354      726F6C53 
 1354      69676E61 
 1354      6C00
 1355              	.LASF6:
 1356 01a0 5F5F7569 		.ascii	"__uint16_t\000"
 1356      6E743136 
 1356      5F7400
 1357              	.LASF10:
 1358 01ab 6C6F6E67 		.ascii	"long unsigned int\000"
 1358      20756E73 
 1358      69676E65 
 1358      6420696E 
 1358      7400
 1359              	.LASF45:
 1360 01bd 50494443 		.ascii	"PIDControl_init\000"
 1360      6F6E7472 
 1360      6F6C5F69 
 1360      6E697400 
 1361              	.LASF33:
 1362 01cd 73657450 		.ascii	"setPoint\000"
 1362      6F696E74 
 1362      00
 1363              	.LASF28:
 1364 01d6 68616E64 		.ascii	"handleByteReceived\000"
 1364      6C654279 
 1364      74655265 
 1364      63656976 
 1364      656400
 1365              	.LASF51:
 1366 01e9 433A5C55 		.ascii	"C:\\Users\\Simon\\Documents\\GitHub\\GFV-Gruppe14\\"
 1366      73657273 
 1366      5C53696D 
 1366      6F6E5C44 
 1366      6F63756D 
 1367 0216 4C616265 		.ascii	"Labexercise3_Temperaturregulator\\Temperature-Contr"
 1367      78657263 
 1367      69736533 
 1367      5F54656D 
 1367      70657261 
 1368 0248 6F6C2E63 		.ascii	"ol.cydsn\000"
 1368      7964736E 
 1368      00
 1369              	.LASF34:
 1370 0251 73616D70 		.ascii	"sampleWaitTimeInMilliseconds\000"
 1370      6C655761 
 1370      69745469 
 1370      6D65496E 
 1370      4D696C6C 
 1371              	.LASF36:
 1372 026e 50494443 		.ascii	"PIDControl_doStep\000"
 1372      6F6E7472 
 1372      6F6C5F64 
 1372      6F537465 
ARM GAS  C:\Users\Simon\AppData\Local\Temp\ccNqX75j.s 			page 29


 1372      7000
 1373              	.LASF13:
 1374 0280 756E7369 		.ascii	"unsigned int\000"
 1374      676E6564 
 1374      20696E74 
 1374      00
 1375              	.LASF22:
 1376 028d 74656D70 		.ascii	"temp\000"
 1376      00
 1377              	.LASF12:
 1378 0292 6C6F6E67 		.ascii	"long long unsigned int\000"
 1378      206C6F6E 
 1378      6720756E 
 1378      7369676E 
 1378      65642069 
 1379              	.LASF17:
 1380 02a9 75696E74 		.ascii	"uint8_t\000"
 1380      385F7400 
 1381              	.LASF48:
 1382 02b1 55415254 		.ascii	"UART_1_GetRxBufferSize\000"
 1382      5F315F47 
 1382      65745278 
 1382      42756666 
 1382      65725369 
 1383              	.LASF32:
 1384 02c8 6F757470 		.ascii	"outputBuffer\000"
 1384      75744275 
 1384      66666572 
 1384      00
 1385              	.LASF52:
 1386 02d5 6D61696E 		.ascii	"main\000"
 1386      00
 1387              	.LASF19:
 1388 02da 696E7433 		.ascii	"int32_t\000"
 1388      325F7400 
 1389              	.LASF15:
 1390 02e2 73697A65 		.ascii	"sizetype\000"
 1390      74797065 
 1390      00
 1391              	.LASF24:
 1392 02eb 6572726F 		.ascii	"error\000"
 1392      7200
 1393              	.LASF11:
 1394 02f1 6C6F6E67 		.ascii	"long long int\000"
 1394      206C6F6E 
 1394      6720696E 
 1394      7400
 1395              	.LASF50:
 1396 02ff 6D61696E 		.ascii	"main.c\000"
 1396      2E6300
 1397              	.LASF16:
 1398 0306 63686172 		.ascii	"char\000"
 1398      00
 1399              	.LASF42:
 1400 030b 4932435F 		.ascii	"I2C_1_Start\000"
 1400      315F5374 
 1400      61727400 
ARM GAS  C:\Users\Simon\AppData\Local\Temp\ccNqX75j.s 			page 30


 1401              	.LASF4:
 1402 0317 73686F72 		.ascii	"short int\000"
 1402      7420696E 
 1402      7400
 1403              	.LASF44:
 1404 0321 6973725F 		.ascii	"isr_uart_rx_StartEx\000"
 1404      75617274 
 1404      5F72785F 
 1404      53746172 
 1404      74457800 
 1405              	.LASF18:
 1406 0335 75696E74 		.ascii	"uint16_t\000"
 1406      31365F74 
 1406      00
 1407              	.LASF53:
 1408 033e 42797465 		.ascii	"ByteReceived\000"
 1408      52656365 
 1408      69766564 
 1408      00
 1409              	.LASF9:
 1410 034b 6C6F6E67 		.ascii	"long int\000"
 1410      20696E74 
 1410      00
 1411              	.LASF14:
 1412 0354 6C6F6E67 		.ascii	"long double\000"
 1412      20646F75 
 1412      626C6500 
 1413              	.LASF2:
 1414 0360 7369676E 		.ascii	"signed char\000"
 1414      65642063 
 1414      68617200 
 1415              	.LASF46:
 1416 036c 50494443 		.ascii	"PIDControl_changeSetPoint\000"
 1416      6F6E7472 
 1416      6F6C5F63 
 1416      68616E67 
 1416      65536574 
 1417              	.LASF38:
 1418 0386 55415254 		.ascii	"UART_1_PutString\000"
 1418      5F315F50 
 1418      75745374 
 1418      72696E67 
 1418      00
 1419              	.LASF31:
 1420 0397 62797465 		.ascii	"bytesReceived\000"
 1420      73526563 
 1420      65697665 
 1420      6400
 1421              	.LASF40:
 1422 03a5 43794465 		.ascii	"CyDelay\000"
 1422      6C617900 
 1423              		.ident	"GCC: (GNU Tools for ARM Embedded Processors) 5.4.1 20160609 (release) [ARM/embedded-5-bran
