ARM GAS  C:\Users\Simon\AppData\Local\Temp\cc8hOqkh.s 			page 1


   1              		.syntax unified
   2              		.cpu cortex-m3
   3              		.fpu softvfp
   4              		.eabi_attribute 20, 1
   5              		.eabi_attribute 21, 1
   6              		.eabi_attribute 23, 3
   7              		.eabi_attribute 24, 1
   8              		.eabi_attribute 25, 1
   9              		.eabi_attribute 26, 1
  10              		.eabi_attribute 30, 1
  11              		.eabi_attribute 34, 1
  12              		.eabi_attribute 18, 4
  13              		.thumb
  14              		.syntax unified
  15              		.file	"UART.c"
  16              		.text
  17              	.Ltext0:
  18              		.cfi_sections	.debug_frame
  19              		.section	.text.handleByteReceived,"ax",%progbits
  20              		.align	2
  21              		.global	handleByteReceived
  22              		.thumb
  23              		.thumb_func
  24              		.type	handleByteReceived, %function
  25              	handleByteReceived:
  26              	.LFB64:
  27              		.file 1 "UART.c"
   1:UART.c        **** /* ========================================
   2:UART.c        ****  *
   3:UART.c        ****  * Copyright YOUR COMPANY, THE YEAR
   4:UART.c        ****  * All Rights Reserved
   5:UART.c        ****  * UNPUBLISHED, LICENSED SOFTWARE.
   6:UART.c        ****  *
   7:UART.c        ****  * CONFIDENTIAL AND PROPRIETARY INFORMATION
   8:UART.c        ****  * WHICH IS THE PROPERTY OF your company.
   9:UART.c        ****  *
  10:UART.c        ****  * ========================================
  11:UART.c        **** */
  12:UART.c        **** 
  13:UART.c        **** #include <UART.h>
  14:UART.c        **** #include <PIDControl.h>
  15:UART.c        **** #include <project.h>
  16:UART.c        **** #include <stdio.h>
  17:UART.c        **** #include <stdlib.h>
  18:UART.c        **** #include <stdint.h>
  19:UART.c        **** 
  20:UART.c        **** void handleByteReceived(uint8_t ByteReceived)
  21:UART.c        **** {
  28              		.loc 1 21 0
  29              		.cfi_startproc
  30              		@ args = 0, pretend = 0, frame = 0
  31              		@ frame_needed = 0, uses_anonymous_args = 0
  32              	.LVL0:
  33 0000 08B5     		push	{r3, lr}
  34              		.cfi_def_cfa_offset 8
  35              		.cfi_offset 3, -8
  36              		.cfi_offset 14, -4
ARM GAS  C:\Users\Simon\AppData\Local\Temp\cc8hOqkh.s 			page 2


  22:UART.c        ****     switch(ByteReceived)
  37              		.loc 1 22 0
  38 0002 3328     		cmp	r0, #51
  39 0004 02D0     		beq	.L3
  40 0006 3528     		cmp	r0, #53
  41 0008 07D0     		beq	.L4
  42 000a 08BD     		pop	{r3, pc}
  43              	.L3:
  23:UART.c        ****     {
  24:UART.c        ****         case '3':
  25:UART.c        ****         {
  26:UART.c        ****             UART_1_PutString("30 set\n");
  44              		.loc 1 26 0
  45 000c 0648     		ldr	r0, .L6
  46              	.LVL1:
  47 000e FFF7FEFF 		bl	UART_1_PutString
  48              	.LVL2:
  27:UART.c        ****            PIDControl_changeSetPoint(30.0);
  49              		.loc 1 27 0
  50 0012 0648     		ldr	r0, .L6+4
  51 0014 FFF7FEFF 		bl	PIDControl_changeSetPoint
  52              	.LVL3:
  28:UART.c        ****         }
  29:UART.c        ****         break;
  53              		.loc 1 29 0
  54 0018 08BD     		pop	{r3, pc}
  55              	.LVL4:
  56              	.L4:
  30:UART.c        ****         case '5':
  31:UART.c        ****         {
  32:UART.c        ****             UART_1_PutString("50 set\n");
  57              		.loc 1 32 0
  58 001a 0548     		ldr	r0, .L6+8
  59              	.LVL5:
  60 001c FFF7FEFF 		bl	UART_1_PutString
  61              	.LVL6:
  33:UART.c        ****             PIDControl_changeSetPoint(50.0);
  62              		.loc 1 33 0
  63 0020 0448     		ldr	r0, .L6+12
  64 0022 FFF7FEFF 		bl	PIDControl_changeSetPoint
  65              	.LVL7:
  66 0026 08BD     		pop	{r3, pc}
  67              	.L7:
  68              		.align	2
  69              	.L6:
  70 0028 00000000 		.word	.LC0
  71 002c 0000F041 		.word	1106247680
  72 0030 08000000 		.word	.LC1
  73 0034 00004842 		.word	1112014848
  74              		.cfi_endproc
  75              	.LFE64:
  76              		.size	handleByteReceived, .-handleByteReceived
  77              		.section	.rodata.str1.4,"aMS",%progbits,1
  78              		.align	2
  79              	.LC0:
  80 0000 33302073 		.ascii	"30 set\012\000"
  80      65740A00 
ARM GAS  C:\Users\Simon\AppData\Local\Temp\cc8hOqkh.s 			page 3


  81              	.LC1:
  82 0008 35302073 		.ascii	"50 set\012\000"
  82      65740A00 
  83              		.text
  84              	.Letext0:
  85              		.file 2 "c:\\program files (x86)\\cypress\\psoc creator\\4.3\\psoc creator\\import\\gnu\\arm\\5.4.
  86              		.file 3 "c:\\program files (x86)\\cypress\\psoc creator\\4.3\\psoc creator\\import\\gnu\\arm\\5.4.
  87              		.file 4 "Generated_Source\\PSoC5/UART_1.h"
  88              		.file 5 "./PIDControl.h"
  89              		.file 6 "Generated_Source\\PSoC5/core_cm3.h"
  90              		.section	.debug_info,"",%progbits
  91              	.Ldebug_info0:
  92 0000 43010000 		.4byte	0x143
  93 0004 0400     		.2byte	0x4
  94 0006 00000000 		.4byte	.Ldebug_abbrev0
  95 000a 04       		.byte	0x4
  96 000b 01       		.uleb128 0x1
  97 000c 48000000 		.4byte	.LASF20
  98 0010 0C       		.byte	0xc
  99 0011 48010000 		.4byte	.LASF21
 100 0015 BC010000 		.4byte	.LASF22
 101 0019 00000000 		.4byte	.Ldebug_ranges0+0
 102 001d 00000000 		.4byte	0
 103 0021 00000000 		.4byte	.Ldebug_line0
 104 0025 02       		.uleb128 0x2
 105 0026 01       		.byte	0x1
 106 0027 06       		.byte	0x6
 107 0028 6C010000 		.4byte	.LASF0
 108 002c 03       		.uleb128 0x3
 109 002d FF000000 		.4byte	.LASF4
 110 0031 02       		.byte	0x2
 111 0032 1D       		.byte	0x1d
 112 0033 37000000 		.4byte	0x37
 113 0037 02       		.uleb128 0x2
 114 0038 01       		.byte	0x1
 115 0039 08       		.byte	0x8
 116 003a 35010000 		.4byte	.LASF1
 117 003e 02       		.uleb128 0x2
 118 003f 02       		.byte	0x2
 119 0040 05       		.byte	0x5
 120 0041 94010000 		.4byte	.LASF2
 121 0045 02       		.uleb128 0x2
 122 0046 02       		.byte	0x2
 123 0047 07       		.byte	0x7
 124 0048 0E000000 		.4byte	.LASF3
 125 004c 03       		.uleb128 0x3
 126 004d 84010000 		.4byte	.LASF5
 127 0051 02       		.byte	0x2
 128 0052 3F       		.byte	0x3f
 129 0053 57000000 		.4byte	0x57
 130 0057 02       		.uleb128 0x2
 131 0058 04       		.byte	0x4
 132 0059 05       		.byte	0x5
 133 005a 4F010000 		.4byte	.LASF6
 134 005e 02       		.uleb128 0x2
 135 005f 04       		.byte	0x4
 136 0060 07       		.byte	0x7
ARM GAS  C:\Users\Simon\AppData\Local\Temp\cc8hOqkh.s 			page 4


 137 0061 D6000000 		.4byte	.LASF7
 138 0065 02       		.uleb128 0x2
 139 0066 08       		.byte	0x8
 140 0067 05       		.byte	0x5
 141 0068 00000000 		.4byte	.LASF8
 142 006c 02       		.uleb128 0x2
 143 006d 08       		.byte	0x8
 144 006e 07       		.byte	0x7
 145 006f E8000000 		.4byte	.LASF9
 146 0073 04       		.uleb128 0x4
 147 0074 04       		.byte	0x4
 148 0075 05       		.byte	0x5
 149 0076 696E7400 		.ascii	"int\000"
 150 007a 02       		.uleb128 0x2
 151 007b 04       		.byte	0x4
 152 007c 07       		.byte	0x7
 153 007d 21000000 		.4byte	.LASF10
 154 0081 03       		.uleb128 0x3
 155 0082 2D010000 		.4byte	.LASF11
 156 0086 03       		.byte	0x3
 157 0087 18       		.byte	0x18
 158 0088 2C000000 		.4byte	0x2c
 159 008c 03       		.uleb128 0x3
 160 008d 9E010000 		.4byte	.LASF12
 161 0091 03       		.byte	0x3
 162 0092 2C       		.byte	0x2c
 163 0093 4C000000 		.4byte	0x4c
 164 0097 02       		.uleb128 0x2
 165 0098 04       		.byte	0x4
 166 0099 04       		.byte	0x4
 167 009a 8E010000 		.4byte	.LASF13
 168 009e 02       		.uleb128 0x2
 169 009f 08       		.byte	0x8
 170 00a0 04       		.byte	0x4
 171 00a1 58010000 		.4byte	.LASF14
 172 00a5 02       		.uleb128 0x2
 173 00a6 01       		.byte	0x1
 174 00a7 08       		.byte	0x8
 175 00a8 43010000 		.4byte	.LASF15
 176 00ac 02       		.uleb128 0x2
 177 00ad 08       		.byte	0x8
 178 00ae 04       		.byte	0x4
 179 00af 78010000 		.4byte	.LASF16
 180 00b3 02       		.uleb128 0x2
 181 00b4 04       		.byte	0x4
 182 00b5 07       		.byte	0x7
 183 00b6 B3010000 		.4byte	.LASF17
 184 00ba 05       		.uleb128 0x5
 185 00bb 1A010000 		.4byte	.LASF23
 186 00bf 01       		.byte	0x1
 187 00c0 14       		.byte	0x14
 188 00c1 00000000 		.4byte	.LFB64
 189 00c5 38000000 		.4byte	.LFE64-.LFB64
 190 00c9 01       		.uleb128 0x1
 191 00ca 9C       		.byte	0x9c
 192 00cb 1F010000 		.4byte	0x11f
 193 00cf 06       		.uleb128 0x6
ARM GAS  C:\Users\Simon\AppData\Local\Temp\cc8hOqkh.s 			page 5


 194 00d0 A6010000 		.4byte	.LASF24
 195 00d4 01       		.byte	0x1
 196 00d5 14       		.byte	0x14
 197 00d6 81000000 		.4byte	0x81
 198 00da 00000000 		.4byte	.LLST0
 199 00de 07       		.uleb128 0x7
 200 00df 12000000 		.4byte	.LVL2
 201 00e3 30010000 		.4byte	0x130
 202 00e7 F5000000 		.4byte	0xf5
 203 00eb 08       		.uleb128 0x8
 204 00ec 01       		.uleb128 0x1
 205 00ed 50       		.byte	0x50
 206 00ee 05       		.uleb128 0x5
 207 00ef 03       		.byte	0x3
 208 00f0 00000000 		.4byte	.LC0
 209 00f4 00       		.byte	0
 210 00f5 09       		.uleb128 0x9
 211 00f6 18000000 		.4byte	.LVL3
 212 00fa 3B010000 		.4byte	0x13b
 213 00fe 07       		.uleb128 0x7
 214 00ff 20000000 		.4byte	.LVL6
 215 0103 30010000 		.4byte	0x130
 216 0107 15010000 		.4byte	0x115
 217 010b 08       		.uleb128 0x8
 218 010c 01       		.uleb128 0x1
 219 010d 50       		.byte	0x50
 220 010e 05       		.uleb128 0x5
 221 010f 03       		.byte	0x3
 222 0110 08000000 		.4byte	.LC1
 223 0114 00       		.byte	0
 224 0115 09       		.uleb128 0x9
 225 0116 26000000 		.4byte	.LVL7
 226 011a 3B010000 		.4byte	0x13b
 227 011e 00       		.byte	0
 228 011f 0A       		.uleb128 0xa
 229 0120 5F010000 		.4byte	.LASF25
 230 0124 06       		.byte	0x6
 231 0125 9606     		.2byte	0x696
 232 0127 2B010000 		.4byte	0x12b
 233 012b 0B       		.uleb128 0xb
 234 012c 8C000000 		.4byte	0x8c
 235 0130 0C       		.uleb128 0xc
 236 0131 09010000 		.4byte	.LASF18
 237 0135 09010000 		.4byte	.LASF18
 238 0139 04       		.byte	0x4
 239 013a 8B       		.byte	0x8b
 240 013b 0C       		.uleb128 0xc
 241 013c 2E000000 		.4byte	.LASF19
 242 0140 2E000000 		.4byte	.LASF19
 243 0144 05       		.byte	0x5
 244 0145 1F       		.byte	0x1f
 245 0146 00       		.byte	0
 246              		.section	.debug_abbrev,"",%progbits
 247              	.Ldebug_abbrev0:
 248 0000 01       		.uleb128 0x1
 249 0001 11       		.uleb128 0x11
 250 0002 01       		.byte	0x1
ARM GAS  C:\Users\Simon\AppData\Local\Temp\cc8hOqkh.s 			page 6


 251 0003 25       		.uleb128 0x25
 252 0004 0E       		.uleb128 0xe
 253 0005 13       		.uleb128 0x13
 254 0006 0B       		.uleb128 0xb
 255 0007 03       		.uleb128 0x3
 256 0008 0E       		.uleb128 0xe
 257 0009 1B       		.uleb128 0x1b
 258 000a 0E       		.uleb128 0xe
 259 000b 55       		.uleb128 0x55
 260 000c 17       		.uleb128 0x17
 261 000d 11       		.uleb128 0x11
 262 000e 01       		.uleb128 0x1
 263 000f 10       		.uleb128 0x10
 264 0010 17       		.uleb128 0x17
 265 0011 00       		.byte	0
 266 0012 00       		.byte	0
 267 0013 02       		.uleb128 0x2
 268 0014 24       		.uleb128 0x24
 269 0015 00       		.byte	0
 270 0016 0B       		.uleb128 0xb
 271 0017 0B       		.uleb128 0xb
 272 0018 3E       		.uleb128 0x3e
 273 0019 0B       		.uleb128 0xb
 274 001a 03       		.uleb128 0x3
 275 001b 0E       		.uleb128 0xe
 276 001c 00       		.byte	0
 277 001d 00       		.byte	0
 278 001e 03       		.uleb128 0x3
 279 001f 16       		.uleb128 0x16
 280 0020 00       		.byte	0
 281 0021 03       		.uleb128 0x3
 282 0022 0E       		.uleb128 0xe
 283 0023 3A       		.uleb128 0x3a
 284 0024 0B       		.uleb128 0xb
 285 0025 3B       		.uleb128 0x3b
 286 0026 0B       		.uleb128 0xb
 287 0027 49       		.uleb128 0x49
 288 0028 13       		.uleb128 0x13
 289 0029 00       		.byte	0
 290 002a 00       		.byte	0
 291 002b 04       		.uleb128 0x4
 292 002c 24       		.uleb128 0x24
 293 002d 00       		.byte	0
 294 002e 0B       		.uleb128 0xb
 295 002f 0B       		.uleb128 0xb
 296 0030 3E       		.uleb128 0x3e
 297 0031 0B       		.uleb128 0xb
 298 0032 03       		.uleb128 0x3
 299 0033 08       		.uleb128 0x8
 300 0034 00       		.byte	0
 301 0035 00       		.byte	0
 302 0036 05       		.uleb128 0x5
 303 0037 2E       		.uleb128 0x2e
 304 0038 01       		.byte	0x1
 305 0039 3F       		.uleb128 0x3f
 306 003a 19       		.uleb128 0x19
 307 003b 03       		.uleb128 0x3
ARM GAS  C:\Users\Simon\AppData\Local\Temp\cc8hOqkh.s 			page 7


 308 003c 0E       		.uleb128 0xe
 309 003d 3A       		.uleb128 0x3a
 310 003e 0B       		.uleb128 0xb
 311 003f 3B       		.uleb128 0x3b
 312 0040 0B       		.uleb128 0xb
 313 0041 27       		.uleb128 0x27
 314 0042 19       		.uleb128 0x19
 315 0043 11       		.uleb128 0x11
 316 0044 01       		.uleb128 0x1
 317 0045 12       		.uleb128 0x12
 318 0046 06       		.uleb128 0x6
 319 0047 40       		.uleb128 0x40
 320 0048 18       		.uleb128 0x18
 321 0049 9742     		.uleb128 0x2117
 322 004b 19       		.uleb128 0x19
 323 004c 01       		.uleb128 0x1
 324 004d 13       		.uleb128 0x13
 325 004e 00       		.byte	0
 326 004f 00       		.byte	0
 327 0050 06       		.uleb128 0x6
 328 0051 05       		.uleb128 0x5
 329 0052 00       		.byte	0
 330 0053 03       		.uleb128 0x3
 331 0054 0E       		.uleb128 0xe
 332 0055 3A       		.uleb128 0x3a
 333 0056 0B       		.uleb128 0xb
 334 0057 3B       		.uleb128 0x3b
 335 0058 0B       		.uleb128 0xb
 336 0059 49       		.uleb128 0x49
 337 005a 13       		.uleb128 0x13
 338 005b 02       		.uleb128 0x2
 339 005c 17       		.uleb128 0x17
 340 005d 00       		.byte	0
 341 005e 00       		.byte	0
 342 005f 07       		.uleb128 0x7
 343 0060 898201   		.uleb128 0x4109
 344 0063 01       		.byte	0x1
 345 0064 11       		.uleb128 0x11
 346 0065 01       		.uleb128 0x1
 347 0066 31       		.uleb128 0x31
 348 0067 13       		.uleb128 0x13
 349 0068 01       		.uleb128 0x1
 350 0069 13       		.uleb128 0x13
 351 006a 00       		.byte	0
 352 006b 00       		.byte	0
 353 006c 08       		.uleb128 0x8
 354 006d 8A8201   		.uleb128 0x410a
 355 0070 00       		.byte	0
 356 0071 02       		.uleb128 0x2
 357 0072 18       		.uleb128 0x18
 358 0073 9142     		.uleb128 0x2111
 359 0075 18       		.uleb128 0x18
 360 0076 00       		.byte	0
 361 0077 00       		.byte	0
 362 0078 09       		.uleb128 0x9
 363 0079 898201   		.uleb128 0x4109
 364 007c 00       		.byte	0
ARM GAS  C:\Users\Simon\AppData\Local\Temp\cc8hOqkh.s 			page 8


 365 007d 11       		.uleb128 0x11
 366 007e 01       		.uleb128 0x1
 367 007f 31       		.uleb128 0x31
 368 0080 13       		.uleb128 0x13
 369 0081 00       		.byte	0
 370 0082 00       		.byte	0
 371 0083 0A       		.uleb128 0xa
 372 0084 34       		.uleb128 0x34
 373 0085 00       		.byte	0
 374 0086 03       		.uleb128 0x3
 375 0087 0E       		.uleb128 0xe
 376 0088 3A       		.uleb128 0x3a
 377 0089 0B       		.uleb128 0xb
 378 008a 3B       		.uleb128 0x3b
 379 008b 05       		.uleb128 0x5
 380 008c 49       		.uleb128 0x49
 381 008d 13       		.uleb128 0x13
 382 008e 3F       		.uleb128 0x3f
 383 008f 19       		.uleb128 0x19
 384 0090 3C       		.uleb128 0x3c
 385 0091 19       		.uleb128 0x19
 386 0092 00       		.byte	0
 387 0093 00       		.byte	0
 388 0094 0B       		.uleb128 0xb
 389 0095 35       		.uleb128 0x35
 390 0096 00       		.byte	0
 391 0097 49       		.uleb128 0x49
 392 0098 13       		.uleb128 0x13
 393 0099 00       		.byte	0
 394 009a 00       		.byte	0
 395 009b 0C       		.uleb128 0xc
 396 009c 2E       		.uleb128 0x2e
 397 009d 00       		.byte	0
 398 009e 3F       		.uleb128 0x3f
 399 009f 19       		.uleb128 0x19
 400 00a0 3C       		.uleb128 0x3c
 401 00a1 19       		.uleb128 0x19
 402 00a2 6E       		.uleb128 0x6e
 403 00a3 0E       		.uleb128 0xe
 404 00a4 03       		.uleb128 0x3
 405 00a5 0E       		.uleb128 0xe
 406 00a6 3A       		.uleb128 0x3a
 407 00a7 0B       		.uleb128 0xb
 408 00a8 3B       		.uleb128 0x3b
 409 00a9 0B       		.uleb128 0xb
 410 00aa 00       		.byte	0
 411 00ab 00       		.byte	0
 412 00ac 00       		.byte	0
 413              		.section	.debug_loc,"",%progbits
 414              	.Ldebug_loc0:
 415              	.LLST0:
 416 0000 00000000 		.4byte	.LVL0
 417 0004 0E000000 		.4byte	.LVL1
 418 0008 0100     		.2byte	0x1
 419 000a 50       		.byte	0x50
 420 000b 0E000000 		.4byte	.LVL1
 421 000f 1A000000 		.4byte	.LVL4
ARM GAS  C:\Users\Simon\AppData\Local\Temp\cc8hOqkh.s 			page 9


 422 0013 0400     		.2byte	0x4
 423 0015 F3       		.byte	0xf3
 424 0016 01       		.uleb128 0x1
 425 0017 50       		.byte	0x50
 426 0018 9F       		.byte	0x9f
 427 0019 1A000000 		.4byte	.LVL4
 428 001d 1C000000 		.4byte	.LVL5
 429 0021 0100     		.2byte	0x1
 430 0023 50       		.byte	0x50
 431 0024 1C000000 		.4byte	.LVL5
 432 0028 38000000 		.4byte	.LFE64
 433 002c 0400     		.2byte	0x4
 434 002e F3       		.byte	0xf3
 435 002f 01       		.uleb128 0x1
 436 0030 50       		.byte	0x50
 437 0031 9F       		.byte	0x9f
 438 0032 00000000 		.4byte	0
 439 0036 00000000 		.4byte	0
 440              		.section	.debug_aranges,"",%progbits
 441 0000 1C000000 		.4byte	0x1c
 442 0004 0200     		.2byte	0x2
 443 0006 00000000 		.4byte	.Ldebug_info0
 444 000a 04       		.byte	0x4
 445 000b 00       		.byte	0
 446 000c 0000     		.2byte	0
 447 000e 0000     		.2byte	0
 448 0010 00000000 		.4byte	.LFB64
 449 0014 38000000 		.4byte	.LFE64-.LFB64
 450 0018 00000000 		.4byte	0
 451 001c 00000000 		.4byte	0
 452              		.section	.debug_ranges,"",%progbits
 453              	.Ldebug_ranges0:
 454 0000 00000000 		.4byte	.LFB64
 455 0004 38000000 		.4byte	.LFE64
 456 0008 00000000 		.4byte	0
 457 000c 00000000 		.4byte	0
 458              		.section	.debug_line,"",%progbits
 459              	.Ldebug_line0:
 460 0000 78010000 		.section	.debug_str,"MS",%progbits,1
 460      02005D01 
 460      00000201 
 460      FB0E0D00 
 460      01010101 
 461              	.LASF8:
 462 0000 6C6F6E67 		.ascii	"long long int\000"
 462      206C6F6E 
 462      6720696E 
 462      7400
 463              	.LASF3:
 464 000e 73686F72 		.ascii	"short unsigned int\000"
 464      7420756E 
 464      7369676E 
 464      65642069 
 464      6E7400
 465              	.LASF10:
 466 0021 756E7369 		.ascii	"unsigned int\000"
 466      676E6564 
ARM GAS  C:\Users\Simon\AppData\Local\Temp\cc8hOqkh.s 			page 10


 466      20696E74 
 466      00
 467              	.LASF19:
 468 002e 50494443 		.ascii	"PIDControl_changeSetPoint\000"
 468      6F6E7472 
 468      6F6C5F63 
 468      68616E67 
 468      65536574 
 469              	.LASF20:
 470 0048 474E5520 		.ascii	"GNU C11 5.4.1 20160609 (release) [ARM/embedded-5-br"
 470      43313120 
 470      352E342E 
 470      31203230 
 470      31363036 
 471 007b 616E6368 		.ascii	"anch revision 237715] -mcpu=cortex-m3 -mthumb -g -O"
 471      20726576 
 471      6973696F 
 471      6E203233 
 471      37373135 
 472 00ae 67202D66 		.ascii	"g -ffunction-sections -ffat-lto-objects\000"
 472      66756E63 
 472      74696F6E 
 472      2D736563 
 472      74696F6E 
 473              	.LASF7:
 474 00d6 6C6F6E67 		.ascii	"long unsigned int\000"
 474      20756E73 
 474      69676E65 
 474      6420696E 
 474      7400
 475              	.LASF9:
 476 00e8 6C6F6E67 		.ascii	"long long unsigned int\000"
 476      206C6F6E 
 476      6720756E 
 476      7369676E 
 476      65642069 
 477              	.LASF4:
 478 00ff 5F5F7569 		.ascii	"__uint8_t\000"
 478      6E74385F 
 478      7400
 479              	.LASF18:
 480 0109 55415254 		.ascii	"UART_1_PutString\000"
 480      5F315F50 
 480      75745374 
 480      72696E67 
 480      00
 481              	.LASF23:
 482 011a 68616E64 		.ascii	"handleByteReceived\000"
 482      6C654279 
 482      74655265 
 482      63656976 
 482      656400
 483              	.LASF11:
 484 012d 75696E74 		.ascii	"uint8_t\000"
 484      385F7400 
 485              	.LASF1:
 486 0135 756E7369 		.ascii	"unsigned char\000"
ARM GAS  C:\Users\Simon\AppData\Local\Temp\cc8hOqkh.s 			page 11


 486      676E6564 
 486      20636861 
 486      7200
 487              	.LASF15:
 488 0143 63686172 		.ascii	"char\000"
 488      00
 489              	.LASF21:
 490 0148 55415254 		.ascii	"UART.c\000"
 490      2E6300
 491              	.LASF6:
 492 014f 6C6F6E67 		.ascii	"long int\000"
 492      20696E74 
 492      00
 493              	.LASF14:
 494 0158 646F7562 		.ascii	"double\000"
 494      6C6500
 495              	.LASF25:
 496 015f 49544D5F 		.ascii	"ITM_RxBuffer\000"
 496      52784275 
 496      66666572 
 496      00
 497              	.LASF0:
 498 016c 7369676E 		.ascii	"signed char\000"
 498      65642063 
 498      68617200 
 499              	.LASF16:
 500 0178 6C6F6E67 		.ascii	"long double\000"
 500      20646F75 
 500      626C6500 
 501              	.LASF5:
 502 0184 5F5F696E 		.ascii	"__int32_t\000"
 502      7433325F 
 502      7400
 503              	.LASF13:
 504 018e 666C6F61 		.ascii	"float\000"
 504      7400
 505              	.LASF2:
 506 0194 73686F72 		.ascii	"short int\000"
 506      7420696E 
 506      7400
 507              	.LASF12:
 508 019e 696E7433 		.ascii	"int32_t\000"
 508      325F7400 
 509              	.LASF24:
 510 01a6 42797465 		.ascii	"ByteReceived\000"
 510      52656365 
 510      69766564 
 510      00
 511              	.LASF17:
 512 01b3 73697A65 		.ascii	"sizetype\000"
 512      74797065 
 512      00
 513              	.LASF22:
 514 01bc 433A5C55 		.ascii	"C:\\Users\\Simon\\Desktop\\GFV-Gruppe14\\Labexercis"
 514      73657273 
 514      5C53696D 
 514      6F6E5C44 
ARM GAS  C:\Users\Simon\AppData\Local\Temp\cc8hOqkh.s 			page 12


 514      65736B74 
 515 01ea 65335F54 		.ascii	"e3_Temperaturregulator\\Temperature-Control.cydsn\000"
 515      656D7065 
 515      72617475 
 515      72726567 
 515      756C6174 
 516              		.ident	"GCC: (GNU Tools for ARM Embedded Processors) 5.4.1 20160609 (release) [ARM/embedded-5-bran
