ARM GAS  C:\Users\Simon\AppData\Local\Temp\ccWjbEAh.s 			page 1


   1              		.syntax unified
   2              		.cpu cortex-m3
   3              		.fpu softvfp
   4              		.eabi_attribute 20, 1
   5              		.eabi_attribute 21, 1
   6              		.eabi_attribute 23, 3
   7              		.eabi_attribute 24, 1
   8              		.eabi_attribute 25, 1
   9              		.eabi_attribute 26, 1
  10              		.eabi_attribute 30, 1
  11              		.eabi_attribute 34, 1
  12              		.eabi_attribute 18, 4
  13              		.thumb
  14              		.syntax unified
  15              		.file	"main.c"
  16              		.text
  17              	.Ltext0:
  18              		.cfi_sections	.debug_frame
  19              		.section	.text.main,"ax",%progbits
  20              		.align	2
  21              		.global	main
  22              		.thumb
  23              		.thumb_func
  24              		.type	main, %function
  25              	main:
  26              	.LFB63:
  27              		.file 1 "main.c"
   1:main.c        **** /* ========================================
   2:main.c        ****  *
   3:main.c        ****  * Copyright YOUR COMPANY, THE YEAR
   4:main.c        ****  * All Rights Reserved
   5:main.c        ****  * UNPUBLISHED, LICENSED SOFTWARE.
   6:main.c        ****  *
   7:main.c        ****  * CONFIDENTIAL AND PROPRIETARY INFORMATION
   8:main.c        ****  * WHICH IS THE PROPERTY OF your company.
   9:main.c        ****  *
  10:main.c        ****  * ========================================
  11:main.c        **** */
  12:main.c        **** #include "project.h"
  13:main.c        **** 
  14:main.c        **** // Prototyper
  15:main.c        **** CY_ISR_PROTO(ISR_UART_rx_handler);
  16:main.c        **** void handleByteReceived(uint8_t byteReceived);
  17:main.c        **** void decreaseSpeed(void);
  18:main.c        **** void increaseSpeed(void);
  19:main.c        **** void driveForwards(void);
  20:main.c        **** void driveBackwards(void);
  21:main.c        **** void stop(void);
  22:main.c        **** 
  23:main.c        **** uint8_t mode = 0;
  24:main.c        **** uint8 currentSpeed = 0;
  25:main.c        **** uint8 IN1,IN2 = 0;
  26:main.c        **** 
  27:main.c        **** int main(void)
  28:main.c        **** {
  28              		.loc 1 28 0
  29              		.cfi_startproc
ARM GAS  C:\Users\Simon\AppData\Local\Temp\ccWjbEAh.s 			page 2


  30              		@ Volatile: function does not return.
  31              		@ args = 0, pretend = 0, frame = 0
  32              		@ frame_needed = 0, uses_anonymous_args = 0
  33 0000 08B5     		push	{r3, lr}
  34              		.cfi_def_cfa_offset 8
  35              		.cfi_offset 3, -8
  36              		.cfi_offset 14, -4
  29:main.c        ****     CyGlobalIntEnable; /* Enable global interrupts. */
  37              		.loc 1 29 0
  38              		.syntax unified
  39              	@ 29 "main.c" 1
  40 0002 62B6     		CPSIE   i
  41              	@ 0 "" 2
  30:main.c        **** 
  31:main.c        ****     /* Place your initialization/startup code here (e.g. MyInst_Start()) */
  32:main.c        ****     isr_uart_rx_StartEx(ISR_UART_rx_handler);
  42              		.loc 1 32 0
  43              		.thumb
  44              		.syntax unified
  45 0004 2E48     		ldr	r0, .L12
  46 0006 FFF7FEFF 		bl	isr_uart_rx_StartEx
  47              	.LVL0:
  33:main.c        ****     UART_1_Start();
  48              		.loc 1 33 0
  49 000a FFF7FEFF 		bl	UART_1_Start
  50              	.LVL1:
  34:main.c        ****     PWM_1_Start();
  51              		.loc 1 34 0
  52 000e FFF7FEFF 		bl	PWM_1_Start
  53              	.LVL2:
  35:main.c        ****     
  36:main.c        ****     UART_1_PutString("DC-Motor-PWM application started\r\n");
  54              		.loc 1 36 0
  55 0012 2C48     		ldr	r0, .L12+4
  56 0014 FFF7FEFF 		bl	UART_1_PutString
  57              	.LVL3:
  37:main.c        ****     UART_1_PutString("0: Stop\r\n");
  58              		.loc 1 37 0
  59 0018 2B48     		ldr	r0, .L12+8
  60 001a FFF7FEFF 		bl	UART_1_PutString
  61              	.LVL4:
  38:main.c        ****     UART_1_PutString("1: Drive forwards\r\n");
  62              		.loc 1 38 0
  63 001e 2B48     		ldr	r0, .L12+12
  64 0020 FFF7FEFF 		bl	UART_1_PutString
  65              	.LVL5:
  39:main.c        ****     UART_1_PutString("2: Drive backwards\r\n");
  66              		.loc 1 39 0
  67 0024 2A48     		ldr	r0, .L12+16
  68 0026 FFF7FEFF 		bl	UART_1_PutString
  69              	.LVL6:
  40:main.c        ****     UART_1_PutString("q: Decrease speed\r\n");
  70              		.loc 1 40 0
  71 002a 2A48     		ldr	r0, .L12+20
  72 002c FFF7FEFF 		bl	UART_1_PutString
  73              	.LVL7:
  41:main.c        ****     UART_1_PutString("w: Increase speed\r\n");
ARM GAS  C:\Users\Simon\AppData\Local\Temp\ccWjbEAh.s 			page 3


  74              		.loc 1 41 0
  75 0030 2948     		ldr	r0, .L12+24
  76 0032 FFF7FEFF 		bl	UART_1_PutString
  77              	.LVL8:
  78              	.L3:
  42:main.c        **** 
  43:main.c        ****     for(;;)
  44:main.c        ****     {
  45:main.c        ****         /* Place your application code here. */
  46:main.c        ****         switch(mode)
  79              		.loc 1 46 0
  80 0036 294B     		ldr	r3, .L12+28
  81 0038 1B78     		ldrb	r3, [r3]	@ zero_extendqisi2
  82 003a 013B     		subs	r3, r3, #1
  83 003c 042B     		cmp	r3, #4
  84 003e FAD8     		bhi	.L3
  85 0040 DFE803F0 		tbb	[pc, r3]
  86              	.L5:
  87 0044 03       		.byte	(.L4-.L5)/2
  88 0045 10       		.byte	(.L6-.L5)/2
  89 0046 1D       		.byte	(.L7-.L5)/2
  90 0047 2A       		.byte	(.L8-.L5)/2
  91 0048 37       		.byte	(.L9-.L5)/2
  92 0049 00       		.p2align 1
  93              	.L4:
  47:main.c        ****         {
  48:main.c        ****             case 1:
  49:main.c        ****             //decrease speed
  50:main.c        ****             if(currentSpeed != 0 && currentSpeed < 255)
  94              		.loc 1 50 0
  95 004a 244B     		ldr	r3, .L12+28
  96 004c 5A78     		ldrb	r2, [r3, #1]	@ zero_extendqisi2
  97 004e 531E     		subs	r3, r2, #1
  98 0050 DBB2     		uxtb	r3, r3
  99 0052 FD2B     		cmp	r3, #253
 100 0054 EFD8     		bhi	.L3
  51:main.c        ****             {
  52:main.c        ****                 currentSpeed = currentSpeed - 20;
 101              		.loc 1 52 0
 102 0056 143A     		subs	r2, r2, #20
 103 0058 D0B2     		uxtb	r0, r2
 104 005a 204B     		ldr	r3, .L12+28
 105 005c 5870     		strb	r0, [r3, #1]
  53:main.c        ****                 PWM_1_WriteCompare(currentSpeed);
 106              		.loc 1 53 0
 107 005e FFF7FEFF 		bl	PWM_1_WriteCompare
 108              	.LVL9:
 109 0062 E8E7     		b	.L3
 110              	.L6:
  54:main.c        ****             }
  55:main.c        ****             break;
  56:main.c        ****             case 2:
  57:main.c        ****             //Increase speed
  58:main.c        ****             if(currentSpeed != 0 && currentSpeed < 255)
 111              		.loc 1 58 0
 112 0064 1D4B     		ldr	r3, .L12+28
 113 0066 5A78     		ldrb	r2, [r3, #1]	@ zero_extendqisi2
ARM GAS  C:\Users\Simon\AppData\Local\Temp\ccWjbEAh.s 			page 4


 114 0068 531E     		subs	r3, r2, #1
 115 006a DBB2     		uxtb	r3, r3
 116 006c FD2B     		cmp	r3, #253
 117 006e E2D8     		bhi	.L3
  59:main.c        ****             {
  60:main.c        ****                 currentSpeed = currentSpeed + 20;
 118              		.loc 1 60 0
 119 0070 1432     		adds	r2, r2, #20
 120 0072 D0B2     		uxtb	r0, r2
 121 0074 194B     		ldr	r3, .L12+28
 122 0076 5870     		strb	r0, [r3, #1]
  61:main.c        ****                 PWM_1_WriteCompare(currentSpeed);
 123              		.loc 1 61 0
 124 0078 FFF7FEFF 		bl	PWM_1_WriteCompare
 125              	.LVL10:
 126 007c DBE7     		b	.L3
 127              	.L7:
  62:main.c        ****             }
  63:main.c        ****             break;
  64:main.c        ****             case 3:
  65:main.c        ****             //Drive Forwards
  66:main.c        ****             currentSpeed = 200;
 128              		.loc 1 66 0
 129 007e 174C     		ldr	r4, .L12+28
 130 0080 C820     		movs	r0, #200
 131 0082 6070     		strb	r0, [r4, #1]
  67:main.c        ****             PWM_1_WriteCompare(currentSpeed);
 132              		.loc 1 67 0
 133 0084 FFF7FEFF 		bl	PWM_1_WriteCompare
 134              	.LVL11:
  68:main.c        ****             
  69:main.c        ****             //Styrelsen af H-Bro
  70:main.c        ****             Pin_IN1_Write(IN1);
 135              		.loc 1 70 0
 136 0088 154B     		ldr	r3, .L12+32
 137 008a 1878     		ldrb	r0, [r3]	@ zero_extendqisi2
 138 008c FFF7FEFF 		bl	Pin_IN1_Write
 139              	.LVL12:
  71:main.c        ****             Pin_IN2_Write(IN2);
 140              		.loc 1 71 0
 141 0090 A078     		ldrb	r0, [r4, #2]	@ zero_extendqisi2
 142 0092 FFF7FEFF 		bl	Pin_IN2_Write
 143              	.LVL13:
  72:main.c        ****             
  73:main.c        ****             break;
 144              		.loc 1 73 0
 145 0096 CEE7     		b	.L3
 146              	.L8:
  74:main.c        ****             case 4:
  75:main.c        ****             //Drive backwards
  76:main.c        ****             currentSpeed = 200;
 147              		.loc 1 76 0
 148 0098 104C     		ldr	r4, .L12+28
 149 009a C820     		movs	r0, #200
 150 009c 6070     		strb	r0, [r4, #1]
  77:main.c        ****             PWM_1_WriteCompare(currentSpeed);
 151              		.loc 1 77 0
ARM GAS  C:\Users\Simon\AppData\Local\Temp\ccWjbEAh.s 			page 5


 152 009e FFF7FEFF 		bl	PWM_1_WriteCompare
 153              	.LVL14:
  78:main.c        ****             
  79:main.c        ****             //Styrelsen af H-Bro
  80:main.c        ****             Pin_IN1_Write(IN1);
 154              		.loc 1 80 0
 155 00a2 0F4B     		ldr	r3, .L12+32
 156 00a4 1878     		ldrb	r0, [r3]	@ zero_extendqisi2
 157 00a6 FFF7FEFF 		bl	Pin_IN1_Write
 158              	.LVL15:
  81:main.c        ****             Pin_IN2_Write(IN2);
 159              		.loc 1 81 0
 160 00aa A078     		ldrb	r0, [r4, #2]	@ zero_extendqisi2
 161 00ac FFF7FEFF 		bl	Pin_IN2_Write
 162              	.LVL16:
  82:main.c        ****             
  83:main.c        ****             break;
 163              		.loc 1 83 0
 164 00b0 C1E7     		b	.L3
 165              	.L9:
  84:main.c        ****             case 5:
  85:main.c        ****             //Stop
  86:main.c        ****             currentSpeed = 0;   // Stop PWM
 166              		.loc 1 86 0
 167 00b2 0020     		movs	r0, #0
 168 00b4 094B     		ldr	r3, .L12+28
 169 00b6 5870     		strb	r0, [r3, #1]
  87:main.c        ****             PWM_1_WriteCompare(currentSpeed);
 170              		.loc 1 87 0
 171 00b8 FFF7FEFF 		bl	PWM_1_WriteCompare
 172              	.LVL17:
  88:main.c        ****             
  89:main.c        ****             break;
 173              		.loc 1 89 0
 174 00bc BBE7     		b	.L3
 175              	.L13:
 176 00be 00BF     		.align	2
 177              	.L12:
 178 00c0 00000000 		.word	ISR_UART_rx_handler
 179 00c4 00000000 		.word	.LC0
 180 00c8 24000000 		.word	.LC1
 181 00cc 30000000 		.word	.LC2
 182 00d0 44000000 		.word	.LC3
 183 00d4 5C000000 		.word	.LC4
 184 00d8 70000000 		.word	.LC5
 185 00dc 00000000 		.word	.LANCHOR0
 186 00e0 00000000 		.word	IN1
 187              		.cfi_endproc
 188              	.LFE63:
 189              		.size	main, .-main
 190              		.section	.text.decreaseSpeed,"ax",%progbits
 191              		.align	2
 192              		.global	decreaseSpeed
 193              		.thumb
 194              		.thumb_func
 195              		.type	decreaseSpeed, %function
 196              	decreaseSpeed:
ARM GAS  C:\Users\Simon\AppData\Local\Temp\ccWjbEAh.s 			page 6


 197              	.LFB66:
  90:main.c        ****         }
  91:main.c        ****     }
  92:main.c        **** }
  93:main.c        **** 
  94:main.c        **** CY_ISR(ISR_UART_rx_handler)
  95:main.c        **** {
  96:main.c        ****     uint8_t bytesToRead = UART_1_GetRxBufferSize();
  97:main.c        ****     while (bytesToRead > 0)
  98:main.c        ****     {
  99:main.c        ****         uint8_t byteReceived = UART_1_ReadRxData();
 100:main.c        ****         UART_1_WriteTxData(byteReceived); // echo back
 101:main.c        ****         
 102:main.c        ****         handleByteReceived(byteReceived);
 103:main.c        ****         
 104:main.c        ****         bytesToRead--;
 105:main.c        ****     }
 106:main.c        **** }
 107:main.c        **** 
 108:main.c        **** void handleByteReceived(uint8_t byteReceived)
 109:main.c        **** {
 110:main.c        ****     switch(byteReceived)
 111:main.c        ****     {
 112:main.c        ****         case 'q' :
 113:main.c        ****         {
 114:main.c        ****             decreaseSpeed();
 115:main.c        ****         }
 116:main.c        ****         break;
 117:main.c        ****         case 'w' :
 118:main.c        ****         {
 119:main.c        ****             increaseSpeed();
 120:main.c        ****         }
 121:main.c        ****         break;
 122:main.c        ****         case '1' :
 123:main.c        ****         {
 124:main.c        ****             driveForwards();
 125:main.c        ****         }
 126:main.c        ****         break;
 127:main.c        ****         case '2' :
 128:main.c        ****         {
 129:main.c        ****             driveBackwards();
 130:main.c        ****         }
 131:main.c        ****         break;
 132:main.c        ****         case '0' :
 133:main.c        ****         {
 134:main.c        ****             stop();
 135:main.c        ****             
 136:main.c        ****         }
 137:main.c        ****         break;
 138:main.c        ****         default :
 139:main.c        ****         {
 140:main.c        ****             // nothing
 141:main.c        ****         }
 142:main.c        ****         break;
 143:main.c        ****     }
 144:main.c        **** }
 145:main.c        **** 
ARM GAS  C:\Users\Simon\AppData\Local\Temp\ccWjbEAh.s 			page 7


 146:main.c        **** void decreaseSpeed()
 147:main.c        **** {
 198              		.loc 1 147 0
 199              		.cfi_startproc
 200              		@ args = 0, pretend = 0, frame = 0
 201              		@ frame_needed = 0, uses_anonymous_args = 0
 202 0000 08B5     		push	{r3, lr}
 203              		.cfi_def_cfa_offset 8
 204              		.cfi_offset 3, -8
 205              		.cfi_offset 14, -4
 148:main.c        ****     UART_1_PutString("Decreasing speed\r\n");
 206              		.loc 1 148 0
 207 0002 0348     		ldr	r0, .L16
 208 0004 FFF7FEFF 		bl	UART_1_PutString
 209              	.LVL18:
 149:main.c        ****     mode = 1;
 210              		.loc 1 149 0
 211 0008 0122     		movs	r2, #1
 212 000a 024B     		ldr	r3, .L16+4
 213 000c 1A70     		strb	r2, [r3]
 214 000e 08BD     		pop	{r3, pc}
 215              	.L17:
 216              		.align	2
 217              	.L16:
 218 0010 84000000 		.word	.LC6
 219 0014 00000000 		.word	.LANCHOR0
 220              		.cfi_endproc
 221              	.LFE66:
 222              		.size	decreaseSpeed, .-decreaseSpeed
 223              		.section	.text.increaseSpeed,"ax",%progbits
 224              		.align	2
 225              		.global	increaseSpeed
 226              		.thumb
 227              		.thumb_func
 228              		.type	increaseSpeed, %function
 229              	increaseSpeed:
 230              	.LFB67:
 150:main.c        **** }
 151:main.c        **** 
 152:main.c        **** void increaseSpeed()
 153:main.c        **** {
 231              		.loc 1 153 0
 232              		.cfi_startproc
 233              		@ args = 0, pretend = 0, frame = 0
 234              		@ frame_needed = 0, uses_anonymous_args = 0
 235 0000 08B5     		push	{r3, lr}
 236              		.cfi_def_cfa_offset 8
 237              		.cfi_offset 3, -8
 238              		.cfi_offset 14, -4
 154:main.c        ****     UART_1_PutString("Increasing speed\r\n");
 239              		.loc 1 154 0
 240 0002 0348     		ldr	r0, .L20
 241 0004 FFF7FEFF 		bl	UART_1_PutString
 242              	.LVL19:
 155:main.c        ****     mode = 2;
 243              		.loc 1 155 0
 244 0008 0222     		movs	r2, #2
ARM GAS  C:\Users\Simon\AppData\Local\Temp\ccWjbEAh.s 			page 8


 245 000a 024B     		ldr	r3, .L20+4
 246 000c 1A70     		strb	r2, [r3]
 247 000e 08BD     		pop	{r3, pc}
 248              	.L21:
 249              		.align	2
 250              	.L20:
 251 0010 98000000 		.word	.LC7
 252 0014 00000000 		.word	.LANCHOR0
 253              		.cfi_endproc
 254              	.LFE67:
 255              		.size	increaseSpeed, .-increaseSpeed
 256              		.section	.text.driveForwards,"ax",%progbits
 257              		.align	2
 258              		.global	driveForwards
 259              		.thumb
 260              		.thumb_func
 261              		.type	driveForwards, %function
 262              	driveForwards:
 263              	.LFB68:
 156:main.c        **** }
 157:main.c        **** 
 158:main.c        **** void driveForwards()
 159:main.c        **** {
 264              		.loc 1 159 0
 265              		.cfi_startproc
 266              		@ args = 0, pretend = 0, frame = 0
 267              		@ frame_needed = 0, uses_anonymous_args = 0
 268 0000 08B5     		push	{r3, lr}
 269              		.cfi_def_cfa_offset 8
 270              		.cfi_offset 3, -8
 271              		.cfi_offset 14, -4
 160:main.c        ****     UART_1_PutString("Set direction: forwards\r\n");
 272              		.loc 1 160 0
 273 0002 0648     		ldr	r0, .L24
 274 0004 FFF7FEFF 		bl	UART_1_PutString
 275              	.LVL20:
 161:main.c        ****     mode = 3;
 276              		.loc 1 161 0
 277 0008 054B     		ldr	r3, .L24+4
 278 000a 0322     		movs	r2, #3
 279 000c 1A70     		strb	r2, [r3]
 162:main.c        ****     IN1 = 1;
 280              		.loc 1 162 0
 281 000e 0121     		movs	r1, #1
 282 0010 044A     		ldr	r2, .L24+8
 283 0012 1170     		strb	r1, [r2]
 163:main.c        ****     IN2 = 0;
 284              		.loc 1 163 0
 285 0014 0022     		movs	r2, #0
 286 0016 9A70     		strb	r2, [r3, #2]
 287 0018 08BD     		pop	{r3, pc}
 288              	.L25:
 289 001a 00BF     		.align	2
 290              	.L24:
 291 001c AC000000 		.word	.LC8
 292 0020 00000000 		.word	.LANCHOR0
 293 0024 00000000 		.word	IN1
ARM GAS  C:\Users\Simon\AppData\Local\Temp\ccWjbEAh.s 			page 9


 294              		.cfi_endproc
 295              	.LFE68:
 296              		.size	driveForwards, .-driveForwards
 297              		.section	.text.driveBackwards,"ax",%progbits
 298              		.align	2
 299              		.global	driveBackwards
 300              		.thumb
 301              		.thumb_func
 302              		.type	driveBackwards, %function
 303              	driveBackwards:
 304              	.LFB69:
 164:main.c        **** }
 165:main.c        **** 
 166:main.c        **** void driveBackwards()
 167:main.c        **** {
 305              		.loc 1 167 0
 306              		.cfi_startproc
 307              		@ args = 0, pretend = 0, frame = 0
 308              		@ frame_needed = 0, uses_anonymous_args = 0
 309 0000 08B5     		push	{r3, lr}
 310              		.cfi_def_cfa_offset 8
 311              		.cfi_offset 3, -8
 312              		.cfi_offset 14, -4
 168:main.c        ****     UART_1_PutString("Set direction: backwards\r\n");
 313              		.loc 1 168 0
 314 0002 0648     		ldr	r0, .L28
 315 0004 FFF7FEFF 		bl	UART_1_PutString
 316              	.LVL21:
 169:main.c        ****     mode = 4;
 317              		.loc 1 169 0
 318 0008 054B     		ldr	r3, .L28+4
 319 000a 0422     		movs	r2, #4
 320 000c 1A70     		strb	r2, [r3]
 170:main.c        ****     IN2 = 1;
 321              		.loc 1 170 0
 322 000e 0122     		movs	r2, #1
 323 0010 9A70     		strb	r2, [r3, #2]
 171:main.c        ****     IN1 = 0;
 324              		.loc 1 171 0
 325 0012 0022     		movs	r2, #0
 326 0014 034B     		ldr	r3, .L28+8
 327 0016 1A70     		strb	r2, [r3]
 328 0018 08BD     		pop	{r3, pc}
 329              	.L29:
 330 001a 00BF     		.align	2
 331              	.L28:
 332 001c C8000000 		.word	.LC9
 333 0020 00000000 		.word	.LANCHOR0
 334 0024 00000000 		.word	IN1
 335              		.cfi_endproc
 336              	.LFE69:
 337              		.size	driveBackwards, .-driveBackwards
 338              		.section	.text.stop,"ax",%progbits
 339              		.align	2
 340              		.global	stop
 341              		.thumb
 342              		.thumb_func
ARM GAS  C:\Users\Simon\AppData\Local\Temp\ccWjbEAh.s 			page 10


 343              		.type	stop, %function
 344              	stop:
 345              	.LFB70:
 172:main.c        **** }
 173:main.c        **** 
 174:main.c        **** void stop()
 175:main.c        **** {
 346              		.loc 1 175 0
 347              		.cfi_startproc
 348              		@ args = 0, pretend = 0, frame = 0
 349              		@ frame_needed = 0, uses_anonymous_args = 0
 350 0000 08B5     		push	{r3, lr}
 351              		.cfi_def_cfa_offset 8
 352              		.cfi_offset 3, -8
 353              		.cfi_offset 14, -4
 176:main.c        ****     UART_1_PutString("Stop\r\n");
 354              		.loc 1 176 0
 355 0002 0348     		ldr	r0, .L32
 356 0004 FFF7FEFF 		bl	UART_1_PutString
 357              	.LVL22:
 177:main.c        ****     mode = 5;
 358              		.loc 1 177 0
 359 0008 0522     		movs	r2, #5
 360 000a 024B     		ldr	r3, .L32+4
 361 000c 1A70     		strb	r2, [r3]
 362 000e 08BD     		pop	{r3, pc}
 363              	.L33:
 364              		.align	2
 365              	.L32:
 366 0010 E4000000 		.word	.LC10
 367 0014 00000000 		.word	.LANCHOR0
 368              		.cfi_endproc
 369              	.LFE70:
 370              		.size	stop, .-stop
 371              		.section	.text.handleByteReceived,"ax",%progbits
 372              		.align	2
 373              		.global	handleByteReceived
 374              		.thumb
 375              		.thumb_func
 376              		.type	handleByteReceived, %function
 377              	handleByteReceived:
 378              	.LFB65:
 109:main.c        ****     switch(byteReceived)
 379              		.loc 1 109 0
 380              		.cfi_startproc
 381              		@ args = 0, pretend = 0, frame = 0
 382              		@ frame_needed = 0, uses_anonymous_args = 0
 383              	.LVL23:
 384 0000 08B5     		push	{r3, lr}
 385              		.cfi_def_cfa_offset 8
 386              		.cfi_offset 3, -8
 387              		.cfi_offset 14, -4
 110:main.c        ****     {
 388              		.loc 1 110 0
 389 0002 3228     		cmp	r0, #50
 390 0004 13D0     		beq	.L36
 391 0006 04D8     		bhi	.L37
ARM GAS  C:\Users\Simon\AppData\Local\Temp\ccWjbEAh.s 			page 11


 392 0008 3028     		cmp	r0, #48
 393 000a 13D0     		beq	.L38
 394 000c 3128     		cmp	r0, #49
 395 000e 0BD0     		beq	.L39
 396 0010 08BD     		pop	{r3, pc}
 397              	.L37:
 398 0012 7128     		cmp	r0, #113
 399 0014 02D0     		beq	.L40
 400 0016 7728     		cmp	r0, #119
 401 0018 03D0     		beq	.L41
 402 001a 08BD     		pop	{r3, pc}
 403              	.L40:
 114:main.c        ****         }
 404              		.loc 1 114 0
 405 001c FFF7FEFF 		bl	decreaseSpeed
 406              	.LVL24:
 116:main.c        ****         case 'w' :
 407              		.loc 1 116 0
 408 0020 08BD     		pop	{r3, pc}
 409              	.LVL25:
 410              	.L41:
 119:main.c        ****         }
 411              		.loc 1 119 0
 412 0022 FFF7FEFF 		bl	increaseSpeed
 413              	.LVL26:
 121:main.c        ****         case '1' :
 414              		.loc 1 121 0
 415 0026 08BD     		pop	{r3, pc}
 416              	.LVL27:
 417              	.L39:
 124:main.c        ****         }
 418              		.loc 1 124 0
 419 0028 FFF7FEFF 		bl	driveForwards
 420              	.LVL28:
 126:main.c        ****         case '2' :
 421              		.loc 1 126 0
 422 002c 08BD     		pop	{r3, pc}
 423              	.LVL29:
 424              	.L36:
 129:main.c        ****         }
 425              		.loc 1 129 0
 426 002e FFF7FEFF 		bl	driveBackwards
 427              	.LVL30:
 131:main.c        ****         case '0' :
 428              		.loc 1 131 0
 429 0032 08BD     		pop	{r3, pc}
 430              	.LVL31:
 431              	.L38:
 134:main.c        ****             
 432              		.loc 1 134 0
 433 0034 FFF7FEFF 		bl	stop
 434              	.LVL32:
 435 0038 08BD     		pop	{r3, pc}
 436              		.cfi_endproc
 437              	.LFE65:
 438              		.size	handleByteReceived, .-handleByteReceived
 439 003a 00BF     		.section	.text.ISR_UART_rx_handler,"ax",%progbits
ARM GAS  C:\Users\Simon\AppData\Local\Temp\ccWjbEAh.s 			page 12


 440              		.align	2
 441              		.global	ISR_UART_rx_handler
 442              		.thumb
 443              		.thumb_func
 444              		.type	ISR_UART_rx_handler, %function
 445              	ISR_UART_rx_handler:
 446              	.LFB64:
  95:main.c        ****     uint8_t bytesToRead = UART_1_GetRxBufferSize();
 447              		.loc 1 95 0
 448              		.cfi_startproc
 449              		@ args = 0, pretend = 0, frame = 0
 450              		@ frame_needed = 0, uses_anonymous_args = 0
 451 0000 38B5     		push	{r3, r4, r5, lr}
 452              		.cfi_def_cfa_offset 16
 453              		.cfi_offset 3, -16
 454              		.cfi_offset 4, -12
 455              		.cfi_offset 5, -8
 456              		.cfi_offset 14, -4
  96:main.c        ****     while (bytesToRead > 0)
 457              		.loc 1 96 0
 458 0002 FFF7FEFF 		bl	UART_1_GetRxBufferSize
 459              	.LVL33:
 460 0006 0446     		mov	r4, r0
 461              	.LVL34:
  97:main.c        ****     {
 462              		.loc 1 97 0
 463 0008 09E0     		b	.L44
 464              	.L45:
 465              	.LBB2:
  99:main.c        ****         UART_1_WriteTxData(byteReceived); // echo back
 466              		.loc 1 99 0
 467 000a FFF7FEFF 		bl	UART_1_ReadRxData
 468              	.LVL35:
 469 000e 0546     		mov	r5, r0
 470              	.LVL36:
 100:main.c        ****         
 471              		.loc 1 100 0
 472 0010 FFF7FEFF 		bl	UART_1_WriteTxData
 473              	.LVL37:
 102:main.c        ****         
 474              		.loc 1 102 0
 475 0014 2846     		mov	r0, r5
 476 0016 FFF7FEFF 		bl	handleByteReceived
 477              	.LVL38:
 104:main.c        ****     }
 478              		.loc 1 104 0
 479 001a 013C     		subs	r4, r4, #1
 480              	.LVL39:
 481 001c E4B2     		uxtb	r4, r4
 482              	.LVL40:
 483              	.L44:
 484              	.LBE2:
  97:main.c        ****     {
 485              		.loc 1 97 0
 486 001e 002C     		cmp	r4, #0
 487 0020 F3D1     		bne	.L45
 106:main.c        **** 
ARM GAS  C:\Users\Simon\AppData\Local\Temp\ccWjbEAh.s 			page 13


 488              		.loc 1 106 0
 489 0022 38BD     		pop	{r3, r4, r5, pc}
 490              		.cfi_endproc
 491              	.LFE64:
 492              		.size	ISR_UART_rx_handler, .-ISR_UART_rx_handler
 493              		.global	IN2
 494              		.comm	IN1,1,1
 495              		.global	currentSpeed
 496              		.global	mode
 497              		.section	.rodata.str1.4,"aMS",%progbits,1
 498              		.align	2
 499              	.LC0:
 500 0000 44432D4D 		.ascii	"DC-Motor-PWM application started\015\012\000"
 500      6F746F72 
 500      2D50574D 
 500      20617070 
 500      6C696361 
 501 0023 00       		.space	1
 502              	.LC1:
 503 0024 303A2053 		.ascii	"0: Stop\015\012\000"
 503      746F700D 
 503      0A00
 504 002e 0000     		.space	2
 505              	.LC2:
 506 0030 313A2044 		.ascii	"1: Drive forwards\015\012\000"
 506      72697665 
 506      20666F72 
 506      77617264 
 506      730D0A00 
 507              	.LC3:
 508 0044 323A2044 		.ascii	"2: Drive backwards\015\012\000"
 508      72697665 
 508      20626163 
 508      6B776172 
 508      64730D0A 
 509 0059 000000   		.space	3
 510              	.LC4:
 511 005c 713A2044 		.ascii	"q: Decrease speed\015\012\000"
 511      65637265 
 511      61736520 
 511      73706565 
 511      640D0A00 
 512              	.LC5:
 513 0070 773A2049 		.ascii	"w: Increase speed\015\012\000"
 513      6E637265 
 513      61736520 
 513      73706565 
 513      640D0A00 
 514              	.LC6:
 515 0084 44656372 		.ascii	"Decreasing speed\015\012\000"
 515      65617369 
 515      6E672073 
 515      70656564 
 515      0D0A00
 516 0097 00       		.space	1
 517              	.LC7:
 518 0098 496E6372 		.ascii	"Increasing speed\015\012\000"
ARM GAS  C:\Users\Simon\AppData\Local\Temp\ccWjbEAh.s 			page 14


 518      65617369 
 518      6E672073 
 518      70656564 
 518      0D0A00
 519 00ab 00       		.space	1
 520              	.LC8:
 521 00ac 53657420 		.ascii	"Set direction: forwards\015\012\000"
 521      64697265 
 521      6374696F 
 521      6E3A2066 
 521      6F727761 
 522 00c6 0000     		.space	2
 523              	.LC9:
 524 00c8 53657420 		.ascii	"Set direction: backwards\015\012\000"
 524      64697265 
 524      6374696F 
 524      6E3A2062 
 524      61636B77 
 525 00e3 00       		.space	1
 526              	.LC10:
 527 00e4 53746F70 		.ascii	"Stop\015\012\000"
 527      0D0A00
 528              		.bss
 529              		.set	.LANCHOR0,. + 0
 530              		.type	mode, %object
 531              		.size	mode, 1
 532              	mode:
 533 0000 00       		.space	1
 534              		.type	currentSpeed, %object
 535              		.size	currentSpeed, 1
 536              	currentSpeed:
 537 0001 00       		.space	1
 538              		.type	IN2, %object
 539              		.size	IN2, 1
 540              	IN2:
 541 0002 00       		.space	1
 542              		.text
 543              	.Letext0:
 544              		.file 2 "c:\\program files (x86)\\cypress\\psoc creator\\4.3\\psoc creator\\import\\gnu\\arm\\5.4.
 545              		.file 3 "c:\\program files (x86)\\cypress\\psoc creator\\4.3\\psoc creator\\import\\gnu\\arm\\5.4.
 546              		.file 4 "Generated_Source\\PSoC5/cytypes.h"
 547              		.file 5 "Generated_Source\\PSoC5/core_cm3.h"
 548              		.file 6 "Generated_Source\\PSoC5/isr_uart_rx.h"
 549              		.file 7 "Generated_Source\\PSoC5/UART_1.h"
 550              		.file 8 "Generated_Source\\PSoC5/PWM_1.h"
 551              		.file 9 "Generated_Source\\PSoC5/Pin_IN1.h"
 552              		.file 10 "Generated_Source\\PSoC5/Pin_IN2.h"
 553              		.section	.debug_info,"",%progbits
 554              	.Ldebug_info0:
 555 0000 57040000 		.4byte	0x457
 556 0004 0400     		.2byte	0x4
 557 0006 00000000 		.4byte	.Ldebug_abbrev0
 558 000a 04       		.byte	0x4
 559 000b 01       		.uleb128 0x1
 560 000c 92000000 		.4byte	.LASF41
 561 0010 0C       		.byte	0xc
 562 0011 83020000 		.4byte	.LASF42
ARM GAS  C:\Users\Simon\AppData\Local\Temp\ccWjbEAh.s 			page 15


 563 0015 A8010000 		.4byte	.LASF43
 564 0019 00000000 		.4byte	.Ldebug_ranges0+0
 565 001d 00000000 		.4byte	0
 566 0021 00000000 		.4byte	.Ldebug_line0
 567 0025 02       		.uleb128 0x2
 568 0026 01       		.byte	0x1
 569 0027 06       		.byte	0x6
 570 0028 C2020000 		.4byte	.LASF0
 571 002c 03       		.uleb128 0x3
 572 002d 21000000 		.4byte	.LASF4
 573 0031 02       		.byte	0x2
 574 0032 1D       		.byte	0x1d
 575 0033 37000000 		.4byte	0x37
 576 0037 02       		.uleb128 0x2
 577 0038 01       		.byte	0x1
 578 0039 08       		.byte	0x8
 579 003a 84000000 		.4byte	.LASF1
 580 003e 02       		.uleb128 0x2
 581 003f 02       		.byte	0x2
 582 0040 05       		.byte	0x5
 583 0041 9D020000 		.4byte	.LASF2
 584 0045 02       		.uleb128 0x2
 585 0046 02       		.byte	0x2
 586 0047 07       		.byte	0x7
 587 0048 51000000 		.4byte	.LASF3
 588 004c 03       		.uleb128 0x3
 589 004d 39000000 		.4byte	.LASF5
 590 0051 02       		.byte	0x2
 591 0052 3F       		.byte	0x3f
 592 0053 57000000 		.4byte	0x57
 593 0057 02       		.uleb128 0x2
 594 0058 04       		.byte	0x4
 595 0059 05       		.byte	0x5
 596 005a AD020000 		.4byte	.LASF6
 597 005e 02       		.uleb128 0x2
 598 005f 04       		.byte	0x4
 599 0060 07       		.byte	0x7
 600 0061 34010000 		.4byte	.LASF7
 601 0065 02       		.uleb128 0x2
 602 0066 08       		.byte	0x8
 603 0067 05       		.byte	0x5
 604 0068 6C020000 		.4byte	.LASF8
 605 006c 02       		.uleb128 0x2
 606 006d 08       		.byte	0x8
 607 006e 07       		.byte	0x7
 608 006f FA010000 		.4byte	.LASF9
 609 0073 04       		.uleb128 0x4
 610 0074 04       		.byte	0x4
 611 0075 05       		.byte	0x5
 612 0076 696E7400 		.ascii	"int\000"
 613 007a 02       		.uleb128 0x2
 614 007b 04       		.byte	0x4
 615 007c 07       		.byte	0x7
 616 007d DF010000 		.4byte	.LASF10
 617 0081 03       		.uleb128 0x3
 618 0082 11020000 		.4byte	.LASF11
 619 0086 03       		.byte	0x3
ARM GAS  C:\Users\Simon\AppData\Local\Temp\ccWjbEAh.s 			page 16


 620 0087 18       		.byte	0x18
 621 0088 2C000000 		.4byte	0x2c
 622 008c 03       		.uleb128 0x3
 623 008d 42020000 		.4byte	.LASF12
 624 0091 03       		.byte	0x3
 625 0092 2C       		.byte	0x2c
 626 0093 4C000000 		.4byte	0x4c
 627 0097 05       		.uleb128 0x5
 628 0098 A7020000 		.4byte	.LASF13
 629 009c 04       		.byte	0x4
 630 009d 9201     		.2byte	0x192
 631 009f 37000000 		.4byte	0x37
 632 00a3 02       		.uleb128 0x2
 633 00a4 04       		.byte	0x4
 634 00a5 04       		.byte	0x4
 635 00a6 7E000000 		.4byte	.LASF14
 636 00aa 02       		.uleb128 0x2
 637 00ab 08       		.byte	0x8
 638 00ac 04       		.byte	0x4
 639 00ad 89010000 		.4byte	.LASF15
 640 00b1 02       		.uleb128 0x2
 641 00b2 01       		.byte	0x1
 642 00b3 08       		.byte	0x8
 643 00b4 8A020000 		.4byte	.LASF16
 644 00b8 02       		.uleb128 0x2
 645 00b9 08       		.byte	0x8
 646 00ba 04       		.byte	0x4
 647 00bb B6020000 		.4byte	.LASF17
 648 00bf 02       		.uleb128 0x2
 649 00c0 04       		.byte	0x4
 650 00c1 07       		.byte	0x7
 651 00c2 7A020000 		.4byte	.LASF18
 652 00c6 06       		.uleb128 0x6
 653 00c7 90010000 		.4byte	.LASF44
 654 00cb 01       		.byte	0x1
 655 00cc 1B       		.byte	0x1b
 656 00cd 73000000 		.4byte	0x73
 657 00d1 00000000 		.4byte	.LFB63
 658 00d5 E4000000 		.4byte	.LFE63-.LFB63
 659 00d9 01       		.uleb128 0x1
 660 00da 9C       		.byte	0x9c
 661 00db 00020000 		.4byte	0x200
 662 00df 07       		.uleb128 0x7
 663 00e0 0A000000 		.4byte	.LVL0
 664 00e4 EC030000 		.4byte	0x3ec
 665 00e8 F6000000 		.4byte	0xf6
 666 00ec 08       		.uleb128 0x8
 667 00ed 01       		.uleb128 0x1
 668 00ee 50       		.byte	0x50
 669 00ef 05       		.uleb128 0x5
 670 00f0 03       		.byte	0x3
 671 00f1 00000000 		.4byte	ISR_UART_rx_handler
 672 00f5 00       		.byte	0
 673 00f6 09       		.uleb128 0x9
 674 00f7 0E000000 		.4byte	.LVL1
 675 00fb F7030000 		.4byte	0x3f7
 676 00ff 09       		.uleb128 0x9
ARM GAS  C:\Users\Simon\AppData\Local\Temp\ccWjbEAh.s 			page 17


 677 0100 12000000 		.4byte	.LVL2
 678 0104 02040000 		.4byte	0x402
 679 0108 07       		.uleb128 0x7
 680 0109 18000000 		.4byte	.LVL3
 681 010d 0D040000 		.4byte	0x40d
 682 0111 1F010000 		.4byte	0x11f
 683 0115 08       		.uleb128 0x8
 684 0116 01       		.uleb128 0x1
 685 0117 50       		.byte	0x50
 686 0118 05       		.uleb128 0x5
 687 0119 03       		.byte	0x3
 688 011a 00000000 		.4byte	.LC0
 689 011e 00       		.byte	0
 690 011f 07       		.uleb128 0x7
 691 0120 1E000000 		.4byte	.LVL4
 692 0124 0D040000 		.4byte	0x40d
 693 0128 36010000 		.4byte	0x136
 694 012c 08       		.uleb128 0x8
 695 012d 01       		.uleb128 0x1
 696 012e 50       		.byte	0x50
 697 012f 05       		.uleb128 0x5
 698 0130 03       		.byte	0x3
 699 0131 24000000 		.4byte	.LC1
 700 0135 00       		.byte	0
 701 0136 07       		.uleb128 0x7
 702 0137 24000000 		.4byte	.LVL5
 703 013b 0D040000 		.4byte	0x40d
 704 013f 4D010000 		.4byte	0x14d
 705 0143 08       		.uleb128 0x8
 706 0144 01       		.uleb128 0x1
 707 0145 50       		.byte	0x50
 708 0146 05       		.uleb128 0x5
 709 0147 03       		.byte	0x3
 710 0148 30000000 		.4byte	.LC2
 711 014c 00       		.byte	0
 712 014d 07       		.uleb128 0x7
 713 014e 2A000000 		.4byte	.LVL6
 714 0152 0D040000 		.4byte	0x40d
 715 0156 64010000 		.4byte	0x164
 716 015a 08       		.uleb128 0x8
 717 015b 01       		.uleb128 0x1
 718 015c 50       		.byte	0x50
 719 015d 05       		.uleb128 0x5
 720 015e 03       		.byte	0x3
 721 015f 44000000 		.4byte	.LC3
 722 0163 00       		.byte	0
 723 0164 07       		.uleb128 0x7
 724 0165 30000000 		.4byte	.LVL7
 725 0169 0D040000 		.4byte	0x40d
 726 016d 7B010000 		.4byte	0x17b
 727 0171 08       		.uleb128 0x8
 728 0172 01       		.uleb128 0x1
 729 0173 50       		.byte	0x50
 730 0174 05       		.uleb128 0x5
 731 0175 03       		.byte	0x3
 732 0176 5C000000 		.4byte	.LC4
 733 017a 00       		.byte	0
ARM GAS  C:\Users\Simon\AppData\Local\Temp\ccWjbEAh.s 			page 18


 734 017b 07       		.uleb128 0x7
 735 017c 36000000 		.4byte	.LVL8
 736 0180 0D040000 		.4byte	0x40d
 737 0184 92010000 		.4byte	0x192
 738 0188 08       		.uleb128 0x8
 739 0189 01       		.uleb128 0x1
 740 018a 50       		.byte	0x50
 741 018b 05       		.uleb128 0x5
 742 018c 03       		.byte	0x3
 743 018d 70000000 		.4byte	.LC5
 744 0191 00       		.byte	0
 745 0192 09       		.uleb128 0x9
 746 0193 62000000 		.4byte	.LVL9
 747 0197 18040000 		.4byte	0x418
 748 019b 09       		.uleb128 0x9
 749 019c 7C000000 		.4byte	.LVL10
 750 01a0 18040000 		.4byte	0x418
 751 01a4 07       		.uleb128 0x7
 752 01a5 88000000 		.4byte	.LVL11
 753 01a9 18040000 		.4byte	0x418
 754 01ad B8010000 		.4byte	0x1b8
 755 01b1 08       		.uleb128 0x8
 756 01b2 01       		.uleb128 0x1
 757 01b3 50       		.byte	0x50
 758 01b4 02       		.uleb128 0x2
 759 01b5 09       		.byte	0x9
 760 01b6 C8       		.byte	0xc8
 761 01b7 00       		.byte	0
 762 01b8 09       		.uleb128 0x9
 763 01b9 90000000 		.4byte	.LVL12
 764 01bd 23040000 		.4byte	0x423
 765 01c1 09       		.uleb128 0x9
 766 01c2 96000000 		.4byte	.LVL13
 767 01c6 2E040000 		.4byte	0x42e
 768 01ca 07       		.uleb128 0x7
 769 01cb A2000000 		.4byte	.LVL14
 770 01cf 18040000 		.4byte	0x418
 771 01d3 DE010000 		.4byte	0x1de
 772 01d7 08       		.uleb128 0x8
 773 01d8 01       		.uleb128 0x1
 774 01d9 50       		.byte	0x50
 775 01da 02       		.uleb128 0x2
 776 01db 09       		.byte	0x9
 777 01dc C8       		.byte	0xc8
 778 01dd 00       		.byte	0
 779 01de 09       		.uleb128 0x9
 780 01df AA000000 		.4byte	.LVL15
 781 01e3 23040000 		.4byte	0x423
 782 01e7 09       		.uleb128 0x9
 783 01e8 B0000000 		.4byte	.LVL16
 784 01ec 2E040000 		.4byte	0x42e
 785 01f0 0A       		.uleb128 0xa
 786 01f1 BC000000 		.4byte	.LVL17
 787 01f5 18040000 		.4byte	0x418
 788 01f9 08       		.uleb128 0x8
 789 01fa 01       		.uleb128 0x1
 790 01fb 50       		.byte	0x50
ARM GAS  C:\Users\Simon\AppData\Local\Temp\ccWjbEAh.s 			page 19


 791 01fc 01       		.uleb128 0x1
 792 01fd 30       		.byte	0x30
 793 01fe 00       		.byte	0
 794 01ff 00       		.byte	0
 795 0200 0B       		.uleb128 0xb
 796 0201 8F020000 		.4byte	.LASF19
 797 0205 01       		.byte	0x1
 798 0206 92       		.byte	0x92
 799 0207 00000000 		.4byte	.LFB66
 800 020b 18000000 		.4byte	.LFE66-.LFB66
 801 020f 01       		.uleb128 0x1
 802 0210 9C       		.byte	0x9c
 803 0211 29020000 		.4byte	0x229
 804 0215 0A       		.uleb128 0xa
 805 0216 08000000 		.4byte	.LVL18
 806 021a 0D040000 		.4byte	0x40d
 807 021e 08       		.uleb128 0x8
 808 021f 01       		.uleb128 0x1
 809 0220 50       		.byte	0x50
 810 0221 05       		.uleb128 0x5
 811 0222 03       		.byte	0x3
 812 0223 84000000 		.4byte	.LC6
 813 0227 00       		.byte	0
 814 0228 00       		.byte	0
 815 0229 0B       		.uleb128 0xb
 816 022a 43000000 		.4byte	.LASF20
 817 022e 01       		.byte	0x1
 818 022f 98       		.byte	0x98
 819 0230 00000000 		.4byte	.LFB67
 820 0234 18000000 		.4byte	.LFE67-.LFB67
 821 0238 01       		.uleb128 0x1
 822 0239 9C       		.byte	0x9c
 823 023a 52020000 		.4byte	0x252
 824 023e 0A       		.uleb128 0xa
 825 023f 08000000 		.4byte	.LVL19
 826 0243 0D040000 		.4byte	0x40d
 827 0247 08       		.uleb128 0x8
 828 0248 01       		.uleb128 0x1
 829 0249 50       		.byte	0x50
 830 024a 05       		.uleb128 0x5
 831 024b 03       		.byte	0x3
 832 024c 98000000 		.4byte	.LC7
 833 0250 00       		.byte	0
 834 0251 00       		.byte	0
 835 0252 0B       		.uleb128 0xb
 836 0253 EC010000 		.4byte	.LASF21
 837 0257 01       		.byte	0x1
 838 0258 9E       		.byte	0x9e
 839 0259 00000000 		.4byte	.LFB68
 840 025d 28000000 		.4byte	.LFE68-.LFB68
 841 0261 01       		.uleb128 0x1
 842 0262 9C       		.byte	0x9c
 843 0263 7B020000 		.4byte	0x27b
 844 0267 0A       		.uleb128 0xa
 845 0268 08000000 		.4byte	.LVL20
 846 026c 0D040000 		.4byte	0x40d
 847 0270 08       		.uleb128 0x8
ARM GAS  C:\Users\Simon\AppData\Local\Temp\ccWjbEAh.s 			page 20


 848 0271 01       		.uleb128 0x1
 849 0272 50       		.byte	0x50
 850 0273 05       		.uleb128 0x5
 851 0274 03       		.byte	0x3
 852 0275 AC000000 		.4byte	.LC8
 853 0279 00       		.byte	0
 854 027a 00       		.byte	0
 855 027b 0B       		.uleb128 0xb
 856 027c 4A020000 		.4byte	.LASF22
 857 0280 01       		.byte	0x1
 858 0281 A6       		.byte	0xa6
 859 0282 00000000 		.4byte	.LFB69
 860 0286 28000000 		.4byte	.LFE69-.LFB69
 861 028a 01       		.uleb128 0x1
 862 028b 9C       		.byte	0x9c
 863 028c A4020000 		.4byte	0x2a4
 864 0290 0A       		.uleb128 0xa
 865 0291 08000000 		.4byte	.LVL21
 866 0295 0D040000 		.4byte	0x40d
 867 0299 08       		.uleb128 0x8
 868 029a 01       		.uleb128 0x1
 869 029b 50       		.byte	0x50
 870 029c 05       		.uleb128 0x5
 871 029d 03       		.byte	0x3
 872 029e C8000000 		.4byte	.LC9
 873 02a2 00       		.byte	0
 874 02a3 00       		.byte	0
 875 02a4 0B       		.uleb128 0xb
 876 02a5 64010000 		.4byte	.LASF23
 877 02a9 01       		.byte	0x1
 878 02aa AE       		.byte	0xae
 879 02ab 00000000 		.4byte	.LFB70
 880 02af 18000000 		.4byte	.LFE70-.LFB70
 881 02b3 01       		.uleb128 0x1
 882 02b4 9C       		.byte	0x9c
 883 02b5 CD020000 		.4byte	0x2cd
 884 02b9 0A       		.uleb128 0xa
 885 02ba 08000000 		.4byte	.LVL22
 886 02be 0D040000 		.4byte	0x40d
 887 02c2 08       		.uleb128 0x8
 888 02c3 01       		.uleb128 0x1
 889 02c4 50       		.byte	0x50
 890 02c5 05       		.uleb128 0x5
 891 02c6 03       		.byte	0x3
 892 02c7 E4000000 		.4byte	.LC10
 893 02cb 00       		.byte	0
 894 02cc 00       		.byte	0
 895 02cd 0B       		.uleb128 0xb
 896 02ce 95010000 		.4byte	.LASF24
 897 02d2 01       		.byte	0x1
 898 02d3 6C       		.byte	0x6c
 899 02d4 00000000 		.4byte	.LFB65
 900 02d8 3A000000 		.4byte	.LFE65-.LFB65
 901 02dc 01       		.uleb128 0x1
 902 02dd 9C       		.byte	0x9c
 903 02de 1F030000 		.4byte	0x31f
 904 02e2 0C       		.uleb128 0xc
ARM GAS  C:\Users\Simon\AppData\Local\Temp\ccWjbEAh.s 			page 21


 905 02e3 DF020000 		.4byte	.LASF27
 906 02e7 01       		.byte	0x1
 907 02e8 6C       		.byte	0x6c
 908 02e9 81000000 		.4byte	0x81
 909 02ed 00000000 		.4byte	.LLST0
 910 02f1 09       		.uleb128 0x9
 911 02f2 20000000 		.4byte	.LVL24
 912 02f6 00020000 		.4byte	0x200
 913 02fa 09       		.uleb128 0x9
 914 02fb 26000000 		.4byte	.LVL26
 915 02ff 29020000 		.4byte	0x229
 916 0303 09       		.uleb128 0x9
 917 0304 2C000000 		.4byte	.LVL28
 918 0308 52020000 		.4byte	0x252
 919 030c 09       		.uleb128 0x9
 920 030d 32000000 		.4byte	.LVL30
 921 0311 7B020000 		.4byte	0x27b
 922 0315 09       		.uleb128 0x9
 923 0316 38000000 		.4byte	.LVL32
 924 031a A4020000 		.4byte	0x2a4
 925 031e 00       		.byte	0
 926 031f 0B       		.uleb128 0xb
 927 0320 20010000 		.4byte	.LASF25
 928 0324 01       		.byte	0x1
 929 0325 5E       		.byte	0x5e
 930 0326 00000000 		.4byte	.LFB64
 931 032a 24000000 		.4byte	.LFE64-.LFB64
 932 032e 01       		.uleb128 0x1
 933 032f 9C       		.byte	0x9c
 934 0330 97030000 		.4byte	0x397
 935 0334 0D       		.uleb128 0xd
 936 0335 72000000 		.4byte	.LASF26
 937 0339 01       		.byte	0x1
 938 033a 60       		.byte	0x60
 939 033b 81000000 		.4byte	0x81
 940 033f 85000000 		.4byte	.LLST1
 941 0343 0E       		.uleb128 0xe
 942 0344 0A000000 		.4byte	.LBB2
 943 0348 14000000 		.4byte	.LBE2-.LBB2
 944 034c 8D030000 		.4byte	0x38d
 945 0350 0D       		.uleb128 0xd
 946 0351 DF020000 		.4byte	.LASF27
 947 0355 01       		.byte	0x1
 948 0356 63       		.byte	0x63
 949 0357 81000000 		.4byte	0x81
 950 035b A3000000 		.4byte	.LLST2
 951 035f 09       		.uleb128 0x9
 952 0360 0E000000 		.4byte	.LVL35
 953 0364 39040000 		.4byte	0x439
 954 0368 07       		.uleb128 0x7
 955 0369 14000000 		.4byte	.LVL37
 956 036d 44040000 		.4byte	0x444
 957 0371 7C030000 		.4byte	0x37c
 958 0375 08       		.uleb128 0x8
 959 0376 01       		.uleb128 0x1
 960 0377 50       		.byte	0x50
 961 0378 02       		.uleb128 0x2
ARM GAS  C:\Users\Simon\AppData\Local\Temp\ccWjbEAh.s 			page 22


 962 0379 75       		.byte	0x75
 963 037a 00       		.sleb128 0
 964 037b 00       		.byte	0
 965 037c 0A       		.uleb128 0xa
 966 037d 1A000000 		.4byte	.LVL38
 967 0381 CD020000 		.4byte	0x2cd
 968 0385 08       		.uleb128 0x8
 969 0386 01       		.uleb128 0x1
 970 0387 50       		.byte	0x50
 971 0388 02       		.uleb128 0x2
 972 0389 75       		.byte	0x75
 973 038a 00       		.sleb128 0
 974 038b 00       		.byte	0
 975 038c 00       		.byte	0
 976 038d 09       		.uleb128 0x9
 977 038e 06000000 		.4byte	.LVL33
 978 0392 4F040000 		.4byte	0x44f
 979 0396 00       		.byte	0
 980 0397 0F       		.uleb128 0xf
 981 0398 69010000 		.4byte	.LASF28
 982 039c 05       		.byte	0x5
 983 039d 9606     		.2byte	0x696
 984 039f A3030000 		.4byte	0x3a3
 985 03a3 10       		.uleb128 0x10
 986 03a4 8C000000 		.4byte	0x8c
 987 03a8 11       		.uleb128 0x11
 988 03a9 30020000 		.4byte	.LASF29
 989 03ad 01       		.byte	0x1
 990 03ae 17       		.byte	0x17
 991 03af 81000000 		.4byte	0x81
 992 03b3 05       		.uleb128 0x5
 993 03b4 03       		.byte	0x3
 994 03b5 00000000 		.4byte	mode
 995 03b9 11       		.uleb128 0x11
 996 03ba 35020000 		.4byte	.LASF30
 997 03be 01       		.byte	0x1
 998 03bf 18       		.byte	0x18
 999 03c0 97000000 		.4byte	0x97
 1000 03c4 05       		.uleb128 0x5
 1001 03c5 03       		.byte	0x3
 1002 03c6 00000000 		.4byte	currentSpeed
 1003 03ca 12       		.uleb128 0x12
 1004 03cb 494E3100 		.ascii	"IN1\000"
 1005 03cf 01       		.byte	0x1
 1006 03d0 19       		.byte	0x19
 1007 03d1 97000000 		.4byte	0x97
 1008 03d5 05       		.uleb128 0x5
 1009 03d6 03       		.byte	0x3
 1010 03d7 00000000 		.4byte	IN1
 1011 03db 12       		.uleb128 0x12
 1012 03dc 494E3200 		.ascii	"IN2\000"
 1013 03e0 01       		.byte	0x1
 1014 03e1 19       		.byte	0x19
 1015 03e2 97000000 		.4byte	0x97
 1016 03e6 05       		.uleb128 0x5
 1017 03e7 03       		.byte	0x3
 1018 03e8 00000000 		.4byte	IN2
ARM GAS  C:\Users\Simon\AppData\Local\Temp\ccWjbEAh.s 			page 23


 1019 03ec 13       		.uleb128 0x13
 1020 03ed 00000000 		.4byte	.LASF31
 1021 03f1 00000000 		.4byte	.LASF31
 1022 03f5 06       		.byte	0x6
 1023 03f6 18       		.byte	0x18
 1024 03f7 13       		.uleb128 0x13
 1025 03f8 14000000 		.4byte	.LASF32
 1026 03fc 14000000 		.4byte	.LASF32
 1027 0400 07       		.byte	0x7
 1028 0401 54       		.byte	0x54
 1029 0402 13       		.uleb128 0x13
 1030 0403 58010000 		.4byte	.LASF33
 1031 0407 58010000 		.4byte	.LASF33
 1032 040b 08       		.byte	0x8
 1033 040c 92       		.byte	0x92
 1034 040d 13       		.uleb128 0x13
 1035 040e CE020000 		.4byte	.LASF34
 1036 0412 CE020000 		.4byte	.LASF34
 1037 0416 07       		.byte	0x7
 1038 0417 8B       		.byte	0x8b
 1039 0418 13       		.uleb128 0x13
 1040 0419 59020000 		.4byte	.LASF35
 1041 041d 59020000 		.4byte	.LASF35
 1042 0421 08       		.byte	0x8
 1043 0422 C3       		.byte	0xc3
 1044 0423 13       		.uleb128 0x13
 1045 0424 2B000000 		.4byte	.LASF36
 1046 0428 2B000000 		.4byte	.LASF36
 1047 042c 09       		.byte	0x9
 1048 042d 26       		.byte	0x26
 1049 042e 13       		.uleb128 0x13
 1050 042f 64000000 		.4byte	.LASF37
 1051 0433 64000000 		.4byte	.LASF37
 1052 0437 0A       		.byte	0xa
 1053 0438 26       		.byte	0x26
 1054 0439 13       		.uleb128 0x13
 1055 043a 46010000 		.4byte	.LASF38
 1056 043e 46010000 		.4byte	.LASF38
 1057 0442 07       		.byte	0x7
 1058 0443 6F       		.byte	0x6f
 1059 0444 13       		.uleb128 0x13
 1060 0445 76010000 		.4byte	.LASF39
 1061 0449 76010000 		.4byte	.LASF39
 1062 044d 07       		.byte	0x7
 1063 044e 88       		.byte	0x88
 1064 044f 13       		.uleb128 0x13
 1065 0450 19020000 		.4byte	.LASF40
 1066 0454 19020000 		.4byte	.LASF40
 1067 0458 07       		.byte	0x7
 1068 0459 73       		.byte	0x73
 1069 045a 00       		.byte	0
 1070              		.section	.debug_abbrev,"",%progbits
 1071              	.Ldebug_abbrev0:
 1072 0000 01       		.uleb128 0x1
 1073 0001 11       		.uleb128 0x11
 1074 0002 01       		.byte	0x1
 1075 0003 25       		.uleb128 0x25
ARM GAS  C:\Users\Simon\AppData\Local\Temp\ccWjbEAh.s 			page 24


 1076 0004 0E       		.uleb128 0xe
 1077 0005 13       		.uleb128 0x13
 1078 0006 0B       		.uleb128 0xb
 1079 0007 03       		.uleb128 0x3
 1080 0008 0E       		.uleb128 0xe
 1081 0009 1B       		.uleb128 0x1b
 1082 000a 0E       		.uleb128 0xe
 1083 000b 55       		.uleb128 0x55
 1084 000c 17       		.uleb128 0x17
 1085 000d 11       		.uleb128 0x11
 1086 000e 01       		.uleb128 0x1
 1087 000f 10       		.uleb128 0x10
 1088 0010 17       		.uleb128 0x17
 1089 0011 00       		.byte	0
 1090 0012 00       		.byte	0
 1091 0013 02       		.uleb128 0x2
 1092 0014 24       		.uleb128 0x24
 1093 0015 00       		.byte	0
 1094 0016 0B       		.uleb128 0xb
 1095 0017 0B       		.uleb128 0xb
 1096 0018 3E       		.uleb128 0x3e
 1097 0019 0B       		.uleb128 0xb
 1098 001a 03       		.uleb128 0x3
 1099 001b 0E       		.uleb128 0xe
 1100 001c 00       		.byte	0
 1101 001d 00       		.byte	0
 1102 001e 03       		.uleb128 0x3
 1103 001f 16       		.uleb128 0x16
 1104 0020 00       		.byte	0
 1105 0021 03       		.uleb128 0x3
 1106 0022 0E       		.uleb128 0xe
 1107 0023 3A       		.uleb128 0x3a
 1108 0024 0B       		.uleb128 0xb
 1109 0025 3B       		.uleb128 0x3b
 1110 0026 0B       		.uleb128 0xb
 1111 0027 49       		.uleb128 0x49
 1112 0028 13       		.uleb128 0x13
 1113 0029 00       		.byte	0
 1114 002a 00       		.byte	0
 1115 002b 04       		.uleb128 0x4
 1116 002c 24       		.uleb128 0x24
 1117 002d 00       		.byte	0
 1118 002e 0B       		.uleb128 0xb
 1119 002f 0B       		.uleb128 0xb
 1120 0030 3E       		.uleb128 0x3e
 1121 0031 0B       		.uleb128 0xb
 1122 0032 03       		.uleb128 0x3
 1123 0033 08       		.uleb128 0x8
 1124 0034 00       		.byte	0
 1125 0035 00       		.byte	0
 1126 0036 05       		.uleb128 0x5
 1127 0037 16       		.uleb128 0x16
 1128 0038 00       		.byte	0
 1129 0039 03       		.uleb128 0x3
 1130 003a 0E       		.uleb128 0xe
 1131 003b 3A       		.uleb128 0x3a
 1132 003c 0B       		.uleb128 0xb
ARM GAS  C:\Users\Simon\AppData\Local\Temp\ccWjbEAh.s 			page 25


 1133 003d 3B       		.uleb128 0x3b
 1134 003e 05       		.uleb128 0x5
 1135 003f 49       		.uleb128 0x49
 1136 0040 13       		.uleb128 0x13
 1137 0041 00       		.byte	0
 1138 0042 00       		.byte	0
 1139 0043 06       		.uleb128 0x6
 1140 0044 2E       		.uleb128 0x2e
 1141 0045 01       		.byte	0x1
 1142 0046 3F       		.uleb128 0x3f
 1143 0047 19       		.uleb128 0x19
 1144 0048 03       		.uleb128 0x3
 1145 0049 0E       		.uleb128 0xe
 1146 004a 3A       		.uleb128 0x3a
 1147 004b 0B       		.uleb128 0xb
 1148 004c 3B       		.uleb128 0x3b
 1149 004d 0B       		.uleb128 0xb
 1150 004e 27       		.uleb128 0x27
 1151 004f 19       		.uleb128 0x19
 1152 0050 49       		.uleb128 0x49
 1153 0051 13       		.uleb128 0x13
 1154 0052 8701     		.uleb128 0x87
 1155 0054 19       		.uleb128 0x19
 1156 0055 11       		.uleb128 0x11
 1157 0056 01       		.uleb128 0x1
 1158 0057 12       		.uleb128 0x12
 1159 0058 06       		.uleb128 0x6
 1160 0059 40       		.uleb128 0x40
 1161 005a 18       		.uleb128 0x18
 1162 005b 9742     		.uleb128 0x2117
 1163 005d 19       		.uleb128 0x19
 1164 005e 01       		.uleb128 0x1
 1165 005f 13       		.uleb128 0x13
 1166 0060 00       		.byte	0
 1167 0061 00       		.byte	0
 1168 0062 07       		.uleb128 0x7
 1169 0063 898201   		.uleb128 0x4109
 1170 0066 01       		.byte	0x1
 1171 0067 11       		.uleb128 0x11
 1172 0068 01       		.uleb128 0x1
 1173 0069 31       		.uleb128 0x31
 1174 006a 13       		.uleb128 0x13
 1175 006b 01       		.uleb128 0x1
 1176 006c 13       		.uleb128 0x13
 1177 006d 00       		.byte	0
 1178 006e 00       		.byte	0
 1179 006f 08       		.uleb128 0x8
 1180 0070 8A8201   		.uleb128 0x410a
 1181 0073 00       		.byte	0
 1182 0074 02       		.uleb128 0x2
 1183 0075 18       		.uleb128 0x18
 1184 0076 9142     		.uleb128 0x2111
 1185 0078 18       		.uleb128 0x18
 1186 0079 00       		.byte	0
 1187 007a 00       		.byte	0
 1188 007b 09       		.uleb128 0x9
 1189 007c 898201   		.uleb128 0x4109
ARM GAS  C:\Users\Simon\AppData\Local\Temp\ccWjbEAh.s 			page 26


 1190 007f 00       		.byte	0
 1191 0080 11       		.uleb128 0x11
 1192 0081 01       		.uleb128 0x1
 1193 0082 31       		.uleb128 0x31
 1194 0083 13       		.uleb128 0x13
 1195 0084 00       		.byte	0
 1196 0085 00       		.byte	0
 1197 0086 0A       		.uleb128 0xa
 1198 0087 898201   		.uleb128 0x4109
 1199 008a 01       		.byte	0x1
 1200 008b 11       		.uleb128 0x11
 1201 008c 01       		.uleb128 0x1
 1202 008d 31       		.uleb128 0x31
 1203 008e 13       		.uleb128 0x13
 1204 008f 00       		.byte	0
 1205 0090 00       		.byte	0
 1206 0091 0B       		.uleb128 0xb
 1207 0092 2E       		.uleb128 0x2e
 1208 0093 01       		.byte	0x1
 1209 0094 3F       		.uleb128 0x3f
 1210 0095 19       		.uleb128 0x19
 1211 0096 03       		.uleb128 0x3
 1212 0097 0E       		.uleb128 0xe
 1213 0098 3A       		.uleb128 0x3a
 1214 0099 0B       		.uleb128 0xb
 1215 009a 3B       		.uleb128 0x3b
 1216 009b 0B       		.uleb128 0xb
 1217 009c 27       		.uleb128 0x27
 1218 009d 19       		.uleb128 0x19
 1219 009e 11       		.uleb128 0x11
 1220 009f 01       		.uleb128 0x1
 1221 00a0 12       		.uleb128 0x12
 1222 00a1 06       		.uleb128 0x6
 1223 00a2 40       		.uleb128 0x40
 1224 00a3 18       		.uleb128 0x18
 1225 00a4 9742     		.uleb128 0x2117
 1226 00a6 19       		.uleb128 0x19
 1227 00a7 01       		.uleb128 0x1
 1228 00a8 13       		.uleb128 0x13
 1229 00a9 00       		.byte	0
 1230 00aa 00       		.byte	0
 1231 00ab 0C       		.uleb128 0xc
 1232 00ac 05       		.uleb128 0x5
 1233 00ad 00       		.byte	0
 1234 00ae 03       		.uleb128 0x3
 1235 00af 0E       		.uleb128 0xe
 1236 00b0 3A       		.uleb128 0x3a
 1237 00b1 0B       		.uleb128 0xb
 1238 00b2 3B       		.uleb128 0x3b
 1239 00b3 0B       		.uleb128 0xb
 1240 00b4 49       		.uleb128 0x49
 1241 00b5 13       		.uleb128 0x13
 1242 00b6 02       		.uleb128 0x2
 1243 00b7 17       		.uleb128 0x17
 1244 00b8 00       		.byte	0
 1245 00b9 00       		.byte	0
 1246 00ba 0D       		.uleb128 0xd
ARM GAS  C:\Users\Simon\AppData\Local\Temp\ccWjbEAh.s 			page 27


 1247 00bb 34       		.uleb128 0x34
 1248 00bc 00       		.byte	0
 1249 00bd 03       		.uleb128 0x3
 1250 00be 0E       		.uleb128 0xe
 1251 00bf 3A       		.uleb128 0x3a
 1252 00c0 0B       		.uleb128 0xb
 1253 00c1 3B       		.uleb128 0x3b
 1254 00c2 0B       		.uleb128 0xb
 1255 00c3 49       		.uleb128 0x49
 1256 00c4 13       		.uleb128 0x13
 1257 00c5 02       		.uleb128 0x2
 1258 00c6 17       		.uleb128 0x17
 1259 00c7 00       		.byte	0
 1260 00c8 00       		.byte	0
 1261 00c9 0E       		.uleb128 0xe
 1262 00ca 0B       		.uleb128 0xb
 1263 00cb 01       		.byte	0x1
 1264 00cc 11       		.uleb128 0x11
 1265 00cd 01       		.uleb128 0x1
 1266 00ce 12       		.uleb128 0x12
 1267 00cf 06       		.uleb128 0x6
 1268 00d0 01       		.uleb128 0x1
 1269 00d1 13       		.uleb128 0x13
 1270 00d2 00       		.byte	0
 1271 00d3 00       		.byte	0
 1272 00d4 0F       		.uleb128 0xf
 1273 00d5 34       		.uleb128 0x34
 1274 00d6 00       		.byte	0
 1275 00d7 03       		.uleb128 0x3
 1276 00d8 0E       		.uleb128 0xe
 1277 00d9 3A       		.uleb128 0x3a
 1278 00da 0B       		.uleb128 0xb
 1279 00db 3B       		.uleb128 0x3b
 1280 00dc 05       		.uleb128 0x5
 1281 00dd 49       		.uleb128 0x49
 1282 00de 13       		.uleb128 0x13
 1283 00df 3F       		.uleb128 0x3f
 1284 00e0 19       		.uleb128 0x19
 1285 00e1 3C       		.uleb128 0x3c
 1286 00e2 19       		.uleb128 0x19
 1287 00e3 00       		.byte	0
 1288 00e4 00       		.byte	0
 1289 00e5 10       		.uleb128 0x10
 1290 00e6 35       		.uleb128 0x35
 1291 00e7 00       		.byte	0
 1292 00e8 49       		.uleb128 0x49
 1293 00e9 13       		.uleb128 0x13
 1294 00ea 00       		.byte	0
 1295 00eb 00       		.byte	0
 1296 00ec 11       		.uleb128 0x11
 1297 00ed 34       		.uleb128 0x34
 1298 00ee 00       		.byte	0
 1299 00ef 03       		.uleb128 0x3
 1300 00f0 0E       		.uleb128 0xe
 1301 00f1 3A       		.uleb128 0x3a
 1302 00f2 0B       		.uleb128 0xb
 1303 00f3 3B       		.uleb128 0x3b
ARM GAS  C:\Users\Simon\AppData\Local\Temp\ccWjbEAh.s 			page 28


 1304 00f4 0B       		.uleb128 0xb
 1305 00f5 49       		.uleb128 0x49
 1306 00f6 13       		.uleb128 0x13
 1307 00f7 3F       		.uleb128 0x3f
 1308 00f8 19       		.uleb128 0x19
 1309 00f9 02       		.uleb128 0x2
 1310 00fa 18       		.uleb128 0x18
 1311 00fb 00       		.byte	0
 1312 00fc 00       		.byte	0
 1313 00fd 12       		.uleb128 0x12
 1314 00fe 34       		.uleb128 0x34
 1315 00ff 00       		.byte	0
 1316 0100 03       		.uleb128 0x3
 1317 0101 08       		.uleb128 0x8
 1318 0102 3A       		.uleb128 0x3a
 1319 0103 0B       		.uleb128 0xb
 1320 0104 3B       		.uleb128 0x3b
 1321 0105 0B       		.uleb128 0xb
 1322 0106 49       		.uleb128 0x49
 1323 0107 13       		.uleb128 0x13
 1324 0108 3F       		.uleb128 0x3f
 1325 0109 19       		.uleb128 0x19
 1326 010a 02       		.uleb128 0x2
 1327 010b 18       		.uleb128 0x18
 1328 010c 00       		.byte	0
 1329 010d 00       		.byte	0
 1330 010e 13       		.uleb128 0x13
 1331 010f 2E       		.uleb128 0x2e
 1332 0110 00       		.byte	0
 1333 0111 3F       		.uleb128 0x3f
 1334 0112 19       		.uleb128 0x19
 1335 0113 3C       		.uleb128 0x3c
 1336 0114 19       		.uleb128 0x19
 1337 0115 6E       		.uleb128 0x6e
 1338 0116 0E       		.uleb128 0xe
 1339 0117 03       		.uleb128 0x3
 1340 0118 0E       		.uleb128 0xe
 1341 0119 3A       		.uleb128 0x3a
 1342 011a 0B       		.uleb128 0xb
 1343 011b 3B       		.uleb128 0x3b
 1344 011c 0B       		.uleb128 0xb
 1345 011d 00       		.byte	0
 1346 011e 00       		.byte	0
 1347 011f 00       		.byte	0
 1348              		.section	.debug_loc,"",%progbits
 1349              	.Ldebug_loc0:
 1350              	.LLST0:
 1351 0000 00000000 		.4byte	.LVL23
 1352 0004 1F000000 		.4byte	.LVL24-1
 1353 0008 0100     		.2byte	0x1
 1354 000a 50       		.byte	0x50
 1355 000b 1F000000 		.4byte	.LVL24-1
 1356 000f 22000000 		.4byte	.LVL25
 1357 0013 0400     		.2byte	0x4
 1358 0015 F3       		.byte	0xf3
 1359 0016 01       		.uleb128 0x1
 1360 0017 50       		.byte	0x50
ARM GAS  C:\Users\Simon\AppData\Local\Temp\ccWjbEAh.s 			page 29


 1361 0018 9F       		.byte	0x9f
 1362 0019 22000000 		.4byte	.LVL25
 1363 001d 25000000 		.4byte	.LVL26-1
 1364 0021 0100     		.2byte	0x1
 1365 0023 50       		.byte	0x50
 1366 0024 25000000 		.4byte	.LVL26-1
 1367 0028 28000000 		.4byte	.LVL27
 1368 002c 0400     		.2byte	0x4
 1369 002e F3       		.byte	0xf3
 1370 002f 01       		.uleb128 0x1
 1371 0030 50       		.byte	0x50
 1372 0031 9F       		.byte	0x9f
 1373 0032 28000000 		.4byte	.LVL27
 1374 0036 2B000000 		.4byte	.LVL28-1
 1375 003a 0100     		.2byte	0x1
 1376 003c 50       		.byte	0x50
 1377 003d 2B000000 		.4byte	.LVL28-1
 1378 0041 2E000000 		.4byte	.LVL29
 1379 0045 0400     		.2byte	0x4
 1380 0047 F3       		.byte	0xf3
 1381 0048 01       		.uleb128 0x1
 1382 0049 50       		.byte	0x50
 1383 004a 9F       		.byte	0x9f
 1384 004b 2E000000 		.4byte	.LVL29
 1385 004f 31000000 		.4byte	.LVL30-1
 1386 0053 0100     		.2byte	0x1
 1387 0055 50       		.byte	0x50
 1388 0056 31000000 		.4byte	.LVL30-1
 1389 005a 34000000 		.4byte	.LVL31
 1390 005e 0400     		.2byte	0x4
 1391 0060 F3       		.byte	0xf3
 1392 0061 01       		.uleb128 0x1
 1393 0062 50       		.byte	0x50
 1394 0063 9F       		.byte	0x9f
 1395 0064 34000000 		.4byte	.LVL31
 1396 0068 37000000 		.4byte	.LVL32-1
 1397 006c 0100     		.2byte	0x1
 1398 006e 50       		.byte	0x50
 1399 006f 37000000 		.4byte	.LVL32-1
 1400 0073 3A000000 		.4byte	.LFE65
 1401 0077 0400     		.2byte	0x4
 1402 0079 F3       		.byte	0xf3
 1403 007a 01       		.uleb128 0x1
 1404 007b 50       		.byte	0x50
 1405 007c 9F       		.byte	0x9f
 1406 007d 00000000 		.4byte	0
 1407 0081 00000000 		.4byte	0
 1408              	.LLST1:
 1409 0085 08000000 		.4byte	.LVL34
 1410 0089 1C000000 		.4byte	.LVL39
 1411 008d 0100     		.2byte	0x1
 1412 008f 54       		.byte	0x54
 1413 0090 1E000000 		.4byte	.LVL40
 1414 0094 24000000 		.4byte	.LFE64
 1415 0098 0100     		.2byte	0x1
 1416 009a 54       		.byte	0x54
 1417 009b 00000000 		.4byte	0
ARM GAS  C:\Users\Simon\AppData\Local\Temp\ccWjbEAh.s 			page 30


 1418 009f 00000000 		.4byte	0
 1419              	.LLST2:
 1420 00a3 10000000 		.4byte	.LVL36
 1421 00a7 1E000000 		.4byte	.LVL40
 1422 00ab 0100     		.2byte	0x1
 1423 00ad 55       		.byte	0x55
 1424 00ae 00000000 		.4byte	0
 1425 00b2 00000000 		.4byte	0
 1426              		.section	.debug_aranges,"",%progbits
 1427 0000 54000000 		.4byte	0x54
 1428 0004 0200     		.2byte	0x2
 1429 0006 00000000 		.4byte	.Ldebug_info0
 1430 000a 04       		.byte	0x4
 1431 000b 00       		.byte	0
 1432 000c 0000     		.2byte	0
 1433 000e 0000     		.2byte	0
 1434 0010 00000000 		.4byte	.LFB63
 1435 0014 E4000000 		.4byte	.LFE63-.LFB63
 1436 0018 00000000 		.4byte	.LFB66
 1437 001c 18000000 		.4byte	.LFE66-.LFB66
 1438 0020 00000000 		.4byte	.LFB67
 1439 0024 18000000 		.4byte	.LFE67-.LFB67
 1440 0028 00000000 		.4byte	.LFB68
 1441 002c 28000000 		.4byte	.LFE68-.LFB68
 1442 0030 00000000 		.4byte	.LFB69
 1443 0034 28000000 		.4byte	.LFE69-.LFB69
 1444 0038 00000000 		.4byte	.LFB70
 1445 003c 18000000 		.4byte	.LFE70-.LFB70
 1446 0040 00000000 		.4byte	.LFB65
 1447 0044 3A000000 		.4byte	.LFE65-.LFB65
 1448 0048 00000000 		.4byte	.LFB64
 1449 004c 24000000 		.4byte	.LFE64-.LFB64
 1450 0050 00000000 		.4byte	0
 1451 0054 00000000 		.4byte	0
 1452              		.section	.debug_ranges,"",%progbits
 1453              	.Ldebug_ranges0:
 1454 0000 00000000 		.4byte	.LFB63
 1455 0004 E4000000 		.4byte	.LFE63
 1456 0008 00000000 		.4byte	.LFB66
 1457 000c 18000000 		.4byte	.LFE66
 1458 0010 00000000 		.4byte	.LFB67
 1459 0014 18000000 		.4byte	.LFE67
 1460 0018 00000000 		.4byte	.LFB68
 1461 001c 28000000 		.4byte	.LFE68
 1462 0020 00000000 		.4byte	.LFB69
 1463 0024 28000000 		.4byte	.LFE69
 1464 0028 00000000 		.4byte	.LFB70
 1465 002c 18000000 		.4byte	.LFE70
 1466 0030 00000000 		.4byte	.LFB65
 1467 0034 3A000000 		.4byte	.LFE65
 1468 0038 00000000 		.4byte	.LFB64
 1469 003c 24000000 		.4byte	.LFE64
 1470 0040 00000000 		.4byte	0
 1471 0044 00000000 		.4byte	0
 1472              		.section	.debug_line,"",%progbits
 1473              	.Ldebug_line0:
 1474 0000 55020000 		.section	.debug_str,"MS",%progbits,1
ARM GAS  C:\Users\Simon\AppData\Local\Temp\ccWjbEAh.s 			page 31


 1474      02008E01 
 1474      00000201 
 1474      FB0E0D00 
 1474      01010101 
 1475              	.LASF31:
 1476 0000 6973725F 		.ascii	"isr_uart_rx_StartEx\000"
 1476      75617274 
 1476      5F72785F 
 1476      53746172 
 1476      74457800 
 1477              	.LASF32:
 1478 0014 55415254 		.ascii	"UART_1_Start\000"
 1478      5F315F53 
 1478      74617274 
 1478      00
 1479              	.LASF4:
 1480 0021 5F5F7569 		.ascii	"__uint8_t\000"
 1480      6E74385F 
 1480      7400
 1481              	.LASF36:
 1482 002b 50696E5F 		.ascii	"Pin_IN1_Write\000"
 1482      494E315F 
 1482      57726974 
 1482      6500
 1483              	.LASF5:
 1484 0039 5F5F696E 		.ascii	"__int32_t\000"
 1484      7433325F 
 1484      7400
 1485              	.LASF20:
 1486 0043 696E6372 		.ascii	"increaseSpeed\000"
 1486      65617365 
 1486      53706565 
 1486      6400
 1487              	.LASF3:
 1488 0051 73686F72 		.ascii	"short unsigned int\000"
 1488      7420756E 
 1488      7369676E 
 1488      65642069 
 1488      6E7400
 1489              	.LASF37:
 1490 0064 50696E5F 		.ascii	"Pin_IN2_Write\000"
 1490      494E325F 
 1490      57726974 
 1490      6500
 1491              	.LASF26:
 1492 0072 62797465 		.ascii	"bytesToRead\000"
 1492      73546F52 
 1492      65616400 
 1493              	.LASF14:
 1494 007e 666C6F61 		.ascii	"float\000"
 1494      7400
 1495              	.LASF1:
 1496 0084 756E7369 		.ascii	"unsigned char\000"
 1496      676E6564 
 1496      20636861 
 1496      7200
 1497              	.LASF41:
ARM GAS  C:\Users\Simon\AppData\Local\Temp\ccWjbEAh.s 			page 32


 1498 0092 474E5520 		.ascii	"GNU C11 5.4.1 20160609 (release) [ARM/embedded-5-br"
 1498      43313120 
 1498      352E342E 
 1498      31203230 
 1498      31363036 
 1499 00c5 616E6368 		.ascii	"anch revision 237715] -mcpu=cortex-m3 -mthumb -g -O"
 1499      20726576 
 1499      6973696F 
 1499      6E203233 
 1499      37373135 
 1500 00f8 67202D66 		.ascii	"g -ffunction-sections -ffat-lto-objects\000"
 1500      66756E63 
 1500      74696F6E 
 1500      2D736563 
 1500      74696F6E 
 1501              	.LASF25:
 1502 0120 4953525F 		.ascii	"ISR_UART_rx_handler\000"
 1502      55415254 
 1502      5F72785F 
 1502      68616E64 
 1502      6C657200 
 1503              	.LASF7:
 1504 0134 6C6F6E67 		.ascii	"long unsigned int\000"
 1504      20756E73 
 1504      69676E65 
 1504      6420696E 
 1504      7400
 1505              	.LASF38:
 1506 0146 55415254 		.ascii	"UART_1_ReadRxData\000"
 1506      5F315F52 
 1506      65616452 
 1506      78446174 
 1506      6100
 1507              	.LASF33:
 1508 0158 50574D5F 		.ascii	"PWM_1_Start\000"
 1508      315F5374 
 1508      61727400 
 1509              	.LASF23:
 1510 0164 73746F70 		.ascii	"stop\000"
 1510      00
 1511              	.LASF28:
 1512 0169 49544D5F 		.ascii	"ITM_RxBuffer\000"
 1512      52784275 
 1512      66666572 
 1512      00
 1513              	.LASF39:
 1514 0176 55415254 		.ascii	"UART_1_WriteTxData\000"
 1514      5F315F57 
 1514      72697465 
 1514      54784461 
 1514      746100
 1515              	.LASF15:
 1516 0189 646F7562 		.ascii	"double\000"
 1516      6C6500
 1517              	.LASF44:
 1518 0190 6D61696E 		.ascii	"main\000"
 1518      00
ARM GAS  C:\Users\Simon\AppData\Local\Temp\ccWjbEAh.s 			page 33


 1519              	.LASF24:
 1520 0195 68616E64 		.ascii	"handleByteReceived\000"
 1520      6C654279 
 1520      74655265 
 1520      63656976 
 1520      656400
 1521              	.LASF43:
 1522 01a8 433A5C55 		.ascii	"C:\\Users\\Simon\\Desktop\\GFV-Gruppe14\\DC-Motor-P"
 1522      73657273 
 1522      5C53696D 
 1522      6F6E5C44 
 1522      65736B74 
 1523 01d6 574D2E63 		.ascii	"WM.cydsn\000"
 1523      7964736E 
 1523      00
 1524              	.LASF10:
 1525 01df 756E7369 		.ascii	"unsigned int\000"
 1525      676E6564 
 1525      20696E74 
 1525      00
 1526              	.LASF21:
 1527 01ec 64726976 		.ascii	"driveForwards\000"
 1527      65466F72 
 1527      77617264 
 1527      7300
 1528              	.LASF9:
 1529 01fa 6C6F6E67 		.ascii	"long long unsigned int\000"
 1529      206C6F6E 
 1529      6720756E 
 1529      7369676E 
 1529      65642069 
 1530              	.LASF11:
 1531 0211 75696E74 		.ascii	"uint8_t\000"
 1531      385F7400 
 1532              	.LASF40:
 1533 0219 55415254 		.ascii	"UART_1_GetRxBufferSize\000"
 1533      5F315F47 
 1533      65745278 
 1533      42756666 
 1533      65725369 
 1534              	.LASF29:
 1535 0230 6D6F6465 		.ascii	"mode\000"
 1535      00
 1536              	.LASF30:
 1537 0235 63757272 		.ascii	"currentSpeed\000"
 1537      656E7453 
 1537      70656564 
 1537      00
 1538              	.LASF12:
 1539 0242 696E7433 		.ascii	"int32_t\000"
 1539      325F7400 
 1540              	.LASF22:
 1541 024a 64726976 		.ascii	"driveBackwards\000"
 1541      65426163 
 1541      6B776172 
 1541      647300
 1542              	.LASF35:
ARM GAS  C:\Users\Simon\AppData\Local\Temp\ccWjbEAh.s 			page 34


 1543 0259 50574D5F 		.ascii	"PWM_1_WriteCompare\000"
 1543      315F5772 
 1543      69746543 
 1543      6F6D7061 
 1543      726500
 1544              	.LASF8:
 1545 026c 6C6F6E67 		.ascii	"long long int\000"
 1545      206C6F6E 
 1545      6720696E 
 1545      7400
 1546              	.LASF18:
 1547 027a 73697A65 		.ascii	"sizetype\000"
 1547      74797065 
 1547      00
 1548              	.LASF42:
 1549 0283 6D61696E 		.ascii	"main.c\000"
 1549      2E6300
 1550              	.LASF16:
 1551 028a 63686172 		.ascii	"char\000"
 1551      00
 1552              	.LASF19:
 1553 028f 64656372 		.ascii	"decreaseSpeed\000"
 1553      65617365 
 1553      53706565 
 1553      6400
 1554              	.LASF2:
 1555 029d 73686F72 		.ascii	"short int\000"
 1555      7420696E 
 1555      7400
 1556              	.LASF13:
 1557 02a7 75696E74 		.ascii	"uint8\000"
 1557      3800
 1558              	.LASF6:
 1559 02ad 6C6F6E67 		.ascii	"long int\000"
 1559      20696E74 
 1559      00
 1560              	.LASF17:
 1561 02b6 6C6F6E67 		.ascii	"long double\000"
 1561      20646F75 
 1561      626C6500 
 1562              	.LASF0:
 1563 02c2 7369676E 		.ascii	"signed char\000"
 1563      65642063 
 1563      68617200 
 1564              	.LASF34:
 1565 02ce 55415254 		.ascii	"UART_1_PutString\000"
 1565      5F315F50 
 1565      75745374 
 1565      72696E67 
 1565      00
 1566              	.LASF27:
 1567 02df 62797465 		.ascii	"byteReceived\000"
 1567      52656365 
 1567      69766564 
 1567      00
 1568              		.ident	"GCC: (GNU Tools for ARM Embedded Processors) 5.4.1 20160609 (release) [ARM/embedded-5-bran
