ARM GAS  C:\Users\Simon\AppData\Local\Temp\cce9hh3a.s 			page 1


   1              		.syntax unified
   2              		.cpu cortex-m3
   3              		.fpu softvfp
   4              		.eabi_attribute 20, 1
   5              		.eabi_attribute 21, 1
   6              		.eabi_attribute 23, 3
   7              		.eabi_attribute 24, 1
   8              		.eabi_attribute 25, 1
   9              		.eabi_attribute 26, 1
  10              		.eabi_attribute 30, 1
  11              		.eabi_attribute 34, 1
  12              		.eabi_attribute 18, 4
  13              		.thumb
  14              		.syntax unified
  15              		.file	"cymetadata.c"
  16              		.text
  17              	.Ltext0:
  18              		.cfi_sections	.debug_frame
  19              		.global	cy_metadata
  20              		.global	cy_meta_flashprotect
  21              		.global	cy_meta_wonvl
  22              		.global	cy_meta_custnvl
  23              		.global	cy_meta_configecc
  24              		.section	.cyconfigecc,"a",%progbits
  25              		.align	2
  26              		.type	cy_meta_configecc, %object
  27              		.size	cy_meta_configecc, 1132
  28              	cy_meta_configecc:
  29 0000 02       		.byte	2
  30 0001 64       		.byte	100
  31 0002 00       		.byte	0
  32 0003 40       		.byte	64
  33 0004 02       		.byte	2
  34 0005 65       		.byte	101
  35 0006 00       		.byte	0
  36 0007 40       		.byte	64
  37 0008 4D       		.byte	77
  38 0009 08       		.byte	8
  39 000a 01       		.byte	1
  40 000b 40       		.byte	64
  41 000c 33       		.byte	51
  42 000d 09       		.byte	9
  43 000e 01       		.byte	1
  44 000f 40       		.byte	64
  45 0010 03       		.byte	3
  46 0011 15       		.byte	21
  47 0012 01       		.byte	1
  48 0013 40       		.byte	64
  49 0014 02       		.byte	2
  50 0015 17       		.byte	23
  51 0016 01       		.byte	1
  52 0017 40       		.byte	64
  53 0018 65       		.byte	101
  54 0019 18       		.byte	24
  55 001a 01       		.byte	1
  56 001b 40       		.byte	64
  57 001c 41       		.byte	65
ARM GAS  C:\Users\Simon\AppData\Local\Temp\cce9hh3a.s 			page 2


  58 001d 19       		.byte	25
  59 001e 01       		.byte	1
  60 001f 40       		.byte	64
  61 0020 4B       		.byte	75
  62 0021 1A       		.byte	26
  63 0022 01       		.byte	1
  64 0023 40       		.byte	64
  65 0024 48       		.byte	72
  66 0025 1B       		.byte	27
  67 0026 01       		.byte	1
  68 0027 40       		.byte	64
  69 0028 02       		.byte	2
  70 0029 42       		.byte	66
  71 002a 01       		.byte	1
  72 002b 40       		.byte	64
  73 002c 01       		.byte	1
  74 002d 43       		.byte	67
  75 002e 01       		.byte	1
  76 002f 40       		.byte	64
  77 0030 02       		.byte	2
  78 0031 45       		.byte	69
  79 0032 01       		.byte	1
  80 0033 40       		.byte	64
  81 0034 01       		.byte	1
  82 0035 46       		.byte	70
  83 0036 01       		.byte	1
  84 0037 40       		.byte	64
  85 0038 02       		.byte	2
  86 0039 47       		.byte	71
  87 003a 01       		.byte	1
  88 003b 40       		.byte	64
  89 003c 05       		.byte	5
  90 003d 48       		.byte	72
  91 003e 01       		.byte	1
  92 003f 40       		.byte	64
  93 0040 0F       		.byte	15
  94 0041 49       		.byte	73
  95 0042 01       		.byte	1
  96 0043 40       		.byte	64
  97 0044 09       		.byte	9
  98 0045 4C       		.byte	76
  99 0046 01       		.byte	1
 100 0047 40       		.byte	64
 101 0048 0E       		.byte	14
 102 0049 4D       		.byte	77
 103 004a 01       		.byte	1
 104 004b 40       		.byte	64
 105 004c 04       		.byte	4
 106 004d 50       		.byte	80
 107 004e 01       		.byte	1
 108 004f 40       		.byte	64
 109 0050 01       		.byte	1
 110 0051 51       		.byte	81
 111 0052 01       		.byte	1
 112 0053 40       		.byte	64
 113 0054 88       		.byte	-120
 114 0055 0D       		.byte	13
ARM GAS  C:\Users\Simon\AppData\Local\Temp\cce9hh3a.s 			page 3


 115 0056 89       		.byte	-119
 116 0057 72       		.byte	114
 117 0058 88       		.byte	-120
 118 0059 38       		.byte	56
 119 005a 8B       		.byte	-117
 120 005b 0F       		.byte	15
 121 005c 02       		.byte	2
 122 005d 01       		.byte	1
 123 005e 03       		.byte	3
 124 005f 01       		.byte	1
 125 0060 06       		.byte	6
 126 0061 02       		.byte	2
 127 0062 08       		.byte	8
 128 0063 06       		.byte	6
 129 0064 0A       		.byte	10
 130 0065 01       		.byte	1
 131 0066 0E       		.byte	14
 132 0067 03       		.byte	3
 133 0068 11       		.byte	17
 134 0069 04       		.byte	4
 135 006a 12       		.byte	18
 136 006b 05       		.byte	5
 137 006c 1B       		.byte	27
 138 006d 02       		.byte	2
 139 006e 26       		.byte	38
 140 006f 06       		.byte	6
 141 0070 27       		.byte	39
 142 0071 06       		.byte	6
 143 0072 31       		.byte	49
 144 0073 04       		.byte	4
 145 0074 33       		.byte	51
 146 0075 01       		.byte	1
 147 0076 36       		.byte	54
 148 0077 07       		.byte	7
 149 0078 37       		.byte	55
 150 0079 02       		.byte	2
 151 007a 3A       		.byte	58
 152 007b 80       		.byte	-128
 153 007c 40       		.byte	64
 154 007d 06       		.byte	6
 155 007e 46       		.byte	70
 156 007f 40       		.byte	64
 157 0080 49       		.byte	73
 158 0081 FF       		.byte	-1
 159 0082 4A       		.byte	74
 160 0083 07       		.byte	7
 161 0084 4B       		.byte	75
 162 0085 FF       		.byte	-1
 163 0086 4C       		.byte	76
 164 0087 40       		.byte	64
 165 0088 4D       		.byte	77
 166 0089 20       		.byte	32
 167 008a 4E       		.byte	78
 168 008b F0       		.byte	-16
 169 008c 4F       		.byte	79
 170 008d 05       		.byte	5
 171 008e 50       		.byte	80
ARM GAS  C:\Users\Simon\AppData\Local\Temp\cce9hh3a.s 			page 4


 172 008f 08       		.byte	8
 173 0090 52       		.byte	82
 174 0091 80       		.byte	-128
 175 0092 54       		.byte	84
 176 0093 05       		.byte	5
 177 0094 58       		.byte	88
 178 0095 04       		.byte	4
 179 0096 59       		.byte	89
 180 0097 04       		.byte	4
 181 0098 5A       		.byte	90
 182 0099 04       		.byte	4
 183 009a 5B       		.byte	91
 184 009b 04       		.byte	4
 185 009c 5C       		.byte	92
 186 009d 10       		.byte	16
 187 009e 5D       		.byte	93
 188 009f 10       		.byte	16
 189 00a0 5F       		.byte	95
 190 00a1 01       		.byte	1
 191 00a2 60       		.byte	96
 192 00a3 40       		.byte	64
 193 00a4 61       		.byte	97
 194 00a5 A8       		.byte	-88
 195 00a6 62       		.byte	98
 196 00a7 40       		.byte	64
 197 00a8 63       		.byte	99
 198 00a9 20       		.byte	32
 199 00aa 81       		.byte	-127
 200 00ab 73       		.byte	115
 201 00ac 82       		.byte	-126
 202 00ad 03       		.byte	3
 203 00ae 83       		.byte	-125
 204 00af 0C       		.byte	12
 205 00b0 84       		.byte	-124
 206 00b1 0C       		.byte	12
 207 00b2 86       		.byte	-122
 208 00b3 03       		.byte	3
 209 00b4 8B       		.byte	-117
 210 00b5 08       		.byte	8
 211 00b6 8D       		.byte	-115
 212 00b7 80       		.byte	-128
 213 00b8 8E       		.byte	-114
 214 00b9 08       		.byte	8
 215 00ba 8F       		.byte	-113
 216 00bb 15       		.byte	21
 217 00bc 96       		.byte	-106
 218 00bd 0C       		.byte	12
 219 00be 99       		.byte	-103
 220 00bf 2A       		.byte	42
 221 00c0 9B       		.byte	-101
 222 00c1 44       		.byte	68
 223 00c2 9C       		.byte	-100
 224 00c3 01       		.byte	1
 225 00c4 9E       		.byte	-98
 226 00c5 06       		.byte	6
 227 00c6 A0       		.byte	-96
 228 00c7 01       		.byte	1
ARM GAS  C:\Users\Simon\AppData\Local\Temp\cce9hh3a.s 			page 5


 229 00c8 A1       		.byte	-95
 230 00c9 73       		.byte	115
 231 00ca A2       		.byte	-94
 232 00cb 0E       		.byte	14
 233 00cc A3       		.byte	-93
 234 00cd 04       		.byte	4
 235 00ce A4       		.byte	-92
 236 00cf 10       		.byte	16
 237 00d0 A5       		.byte	-91
 238 00d1 03       		.byte	3
 239 00d2 A7       		.byte	-89
 240 00d3 04       		.byte	4
 241 00d4 A8       		.byte	-88
 242 00d5 10       		.byte	16
 243 00d6 AC       		.byte	-84
 244 00d7 10       		.byte	16
 245 00d8 B1       		.byte	-79
 246 00d9 0F       		.byte	15
 247 00da B3       		.byte	-77
 248 00db 30       		.byte	48
 249 00dc B4       		.byte	-76
 250 00dd 0F       		.byte	15
 251 00de B5       		.byte	-75
 252 00df C0       		.byte	-64
 253 00e0 B6       		.byte	-74
 254 00e1 10       		.byte	16
 255 00e2 B9       		.byte	-71
 256 00e3 28       		.byte	40
 257 00e4 BA       		.byte	-70
 258 00e5 22       		.byte	34
 259 00e6 BB       		.byte	-69
 260 00e7 02       		.byte	2
 261 00e8 BF       		.byte	-65
 262 00e9 04       		.byte	4
 263 00ea D6       		.byte	-42
 264 00eb 02       		.byte	2
 265 00ec D7       		.byte	-41
 266 00ed 13       		.byte	19
 267 00ee D8       		.byte	-40
 268 00ef 04       		.byte	4
 269 00f0 D9       		.byte	-39
 270 00f1 04       		.byte	4
 271 00f2 DB       		.byte	-37
 272 00f3 04       		.byte	4
 273 00f4 DF       		.byte	-33
 274 00f5 01       		.byte	1
 275 00f6 00       		.byte	0
 276 00f7 04       		.byte	4
 277 00f8 02       		.byte	2
 278 00f9 41       		.byte	65
 279 00fa 05       		.byte	5
 280 00fb 10       		.byte	16
 281 00fc 06       		.byte	6
 282 00fd 62       		.byte	98
 283 00fe 0A       		.byte	10
 284 00ff 20       		.byte	32
 285 0100 0B       		.byte	11
ARM GAS  C:\Users\Simon\AppData\Local\Temp\cce9hh3a.s 			page 6


 286 0101 02       		.byte	2
 287 0102 0D       		.byte	13
 288 0103 01       		.byte	1
 289 0104 10       		.byte	16
 290 0105 42       		.byte	66
 291 0106 11       		.byte	17
 292 0107 14       		.byte	20
 293 0108 17       		.byte	23
 294 0109 08       		.byte	8
 295 010a 18       		.byte	24
 296 010b 44       		.byte	68
 297 010c 19       		.byte	25
 298 010d 10       		.byte	16
 299 010e 1A       		.byte	26
 300 010f 02       		.byte	2
 301 0110 1F       		.byte	31
 302 0111 80       		.byte	-128
 303 0112 21       		.byte	33
 304 0113 11       		.byte	17
 305 0114 22       		.byte	34
 306 0115 10       		.byte	16
 307 0116 23       		.byte	35
 308 0117 18       		.byte	24
 309 0118 25       		.byte	37
 310 0119 40       		.byte	64
 311 011a 27       		.byte	39
 312 011b 90       		.byte	-112
 313 011c 28       		.byte	40
 314 011d 40       		.byte	64
 315 011e 2A       		.byte	42
 316 011f 02       		.byte	2
 317 0120 2B       		.byte	43
 318 0121 90       		.byte	-112
 319 0122 2F       		.byte	47
 320 0123 20       		.byte	32
 321 0124 31       		.byte	49
 322 0125 10       		.byte	16
 323 0126 37       		.byte	55
 324 0127 11       		.byte	17
 325 0128 39       		.byte	57
 326 0129 22       		.byte	34
 327 012a 3A       		.byte	58
 328 012b 40       		.byte	64
 329 012c 3B       		.byte	59
 330 012d 82       		.byte	-126
 331 012e 3C       		.byte	60
 332 012f 02       		.byte	2
 333 0130 4F       		.byte	79
 334 0131 10       		.byte	16
 335 0132 56       		.byte	86
 336 0133 60       		.byte	96
 337 0134 59       		.byte	89
 338 0135 01       		.byte	1
 339 0136 5D       		.byte	93
 340 0137 01       		.byte	1
 341 0138 5E       		.byte	94
 342 0139 08       		.byte	8
ARM GAS  C:\Users\Simon\AppData\Local\Temp\cce9hh3a.s 			page 7


 343 013a 5F       		.byte	95
 344 013b 80       		.byte	-128
 345 013c 68       		.byte	104
 346 013d 02       		.byte	2
 347 013e 69       		.byte	105
 348 013f 14       		.byte	20
 349 0140 70       		.byte	112
 350 0141 04       		.byte	4
 351 0142 73       		.byte	115
 352 0143 05       		.byte	5
 353 0144 74       		.byte	116
 354 0145 01       		.byte	1
 355 0146 85       		.byte	-123
 356 0147 40       		.byte	64
 357 0148 8E       		.byte	-114
 358 0149 21       		.byte	33
 359 014a C0       		.byte	-64
 360 014b FD       		.byte	-3
 361 014c C2       		.byte	-62
 362 014d 15       		.byte	21
 363 014e C4       		.byte	-60
 364 014f 2F       		.byte	47
 365 0150 CA       		.byte	-54
 366 0151 43       		.byte	67
 367 0152 CC       		.byte	-52
 368 0153 A4       		.byte	-92
 369 0154 CE       		.byte	-50
 370 0155 8D       		.byte	-115
 371 0156 D2       		.byte	-46
 372 0157 20       		.byte	32
 373 0158 D6       		.byte	-42
 374 0159 D1       		.byte	-47
 375 015a E0       		.byte	-32
 376 015b 02       		.byte	2
 377 015c E0       		.byte	-32
 378 015d 08       		.byte	8
 379 015e E4       		.byte	-28
 380 015f 01       		.byte	1
 381 0160 EA       		.byte	-22
 382 0161 01       		.byte	1
 383 0162 E2       		.byte	-30
 384 0163 04       		.byte	4
 385 0164 E6       		.byte	-26
 386 0165 08       		.byte	8
 387 0166 04       		.byte	4
 388 0167 10       		.byte	16
 389 0168 08       		.byte	8
 390 0169 1C       		.byte	28
 391 016a 0A       		.byte	10
 392 016b 02       		.byte	2
 393 016c 0C       		.byte	12
 394 016d 14       		.byte	20
 395 016e 11       		.byte	17
 396 016f 02       		.byte	2
 397 0170 16       		.byte	22
 398 0171 20       		.byte	32
 399 0172 1E       		.byte	30
ARM GAS  C:\Users\Simon\AppData\Local\Temp\cce9hh3a.s 			page 8


 400 0173 03       		.byte	3
 401 0174 20       		.byte	32
 402 0175 10       		.byte	16
 403 0176 22       		.byte	34
 404 0177 0C       		.byte	12
 405 0178 24       		.byte	36
 406 0179 09       		.byte	9
 407 017a 26       		.byte	38
 408 017b 10       		.byte	16
 409 017c 27       		.byte	39
 410 017d 01       		.byte	1
 411 017e 2A       		.byte	42
 412 017f 20       		.byte	32
 413 0180 2C       		.byte	44
 414 0181 0C       		.byte	12
 415 0182 2E       		.byte	46
 416 0183 11       		.byte	17
 417 0184 31       		.byte	49
 418 0185 02       		.byte	2
 419 0186 34       		.byte	52
 420 0187 20       		.byte	32
 421 0188 36       		.byte	54
 422 0189 1F       		.byte	31
 423 018a 37       		.byte	55
 424 018b 01       		.byte	1
 425 018c 3E       		.byte	62
 426 018d 10       		.byte	16
 427 018e 3F       		.byte	63
 428 018f 01       		.byte	1
 429 0190 40       		.byte	64
 430 0191 20       		.byte	32
 431 0192 41       		.byte	65
 432 0193 06       		.byte	6
 433 0194 45       		.byte	69
 434 0195 D0       		.byte	-48
 435 0196 46       		.byte	70
 436 0197 10       		.byte	16
 437 0198 47       		.byte	71
 438 0199 02       		.byte	2
 439 019a 48       		.byte	72
 440 019b 1A       		.byte	26
 441 019c 49       		.byte	73
 442 019d FF       		.byte	-1
 443 019e 4A       		.byte	74
 444 019f FF       		.byte	-1
 445 01a0 4B       		.byte	75
 446 01a1 FF       		.byte	-1
 447 01a2 4D       		.byte	77
 448 01a3 A0       		.byte	-96
 449 01a4 4F       		.byte	79
 450 01a5 04       		.byte	4
 451 01a6 50       		.byte	80
 452 01a7 18       		.byte	24
 453 01a8 54       		.byte	84
 454 01a9 18       		.byte	24
 455 01aa 58       		.byte	88
 456 01ab 04       		.byte	4
ARM GAS  C:\Users\Simon\AppData\Local\Temp\cce9hh3a.s 			page 9


 457 01ac 59       		.byte	89
 458 01ad 04       		.byte	4
 459 01ae 5A       		.byte	90
 460 01af 04       		.byte	4
 461 01b0 5B       		.byte	91
 462 01b1 04       		.byte	4
 463 01b2 5C       		.byte	92
 464 01b3 10       		.byte	16
 465 01b4 5D       		.byte	93
 466 01b5 01       		.byte	1
 467 01b6 5F       		.byte	95
 468 01b7 01       		.byte	1
 469 01b8 60       		.byte	96
 470 01b9 40       		.byte	64
 471 01ba 62       		.byte	98
 472 01bb C0       		.byte	-64
 473 01bc 64       		.byte	100
 474 01bd 40       		.byte	64
 475 01be 65       		.byte	101
 476 01bf 40       		.byte	64
 477 01c0 66       		.byte	102
 478 01c1 C0       		.byte	-64
 479 01c2 68       		.byte	104
 480 01c3 C0       		.byte	-64
 481 01c4 6A       		.byte	106
 482 01c5 C0       		.byte	-64
 483 01c6 6C       		.byte	108
 484 01c7 C0       		.byte	-64
 485 01c8 6E       		.byte	110
 486 01c9 C0       		.byte	-64
 487 01ca 80       		.byte	-128
 488 01cb 01       		.byte	1
 489 01cc 85       		.byte	-123
 490 01cd 1F       		.byte	31
 491 01ce 88       		.byte	-120
 492 01cf 01       		.byte	1
 493 01d0 89       		.byte	-119
 494 01d1 1F       		.byte	31
 495 01d2 8C       		.byte	-116
 496 01d3 01       		.byte	1
 497 01d4 90       		.byte	-112
 498 01d5 01       		.byte	1
 499 01d6 95       		.byte	-107
 500 01d7 12       		.byte	18
 501 01d8 96       		.byte	-106
 502 01d9 04       		.byte	4
 503 01da 97       		.byte	-105
 504 01db 45       		.byte	69
 505 01dc 99       		.byte	-103
 506 01dd 04       		.byte	4
 507 01de 9A       		.byte	-102
 508 01df 02       		.byte	2
 509 01e0 9B       		.byte	-101
 510 01e1 38       		.byte	56
 511 01e2 9E       		.byte	-98
 512 01e3 04       		.byte	4
 513 01e4 A2       		.byte	-94
ARM GAS  C:\Users\Simon\AppData\Local\Temp\cce9hh3a.s 			page 10


 514 01e5 02       		.byte	2
 515 01e6 A5       		.byte	-91
 516 01e7 09       		.byte	9
 517 01e8 A7       		.byte	-89
 518 01e9 46       		.byte	70
 519 01ea B0       		.byte	-80
 520 01eb 01       		.byte	1
 521 01ec B3       		.byte	-77
 522 01ed 03       		.byte	3
 523 01ee B4       		.byte	-76
 524 01ef 02       		.byte	2
 525 01f0 B5       		.byte	-75
 526 01f1 1C       		.byte	28
 527 01f2 B6       		.byte	-74
 528 01f3 04       		.byte	4
 529 01f4 B7       		.byte	-73
 530 01f5 60       		.byte	96
 531 01f6 BE       		.byte	-66
 532 01f7 51       		.byte	81
 533 01f8 BF       		.byte	-65
 534 01f9 40       		.byte	64
 535 01fa C0       		.byte	-64
 536 01fb 53       		.byte	83
 537 01fc C1       		.byte	-63
 538 01fd 04       		.byte	4
 539 01fe C2       		.byte	-62
 540 01ff 06       		.byte	6
 541 0200 C4       		.byte	-60
 542 0201 01       		.byte	1
 543 0202 C5       		.byte	-59
 544 0203 E0       		.byte	-32
 545 0204 C6       		.byte	-58
 546 0205 0C       		.byte	12
 547 0206 C8       		.byte	-56
 548 0207 06       		.byte	6
 549 0208 C9       		.byte	-55
 550 0209 FF       		.byte	-1
 551 020a CA       		.byte	-54
 552 020b FF       		.byte	-1
 553 020c CB       		.byte	-53
 554 020d FF       		.byte	-1
 555 020e CC       		.byte	-52
 556 020f 62       		.byte	98
 557 0210 CD       		.byte	-51
 558 0211 A0       		.byte	-96
 559 0212 CE       		.byte	-50
 560 0213 F0       		.byte	-16
 561 0214 CF       		.byte	-49
 562 0215 41       		.byte	65
 563 0216 D0       		.byte	-48
 564 0217 0C       		.byte	12
 565 0218 D8       		.byte	-40
 566 0219 04       		.byte	4
 567 021a D9       		.byte	-39
 568 021b 04       		.byte	4
 569 021c DA       		.byte	-38
 570 021d 04       		.byte	4
ARM GAS  C:\Users\Simon\AppData\Local\Temp\cce9hh3a.s 			page 11


 571 021e DF       		.byte	-33
 572 021f 01       		.byte	1
 573 0220 E6       		.byte	-26
 574 0221 40       		.byte	64
 575 0222 E7       		.byte	-25
 576 0223 02       		.byte	2
 577 0224 E9       		.byte	-23
 578 0225 10       		.byte	16
 579 0226 EA       		.byte	-22
 580 0227 30       		.byte	48
 581 0228 EB       		.byte	-21
 582 0229 10       		.byte	16
 583 022a ED       		.byte	-19
 584 022b 10       		.byte	16
 585 022c EE       		.byte	-18
 586 022d 10       		.byte	16
 587 022e EF       		.byte	-17
 588 022f 12       		.byte	18
 589 0230 00       		.byte	0
 590 0231 62       		.byte	98
 591 0232 02       		.byte	2
 592 0233 30       		.byte	48
 593 0234 03       		.byte	3
 594 0235 80       		.byte	-128
 595 0236 05       		.byte	5
 596 0237 10       		.byte	16
 597 0238 06       		.byte	6
 598 0239 21       		.byte	33
 599 023a 09       		.byte	9
 600 023b 80       		.byte	-128
 601 023c 0A       		.byte	10
 602 023d 64       		.byte	100
 603 023e 0B       		.byte	11
 604 023f 10       		.byte	16
 605 0240 0C       		.byte	12
 606 0241 08       		.byte	8
 607 0242 0E       		.byte	14
 608 0243 02       		.byte	2
 609 0244 10       		.byte	16
 610 0245 80       		.byte	-128
 611 0246 15       		.byte	21
 612 0247 02       		.byte	2
 613 0248 16       		.byte	22
 614 0249 02       		.byte	2
 615 024a 17       		.byte	23
 616 024b 18       		.byte	24
 617 024c 19       		.byte	25
 618 024d A1       		.byte	-95
 619 024e 1E       		.byte	30
 620 024f 0A       		.byte	10
 621 0250 20       		.byte	32
 622 0251 01       		.byte	1
 623 0252 21       		.byte	33
 624 0253 08       		.byte	8
 625 0254 22       		.byte	34
 626 0255 20       		.byte	32
 627 0256 24       		.byte	36
ARM GAS  C:\Users\Simon\AppData\Local\Temp\cce9hh3a.s 			page 12


 628 0257 80       		.byte	-128
 629 0258 27       		.byte	39
 630 0259 01       		.byte	1
 631 025a 28       		.byte	40
 632 025b 20       		.byte	32
 633 025c 2F       		.byte	47
 634 025d 20       		.byte	32
 635 025e 31       		.byte	49
 636 025f 08       		.byte	8
 637 0260 32       		.byte	50
 638 0261 20       		.byte	32
 639 0262 36       		.byte	54
 640 0263 01       		.byte	1
 641 0264 39       		.byte	57
 642 0265 14       		.byte	20
 643 0266 40       		.byte	64
 644 0267 41       		.byte	65
 645 0268 43       		.byte	67
 646 0269 08       		.byte	8
 647 026a 47       		.byte	71
 648 026b 10       		.byte	16
 649 026c 48       		.byte	72
 650 026d 81       		.byte	-127
 651 026e 4B       		.byte	75
 652 026f 10       		.byte	16
 653 0270 4C       		.byte	76
 654 0271 08       		.byte	8
 655 0272 4D       		.byte	77
 656 0273 01       		.byte	1
 657 0274 51       		.byte	81
 658 0275 80       		.byte	-128
 659 0276 54       		.byte	84
 660 0277 08       		.byte	8
 661 0278 57       		.byte	87
 662 0279 20       		.byte	32
 663 027a 5F       		.byte	95
 664 027b 02       		.byte	2
 665 027c 65       		.byte	101
 666 027d A0       		.byte	-96
 667 027e 8A       		.byte	-118
 668 027f 01       		.byte	1
 669 0280 8B       		.byte	-117
 670 0281 08       		.byte	8
 671 0282 90       		.byte	-112
 672 0283 48       		.byte	72
 673 0284 91       		.byte	-111
 674 0285 16       		.byte	22
 675 0286 92       		.byte	-110
 676 0287 02       		.byte	2
 677 0288 93       		.byte	-109
 678 0289 87       		.byte	-121
 679 028a 95       		.byte	-107
 680 028b 01       		.byte	1
 681 028c 99       		.byte	-103
 682 028d 10       		.byte	16
 683 028e 9A       		.byte	-102
 684 028f 22       		.byte	34
ARM GAS  C:\Users\Simon\AppData\Local\Temp\cce9hh3a.s 			page 13


 685 0290 9B       		.byte	-101
 686 0291 18       		.byte	24
 687 0292 9D       		.byte	-99
 688 0293 01       		.byte	1
 689 0294 9F       		.byte	-97
 690 0295 01       		.byte	1
 691 0296 A6       		.byte	-90
 692 0297 04       		.byte	4
 693 0298 A7       		.byte	-89
 694 0299 30       		.byte	48
 695 029a C0       		.byte	-64
 696 029b EB       		.byte	-21
 697 029c C2       		.byte	-62
 698 029d AF       		.byte	-81
 699 029e C4       		.byte	-60
 700 029f F8       		.byte	-8
 701 02a0 CA       		.byte	-54
 702 02a1 42       		.byte	66
 703 02a2 CC       		.byte	-52
 704 02a3 86       		.byte	-122
 705 02a4 CE       		.byte	-50
 706 02a5 06       		.byte	6
 707 02a6 D0       		.byte	-48
 708 02a7 2B       		.byte	43
 709 02a8 D2       		.byte	-46
 710 02a9 2C       		.byte	44
 711 02aa D6       		.byte	-42
 712 02ab 80       		.byte	-128
 713 02ac D8       		.byte	-40
 714 02ad 30       		.byte	48
 715 02ae E2       		.byte	-30
 716 02af 04       		.byte	4
 717 02b0 E6       		.byte	-26
 718 02b1 08       		.byte	8
 719 02b2 01       		.byte	1
 720 02b3 3C       		.byte	60
 721 02b4 02       		.byte	2
 722 02b5 23       		.byte	35
 723 02b6 03       		.byte	3
 724 02b7 C2       		.byte	-62
 725 02b8 04       		.byte	4
 726 02b9 03       		.byte	3
 727 02ba 05       		.byte	5
 728 02bb 18       		.byte	24
 729 02bc 08       		.byte	8
 730 02bd 0C       		.byte	12
 731 02be 0A       		.byte	10
 732 02bf 33       		.byte	51
 733 02c0 0B       		.byte	11
 734 02c1 04       		.byte	4
 735 02c2 0C       		.byte	12
 736 02c3 3F       		.byte	63
 737 02c4 0D       		.byte	13
 738 02c5 FF       		.byte	-1
 739 02c6 10       		.byte	16
 740 02c7 0F       		.byte	15
 741 02c8 12       		.byte	18
ARM GAS  C:\Users\Simon\AppData\Local\Temp\cce9hh3a.s 			page 14


 742 02c9 30       		.byte	48
 743 02ca 13       		.byte	19
 744 02cb E3       		.byte	-29
 745 02cc 14       		.byte	20
 746 02cd 02       		.byte	2
 747 02ce 15       		.byte	21
 748 02cf 80       		.byte	-128
 749 02d0 18       		.byte	24
 750 02d1 01       		.byte	1
 751 02d2 19       		.byte	25
 752 02d3 08       		.byte	8
 753 02d4 1A       		.byte	26
 754 02d5 40       		.byte	64
 755 02d6 1C       		.byte	28
 756 02d7 33       		.byte	51
 757 02d8 1D       		.byte	29
 758 02d9 1C       		.byte	28
 759 02da 1E       		.byte	30
 760 02db 0C       		.byte	12
 761 02dc 1F       		.byte	31
 762 02dd E1       		.byte	-31
 763 02de 20       		.byte	32
 764 02df 08       		.byte	8
 765 02e0 21       		.byte	33
 766 02e1 E7       		.byte	-25
 767 02e2 23       		.byte	35
 768 02e3 18       		.byte	24
 769 02e4 24       		.byte	36
 770 02e5 04       		.byte	4
 771 02e6 25       		.byte	37
 772 02e7 44       		.byte	68
 773 02e8 28       		.byte	40
 774 02e9 0C       		.byte	12
 775 02ea 29       		.byte	41
 776 02eb C0       		.byte	-64
 777 02ec 2D       		.byte	45
 778 02ed 10       		.byte	16
 779 02ee 30       		.byte	48
 780 02ef 2C       		.byte	44
 781 02f0 31       		.byte	49
 782 02f1 1F       		.byte	31
 783 02f2 32       		.byte	50
 784 02f3 40       		.byte	64
 785 02f4 33       		.byte	51
 786 02f5 1F       		.byte	31
 787 02f6 34       		.byte	52
 788 02f7 10       		.byte	16
 789 02f8 35       		.byte	53
 790 02f9 38       		.byte	56
 791 02fa 36       		.byte	54
 792 02fb 0F       		.byte	15
 793 02fc 37       		.byte	55
 794 02fd C0       		.byte	-64
 795 02fe 38       		.byte	56
 796 02ff 20       		.byte	32
 797 0300 3A       		.byte	58
 798 0301 82       		.byte	-126
ARM GAS  C:\Users\Simon\AppData\Local\Temp\cce9hh3a.s 			page 15


 799 0302 3B       		.byte	59
 800 0303 0A       		.byte	10
 801 0304 58       		.byte	88
 802 0305 04       		.byte	4
 803 0306 59       		.byte	89
 804 0307 04       		.byte	4
 805 0308 5F       		.byte	95
 806 0309 01       		.byte	1
 807 030a 81       		.byte	-127
 808 030b 01       		.byte	1
 809 030c 98       		.byte	-104
 810 030d 01       		.byte	1
 811 030e 9B       		.byte	-101
 812 030f 01       		.byte	1
 813 0310 A3       		.byte	-93
 814 0311 01       		.byte	1
 815 0312 A7       		.byte	-89
 816 0313 01       		.byte	1
 817 0314 AD       		.byte	-83
 818 0315 01       		.byte	1
 819 0316 B1       		.byte	-79
 820 0317 01       		.byte	1
 821 0318 B4       		.byte	-76
 822 0319 01       		.byte	1
 823 031a BE       		.byte	-66
 824 031b 10       		.byte	16
 825 031c BF       		.byte	-65
 826 031d 01       		.byte	1
 827 031e C0       		.byte	-64
 828 031f 54       		.byte	84
 829 0320 C1       		.byte	-63
 830 0321 01       		.byte	1
 831 0322 C5       		.byte	-59
 832 0323 EE       		.byte	-18
 833 0324 C6       		.byte	-58
 834 0325 C0       		.byte	-64
 835 0326 C7       		.byte	-57
 836 0327 B0       		.byte	-80
 837 0328 C8       		.byte	-56
 838 0329 2B       		.byte	43
 839 032a C9       		.byte	-55
 840 032b FF       		.byte	-1
 841 032c CA       		.byte	-54
 842 032d FF       		.byte	-1
 843 032e CB       		.byte	-53
 844 032f FF       		.byte	-1
 845 0330 CE       		.byte	-50
 846 0331 F0       		.byte	-16
 847 0332 CF       		.byte	-49
 848 0333 44       		.byte	68
 849 0334 D0       		.byte	-48
 850 0335 0C       		.byte	12
 851 0336 D4       		.byte	-44
 852 0337 01       		.byte	1
 853 0338 D8       		.byte	-40
 854 0339 04       		.byte	4
 855 033a D9       		.byte	-39
ARM GAS  C:\Users\Simon\AppData\Local\Temp\cce9hh3a.s 			page 16


 856 033b 04       		.byte	4
 857 033c DA       		.byte	-38
 858 033d 04       		.byte	4
 859 033e DB       		.byte	-37
 860 033f 04       		.byte	4
 861 0340 DF       		.byte	-33
 862 0341 01       		.byte	1
 863 0342 E6       		.byte	-26
 864 0343 C0       		.byte	-64
 865 0344 EA       		.byte	-22
 866 0345 40       		.byte	64
 867 0346 EB       		.byte	-21
 868 0347 02       		.byte	2
 869 0348 00       		.byte	0
 870 0349 60       		.byte	96
 871 034a 01       		.byte	1
 872 034b 02       		.byte	2
 873 034c 02       		.byte	2
 874 034d 10       		.byte	16
 875 034e 08       		.byte	8
 876 034f 20       		.byte	32
 877 0350 09       		.byte	9
 878 0351 08       		.byte	8
 879 0352 0A       		.byte	10
 880 0353 41       		.byte	65
 881 0354 0F       		.byte	15
 882 0355 08       		.byte	8
 883 0356 10       		.byte	16
 884 0357 10       		.byte	16
 885 0358 12       		.byte	18
 886 0359 44       		.byte	68
 887 035a 13       		.byte	19
 888 035b 05       		.byte	5
 889 035c 18       		.byte	24
 890 035d 20       		.byte	32
 891 035e 1A       		.byte	26
 892 035f C5       		.byte	-59
 893 0360 1B       		.byte	27
 894 0361 80       		.byte	-128
 895 0362 1E       		.byte	30
 896 0363 08       		.byte	8
 897 0364 20       		.byte	32
 898 0365 20       		.byte	32
 899 0366 21       		.byte	33
 900 0367 01       		.byte	1
 901 0368 22       		.byte	34
 902 0369 10       		.byte	16
 903 036a 23       		.byte	35
 904 036b 02       		.byte	2
 905 036c 27       		.byte	39
 906 036d 80       		.byte	-128
 907 036e 28       		.byte	40
 908 036f 20       		.byte	32
 909 0370 2A       		.byte	42
 910 0371 50       		.byte	80
 911 0372 2B       		.byte	43
 912 0373 80       		.byte	-128
ARM GAS  C:\Users\Simon\AppData\Local\Temp\cce9hh3a.s 			page 17


 913 0374 2C       		.byte	44
 914 0375 40       		.byte	64
 915 0376 2D       		.byte	45
 916 0377 40       		.byte	64
 917 0378 2F       		.byte	47
 918 0379 61       		.byte	97
 919 037a 30       		.byte	48
 920 037b 10       		.byte	16
 921 037c 31       		.byte	49
 922 037d 08       		.byte	8
 923 037e 32       		.byte	50
 924 037f 41       		.byte	65
 925 0380 35       		.byte	53
 926 0381 10       		.byte	16
 927 0382 38       		.byte	56
 928 0383 68       		.byte	104
 929 0384 39       		.byte	57
 930 0385 02       		.byte	2
 931 0386 3A       		.byte	58
 932 0387 04       		.byte	4
 933 0388 3E       		.byte	62
 934 0389 02       		.byte	2
 935 038a 44       		.byte	68
 936 038b 40       		.byte	64
 937 038c 46       		.byte	70
 938 038d 02       		.byte	2
 939 038e 4D       		.byte	77
 940 038f 41       		.byte	65
 941 0390 4F       		.byte	79
 942 0391 08       		.byte	8
 943 0392 56       		.byte	86
 944 0393 01       		.byte	1
 945 0394 57       		.byte	87
 946 0395 30       		.byte	48
 947 0396 59       		.byte	89
 948 0397 02       		.byte	2
 949 0398 5A       		.byte	90
 950 0399 02       		.byte	2
 951 039a 5D       		.byte	93
 952 039b 11       		.byte	17
 953 039c 5E       		.byte	94
 954 039d 08       		.byte	8
 955 039e 5F       		.byte	95
 956 039f 80       		.byte	-128
 957 03a0 85       		.byte	-123
 958 03a1 10       		.byte	16
 959 03a2 87       		.byte	-121
 960 03a3 20       		.byte	32
 961 03a4 8C       		.byte	-116
 962 03a5 20       		.byte	32
 963 03a6 90       		.byte	-112
 964 03a7 48       		.byte	72
 965 03a8 92       		.byte	-110
 966 03a9 02       		.byte	2
 967 03aa 93       		.byte	-109
 968 03ab 87       		.byte	-121
 969 03ac 96       		.byte	-106
ARM GAS  C:\Users\Simon\AppData\Local\Temp\cce9hh3a.s 			page 18


 970 03ad 64       		.byte	100
 971 03ae 99       		.byte	-103
 972 03af 10       		.byte	16
 973 03b0 9A       		.byte	-102
 974 03b1 12       		.byte	18
 975 03b2 9C       		.byte	-100
 976 03b3 20       		.byte	32
 977 03b4 9E       		.byte	-98
 978 03b5 01       		.byte	1
 979 03b6 9F       		.byte	-97
 980 03b7 02       		.byte	2
 981 03b8 A1       		.byte	-95
 982 03b9 08       		.byte	8
 983 03ba A4       		.byte	-92
 984 03bb 10       		.byte	16
 985 03bc A7       		.byte	-89
 986 03bd 90       		.byte	-112
 987 03be B4       		.byte	-76
 988 03bf 40       		.byte	64
 989 03c0 C0       		.byte	-64
 990 03c1 0F       		.byte	15
 991 03c2 C2       		.byte	-62
 992 03c3 4F       		.byte	79
 993 03c4 C4       		.byte	-60
 994 03c5 0E       		.byte	14
 995 03c6 CA       		.byte	-54
 996 03c7 DF       		.byte	-33
 997 03c8 CC       		.byte	-52
 998 03c9 2F       		.byte	47
 999 03ca CE       		.byte	-50
 1000 03cb 8F       		.byte	-113
 1001 03cc D0       		.byte	-48
 1002 03cd 90       		.byte	-112
 1003 03ce D2       		.byte	-46
 1004 03cf 10       		.byte	16
 1005 03d0 D6       		.byte	-42
 1006 03d1 F0       		.byte	-16
 1007 03d2 E0       		.byte	-32
 1008 03d3 08       		.byte	8
 1009 03d4 E4       		.byte	-28
 1010 03d5 01       		.byte	1
 1011 03d6 EA       		.byte	-22
 1012 03d7 01       		.byte	1
 1013 03d8 3E       		.byte	62
 1014 03d9 10       		.byte	16
 1015 03da CE       		.byte	-50
 1016 03db 20       		.byte	32
 1017 03dc 96       		.byte	-106
 1018 03dd 10       		.byte	16
 1019 03de 50       		.byte	80
 1020 03df 08       		.byte	8
 1021 03e0 D4       		.byte	-44
 1022 03e1 04       		.byte	4
 1023 03e2 A4       		.byte	-92
 1024 03e3 08       		.byte	8
 1025 03e4 84       		.byte	-124
 1026 03e5 08       		.byte	8
ARM GAS  C:\Users\Simon\AppData\Local\Temp\cce9hh3a.s 			page 19


 1027 03e6 A4       		.byte	-92
 1028 03e7 08       		.byte	8
 1029 03e8 82       		.byte	-126
 1030 03e9 20       		.byte	32
 1031 03ea 85       		.byte	-123
 1032 03eb 08       		.byte	8
 1033 03ec 96       		.byte	-106
 1034 03ed 10       		.byte	16
 1035 03ee E2       		.byte	-30
 1036 03ef 20       		.byte	32
 1037 03f0 E6       		.byte	-26
 1038 03f1 10       		.byte	16
 1039 03f2 12       		.byte	18
 1040 03f3 20       		.byte	32
 1041 03f4 16       		.byte	22
 1042 03f5 40       		.byte	64
 1043 03f6 72       		.byte	114
 1044 03f7 20       		.byte	32
 1045 03f8 75       		.byte	117
 1046 03f9 08       		.byte	8
 1047 03fa 82       		.byte	-126
 1048 03fb 20       		.byte	32
 1049 03fc 86       		.byte	-122
 1050 03fd 40       		.byte	64
 1051 03fe 99       		.byte	-103
 1052 03ff 08       		.byte	8
 1053 0400 9A       		.byte	-102
 1054 0401 20       		.byte	32
 1055 0402 AA       		.byte	-86
 1056 0403 10       		.byte	16
 1057 0404 C4       		.byte	-60
 1058 0405 30       		.byte	48
 1059 0406 DC       		.byte	-36
 1060 0407 80       		.byte	-128
 1061 0408 DE       		.byte	-34
 1062 0409 20       		.byte	32
 1063 040a E0       		.byte	-32
 1064 040b 10       		.byte	16
 1065 040c E4       		.byte	-28
 1066 040d 80       		.byte	-128
 1067 040e EA       		.byte	-22
 1068 040f 80       		.byte	-128
 1069 0410 10       		.byte	16
 1070 0411 80       		.byte	-128
 1071 0412 13       		.byte	19
 1072 0413 20       		.byte	32
 1073 0414 14       		.byte	20
 1074 0415 40       		.byte	64
 1075 0416 7B       		.byte	123
 1076 0417 10       		.byte	16
 1077 0418 7F       		.byte	127
 1078 0419 40       		.byte	64
 1079 041a 80       		.byte	-128
 1080 041b 80       		.byte	-128
 1081 041c 84       		.byte	-124
 1082 041d 40       		.byte	64
 1083 041e C4       		.byte	-60
ARM GAS  C:\Users\Simon\AppData\Local\Temp\cce9hh3a.s 			page 20


 1084 041f 0E       		.byte	14
 1085 0420 DE       		.byte	-34
 1086 0421 03       		.byte	3
 1087 0422 12       		.byte	18
 1088 0423 80       		.byte	-128
 1089 0424 72       		.byte	114
 1090 0425 10       		.byte	16
 1091 0426 83       		.byte	-125
 1092 0427 10       		.byte	16
 1093 0428 87       		.byte	-121
 1094 0429 40       		.byte	64
 1095 042a 8E       		.byte	-114
 1096 042b 80       		.byte	-128
 1097 042c 92       		.byte	-110
 1098 042d 10       		.byte	16
 1099 042e 97       		.byte	-105
 1100 042f 80       		.byte	-128
 1101 0430 A7       		.byte	-89
 1102 0431 10       		.byte	16
 1103 0432 AB       		.byte	-85
 1104 0433 20       		.byte	32
 1105 0434 B6       		.byte	-74
 1106 0435 10       		.byte	16
 1107 0436 C4       		.byte	-60
 1108 0437 08       		.byte	8
 1109 0438 DC       		.byte	-36
 1110 0439 01       		.byte	1
 1111 043a E2       		.byte	-30
 1112 043b 02       		.byte	2
 1113 043c EC       		.byte	-20
 1114 043d 08       		.byte	8
 1115 043e 00       		.byte	0
 1116 043f 03       		.byte	3
 1117 0440 0C       		.byte	12
 1118 0441 03       		.byte	3
 1119 0442 10       		.byte	16
 1120 0443 03       		.byte	3
 1121 0444 1C       		.byte	28
 1122 0445 03       		.byte	3
 1123 0446 03       		.byte	3
 1124 0447 C0       		.byte	-64
 1125 0448 02       		.byte	2
 1126 0449 80       		.byte	-128
 1127 044a 00       		.byte	0
 1128 044b 00       		.byte	0
 1129 044c 43       		.byte	67
 1130 044d 00       		.byte	0
 1131 044e 00       		.byte	0
 1132 044f 00       		.byte	0
 1133 0450 83       		.byte	-125
 1134 0451 00       		.byte	0
 1135 0452 40       		.byte	64
 1136 0453 80       		.byte	-128
 1137 0454 83       		.byte	-125
 1138 0455 00       		.byte	0
 1139 0456 83       		.byte	-125
 1140 0457 00       		.byte	0
ARM GAS  C:\Users\Simon\AppData\Local\Temp\cce9hh3a.s 			page 21


 1141 0458 00       		.byte	0
 1142 0459 00       		.byte	0
 1143 045a 00       		.byte	0
 1144 045b 00       		.byte	0
 1145 045c 00       		.byte	0
 1146 045d 0B       		.byte	11
 1147 045e 0B       		.byte	11
 1148 045f 00       		.byte	0
 1149 0460 00       		.byte	0
 1150 0461 00       		.byte	0
 1151 0462 00       		.byte	0
 1152 0463 00       		.byte	0
 1153 0464 00       		.byte	0
 1154 0465 01       		.byte	1
 1155 0466 01       		.byte	1
 1156 0467 00       		.byte	0
 1157 0468 01       		.byte	1
 1158 0469 00       		.byte	0
 1159 046a 00       		.byte	0
 1160 046b 00       		.byte	0
 1161              		.section	.cywolatch,"a",%progbits
 1162              		.align	2
 1163              		.type	cy_meta_wonvl, %object
 1164              		.size	cy_meta_wonvl, 4
 1165              	cy_meta_wonvl:
 1166 0000 BC       		.byte	-68
 1167 0001 90       		.byte	-112
 1168 0002 AC       		.byte	-84
 1169 0003 AF       		.byte	-81
 1170              		.section	.cycustnvl,"a",%progbits
 1171              		.align	2
 1172              		.type	cy_meta_custnvl, %object
 1173              		.size	cy_meta_custnvl, 4
 1174              	cy_meta_custnvl:
 1175 0000 00       		.byte	0
 1176 0001 00       		.byte	0
 1177 0002 40       		.byte	64
 1178 0003 05       		.byte	5
 1179              		.section	.cymeta,"a",%progbits
 1180              		.align	2
 1181              		.type	cy_metadata, %object
 1182              		.size	cy_metadata, 12
 1183              	cy_metadata:
 1184 0000 00       		.byte	0
 1185 0001 01       		.byte	1
 1186 0002 2E       		.byte	46
 1187 0003 16       		.byte	22
 1188 0004 10       		.byte	16
 1189 0005 69       		.byte	105
 1190 0006 00       		.byte	0
 1191 0007 01       		.byte	1
 1192 0008 00       		.byte	0
 1193 0009 00       		.byte	0
 1194 000a 00       		.byte	0
 1195 000b 00       		.byte	0
 1196              		.section	.cyflashprotect,"a",%progbits
 1197              		.align	2
ARM GAS  C:\Users\Simon\AppData\Local\Temp\cce9hh3a.s 			page 22


 1198              		.type	cy_meta_flashprotect, %object
 1199              		.size	cy_meta_flashprotect, 256
 1200              	cy_meta_flashprotect:
 1201 0000 00000000 		.space	256
 1201      00000000 
 1201      00000000 
 1201      00000000 
 1201      00000000 
 1202              		.text
 1203              	.Letext0:
 1204              		.file 1 "c:\\program files (x86)\\cypress\\psoc creator\\4.3\\psoc creator\\import\\gnu\\arm\\5.4.
 1205              		.file 2 "c:\\program files (x86)\\cypress\\psoc creator\\4.3\\psoc creator\\import\\gnu\\arm\\5.4.
 1206              		.file 3 "Generated_Source\\PSoC5\\cymetadata.c"
 1207              		.section	.debug_info,"",%progbits
 1208              	.Ldebug_info0:
 1209 0000 32010000 		.4byte	0x132
 1210 0004 0400     		.2byte	0x4
 1211 0006 00000000 		.4byte	.Ldebug_abbrev0
 1212 000a 04       		.byte	0x4
 1213 000b 01       		.uleb128 0x1
 1214 000c 24000000 		.4byte	.LASF17
 1215 0010 0C       		.byte	0xc
 1216 0011 DD010000 		.4byte	.LASF18
 1217 0015 F9000000 		.4byte	.LASF19
 1218 0019 00000000 		.4byte	.Ldebug_line0
 1219 001d 02       		.uleb128 0x2
 1220 001e 01       		.byte	0x1
 1221 001f 06       		.byte	0x6
 1222 0020 D1010000 		.4byte	.LASF0
 1223 0024 03       		.uleb128 0x3
 1224 0025 00000000 		.4byte	.LASF9
 1225 0029 01       		.byte	0x1
 1226 002a 1D       		.byte	0x1d
 1227 002b 2F000000 		.4byte	0x2f
 1228 002f 02       		.uleb128 0x2
 1229 0030 01       		.byte	0x1
 1230 0031 08       		.byte	0x8
 1231 0032 16000000 		.4byte	.LASF1
 1232 0036 02       		.uleb128 0x2
 1233 0037 02       		.byte	0x2
 1234 0038 05       		.byte	0x5
 1235 0039 BE010000 		.4byte	.LASF2
 1236 003d 02       		.uleb128 0x2
 1237 003e 02       		.byte	0x2
 1238 003f 07       		.byte	0x7
 1239 0040 C4000000 		.4byte	.LASF3
 1240 0044 02       		.uleb128 0x2
 1241 0045 04       		.byte	0x4
 1242 0046 05       		.byte	0x5
 1243 0047 C8010000 		.4byte	.LASF4
 1244 004b 02       		.uleb128 0x2
 1245 004c 04       		.byte	0x4
 1246 004d 07       		.byte	0x7
 1247 004e B2000000 		.4byte	.LASF5
 1248 0052 02       		.uleb128 0x2
 1249 0053 08       		.byte	0x8
 1250 0054 05       		.byte	0x5
ARM GAS  C:\Users\Simon\AppData\Local\Temp\cce9hh3a.s 			page 23


 1251 0055 B0010000 		.4byte	.LASF6
 1252 0059 02       		.uleb128 0x2
 1253 005a 08       		.byte	0x8
 1254 005b 07       		.byte	0x7
 1255 005c 65010000 		.4byte	.LASF7
 1256 0060 04       		.uleb128 0x4
 1257 0061 04       		.byte	0x4
 1258 0062 05       		.byte	0x5
 1259 0063 696E7400 		.ascii	"int\000"
 1260 0067 02       		.uleb128 0x2
 1261 0068 04       		.byte	0x4
 1262 0069 07       		.byte	0x7
 1263 006a 58010000 		.4byte	.LASF8
 1264 006e 03       		.uleb128 0x3
 1265 006f 7C010000 		.4byte	.LASF10
 1266 0073 02       		.byte	0x2
 1267 0074 18       		.byte	0x18
 1268 0075 24000000 		.4byte	0x24
 1269 0079 05       		.uleb128 0x5
 1270 007a 91000000 		.4byte	0x91
 1271 007e 8A000000 		.4byte	0x8a
 1272 0082 06       		.uleb128 0x6
 1273 0083 8A000000 		.4byte	0x8a
 1274 0087 6B04     		.2byte	0x46b
 1275 0089 00       		.byte	0
 1276 008a 02       		.uleb128 0x2
 1277 008b 04       		.byte	0x4
 1278 008c 07       		.byte	0x7
 1279 008d A7010000 		.4byte	.LASF11
 1280 0091 07       		.uleb128 0x7
 1281 0092 6E000000 		.4byte	0x6e
 1282 0096 08       		.uleb128 0x8
 1283 0097 E7000000 		.4byte	.LASF12
 1284 009b 03       		.byte	0x3
 1285 009c 1F       		.byte	0x1f
 1286 009d A7000000 		.4byte	0xa7
 1287 00a1 05       		.uleb128 0x5
 1288 00a2 03       		.byte	0x3
 1289 00a3 00000000 		.4byte	cy_meta_configecc
 1290 00a7 07       		.uleb128 0x7
 1291 00a8 79000000 		.4byte	0x79
 1292 00ac 05       		.uleb128 0x5
 1293 00ad 91000000 		.4byte	0x91
 1294 00b1 BC000000 		.4byte	0xbc
 1295 00b5 09       		.uleb128 0x9
 1296 00b6 8A000000 		.4byte	0x8a
 1297 00ba 03       		.byte	0x3
 1298 00bb 00       		.byte	0
 1299 00bc 08       		.uleb128 0x8
 1300 00bd D7000000 		.4byte	.LASF13
 1301 00c1 03       		.byte	0x3
 1302 00c2 BA       		.byte	0xba
 1303 00c3 CD000000 		.4byte	0xcd
 1304 00c7 05       		.uleb128 0x5
 1305 00c8 03       		.byte	0x3
 1306 00c9 00000000 		.4byte	cy_meta_custnvl
 1307 00cd 07       		.uleb128 0x7
ARM GAS  C:\Users\Simon\AppData\Local\Temp\cce9hh3a.s 			page 24


 1308 00ce AC000000 		.4byte	0xac
 1309 00d2 08       		.uleb128 0x8
 1310 00d3 99010000 		.4byte	.LASF14
 1311 00d7 03       		.byte	0x3
 1312 00d8 C8       		.byte	0xc8
 1313 00d9 E3000000 		.4byte	0xe3
 1314 00dd 05       		.uleb128 0x5
 1315 00de 03       		.byte	0x3
 1316 00df 00000000 		.4byte	cy_meta_wonvl
 1317 00e3 07       		.uleb128 0x7
 1318 00e4 AC000000 		.4byte	0xac
 1319 00e8 05       		.uleb128 0x5
 1320 00e9 91000000 		.4byte	0x91
 1321 00ed F8000000 		.4byte	0xf8
 1322 00f1 09       		.uleb128 0x9
 1323 00f2 8A000000 		.4byte	0x8a
 1324 00f6 FF       		.byte	0xff
 1325 00f7 00       		.byte	0
 1326 00f8 08       		.uleb128 0x8
 1327 00f9 84010000 		.4byte	.LASF15
 1328 00fd 03       		.byte	0x3
 1329 00fe D6       		.byte	0xd6
 1330 00ff 09010000 		.4byte	0x109
 1331 0103 05       		.uleb128 0x5
 1332 0104 03       		.byte	0x3
 1333 0105 00000000 		.4byte	cy_meta_flashprotect
 1334 0109 07       		.uleb128 0x7
 1335 010a E8000000 		.4byte	0xe8
 1336 010e 05       		.uleb128 0x5
 1337 010f 91000000 		.4byte	0x91
 1338 0113 1E010000 		.4byte	0x11e
 1339 0117 09       		.uleb128 0x9
 1340 0118 8A000000 		.4byte	0x8a
 1341 011c 0B       		.byte	0xb
 1342 011d 00       		.byte	0
 1343 011e 0A       		.uleb128 0xa
 1344 011f 0A000000 		.4byte	.LASF16
 1345 0123 03       		.byte	0x3
 1346 0124 0301     		.2byte	0x103
 1347 0126 30010000 		.4byte	0x130
 1348 012a 05       		.uleb128 0x5
 1349 012b 03       		.byte	0x3
 1350 012c 00000000 		.4byte	cy_metadata
 1351 0130 07       		.uleb128 0x7
 1352 0131 0E010000 		.4byte	0x10e
 1353 0135 00       		.byte	0
 1354              		.section	.debug_abbrev,"",%progbits
 1355              	.Ldebug_abbrev0:
 1356 0000 01       		.uleb128 0x1
 1357 0001 11       		.uleb128 0x11
 1358 0002 01       		.byte	0x1
 1359 0003 25       		.uleb128 0x25
 1360 0004 0E       		.uleb128 0xe
 1361 0005 13       		.uleb128 0x13
 1362 0006 0B       		.uleb128 0xb
 1363 0007 03       		.uleb128 0x3
 1364 0008 0E       		.uleb128 0xe
ARM GAS  C:\Users\Simon\AppData\Local\Temp\cce9hh3a.s 			page 25


 1365 0009 1B       		.uleb128 0x1b
 1366 000a 0E       		.uleb128 0xe
 1367 000b 10       		.uleb128 0x10
 1368 000c 17       		.uleb128 0x17
 1369 000d 00       		.byte	0
 1370 000e 00       		.byte	0
 1371 000f 02       		.uleb128 0x2
 1372 0010 24       		.uleb128 0x24
 1373 0011 00       		.byte	0
 1374 0012 0B       		.uleb128 0xb
 1375 0013 0B       		.uleb128 0xb
 1376 0014 3E       		.uleb128 0x3e
 1377 0015 0B       		.uleb128 0xb
 1378 0016 03       		.uleb128 0x3
 1379 0017 0E       		.uleb128 0xe
 1380 0018 00       		.byte	0
 1381 0019 00       		.byte	0
 1382 001a 03       		.uleb128 0x3
 1383 001b 16       		.uleb128 0x16
 1384 001c 00       		.byte	0
 1385 001d 03       		.uleb128 0x3
 1386 001e 0E       		.uleb128 0xe
 1387 001f 3A       		.uleb128 0x3a
 1388 0020 0B       		.uleb128 0xb
 1389 0021 3B       		.uleb128 0x3b
 1390 0022 0B       		.uleb128 0xb
 1391 0023 49       		.uleb128 0x49
 1392 0024 13       		.uleb128 0x13
 1393 0025 00       		.byte	0
 1394 0026 00       		.byte	0
 1395 0027 04       		.uleb128 0x4
 1396 0028 24       		.uleb128 0x24
 1397 0029 00       		.byte	0
 1398 002a 0B       		.uleb128 0xb
 1399 002b 0B       		.uleb128 0xb
 1400 002c 3E       		.uleb128 0x3e
 1401 002d 0B       		.uleb128 0xb
 1402 002e 03       		.uleb128 0x3
 1403 002f 08       		.uleb128 0x8
 1404 0030 00       		.byte	0
 1405 0031 00       		.byte	0
 1406 0032 05       		.uleb128 0x5
 1407 0033 01       		.uleb128 0x1
 1408 0034 01       		.byte	0x1
 1409 0035 49       		.uleb128 0x49
 1410 0036 13       		.uleb128 0x13
 1411 0037 01       		.uleb128 0x1
 1412 0038 13       		.uleb128 0x13
 1413 0039 00       		.byte	0
 1414 003a 00       		.byte	0
 1415 003b 06       		.uleb128 0x6
 1416 003c 21       		.uleb128 0x21
 1417 003d 00       		.byte	0
 1418 003e 49       		.uleb128 0x49
 1419 003f 13       		.uleb128 0x13
 1420 0040 2F       		.uleb128 0x2f
 1421 0041 05       		.uleb128 0x5
ARM GAS  C:\Users\Simon\AppData\Local\Temp\cce9hh3a.s 			page 26


 1422 0042 00       		.byte	0
 1423 0043 00       		.byte	0
 1424 0044 07       		.uleb128 0x7
 1425 0045 26       		.uleb128 0x26
 1426 0046 00       		.byte	0
 1427 0047 49       		.uleb128 0x49
 1428 0048 13       		.uleb128 0x13
 1429 0049 00       		.byte	0
 1430 004a 00       		.byte	0
 1431 004b 08       		.uleb128 0x8
 1432 004c 34       		.uleb128 0x34
 1433 004d 00       		.byte	0
 1434 004e 03       		.uleb128 0x3
 1435 004f 0E       		.uleb128 0xe
 1436 0050 3A       		.uleb128 0x3a
 1437 0051 0B       		.uleb128 0xb
 1438 0052 3B       		.uleb128 0x3b
 1439 0053 0B       		.uleb128 0xb
 1440 0054 49       		.uleb128 0x49
 1441 0055 13       		.uleb128 0x13
 1442 0056 3F       		.uleb128 0x3f
 1443 0057 19       		.uleb128 0x19
 1444 0058 02       		.uleb128 0x2
 1445 0059 18       		.uleb128 0x18
 1446 005a 00       		.byte	0
 1447 005b 00       		.byte	0
 1448 005c 09       		.uleb128 0x9
 1449 005d 21       		.uleb128 0x21
 1450 005e 00       		.byte	0
 1451 005f 49       		.uleb128 0x49
 1452 0060 13       		.uleb128 0x13
 1453 0061 2F       		.uleb128 0x2f
 1454 0062 0B       		.uleb128 0xb
 1455 0063 00       		.byte	0
 1456 0064 00       		.byte	0
 1457 0065 0A       		.uleb128 0xa
 1458 0066 34       		.uleb128 0x34
 1459 0067 00       		.byte	0
 1460 0068 03       		.uleb128 0x3
 1461 0069 0E       		.uleb128 0xe
 1462 006a 3A       		.uleb128 0x3a
 1463 006b 0B       		.uleb128 0xb
 1464 006c 3B       		.uleb128 0x3b
 1465 006d 05       		.uleb128 0x5
 1466 006e 49       		.uleb128 0x49
 1467 006f 13       		.uleb128 0x13
 1468 0070 3F       		.uleb128 0x3f
 1469 0071 19       		.uleb128 0x19
 1470 0072 02       		.uleb128 0x2
 1471 0073 18       		.uleb128 0x18
 1472 0074 00       		.byte	0
 1473 0075 00       		.byte	0
 1474 0076 00       		.byte	0
 1475              		.section	.debug_aranges,"",%progbits
 1476 0000 14000000 		.4byte	0x14
 1477 0004 0200     		.2byte	0x2
 1478 0006 00000000 		.4byte	.Ldebug_info0
ARM GAS  C:\Users\Simon\AppData\Local\Temp\cce9hh3a.s 			page 27


 1479 000a 04       		.byte	0x4
 1480 000b 00       		.byte	0
 1481 000c 0000     		.2byte	0
 1482 000e 0000     		.2byte	0
 1483 0010 00000000 		.4byte	0
 1484 0014 00000000 		.4byte	0
 1485              		.section	.debug_line,"",%progbits
 1486              	.Ldebug_line0:
 1487 0000 3D010000 		.section	.debug_str,"MS",%progbits,1
 1487      02003701 
 1487      00000201 
 1487      FB0E0D00 
 1487      01010101 
 1488              	.LASF9:
 1489 0000 5F5F7569 		.ascii	"__uint8_t\000"
 1489      6E74385F 
 1489      7400
 1490              	.LASF16:
 1491 000a 63795F6D 		.ascii	"cy_metadata\000"
 1491      65746164 
 1491      61746100 
 1492              	.LASF1:
 1493 0016 756E7369 		.ascii	"unsigned char\000"
 1493      676E6564 
 1493      20636861 
 1493      7200
 1494              	.LASF17:
 1495 0024 474E5520 		.ascii	"GNU C11 5.4.1 20160609 (release) [ARM/embedded-5-br"
 1495      43313120 
 1495      352E342E 
 1495      31203230 
 1495      31363036 
 1496 0057 616E6368 		.ascii	"anch revision 237715] -mcpu=cortex-m3 -mthumb -g -O"
 1496      20726576 
 1496      6973696F 
 1496      6E203233 
 1496      37373135 
 1497 008a 67202D66 		.ascii	"g -ffunction-sections -ffat-lto-objects\000"
 1497      66756E63 
 1497      74696F6E 
 1497      2D736563 
 1497      74696F6E 
 1498              	.LASF5:
 1499 00b2 6C6F6E67 		.ascii	"long unsigned int\000"
 1499      20756E73 
 1499      69676E65 
 1499      6420696E 
 1499      7400
 1500              	.LASF3:
 1501 00c4 73686F72 		.ascii	"short unsigned int\000"
 1501      7420756E 
 1501      7369676E 
 1501      65642069 
 1501      6E7400
 1502              	.LASF13:
 1503 00d7 63795F6D 		.ascii	"cy_meta_custnvl\000"
 1503      6574615F 
ARM GAS  C:\Users\Simon\AppData\Local\Temp\cce9hh3a.s 			page 28


 1503      63757374 
 1503      6E766C00 
 1504              	.LASF12:
 1505 00e7 63795F6D 		.ascii	"cy_meta_configecc\000"
 1505      6574615F 
 1505      636F6E66 
 1505      69676563 
 1505      6300
 1506              	.LASF19:
 1507 00f9 433A5C55 		.ascii	"C:\\Users\\Simon\\Desktop\\GFV-Gruppe14\\Labexercis"
 1507      73657273 
 1507      5C53696D 
 1507      6F6E5C44 
 1507      65736B74 
 1508 0127 65335F54 		.ascii	"e3_Temperaturregulator\\Temperature-Control.cydsn\000"
 1508      656D7065 
 1508      72617475 
 1508      72726567 
 1508      756C6174 
 1509              	.LASF8:
 1510 0158 756E7369 		.ascii	"unsigned int\000"
 1510      676E6564 
 1510      20696E74 
 1510      00
 1511              	.LASF7:
 1512 0165 6C6F6E67 		.ascii	"long long unsigned int\000"
 1512      206C6F6E 
 1512      6720756E 
 1512      7369676E 
 1512      65642069 
 1513              	.LASF10:
 1514 017c 75696E74 		.ascii	"uint8_t\000"
 1514      385F7400 
 1515              	.LASF15:
 1516 0184 63795F6D 		.ascii	"cy_meta_flashprotect\000"
 1516      6574615F 
 1516      666C6173 
 1516      6870726F 
 1516      74656374 
 1517              	.LASF14:
 1518 0199 63795F6D 		.ascii	"cy_meta_wonvl\000"
 1518      6574615F 
 1518      776F6E76 
 1518      6C00
 1519              	.LASF11:
 1520 01a7 73697A65 		.ascii	"sizetype\000"
 1520      74797065 
 1520      00
 1521              	.LASF6:
 1522 01b0 6C6F6E67 		.ascii	"long long int\000"
 1522      206C6F6E 
 1522      6720696E 
 1522      7400
 1523              	.LASF2:
 1524 01be 73686F72 		.ascii	"short int\000"
 1524      7420696E 
 1524      7400
ARM GAS  C:\Users\Simon\AppData\Local\Temp\cce9hh3a.s 			page 29


 1525              	.LASF4:
 1526 01c8 6C6F6E67 		.ascii	"long int\000"
 1526      20696E74 
 1526      00
 1527              	.LASF0:
 1528 01d1 7369676E 		.ascii	"signed char\000"
 1528      65642063 
 1528      68617200 
 1529              	.LASF18:
 1530 01dd 47656E65 		.ascii	"Generated_Source\\PSoC5\\cymetadata.c\000"
 1530      72617465 
 1530      645F536F 
 1530      75726365 
 1530      5C50536F 
 1531              		.ident	"GCC: (GNU Tools for ARM Embedded Processors) 5.4.1 20160609 (release) [ARM/embedded-5-bran
