ARM GAS  C:\Users\Simon\AppData\Local\Temp\ccADjWCj.s 			page 1


   1              		.syntax unified
   2              		.cpu cortex-m3
   3              		.fpu softvfp
   4              		.eabi_attribute 20, 1
   5              		.eabi_attribute 21, 1
   6              		.eabi_attribute 23, 3
   7              		.eabi_attribute 24, 1
   8              		.eabi_attribute 25, 1
   9              		.eabi_attribute 26, 1
  10              		.eabi_attribute 30, 1
  11              		.eabi_attribute 34, 1
  12              		.eabi_attribute 18, 4
  13              		.thumb
  14              		.syntax unified
  15              		.file	"I2C_handler.c"
  16              		.text
  17              	.Ltext0:
  18              		.cfi_sections	.debug_frame
  19              		.global	__aeabi_f2d
  20              		.section	.text.writeTempToUART,"ax",%progbits
  21              		.align	2
  22              		.global	writeTempToUART
  23              		.thumb
  24              		.thumb_func
  25              		.type	writeTempToUART, %function
  26              	writeTempToUART:
  27              	.LFB65:
  28              		.file 1 "..\\..\\Labexercise2_Communicationbuses\\Lab_I2C\\Communicationbuses.cydsn\\I2C_handler.c
   1:..\..\Labexercise2_Communicationbuses\Lab_I2C\Communicationbuses.cydsn/I2C_handler.c **** /* ========================================
   2:..\..\Labexercise2_Communicationbuses\Lab_I2C\Communicationbuses.cydsn/I2C_handler.c ****  *
   3:..\..\Labexercise2_Communicationbuses\Lab_I2C\Communicationbuses.cydsn/I2C_handler.c ****  * Copyright YOUR COMPANY, THE YEAR
   4:..\..\Labexercise2_Communicationbuses\Lab_I2C\Communicationbuses.cydsn/I2C_handler.c ****  * All Rights Reserved
   5:..\..\Labexercise2_Communicationbuses\Lab_I2C\Communicationbuses.cydsn/I2C_handler.c ****  * UNPUBLISHED, LICENSED SOFTWARE.
   6:..\..\Labexercise2_Communicationbuses\Lab_I2C\Communicationbuses.cydsn/I2C_handler.c ****  *
   7:..\..\Labexercise2_Communicationbuses\Lab_I2C\Communicationbuses.cydsn/I2C_handler.c ****  * CONFIDENTIAL AND PROPRIETARY INFORMATION
   8:..\..\Labexercise2_Communicationbuses\Lab_I2C\Communicationbuses.cydsn/I2C_handler.c ****  * WHICH IS THE PROPERTY OF your company.
   9:..\..\Labexercise2_Communicationbuses\Lab_I2C\Communicationbuses.cydsn/I2C_handler.c ****  *
  10:..\..\Labexercise2_Communicationbuses\Lab_I2C\Communicationbuses.cydsn/I2C_handler.c ****  * ========================================
  11:..\..\Labexercise2_Communicationbuses\Lab_I2C\Communicationbuses.cydsn/I2C_handler.c **** */
  12:..\..\Labexercise2_Communicationbuses\Lab_I2C\Communicationbuses.cydsn/I2C_handler.c **** #include <I2C_handler.h>
  13:..\..\Labexercise2_Communicationbuses\Lab_I2C\Communicationbuses.cydsn/I2C_handler.c **** #include <project.h>
  14:..\..\Labexercise2_Communicationbuses\Lab_I2C\Communicationbuses.cydsn/I2C_handler.c **** #include <stdio.h>
  15:..\..\Labexercise2_Communicationbuses\Lab_I2C\Communicationbuses.cydsn/I2C_handler.c **** #include <stdlib.h>
  16:..\..\Labexercise2_Communicationbuses\Lab_I2C\Communicationbuses.cydsn/I2C_handler.c **** #include <stdint.h>
  17:..\..\Labexercise2_Communicationbuses\Lab_I2C\Communicationbuses.cydsn/I2C_handler.c **** 
  18:..\..\Labexercise2_Communicationbuses\Lab_I2C\Communicationbuses.cydsn/I2C_handler.c **** #define LM75address 0x48  // 1001 +  A0: 0 , A1: 0 A2: 0 = 1001000
  19:..\..\Labexercise2_Communicationbuses\Lab_I2C\Communicationbuses.cydsn/I2C_handler.c **** #define LM75address2 0x49 // 1001 +  A0: 1 , A1: 0 , A2: 0 = 1001001
  20:..\..\Labexercise2_Communicationbuses\Lab_I2C\Communicationbuses.cydsn/I2C_handler.c **** 
  21:..\..\Labexercise2_Communicationbuses\Lab_I2C\Communicationbuses.cydsn/I2C_handler.c **** #define CHECK_BIT(var,pos) (((var)>>(pos)) & 1) // Bit manipulation
  22:..\..\Labexercise2_Communicationbuses\Lab_I2C\Communicationbuses.cydsn/I2C_handler.c **** 
  23:..\..\Labexercise2_Communicationbuses\Lab_I2C\Communicationbuses.cydsn/I2C_handler.c **** int8 readTemp()
  24:..\..\Labexercise2_Communicationbuses\Lab_I2C\Communicationbuses.cydsn/I2C_handler.c **** {
  25:..\..\Labexercise2_Communicationbuses\Lab_I2C\Communicationbuses.cydsn/I2C_handler.c ****     //Variabler 
  26:..\..\Labexercise2_Communicationbuses\Lab_I2C\Communicationbuses.cydsn/I2C_handler.c ****     uint8 dataRecv[2] = {0,0};
  27:..\..\Labexercise2_Communicationbuses\Lab_I2C\Communicationbuses.cydsn/I2C_handler.c ****     uint8 errorStatus[2] = {0,0};
  28:..\..\Labexercise2_Communicationbuses\Lab_I2C\Communicationbuses.cydsn/I2C_handler.c ****     float temp;
  29:..\..\Labexercise2_Communicationbuses\Lab_I2C\Communicationbuses.cydsn/I2C_handler.c ****     
ARM GAS  C:\Users\Simon\AppData\Local\Temp\ccADjWCj.s 			page 2


  30:..\..\Labexercise2_Communicationbuses\Lab_I2C\Communicationbuses.cydsn/I2C_handler.c ****     while(1)  // Uendelig loop til måling af temp
  31:..\..\Labexercise2_Communicationbuses\Lab_I2C\Communicationbuses.cydsn/I2C_handler.c ****     {
  32:..\..\Labexercise2_Communicationbuses\Lab_I2C\Communicationbuses.cydsn/I2C_handler.c ****     errorStatus[0] = I2C_1_MasterSendStart(LM75address,I2C_1_READ_XFER_MODE); // Start den første 
  33:..\..\Labexercise2_Communicationbuses\Lab_I2C\Communicationbuses.cydsn/I2C_handler.c ****     if (errorStatus[0] == I2C_1_MSTR_NO_ERROR)  // Tjekker for fejl
  34:..\..\Labexercise2_Communicationbuses\Lab_I2C\Communicationbuses.cydsn/I2C_handler.c ****         {
  35:..\..\Labexercise2_Communicationbuses\Lab_I2C\Communicationbuses.cydsn/I2C_handler.c ****             dataRecv[0] = I2C_1_MasterReadByte(I2C_1_ACK_DATA);  // Læser MSB 8 bit som er tempera
  36:..\..\Labexercise2_Communicationbuses\Lab_I2C\Communicationbuses.cydsn/I2C_handler.c ****             dataRecv[1] = I2C_1_MasterReadByte(I2C_1_NAK_DATA);  // Læser LSB 8 bit hvor 0.5 finde
  37:..\..\Labexercise2_Communicationbuses\Lab_I2C\Communicationbuses.cydsn/I2C_handler.c ****             I2C_1_MasterSendStop();    //  Data er opsamlet så der sendes stop til I2C master  
  38:..\..\Labexercise2_Communicationbuses\Lab_I2C\Communicationbuses.cydsn/I2C_handler.c **** 
  39:..\..\Labexercise2_Communicationbuses\Lab_I2C\Communicationbuses.cydsn/I2C_handler.c ****             temp = dataRecv[0]; // uint8 temperaturen sættes i float
  40:..\..\Labexercise2_Communicationbuses\Lab_I2C\Communicationbuses.cydsn/I2C_handler.c ****             if(CHECK_BIT(dataRecv[1],7) == 1)  // Tjekker om det specifikke bit er 1, dvs at man ha
  41:..\..\Labexercise2_Communicationbuses\Lab_I2C\Communicationbuses.cydsn/I2C_handler.c ****             {
  42:..\..\Labexercise2_Communicationbuses\Lab_I2C\Communicationbuses.cydsn/I2C_handler.c ****                 temp += 0.5;
  43:..\..\Labexercise2_Communicationbuses\Lab_I2C\Communicationbuses.cydsn/I2C_handler.c ****             }
  44:..\..\Labexercise2_Communicationbuses\Lab_I2C\Communicationbuses.cydsn/I2C_handler.c ****             if(CHECK_BIT(dataRecv[0],7) == 1) // Tjekker fortegn om det + eller - temperatur
  45:..\..\Labexercise2_Communicationbuses\Lab_I2C\Communicationbuses.cydsn/I2C_handler.c ****             {
  46:..\..\Labexercise2_Communicationbuses\Lab_I2C\Communicationbuses.cydsn/I2C_handler.c ****                 temp -=128;
  47:..\..\Labexercise2_Communicationbuses\Lab_I2C\Communicationbuses.cydsn/I2C_handler.c ****             }
  48:..\..\Labexercise2_Communicationbuses\Lab_I2C\Communicationbuses.cydsn/I2C_handler.c **** 
  49:..\..\Labexercise2_Communicationbuses\Lab_I2C\Communicationbuses.cydsn/I2C_handler.c ****             writeTempToUART(temp);  // Send temperature to UART
  50:..\..\Labexercise2_Communicationbuses\Lab_I2C\Communicationbuses.cydsn/I2C_handler.c ****             CyDelay(1000);  // Delay med at få ny temperatur måling
  51:..\..\Labexercise2_Communicationbuses\Lab_I2C\Communicationbuses.cydsn/I2C_handler.c ****         }
  52:..\..\Labexercise2_Communicationbuses\Lab_I2C\Communicationbuses.cydsn/I2C_handler.c ****     else if(errorStatus[0] == I2C_1_MSTR_BUS_BUSY)
  53:..\..\Labexercise2_Communicationbuses\Lab_I2C\Communicationbuses.cydsn/I2C_handler.c ****         {
  54:..\..\Labexercise2_Communicationbuses\Lab_I2C\Communicationbuses.cydsn/I2C_handler.c ****           UART_1_PutString("Error I2C_1_MSTR_BUS_BUSY\n");  // Report specifik error på UART
  55:..\..\Labexercise2_Communicationbuses\Lab_I2C\Communicationbuses.cydsn/I2C_handler.c ****           I2C_1_MasterSendStop();    //  Fejl så I2C master skal sende stop
  56:..\..\Labexercise2_Communicationbuses\Lab_I2C\Communicationbuses.cydsn/I2C_handler.c ****           CyDelay(1000);  // Delay med næste temperatur måling
  57:..\..\Labexercise2_Communicationbuses\Lab_I2C\Communicationbuses.cydsn/I2C_handler.c ****         }
  58:..\..\Labexercise2_Communicationbuses\Lab_I2C\Communicationbuses.cydsn/I2C_handler.c ****     else if(errorStatus[0] == I2C_1_MSTR_NOT_READY)
  59:..\..\Labexercise2_Communicationbuses\Lab_I2C\Communicationbuses.cydsn/I2C_handler.c ****         {
  60:..\..\Labexercise2_Communicationbuses\Lab_I2C\Communicationbuses.cydsn/I2C_handler.c ****           UART_1_PutString("Error I2C_1_MSTR_NOT_READY\n"); // Report specifik error på UART
  61:..\..\Labexercise2_Communicationbuses\Lab_I2C\Communicationbuses.cydsn/I2C_handler.c ****           I2C_1_MasterSendStop();    //  Fejl så I2C master skal sende stop
  62:..\..\Labexercise2_Communicationbuses\Lab_I2C\Communicationbuses.cydsn/I2C_handler.c ****           CyDelay(1000);  // Delay med næste temperatur måling
  63:..\..\Labexercise2_Communicationbuses\Lab_I2C\Communicationbuses.cydsn/I2C_handler.c ****         }
  64:..\..\Labexercise2_Communicationbuses\Lab_I2C\Communicationbuses.cydsn/I2C_handler.c ****     else if(errorStatus[0] == I2C_1_MSTR_ERR_LB_NAK)
  65:..\..\Labexercise2_Communicationbuses\Lab_I2C\Communicationbuses.cydsn/I2C_handler.c ****         {
  66:..\..\Labexercise2_Communicationbuses\Lab_I2C\Communicationbuses.cydsn/I2C_handler.c ****           UART_1_PutString("Error I2C_1_MSTR_ERR_LB_NAK\n"); // Report specifik error på UART
  67:..\..\Labexercise2_Communicationbuses\Lab_I2C\Communicationbuses.cydsn/I2C_handler.c ****           I2C_1_MasterSendStop();    //  Fejl så I2C master skal sende stop
  68:..\..\Labexercise2_Communicationbuses\Lab_I2C\Communicationbuses.cydsn/I2C_handler.c ****           CyDelay(1000);  // Delay med næste temperatur måling
  69:..\..\Labexercise2_Communicationbuses\Lab_I2C\Communicationbuses.cydsn/I2C_handler.c ****         }
  70:..\..\Labexercise2_Communicationbuses\Lab_I2C\Communicationbuses.cydsn/I2C_handler.c ****     else if(errorStatus[0] == I2C_1_MSTR_ERR_ARB_LOST)
  71:..\..\Labexercise2_Communicationbuses\Lab_I2C\Communicationbuses.cydsn/I2C_handler.c ****         {
  72:..\..\Labexercise2_Communicationbuses\Lab_I2C\Communicationbuses.cydsn/I2C_handler.c ****           UART_1_PutString("Error I2C_1_MSTR_ERR_ARB_LOST\n"); // Report specifik error på UART
  73:..\..\Labexercise2_Communicationbuses\Lab_I2C\Communicationbuses.cydsn/I2C_handler.c ****           I2C_1_MasterSendStop();    //  Fejl så I2C master skal sende stop
  74:..\..\Labexercise2_Communicationbuses\Lab_I2C\Communicationbuses.cydsn/I2C_handler.c ****           CyDelay(1000);  // Delay med næste temperatur måling
  75:..\..\Labexercise2_Communicationbuses\Lab_I2C\Communicationbuses.cydsn/I2C_handler.c ****         }
  76:..\..\Labexercise2_Communicationbuses\Lab_I2C\Communicationbuses.cydsn/I2C_handler.c ****     else if (errorStatus[0] == I2C_1_MSTR_ERR_ABORT_START_GEN)
  77:..\..\Labexercise2_Communicationbuses\Lab_I2C\Communicationbuses.cydsn/I2C_handler.c ****         {
  78:..\..\Labexercise2_Communicationbuses\Lab_I2C\Communicationbuses.cydsn/I2C_handler.c ****           UART_1_PutString("Error I2C_1_MSTR_ERR_ABORT_START_GE\n"); // Report specifik error på U
  79:..\..\Labexercise2_Communicationbuses\Lab_I2C\Communicationbuses.cydsn/I2C_handler.c ****           I2C_1_MasterSendStop();    //  Fejl så I2C master skal sende stop
  80:..\..\Labexercise2_Communicationbuses\Lab_I2C\Communicationbuses.cydsn/I2C_handler.c ****           CyDelay(1000);  // Delay med næste temperatur måling
  81:..\..\Labexercise2_Communicationbuses\Lab_I2C\Communicationbuses.cydsn/I2C_handler.c ****         }
  82:..\..\Labexercise2_Communicationbuses\Lab_I2C\Communicationbuses.cydsn/I2C_handler.c ****     
  83:..\..\Labexercise2_Communicationbuses\Lab_I2C\Communicationbuses.cydsn/I2C_handler.c ****     }  //While(1) 
  84:..\..\Labexercise2_Communicationbuses\Lab_I2C\Communicationbuses.cydsn/I2C_handler.c ****     return 0;
  85:..\..\Labexercise2_Communicationbuses\Lab_I2C\Communicationbuses.cydsn/I2C_handler.c **** }
  86:..\..\Labexercise2_Communicationbuses\Lab_I2C\Communicationbuses.cydsn/I2C_handler.c **** 
ARM GAS  C:\Users\Simon\AppData\Local\Temp\ccADjWCj.s 			page 3


  87:..\..\Labexercise2_Communicationbuses\Lab_I2C\Communicationbuses.cydsn/I2C_handler.c **** void writeTempToUART(float temp) // Udprintning til UART temperaturen af første LM75
  88:..\..\Labexercise2_Communicationbuses\Lab_I2C\Communicationbuses.cydsn/I2C_handler.c **** {
  29              		.loc 1 88 0
  30              		.cfi_startproc
  31              		@ args = 0, pretend = 0, frame = 256
  32              		@ frame_needed = 0, uses_anonymous_args = 0
  33              	.LVL0:
  34 0000 00B5     		push	{lr}
  35              		.cfi_def_cfa_offset 4
  36              		.cfi_offset 14, -4
  37 0002 C3B0     		sub	sp, sp, #268
  38              		.cfi_def_cfa_offset 272
  89:..\..\Labexercise2_Communicationbuses\Lab_I2C\Communicationbuses.cydsn/I2C_handler.c ****     char outputBuffer[256];
  90:..\..\Labexercise2_Communicationbuses\Lab_I2C\Communicationbuses.cydsn/I2C_handler.c ****     snprintf(outputBuffer, sizeof(outputBuffer), "Temp 1: %.2f \r\n", temp);
  39              		.loc 1 90 0
  40 0004 FFF7FEFF 		bl	__aeabi_f2d
  41              	.LVL1:
  42 0008 CDE90001 		strd	r0, [sp]
  43 000c 054A     		ldr	r2, .L3
  44 000e 4FF48071 		mov	r1, #256
  45 0012 02A8     		add	r0, sp, #8
  46 0014 FFF7FEFF 		bl	snprintf
  47              	.LVL2:
  91:..\..\Labexercise2_Communicationbuses\Lab_I2C\Communicationbuses.cydsn/I2C_handler.c ****     UART_1_PutString(outputBuffer);
  48              		.loc 1 91 0
  49 0018 02A8     		add	r0, sp, #8
  50 001a FFF7FEFF 		bl	UART_1_PutString
  51              	.LVL3:
  92:..\..\Labexercise2_Communicationbuses\Lab_I2C\Communicationbuses.cydsn/I2C_handler.c **** }
  52              		.loc 1 92 0
  53 001e 43B0     		add	sp, sp, #268
  54              		.cfi_def_cfa_offset 4
  55              		@ sp needed
  56 0020 5DF804FB 		ldr	pc, [sp], #4
  57              	.L4:
  58              		.align	2
  59              	.L3:
  60 0024 00000000 		.word	.LC0
  61              		.cfi_endproc
  62              	.LFE65:
  63              		.size	writeTempToUART, .-writeTempToUART
  64              		.global	__aeabi_ui2f
  65              		.global	__aeabi_fadd
  66              		.global	__aeabi_fsub
  67              		.section	.text.readTemp,"ax",%progbits
  68              		.align	2
  69              		.global	readTemp
  70              		.thumb
  71              		.thumb_func
  72              		.type	readTemp, %function
  73              	readTemp:
  74              	.LFB64:
  24:..\..\Labexercise2_Communicationbuses\Lab_I2C\Communicationbuses.cydsn/I2C_handler.c ****     //Variabler 
  75              		.loc 1 24 0
  76              		.cfi_startproc
  77              		@ args = 0, pretend = 0, frame = 0
  78              		@ frame_needed = 0, uses_anonymous_args = 0
ARM GAS  C:\Users\Simon\AppData\Local\Temp\ccADjWCj.s 			page 4


  79 0000 38B5     		push	{r3, r4, r5, lr}
  80              		.cfi_def_cfa_offset 16
  81              		.cfi_offset 3, -16
  82              		.cfi_offset 4, -12
  83              		.cfi_offset 5, -8
  84              		.cfi_offset 14, -4
  85              	.L6:
  32:..\..\Labexercise2_Communicationbuses\Lab_I2C\Communicationbuses.cydsn/I2C_handler.c ****     if (errorStatus[0] == I2C_1_MSTR_NO_ERROR)  // Tjekker for fejl
  86              		.loc 1 32 0
  87 0002 0121     		movs	r1, #1
  88 0004 4820     		movs	r0, #72
  89 0006 FFF7FEFF 		bl	I2C_1_MasterSendStart
  90              	.LVL4:
  33:..\..\Labexercise2_Communicationbuses\Lab_I2C\Communicationbuses.cydsn/I2C_handler.c ****         {
  91              		.loc 1 33 0
  92 000a 08BB     		cbnz	r0, .L7
  35:..\..\Labexercise2_Communicationbuses\Lab_I2C\Communicationbuses.cydsn/I2C_handler.c ****             dataRecv[1] = I2C_1_MasterReadByte(I2C_1_NAK_DATA);  // Læser LSB 8 bit hvor 0.5 finde
  93              		.loc 1 35 0
  94 000c 0120     		movs	r0, #1
  95 000e FFF7FEFF 		bl	I2C_1_MasterReadByte
  96              	.LVL5:
  97 0012 0446     		mov	r4, r0
  36:..\..\Labexercise2_Communicationbuses\Lab_I2C\Communicationbuses.cydsn/I2C_handler.c ****             I2C_1_MasterSendStop();    //  Data er opsamlet så der sendes stop til I2C master  
  98              		.loc 1 36 0
  99 0014 0020     		movs	r0, #0
 100 0016 FFF7FEFF 		bl	I2C_1_MasterReadByte
 101              	.LVL6:
 102 001a 0546     		mov	r5, r0
  37:..\..\Labexercise2_Communicationbuses\Lab_I2C\Communicationbuses.cydsn/I2C_handler.c **** 
 103              		.loc 1 37 0
 104 001c FFF7FEFF 		bl	I2C_1_MasterSendStop
 105              	.LVL7:
  39:..\..\Labexercise2_Communicationbuses\Lab_I2C\Communicationbuses.cydsn/I2C_handler.c ****             if(CHECK_BIT(dataRecv[1],7) == 1)  // Tjekker om det specifikke bit er 1, dvs at man ha
 106              		.loc 1 39 0
 107 0020 2046     		mov	r0, r4
 108 0022 FFF7FEFF 		bl	__aeabi_ui2f
 109              	.LVL8:
  40:..\..\Labexercise2_Communicationbuses\Lab_I2C\Communicationbuses.cydsn/I2C_handler.c ****             {
 110              		.loc 1 40 0
 111 0026 C5F3C715 		ubfx	r5, r5, #7, #8
 112 002a 1DB1     		cbz	r5, .L8
  42:..\..\Labexercise2_Communicationbuses\Lab_I2C\Communicationbuses.cydsn/I2C_handler.c ****             }
 113              		.loc 1 42 0
 114 002c 4FF07C51 		mov	r1, #1056964608
 115 0030 FFF7FEFF 		bl	__aeabi_fadd
 116              	.LVL9:
 117              	.L8:
  44:..\..\Labexercise2_Communicationbuses\Lab_I2C\Communicationbuses.cydsn/I2C_handler.c ****             {
 118              		.loc 1 44 0
 119 0034 C4F3C714 		ubfx	r4, r4, #7, #8
 120 0038 1CB1     		cbz	r4, .L9
  46:..\..\Labexercise2_Communicationbuses\Lab_I2C\Communicationbuses.cydsn/I2C_handler.c ****             }
 121              		.loc 1 46 0
 122 003a 4FF08641 		mov	r1, #1124073472
 123 003e FFF7FEFF 		bl	__aeabi_fsub
 124              	.LVL10:
 125              	.L9:
ARM GAS  C:\Users\Simon\AppData\Local\Temp\ccADjWCj.s 			page 5


  49:..\..\Labexercise2_Communicationbuses\Lab_I2C\Communicationbuses.cydsn/I2C_handler.c ****             CyDelay(1000);  // Delay med at få ny temperatur måling
 126              		.loc 1 49 0
 127 0042 FFF7FEFF 		bl	writeTempToUART
 128              	.LVL11:
  50:..\..\Labexercise2_Communicationbuses\Lab_I2C\Communicationbuses.cydsn/I2C_handler.c ****         }
 129              		.loc 1 50 0
 130 0046 4FF47A70 		mov	r0, #1000
 131 004a FFF7FEFF 		bl	CyDelay
 132              	.LVL12:
 133 004e D8E7     		b	.L6
 134              	.L7:
  52:..\..\Labexercise2_Communicationbuses\Lab_I2C\Communicationbuses.cydsn/I2C_handler.c ****         {
 135              		.loc 1 52 0
 136 0050 0128     		cmp	r0, #1
 137 0052 09D1     		bne	.L11
  54:..\..\Labexercise2_Communicationbuses\Lab_I2C\Communicationbuses.cydsn/I2C_handler.c ****           I2C_1_MasterSendStop();    //  Fejl så I2C master skal sende stop
 138              		.loc 1 54 0
 139 0054 1C48     		ldr	r0, .L16
 140 0056 FFF7FEFF 		bl	UART_1_PutString
 141              	.LVL13:
  55:..\..\Labexercise2_Communicationbuses\Lab_I2C\Communicationbuses.cydsn/I2C_handler.c ****           CyDelay(1000);  // Delay med næste temperatur måling
 142              		.loc 1 55 0
 143 005a FFF7FEFF 		bl	I2C_1_MasterSendStop
 144              	.LVL14:
  56:..\..\Labexercise2_Communicationbuses\Lab_I2C\Communicationbuses.cydsn/I2C_handler.c ****         }
 145              		.loc 1 56 0
 146 005e 4FF47A70 		mov	r0, #1000
 147 0062 FFF7FEFF 		bl	CyDelay
 148              	.LVL15:
 149 0066 CCE7     		b	.L6
 150              	.L11:
  58:..\..\Labexercise2_Communicationbuses\Lab_I2C\Communicationbuses.cydsn/I2C_handler.c ****         {
 151              		.loc 1 58 0
 152 0068 0228     		cmp	r0, #2
 153 006a 09D1     		bne	.L12
  60:..\..\Labexercise2_Communicationbuses\Lab_I2C\Communicationbuses.cydsn/I2C_handler.c ****           I2C_1_MasterSendStop();    //  Fejl så I2C master skal sende stop
 154              		.loc 1 60 0
 155 006c 1748     		ldr	r0, .L16+4
 156 006e FFF7FEFF 		bl	UART_1_PutString
 157              	.LVL16:
  61:..\..\Labexercise2_Communicationbuses\Lab_I2C\Communicationbuses.cydsn/I2C_handler.c ****           CyDelay(1000);  // Delay med næste temperatur måling
 158              		.loc 1 61 0
 159 0072 FFF7FEFF 		bl	I2C_1_MasterSendStop
 160              	.LVL17:
  62:..\..\Labexercise2_Communicationbuses\Lab_I2C\Communicationbuses.cydsn/I2C_handler.c ****         }
 161              		.loc 1 62 0
 162 0076 4FF47A70 		mov	r0, #1000
 163 007a FFF7FEFF 		bl	CyDelay
 164              	.LVL18:
 165 007e C0E7     		b	.L6
 166              	.L12:
  64:..\..\Labexercise2_Communicationbuses\Lab_I2C\Communicationbuses.cydsn/I2C_handler.c ****         {
 167              		.loc 1 64 0
 168 0080 0328     		cmp	r0, #3
 169 0082 09D1     		bne	.L13
  66:..\..\Labexercise2_Communicationbuses\Lab_I2C\Communicationbuses.cydsn/I2C_handler.c ****           I2C_1_MasterSendStop();    //  Fejl så I2C master skal sende stop
 170              		.loc 1 66 0
ARM GAS  C:\Users\Simon\AppData\Local\Temp\ccADjWCj.s 			page 6


 171 0084 1248     		ldr	r0, .L16+8
 172 0086 FFF7FEFF 		bl	UART_1_PutString
 173              	.LVL19:
  67:..\..\Labexercise2_Communicationbuses\Lab_I2C\Communicationbuses.cydsn/I2C_handler.c ****           CyDelay(1000);  // Delay med næste temperatur måling
 174              		.loc 1 67 0
 175 008a FFF7FEFF 		bl	I2C_1_MasterSendStop
 176              	.LVL20:
  68:..\..\Labexercise2_Communicationbuses\Lab_I2C\Communicationbuses.cydsn/I2C_handler.c ****         }
 177              		.loc 1 68 0
 178 008e 4FF47A70 		mov	r0, #1000
 179 0092 FFF7FEFF 		bl	CyDelay
 180              	.LVL21:
 181 0096 B4E7     		b	.L6
 182              	.L13:
  70:..\..\Labexercise2_Communicationbuses\Lab_I2C\Communicationbuses.cydsn/I2C_handler.c ****         {
 183              		.loc 1 70 0
 184 0098 0428     		cmp	r0, #4
 185 009a 09D1     		bne	.L14
  72:..\..\Labexercise2_Communicationbuses\Lab_I2C\Communicationbuses.cydsn/I2C_handler.c ****           I2C_1_MasterSendStop();    //  Fejl så I2C master skal sende stop
 186              		.loc 1 72 0
 187 009c 0D48     		ldr	r0, .L16+12
 188 009e FFF7FEFF 		bl	UART_1_PutString
 189              	.LVL22:
  73:..\..\Labexercise2_Communicationbuses\Lab_I2C\Communicationbuses.cydsn/I2C_handler.c ****           CyDelay(1000);  // Delay med næste temperatur måling
 190              		.loc 1 73 0
 191 00a2 FFF7FEFF 		bl	I2C_1_MasterSendStop
 192              	.LVL23:
  74:..\..\Labexercise2_Communicationbuses\Lab_I2C\Communicationbuses.cydsn/I2C_handler.c ****         }
 193              		.loc 1 74 0
 194 00a6 4FF47A70 		mov	r0, #1000
 195 00aa FFF7FEFF 		bl	CyDelay
 196              	.LVL24:
 197 00ae A8E7     		b	.L6
 198              	.L14:
  76:..\..\Labexercise2_Communicationbuses\Lab_I2C\Communicationbuses.cydsn/I2C_handler.c ****         {
 199              		.loc 1 76 0
 200 00b0 0528     		cmp	r0, #5
 201 00b2 A6D1     		bne	.L6
  78:..\..\Labexercise2_Communicationbuses\Lab_I2C\Communicationbuses.cydsn/I2C_handler.c ****           I2C_1_MasterSendStop();    //  Fejl så I2C master skal sende stop
 202              		.loc 1 78 0
 203 00b4 0848     		ldr	r0, .L16+16
 204 00b6 FFF7FEFF 		bl	UART_1_PutString
 205              	.LVL25:
  79:..\..\Labexercise2_Communicationbuses\Lab_I2C\Communicationbuses.cydsn/I2C_handler.c ****           CyDelay(1000);  // Delay med næste temperatur måling
 206              		.loc 1 79 0
 207 00ba FFF7FEFF 		bl	I2C_1_MasterSendStop
 208              	.LVL26:
  80:..\..\Labexercise2_Communicationbuses\Lab_I2C\Communicationbuses.cydsn/I2C_handler.c ****         }
 209              		.loc 1 80 0
 210 00be 4FF47A70 		mov	r0, #1000
 211 00c2 FFF7FEFF 		bl	CyDelay
 212              	.LVL27:
 213 00c6 9CE7     		b	.L6
 214              	.L17:
 215              		.align	2
 216              	.L16:
 217 00c8 10000000 		.word	.LC1
ARM GAS  C:\Users\Simon\AppData\Local\Temp\ccADjWCj.s 			page 7


 218 00cc 2C000000 		.word	.LC2
 219 00d0 48000000 		.word	.LC3
 220 00d4 68000000 		.word	.LC4
 221 00d8 88000000 		.word	.LC5
 222              		.cfi_endproc
 223              	.LFE64:
 224              		.size	readTemp, .-readTemp
 225              		.section	.rodata.str1.4,"aMS",%progbits,1
 226              		.align	2
 227              	.LC0:
 228 0000 54656D70 		.ascii	"Temp 1: %.2f \015\012\000"
 228      20313A20 
 228      252E3266 
 228      200D0A00 
 229              	.LC1:
 230 0010 4572726F 		.ascii	"Error I2C_1_MSTR_BUS_BUSY\012\000"
 230      72204932 
 230      435F315F 
 230      4D535452 
 230      5F425553 
 231 002b 00       		.space	1
 232              	.LC2:
 233 002c 4572726F 		.ascii	"Error I2C_1_MSTR_NOT_READY\012\000"
 233      72204932 
 233      435F315F 
 233      4D535452 
 233      5F4E4F54 
 234              	.LC3:
 235 0048 4572726F 		.ascii	"Error I2C_1_MSTR_ERR_LB_NAK\012\000"
 235      72204932 
 235      435F315F 
 235      4D535452 
 235      5F455252 
 236 0065 000000   		.space	3
 237              	.LC4:
 238 0068 4572726F 		.ascii	"Error I2C_1_MSTR_ERR_ARB_LOST\012\000"
 238      72204932 
 238      435F315F 
 238      4D535452 
 238      5F455252 
 239 0087 00       		.space	1
 240              	.LC5:
 241 0088 4572726F 		.ascii	"Error I2C_1_MSTR_ERR_ABORT_START_GE\012\000"
 241      72204932 
 241      435F315F 
 241      4D535452 
 241      5F455252 
 242              		.text
 243              	.Letext0:
 244              		.file 2 "c:\\program files (x86)\\cypress\\psoc creator\\4.3\\psoc creator\\import\\gnu\\arm\\5.4.
 245              		.file 3 "c:\\program files (x86)\\cypress\\psoc creator\\4.3\\psoc creator\\import\\gnu\\arm\\5.4.
 246              		.file 4 "Generated_Source\\PSoC5/cytypes.h"
 247              		.file 5 "c:\\program files (x86)\\cypress\\psoc creator\\4.3\\psoc creator\\import\\gnu\\arm\\5.4.
 248              		.file 6 "Generated_Source\\PSoC5/UART_1.h"
 249              		.file 7 "Generated_Source\\PSoC5/I2C_1.h"
 250              		.file 8 "Generated_Source\\PSoC5/CyLib.h"
 251              		.file 9 "Generated_Source\\PSoC5/core_cm3.h"
ARM GAS  C:\Users\Simon\AppData\Local\Temp\ccADjWCj.s 			page 8


 252              		.section	.debug_info,"",%progbits
 253              	.Ldebug_info0:
 254 0000 40030000 		.4byte	0x340
 255 0004 0400     		.2byte	0x4
 256 0006 00000000 		.4byte	.Ldebug_abbrev0
 257 000a 04       		.byte	0x4
 258 000b 01       		.uleb128 0x1
 259 000c 5B000000 		.4byte	.LASF28
 260 0010 0C       		.byte	0xc
 261 0011 F6000000 		.4byte	.LASF29
 262 0015 9E010000 		.4byte	.LASF30
 263 0019 00000000 		.4byte	.Ldebug_ranges0+0
 264 001d 00000000 		.4byte	0
 265 0021 00000000 		.4byte	.Ldebug_line0
 266 0025 02       		.uleb128 0x2
 267 0026 04       		.byte	0x4
 268 0027 04       		.byte	0x4
 269 0028 47000000 		.4byte	.LASF0
 270 002c 02       		.uleb128 0x2
 271 002d 01       		.byte	0x1
 272 002e 06       		.byte	0x6
 273 002f 94020000 		.4byte	.LASF1
 274 0033 02       		.uleb128 0x2
 275 0034 01       		.byte	0x1
 276 0035 08       		.byte	0x8
 277 0036 4D000000 		.4byte	.LASF2
 278 003a 02       		.uleb128 0x2
 279 003b 02       		.byte	0x2
 280 003c 05       		.byte	0x5
 281 003d 5A020000 		.4byte	.LASF3
 282 0041 02       		.uleb128 0x2
 283 0042 02       		.byte	0x2
 284 0043 07       		.byte	0x7
 285 0044 62010000 		.4byte	.LASF4
 286 0048 03       		.uleb128 0x3
 287 0049 09000000 		.4byte	.LASF10
 288 004d 02       		.byte	0x2
 289 004e 3F       		.byte	0x3f
 290 004f 53000000 		.4byte	0x53
 291 0053 02       		.uleb128 0x2
 292 0054 04       		.byte	0x4
 293 0055 05       		.byte	0x5
 294 0056 7F020000 		.4byte	.LASF5
 295 005a 02       		.uleb128 0x2
 296 005b 04       		.byte	0x4
 297 005c 07       		.byte	0x7
 298 005d 4B010000 		.4byte	.LASF6
 299 0061 02       		.uleb128 0x2
 300 0062 08       		.byte	0x8
 301 0063 05       		.byte	0x5
 302 0064 32020000 		.4byte	.LASF7
 303 0068 02       		.uleb128 0x2
 304 0069 08       		.byte	0x8
 305 006a 07       		.byte	0x7
 306 006b 0A020000 		.4byte	.LASF8
 307 006f 04       		.uleb128 0x4
 308 0070 04       		.byte	0x4
ARM GAS  C:\Users\Simon\AppData\Local\Temp\ccADjWCj.s 			page 9


 309 0071 05       		.byte	0x5
 310 0072 696E7400 		.ascii	"int\000"
 311 0076 02       		.uleb128 0x2
 312 0077 04       		.byte	0x4
 313 0078 07       		.byte	0x7
 314 0079 FD010000 		.4byte	.LASF9
 315 007d 03       		.uleb128 0x3
 316 007e 21020000 		.4byte	.LASF11
 317 0082 03       		.byte	0x3
 318 0083 2C       		.byte	0x2c
 319 0084 48000000 		.4byte	0x48
 320 0088 05       		.uleb128 0x5
 321 0089 64020000 		.4byte	.LASF12
 322 008d 04       		.byte	0x4
 323 008e 9201     		.2byte	0x192
 324 0090 33000000 		.4byte	0x33
 325 0094 05       		.uleb128 0x5
 326 0095 89010000 		.4byte	.LASF13
 327 0099 04       		.byte	0x4
 328 009a 9501     		.2byte	0x195
 329 009c 2C000000 		.4byte	0x2c
 330 00a0 02       		.uleb128 0x2
 331 00a1 08       		.byte	0x8
 332 00a2 04       		.byte	0x4
 333 00a3 82010000 		.4byte	.LASF14
 334 00a7 02       		.uleb128 0x2
 335 00a8 01       		.byte	0x1
 336 00a9 08       		.byte	0x8
 337 00aa 55020000 		.4byte	.LASF15
 338 00ae 02       		.uleb128 0x2
 339 00af 08       		.byte	0x8
 340 00b0 04       		.byte	0x4
 341 00b1 88020000 		.4byte	.LASF16
 342 00b5 02       		.uleb128 0x2
 343 00b6 04       		.byte	0x4
 344 00b7 07       		.byte	0x7
 345 00b8 29020000 		.4byte	.LASF17
 346 00bc 06       		.uleb128 0x6
 347 00bd 8E010000 		.4byte	.LASF31
 348 00c1 01       		.byte	0x1
 349 00c2 57       		.byte	0x57
 350 00c3 00000000 		.4byte	.LFB65
 351 00c7 28000000 		.4byte	.LFE65-.LFB65
 352 00cb 01       		.uleb128 0x1
 353 00cc 9C       		.byte	0x9c
 354 00cd 26010000 		.4byte	0x126
 355 00d1 07       		.uleb128 0x7
 356 00d2 5D010000 		.4byte	.LASF21
 357 00d6 01       		.byte	0x1
 358 00d7 57       		.byte	0x57
 359 00d8 25000000 		.4byte	0x25
 360 00dc 00000000 		.4byte	.LLST0
 361 00e0 08       		.uleb128 0x8
 362 00e1 E9000000 		.4byte	.LASF20
 363 00e5 01       		.byte	0x1
 364 00e6 59       		.byte	0x59
 365 00e7 26010000 		.4byte	0x126
ARM GAS  C:\Users\Simon\AppData\Local\Temp\ccADjWCj.s 			page 10


 366 00eb 03       		.uleb128 0x3
 367 00ec 91       		.byte	0x91
 368 00ed F87D     		.sleb128 -264
 369 00ef 09       		.uleb128 0x9
 370 00f0 18000000 		.4byte	.LVL2
 371 00f4 01030000 		.4byte	0x301
 372 00f8 14010000 		.4byte	0x114
 373 00fc 0A       		.uleb128 0xa
 374 00fd 01       		.uleb128 0x1
 375 00fe 50       		.byte	0x50
 376 00ff 03       		.uleb128 0x3
 377 0100 91       		.byte	0x91
 378 0101 F87D     		.sleb128 -264
 379 0103 0A       		.uleb128 0xa
 380 0104 01       		.uleb128 0x1
 381 0105 51       		.byte	0x51
 382 0106 03       		.uleb128 0x3
 383 0107 0A       		.byte	0xa
 384 0108 0001     		.2byte	0x100
 385 010a 0A       		.uleb128 0xa
 386 010b 01       		.uleb128 0x1
 387 010c 52       		.byte	0x52
 388 010d 05       		.uleb128 0x5
 389 010e 03       		.byte	0x3
 390 010f 00000000 		.4byte	.LC0
 391 0113 00       		.byte	0
 392 0114 0B       		.uleb128 0xb
 393 0115 1E000000 		.4byte	.LVL3
 394 0119 0C030000 		.4byte	0x30c
 395 011d 0A       		.uleb128 0xa
 396 011e 01       		.uleb128 0x1
 397 011f 50       		.byte	0x50
 398 0120 03       		.uleb128 0x3
 399 0121 91       		.byte	0x91
 400 0122 F87D     		.sleb128 -264
 401 0124 00       		.byte	0
 402 0125 00       		.byte	0
 403 0126 0C       		.uleb128 0xc
 404 0127 A7000000 		.4byte	0xa7
 405 012b 36010000 		.4byte	0x136
 406 012f 0D       		.uleb128 0xd
 407 0130 B5000000 		.4byte	0xb5
 408 0134 FF       		.byte	0xff
 409 0135 00       		.byte	0
 410 0136 0E       		.uleb128 0xe
 411 0137 32000000 		.4byte	.LASF32
 412 013b 01       		.byte	0x1
 413 013c 17       		.byte	0x17
 414 013d 94000000 		.4byte	0x94
 415 0141 00000000 		.4byte	.LFB64
 416 0145 DC000000 		.4byte	.LFE64-.LFB64
 417 0149 01       		.uleb128 0x1
 418 014a 9C       		.byte	0x9c
 419 014b E0020000 		.4byte	0x2e0
 420 014f 0F       		.uleb128 0xf
 421 0150 00000000 		.4byte	.LASF18
 422 0154 01       		.byte	0x1
ARM GAS  C:\Users\Simon\AppData\Local\Temp\ccADjWCj.s 			page 11


 423 0155 1A       		.byte	0x1a
 424 0156 E0020000 		.4byte	0x2e0
 425 015a 0F       		.uleb128 0xf
 426 015b 3B000000 		.4byte	.LASF19
 427 015f 01       		.byte	0x1
 428 0160 1B       		.byte	0x1b
 429 0161 E0020000 		.4byte	0x2e0
 430 0165 10       		.uleb128 0x10
 431 0166 5D010000 		.4byte	.LASF21
 432 016a 01       		.byte	0x1
 433 016b 1C       		.byte	0x1c
 434 016c 25000000 		.4byte	0x25
 435 0170 23000000 		.4byte	.LLST1
 436 0174 09       		.uleb128 0x9
 437 0175 0A000000 		.4byte	.LVL4
 438 0179 17030000 		.4byte	0x317
 439 017d 8D010000 		.4byte	0x18d
 440 0181 0A       		.uleb128 0xa
 441 0182 01       		.uleb128 0x1
 442 0183 50       		.byte	0x50
 443 0184 02       		.uleb128 0x2
 444 0185 08       		.byte	0x8
 445 0186 48       		.byte	0x48
 446 0187 0A       		.uleb128 0xa
 447 0188 01       		.uleb128 0x1
 448 0189 51       		.byte	0x51
 449 018a 01       		.uleb128 0x1
 450 018b 31       		.byte	0x31
 451 018c 00       		.byte	0
 452 018d 09       		.uleb128 0x9
 453 018e 12000000 		.4byte	.LVL5
 454 0192 22030000 		.4byte	0x322
 455 0196 A0010000 		.4byte	0x1a0
 456 019a 0A       		.uleb128 0xa
 457 019b 01       		.uleb128 0x1
 458 019c 50       		.byte	0x50
 459 019d 01       		.uleb128 0x1
 460 019e 31       		.byte	0x31
 461 019f 00       		.byte	0
 462 01a0 09       		.uleb128 0x9
 463 01a1 1A000000 		.4byte	.LVL6
 464 01a5 22030000 		.4byte	0x322
 465 01a9 B3010000 		.4byte	0x1b3
 466 01ad 0A       		.uleb128 0xa
 467 01ae 01       		.uleb128 0x1
 468 01af 50       		.byte	0x50
 469 01b0 01       		.uleb128 0x1
 470 01b1 30       		.byte	0x30
 471 01b2 00       		.byte	0
 472 01b3 11       		.uleb128 0x11
 473 01b4 20000000 		.4byte	.LVL7
 474 01b8 2D030000 		.4byte	0x32d
 475 01bc 11       		.uleb128 0x11
 476 01bd 46000000 		.4byte	.LVL11
 477 01c1 BC000000 		.4byte	0xbc
 478 01c5 09       		.uleb128 0x9
 479 01c6 4E000000 		.4byte	.LVL12
ARM GAS  C:\Users\Simon\AppData\Local\Temp\ccADjWCj.s 			page 12


 480 01ca 38030000 		.4byte	0x338
 481 01ce DA010000 		.4byte	0x1da
 482 01d2 0A       		.uleb128 0xa
 483 01d3 01       		.uleb128 0x1
 484 01d4 50       		.byte	0x50
 485 01d5 03       		.uleb128 0x3
 486 01d6 0A       		.byte	0xa
 487 01d7 E803     		.2byte	0x3e8
 488 01d9 00       		.byte	0
 489 01da 09       		.uleb128 0x9
 490 01db 5A000000 		.4byte	.LVL13
 491 01df 0C030000 		.4byte	0x30c
 492 01e3 F1010000 		.4byte	0x1f1
 493 01e7 0A       		.uleb128 0xa
 494 01e8 01       		.uleb128 0x1
 495 01e9 50       		.byte	0x50
 496 01ea 05       		.uleb128 0x5
 497 01eb 03       		.byte	0x3
 498 01ec 10000000 		.4byte	.LC1
 499 01f0 00       		.byte	0
 500 01f1 11       		.uleb128 0x11
 501 01f2 5E000000 		.4byte	.LVL14
 502 01f6 2D030000 		.4byte	0x32d
 503 01fa 09       		.uleb128 0x9
 504 01fb 66000000 		.4byte	.LVL15
 505 01ff 38030000 		.4byte	0x338
 506 0203 0F020000 		.4byte	0x20f
 507 0207 0A       		.uleb128 0xa
 508 0208 01       		.uleb128 0x1
 509 0209 50       		.byte	0x50
 510 020a 03       		.uleb128 0x3
 511 020b 0A       		.byte	0xa
 512 020c E803     		.2byte	0x3e8
 513 020e 00       		.byte	0
 514 020f 09       		.uleb128 0x9
 515 0210 72000000 		.4byte	.LVL16
 516 0214 0C030000 		.4byte	0x30c
 517 0218 26020000 		.4byte	0x226
 518 021c 0A       		.uleb128 0xa
 519 021d 01       		.uleb128 0x1
 520 021e 50       		.byte	0x50
 521 021f 05       		.uleb128 0x5
 522 0220 03       		.byte	0x3
 523 0221 2C000000 		.4byte	.LC2
 524 0225 00       		.byte	0
 525 0226 11       		.uleb128 0x11
 526 0227 76000000 		.4byte	.LVL17
 527 022b 2D030000 		.4byte	0x32d
 528 022f 09       		.uleb128 0x9
 529 0230 7E000000 		.4byte	.LVL18
 530 0234 38030000 		.4byte	0x338
 531 0238 44020000 		.4byte	0x244
 532 023c 0A       		.uleb128 0xa
 533 023d 01       		.uleb128 0x1
 534 023e 50       		.byte	0x50
 535 023f 03       		.uleb128 0x3
 536 0240 0A       		.byte	0xa
ARM GAS  C:\Users\Simon\AppData\Local\Temp\ccADjWCj.s 			page 13


 537 0241 E803     		.2byte	0x3e8
 538 0243 00       		.byte	0
 539 0244 09       		.uleb128 0x9
 540 0245 8A000000 		.4byte	.LVL19
 541 0249 0C030000 		.4byte	0x30c
 542 024d 5B020000 		.4byte	0x25b
 543 0251 0A       		.uleb128 0xa
 544 0252 01       		.uleb128 0x1
 545 0253 50       		.byte	0x50
 546 0254 05       		.uleb128 0x5
 547 0255 03       		.byte	0x3
 548 0256 48000000 		.4byte	.LC3
 549 025a 00       		.byte	0
 550 025b 11       		.uleb128 0x11
 551 025c 8E000000 		.4byte	.LVL20
 552 0260 2D030000 		.4byte	0x32d
 553 0264 09       		.uleb128 0x9
 554 0265 96000000 		.4byte	.LVL21
 555 0269 38030000 		.4byte	0x338
 556 026d 79020000 		.4byte	0x279
 557 0271 0A       		.uleb128 0xa
 558 0272 01       		.uleb128 0x1
 559 0273 50       		.byte	0x50
 560 0274 03       		.uleb128 0x3
 561 0275 0A       		.byte	0xa
 562 0276 E803     		.2byte	0x3e8
 563 0278 00       		.byte	0
 564 0279 09       		.uleb128 0x9
 565 027a A2000000 		.4byte	.LVL22
 566 027e 0C030000 		.4byte	0x30c
 567 0282 90020000 		.4byte	0x290
 568 0286 0A       		.uleb128 0xa
 569 0287 01       		.uleb128 0x1
 570 0288 50       		.byte	0x50
 571 0289 05       		.uleb128 0x5
 572 028a 03       		.byte	0x3
 573 028b 68000000 		.4byte	.LC4
 574 028f 00       		.byte	0
 575 0290 11       		.uleb128 0x11
 576 0291 A6000000 		.4byte	.LVL23
 577 0295 2D030000 		.4byte	0x32d
 578 0299 09       		.uleb128 0x9
 579 029a AE000000 		.4byte	.LVL24
 580 029e 38030000 		.4byte	0x338
 581 02a2 AE020000 		.4byte	0x2ae
 582 02a6 0A       		.uleb128 0xa
 583 02a7 01       		.uleb128 0x1
 584 02a8 50       		.byte	0x50
 585 02a9 03       		.uleb128 0x3
 586 02aa 0A       		.byte	0xa
 587 02ab E803     		.2byte	0x3e8
 588 02ad 00       		.byte	0
 589 02ae 09       		.uleb128 0x9
 590 02af BA000000 		.4byte	.LVL25
 591 02b3 0C030000 		.4byte	0x30c
 592 02b7 C5020000 		.4byte	0x2c5
 593 02bb 0A       		.uleb128 0xa
ARM GAS  C:\Users\Simon\AppData\Local\Temp\ccADjWCj.s 			page 14


 594 02bc 01       		.uleb128 0x1
 595 02bd 50       		.byte	0x50
 596 02be 05       		.uleb128 0x5
 597 02bf 03       		.byte	0x3
 598 02c0 88000000 		.4byte	.LC5
 599 02c4 00       		.byte	0
 600 02c5 11       		.uleb128 0x11
 601 02c6 BE000000 		.4byte	.LVL26
 602 02ca 2D030000 		.4byte	0x32d
 603 02ce 0B       		.uleb128 0xb
 604 02cf C6000000 		.4byte	.LVL27
 605 02d3 38030000 		.4byte	0x338
 606 02d7 0A       		.uleb128 0xa
 607 02d8 01       		.uleb128 0x1
 608 02d9 50       		.byte	0x50
 609 02da 03       		.uleb128 0x3
 610 02db 0A       		.byte	0xa
 611 02dc E803     		.2byte	0x3e8
 612 02de 00       		.byte	0
 613 02df 00       		.byte	0
 614 02e0 0C       		.uleb128 0xc
 615 02e1 88000000 		.4byte	0x88
 616 02e5 F0020000 		.4byte	0x2f0
 617 02e9 0D       		.uleb128 0xd
 618 02ea B5000000 		.4byte	0xb5
 619 02ee 01       		.byte	0x1
 620 02ef 00       		.byte	0
 621 02f0 12       		.uleb128 0x12
 622 02f1 75010000 		.4byte	.LASF33
 623 02f5 09       		.byte	0x9
 624 02f6 9606     		.2byte	0x696
 625 02f8 FC020000 		.4byte	0x2fc
 626 02fc 13       		.uleb128 0x13
 627 02fd 7D000000 		.4byte	0x7d
 628 0301 14       		.uleb128 0x14
 629 0302 29000000 		.4byte	.LASF22
 630 0306 29000000 		.4byte	.LASF22
 631 030a 05       		.byte	0x5
 632 030b FD       		.byte	0xfd
 633 030c 14       		.uleb128 0x14
 634 030d A0020000 		.4byte	.LASF23
 635 0311 A0020000 		.4byte	.LASF23
 636 0315 06       		.byte	0x6
 637 0316 8B       		.byte	0x8b
 638 0317 14       		.uleb128 0x14
 639 0318 13000000 		.4byte	.LASF24
 640 031c 13000000 		.4byte	.LASF24
 641 0320 07       		.byte	0x7
 642 0321 B1       		.byte	0xb1
 643 0322 14       		.uleb128 0x14
 644 0323 40020000 		.4byte	.LASF25
 645 0327 40020000 		.4byte	.LASF25
 646 032b 07       		.byte	0x7
 647 032c B7       		.byte	0xb7
 648 032d 14       		.uleb128 0x14
 649 032e 6A020000 		.4byte	.LASF26
 650 0332 6A020000 		.4byte	.LASF26
ARM GAS  C:\Users\Simon\AppData\Local\Temp\ccADjWCj.s 			page 15


 651 0336 07       		.byte	0x7
 652 0337 B5       		.byte	0xb5
 653 0338 14       		.uleb128 0x14
 654 0339 B1020000 		.4byte	.LASF27
 655 033d B1020000 		.4byte	.LASF27
 656 0341 08       		.byte	0x8
 657 0342 76       		.byte	0x76
 658 0343 00       		.byte	0
 659              		.section	.debug_abbrev,"",%progbits
 660              	.Ldebug_abbrev0:
 661 0000 01       		.uleb128 0x1
 662 0001 11       		.uleb128 0x11
 663 0002 01       		.byte	0x1
 664 0003 25       		.uleb128 0x25
 665 0004 0E       		.uleb128 0xe
 666 0005 13       		.uleb128 0x13
 667 0006 0B       		.uleb128 0xb
 668 0007 03       		.uleb128 0x3
 669 0008 0E       		.uleb128 0xe
 670 0009 1B       		.uleb128 0x1b
 671 000a 0E       		.uleb128 0xe
 672 000b 55       		.uleb128 0x55
 673 000c 17       		.uleb128 0x17
 674 000d 11       		.uleb128 0x11
 675 000e 01       		.uleb128 0x1
 676 000f 10       		.uleb128 0x10
 677 0010 17       		.uleb128 0x17
 678 0011 00       		.byte	0
 679 0012 00       		.byte	0
 680 0013 02       		.uleb128 0x2
 681 0014 24       		.uleb128 0x24
 682 0015 00       		.byte	0
 683 0016 0B       		.uleb128 0xb
 684 0017 0B       		.uleb128 0xb
 685 0018 3E       		.uleb128 0x3e
 686 0019 0B       		.uleb128 0xb
 687 001a 03       		.uleb128 0x3
 688 001b 0E       		.uleb128 0xe
 689 001c 00       		.byte	0
 690 001d 00       		.byte	0
 691 001e 03       		.uleb128 0x3
 692 001f 16       		.uleb128 0x16
 693 0020 00       		.byte	0
 694 0021 03       		.uleb128 0x3
 695 0022 0E       		.uleb128 0xe
 696 0023 3A       		.uleb128 0x3a
 697 0024 0B       		.uleb128 0xb
 698 0025 3B       		.uleb128 0x3b
 699 0026 0B       		.uleb128 0xb
 700 0027 49       		.uleb128 0x49
 701 0028 13       		.uleb128 0x13
 702 0029 00       		.byte	0
 703 002a 00       		.byte	0
 704 002b 04       		.uleb128 0x4
 705 002c 24       		.uleb128 0x24
 706 002d 00       		.byte	0
 707 002e 0B       		.uleb128 0xb
ARM GAS  C:\Users\Simon\AppData\Local\Temp\ccADjWCj.s 			page 16


 708 002f 0B       		.uleb128 0xb
 709 0030 3E       		.uleb128 0x3e
 710 0031 0B       		.uleb128 0xb
 711 0032 03       		.uleb128 0x3
 712 0033 08       		.uleb128 0x8
 713 0034 00       		.byte	0
 714 0035 00       		.byte	0
 715 0036 05       		.uleb128 0x5
 716 0037 16       		.uleb128 0x16
 717 0038 00       		.byte	0
 718 0039 03       		.uleb128 0x3
 719 003a 0E       		.uleb128 0xe
 720 003b 3A       		.uleb128 0x3a
 721 003c 0B       		.uleb128 0xb
 722 003d 3B       		.uleb128 0x3b
 723 003e 05       		.uleb128 0x5
 724 003f 49       		.uleb128 0x49
 725 0040 13       		.uleb128 0x13
 726 0041 00       		.byte	0
 727 0042 00       		.byte	0
 728 0043 06       		.uleb128 0x6
 729 0044 2E       		.uleb128 0x2e
 730 0045 01       		.byte	0x1
 731 0046 3F       		.uleb128 0x3f
 732 0047 19       		.uleb128 0x19
 733 0048 03       		.uleb128 0x3
 734 0049 0E       		.uleb128 0xe
 735 004a 3A       		.uleb128 0x3a
 736 004b 0B       		.uleb128 0xb
 737 004c 3B       		.uleb128 0x3b
 738 004d 0B       		.uleb128 0xb
 739 004e 27       		.uleb128 0x27
 740 004f 19       		.uleb128 0x19
 741 0050 11       		.uleb128 0x11
 742 0051 01       		.uleb128 0x1
 743 0052 12       		.uleb128 0x12
 744 0053 06       		.uleb128 0x6
 745 0054 40       		.uleb128 0x40
 746 0055 18       		.uleb128 0x18
 747 0056 9642     		.uleb128 0x2116
 748 0058 19       		.uleb128 0x19
 749 0059 01       		.uleb128 0x1
 750 005a 13       		.uleb128 0x13
 751 005b 00       		.byte	0
 752 005c 00       		.byte	0
 753 005d 07       		.uleb128 0x7
 754 005e 05       		.uleb128 0x5
 755 005f 00       		.byte	0
 756 0060 03       		.uleb128 0x3
 757 0061 0E       		.uleb128 0xe
 758 0062 3A       		.uleb128 0x3a
 759 0063 0B       		.uleb128 0xb
 760 0064 3B       		.uleb128 0x3b
 761 0065 0B       		.uleb128 0xb
 762 0066 49       		.uleb128 0x49
 763 0067 13       		.uleb128 0x13
 764 0068 02       		.uleb128 0x2
ARM GAS  C:\Users\Simon\AppData\Local\Temp\ccADjWCj.s 			page 17


 765 0069 17       		.uleb128 0x17
 766 006a 00       		.byte	0
 767 006b 00       		.byte	0
 768 006c 08       		.uleb128 0x8
 769 006d 34       		.uleb128 0x34
 770 006e 00       		.byte	0
 771 006f 03       		.uleb128 0x3
 772 0070 0E       		.uleb128 0xe
 773 0071 3A       		.uleb128 0x3a
 774 0072 0B       		.uleb128 0xb
 775 0073 3B       		.uleb128 0x3b
 776 0074 0B       		.uleb128 0xb
 777 0075 49       		.uleb128 0x49
 778 0076 13       		.uleb128 0x13
 779 0077 02       		.uleb128 0x2
 780 0078 18       		.uleb128 0x18
 781 0079 00       		.byte	0
 782 007a 00       		.byte	0
 783 007b 09       		.uleb128 0x9
 784 007c 898201   		.uleb128 0x4109
 785 007f 01       		.byte	0x1
 786 0080 11       		.uleb128 0x11
 787 0081 01       		.uleb128 0x1
 788 0082 31       		.uleb128 0x31
 789 0083 13       		.uleb128 0x13
 790 0084 01       		.uleb128 0x1
 791 0085 13       		.uleb128 0x13
 792 0086 00       		.byte	0
 793 0087 00       		.byte	0
 794 0088 0A       		.uleb128 0xa
 795 0089 8A8201   		.uleb128 0x410a
 796 008c 00       		.byte	0
 797 008d 02       		.uleb128 0x2
 798 008e 18       		.uleb128 0x18
 799 008f 9142     		.uleb128 0x2111
 800 0091 18       		.uleb128 0x18
 801 0092 00       		.byte	0
 802 0093 00       		.byte	0
 803 0094 0B       		.uleb128 0xb
 804 0095 898201   		.uleb128 0x4109
 805 0098 01       		.byte	0x1
 806 0099 11       		.uleb128 0x11
 807 009a 01       		.uleb128 0x1
 808 009b 31       		.uleb128 0x31
 809 009c 13       		.uleb128 0x13
 810 009d 00       		.byte	0
 811 009e 00       		.byte	0
 812 009f 0C       		.uleb128 0xc
 813 00a0 01       		.uleb128 0x1
 814 00a1 01       		.byte	0x1
 815 00a2 49       		.uleb128 0x49
 816 00a3 13       		.uleb128 0x13
 817 00a4 01       		.uleb128 0x1
 818 00a5 13       		.uleb128 0x13
 819 00a6 00       		.byte	0
 820 00a7 00       		.byte	0
 821 00a8 0D       		.uleb128 0xd
ARM GAS  C:\Users\Simon\AppData\Local\Temp\ccADjWCj.s 			page 18


 822 00a9 21       		.uleb128 0x21
 823 00aa 00       		.byte	0
 824 00ab 49       		.uleb128 0x49
 825 00ac 13       		.uleb128 0x13
 826 00ad 2F       		.uleb128 0x2f
 827 00ae 0B       		.uleb128 0xb
 828 00af 00       		.byte	0
 829 00b0 00       		.byte	0
 830 00b1 0E       		.uleb128 0xe
 831 00b2 2E       		.uleb128 0x2e
 832 00b3 01       		.byte	0x1
 833 00b4 3F       		.uleb128 0x3f
 834 00b5 19       		.uleb128 0x19
 835 00b6 03       		.uleb128 0x3
 836 00b7 0E       		.uleb128 0xe
 837 00b8 3A       		.uleb128 0x3a
 838 00b9 0B       		.uleb128 0xb
 839 00ba 3B       		.uleb128 0x3b
 840 00bb 0B       		.uleb128 0xb
 841 00bc 49       		.uleb128 0x49
 842 00bd 13       		.uleb128 0x13
 843 00be 8701     		.uleb128 0x87
 844 00c0 19       		.uleb128 0x19
 845 00c1 11       		.uleb128 0x11
 846 00c2 01       		.uleb128 0x1
 847 00c3 12       		.uleb128 0x12
 848 00c4 06       		.uleb128 0x6
 849 00c5 40       		.uleb128 0x40
 850 00c6 18       		.uleb128 0x18
 851 00c7 9642     		.uleb128 0x2116
 852 00c9 19       		.uleb128 0x19
 853 00ca 01       		.uleb128 0x1
 854 00cb 13       		.uleb128 0x13
 855 00cc 00       		.byte	0
 856 00cd 00       		.byte	0
 857 00ce 0F       		.uleb128 0xf
 858 00cf 34       		.uleb128 0x34
 859 00d0 00       		.byte	0
 860 00d1 03       		.uleb128 0x3
 861 00d2 0E       		.uleb128 0xe
 862 00d3 3A       		.uleb128 0x3a
 863 00d4 0B       		.uleb128 0xb
 864 00d5 3B       		.uleb128 0x3b
 865 00d6 0B       		.uleb128 0xb
 866 00d7 49       		.uleb128 0x49
 867 00d8 13       		.uleb128 0x13
 868 00d9 00       		.byte	0
 869 00da 00       		.byte	0
 870 00db 10       		.uleb128 0x10
 871 00dc 34       		.uleb128 0x34
 872 00dd 00       		.byte	0
 873 00de 03       		.uleb128 0x3
 874 00df 0E       		.uleb128 0xe
 875 00e0 3A       		.uleb128 0x3a
 876 00e1 0B       		.uleb128 0xb
 877 00e2 3B       		.uleb128 0x3b
 878 00e3 0B       		.uleb128 0xb
ARM GAS  C:\Users\Simon\AppData\Local\Temp\ccADjWCj.s 			page 19


 879 00e4 49       		.uleb128 0x49
 880 00e5 13       		.uleb128 0x13
 881 00e6 02       		.uleb128 0x2
 882 00e7 17       		.uleb128 0x17
 883 00e8 00       		.byte	0
 884 00e9 00       		.byte	0
 885 00ea 11       		.uleb128 0x11
 886 00eb 898201   		.uleb128 0x4109
 887 00ee 00       		.byte	0
 888 00ef 11       		.uleb128 0x11
 889 00f0 01       		.uleb128 0x1
 890 00f1 31       		.uleb128 0x31
 891 00f2 13       		.uleb128 0x13
 892 00f3 00       		.byte	0
 893 00f4 00       		.byte	0
 894 00f5 12       		.uleb128 0x12
 895 00f6 34       		.uleb128 0x34
 896 00f7 00       		.byte	0
 897 00f8 03       		.uleb128 0x3
 898 00f9 0E       		.uleb128 0xe
 899 00fa 3A       		.uleb128 0x3a
 900 00fb 0B       		.uleb128 0xb
 901 00fc 3B       		.uleb128 0x3b
 902 00fd 05       		.uleb128 0x5
 903 00fe 49       		.uleb128 0x49
 904 00ff 13       		.uleb128 0x13
 905 0100 3F       		.uleb128 0x3f
 906 0101 19       		.uleb128 0x19
 907 0102 3C       		.uleb128 0x3c
 908 0103 19       		.uleb128 0x19
 909 0104 00       		.byte	0
 910 0105 00       		.byte	0
 911 0106 13       		.uleb128 0x13
 912 0107 35       		.uleb128 0x35
 913 0108 00       		.byte	0
 914 0109 49       		.uleb128 0x49
 915 010a 13       		.uleb128 0x13
 916 010b 00       		.byte	0
 917 010c 00       		.byte	0
 918 010d 14       		.uleb128 0x14
 919 010e 2E       		.uleb128 0x2e
 920 010f 00       		.byte	0
 921 0110 3F       		.uleb128 0x3f
 922 0111 19       		.uleb128 0x19
 923 0112 3C       		.uleb128 0x3c
 924 0113 19       		.uleb128 0x19
 925 0114 6E       		.uleb128 0x6e
 926 0115 0E       		.uleb128 0xe
 927 0116 03       		.uleb128 0x3
 928 0117 0E       		.uleb128 0xe
 929 0118 3A       		.uleb128 0x3a
 930 0119 0B       		.uleb128 0xb
 931 011a 3B       		.uleb128 0x3b
 932 011b 0B       		.uleb128 0xb
 933 011c 00       		.byte	0
 934 011d 00       		.byte	0
 935 011e 00       		.byte	0
ARM GAS  C:\Users\Simon\AppData\Local\Temp\ccADjWCj.s 			page 20


 936              		.section	.debug_loc,"",%progbits
 937              	.Ldebug_loc0:
 938              	.LLST0:
 939 0000 00000000 		.4byte	.LVL0
 940 0004 07000000 		.4byte	.LVL1-1
 941 0008 0100     		.2byte	0x1
 942 000a 50       		.byte	0x50
 943 000b 07000000 		.4byte	.LVL1-1
 944 000f 28000000 		.4byte	.LFE65
 945 0013 0600     		.2byte	0x6
 946 0015 F3       		.byte	0xf3
 947 0016 03       		.uleb128 0x3
 948 0017 F5       		.byte	0xf5
 949 0018 00       		.uleb128 0
 950 0019 25       		.uleb128 0x25
 951 001a 9F       		.byte	0x9f
 952 001b 00000000 		.4byte	0
 953 001f 00000000 		.4byte	0
 954              	.LLST1:
 955 0023 26000000 		.4byte	.LVL8
 956 0027 33000000 		.4byte	.LVL9-1
 957 002b 0100     		.2byte	0x1
 958 002d 50       		.byte	0x50
 959 002e 34000000 		.4byte	.LVL9
 960 0032 41000000 		.4byte	.LVL10-1
 961 0036 0100     		.2byte	0x1
 962 0038 50       		.byte	0x50
 963 0039 42000000 		.4byte	.LVL10
 964 003d 45000000 		.4byte	.LVL11-1
 965 0041 0100     		.2byte	0x1
 966 0043 50       		.byte	0x50
 967 0044 00000000 		.4byte	0
 968 0048 00000000 		.4byte	0
 969              		.section	.debug_aranges,"",%progbits
 970 0000 24000000 		.4byte	0x24
 971 0004 0200     		.2byte	0x2
 972 0006 00000000 		.4byte	.Ldebug_info0
 973 000a 04       		.byte	0x4
 974 000b 00       		.byte	0
 975 000c 0000     		.2byte	0
 976 000e 0000     		.2byte	0
 977 0010 00000000 		.4byte	.LFB65
 978 0014 28000000 		.4byte	.LFE65-.LFB65
 979 0018 00000000 		.4byte	.LFB64
 980 001c DC000000 		.4byte	.LFE64-.LFB64
 981 0020 00000000 		.4byte	0
 982 0024 00000000 		.4byte	0
 983              		.section	.debug_ranges,"",%progbits
 984              	.Ldebug_ranges0:
 985 0000 00000000 		.4byte	.LFB65
 986 0004 28000000 		.4byte	.LFE65
 987 0008 00000000 		.4byte	.LFB64
 988 000c DC000000 		.4byte	.LFE64
 989 0010 00000000 		.4byte	0
 990 0014 00000000 		.4byte	0
 991              		.section	.debug_line,"",%progbits
 992              	.Ldebug_line0:
ARM GAS  C:\Users\Simon\AppData\Local\Temp\ccADjWCj.s 			page 21


 993 0000 77020000 		.section	.debug_str,"MS",%progbits,1
 993      02002F02 
 993      00000201 
 993      FB0E0D00 
 993      01010101 
 994              	.LASF18:
 995 0000 64617461 		.ascii	"dataRecv\000"
 995      52656376 
 995      00
 996              	.LASF10:
 997 0009 5F5F696E 		.ascii	"__int32_t\000"
 997      7433325F 
 997      7400
 998              	.LASF24:
 999 0013 4932435F 		.ascii	"I2C_1_MasterSendStart\000"
 999      315F4D61 
 999      73746572 
 999      53656E64 
 999      53746172 
 1000              	.LASF22:
 1001 0029 736E7072 		.ascii	"snprintf\000"
 1001      696E7466 
 1001      00
 1002              	.LASF32:
 1003 0032 72656164 		.ascii	"readTemp\000"
 1003      54656D70 
 1003      00
 1004              	.LASF19:
 1005 003b 6572726F 		.ascii	"errorStatus\000"
 1005      72537461 
 1005      74757300 
 1006              	.LASF0:
 1007 0047 666C6F61 		.ascii	"float\000"
 1007      7400
 1008              	.LASF2:
 1009 004d 756E7369 		.ascii	"unsigned char\000"
 1009      676E6564 
 1009      20636861 
 1009      7200
 1010              	.LASF28:
 1011 005b 474E5520 		.ascii	"GNU C11 5.4.1 20160609 (release) [ARM/embedded-5-br"
 1011      43313120 
 1011      352E342E 
 1011      31203230 
 1011      31363036 
 1012 008e 616E6368 		.ascii	"anch revision 237715] -mcpu=cortex-m3 -mthumb -g -O"
 1012      20726576 
 1012      6973696F 
 1012      6E203233 
 1012      37373135 
 1013 00c1 67202D66 		.ascii	"g -ffunction-sections -ffat-lto-objects\000"
 1013      66756E63 
 1013      74696F6E 
 1013      2D736563 
 1013      74696F6E 
 1014              	.LASF20:
 1015 00e9 6F757470 		.ascii	"outputBuffer\000"
ARM GAS  C:\Users\Simon\AppData\Local\Temp\ccADjWCj.s 			page 22


 1015      75744275 
 1015      66666572 
 1015      00
 1016              	.LASF29:
 1017 00f6 2E2E5C2E 		.ascii	"..\\..\\Labexercise2_Communicationbuses\\Lab_I2C\\C"
 1017      2E5C4C61 
 1017      62657865 
 1017      72636973 
 1017      65325F43 
 1018 0125 6F6D6D75 		.ascii	"ommunicationbuses.cydsn\\I2C_handler.c\000"
 1018      6E696361 
 1018      74696F6E 
 1018      62757365 
 1018      732E6379 
 1019              	.LASF6:
 1020 014b 6C6F6E67 		.ascii	"long unsigned int\000"
 1020      20756E73 
 1020      69676E65 
 1020      6420696E 
 1020      7400
 1021              	.LASF21:
 1022 015d 74656D70 		.ascii	"temp\000"
 1022      00
 1023              	.LASF4:
 1024 0162 73686F72 		.ascii	"short unsigned int\000"
 1024      7420756E 
 1024      7369676E 
 1024      65642069 
 1024      6E7400
 1025              	.LASF33:
 1026 0175 49544D5F 		.ascii	"ITM_RxBuffer\000"
 1026      52784275 
 1026      66666572 
 1026      00
 1027              	.LASF14:
 1028 0182 646F7562 		.ascii	"double\000"
 1028      6C6500
 1029              	.LASF13:
 1030 0189 696E7438 		.ascii	"int8\000"
 1030      00
 1031              	.LASF31:
 1032 018e 77726974 		.ascii	"writeTempToUART\000"
 1032      6554656D 
 1032      70546F55 
 1032      41525400 
 1033              	.LASF30:
 1034 019e 433A5C55 		.ascii	"C:\\Users\\Simon\\Desktop\\GFV-Gruppe14\\Labexercis"
 1034      73657273 
 1034      5C53696D 
 1034      6F6E5C44 
 1034      65736B74 
 1035 01cc 65335F54 		.ascii	"e3_Temperaturregulator\\Temperature-Control.cydsn\000"
 1035      656D7065 
 1035      72617475 
 1035      72726567 
 1035      756C6174 
 1036              	.LASF9:
ARM GAS  C:\Users\Simon\AppData\Local\Temp\ccADjWCj.s 			page 23


 1037 01fd 756E7369 		.ascii	"unsigned int\000"
 1037      676E6564 
 1037      20696E74 
 1037      00
 1038              	.LASF8:
 1039 020a 6C6F6E67 		.ascii	"long long unsigned int\000"
 1039      206C6F6E 
 1039      6720756E 
 1039      7369676E 
 1039      65642069 
 1040              	.LASF11:
 1041 0221 696E7433 		.ascii	"int32_t\000"
 1041      325F7400 
 1042              	.LASF17:
 1043 0229 73697A65 		.ascii	"sizetype\000"
 1043      74797065 
 1043      00
 1044              	.LASF7:
 1045 0232 6C6F6E67 		.ascii	"long long int\000"
 1045      206C6F6E 
 1045      6720696E 
 1045      7400
 1046              	.LASF25:
 1047 0240 4932435F 		.ascii	"I2C_1_MasterReadByte\000"
 1047      315F4D61 
 1047      73746572 
 1047      52656164 
 1047      42797465 
 1048              	.LASF15:
 1049 0255 63686172 		.ascii	"char\000"
 1049      00
 1050              	.LASF3:
 1051 025a 73686F72 		.ascii	"short int\000"
 1051      7420696E 
 1051      7400
 1052              	.LASF12:
 1053 0264 75696E74 		.ascii	"uint8\000"
 1053      3800
 1054              	.LASF26:
 1055 026a 4932435F 		.ascii	"I2C_1_MasterSendStop\000"
 1055      315F4D61 
 1055      73746572 
 1055      53656E64 
 1055      53746F70 
 1056              	.LASF5:
 1057 027f 6C6F6E67 		.ascii	"long int\000"
 1057      20696E74 
 1057      00
 1058              	.LASF16:
 1059 0288 6C6F6E67 		.ascii	"long double\000"
 1059      20646F75 
 1059      626C6500 
 1060              	.LASF1:
 1061 0294 7369676E 		.ascii	"signed char\000"
 1061      65642063 
 1061      68617200 
 1062              	.LASF23:
ARM GAS  C:\Users\Simon\AppData\Local\Temp\ccADjWCj.s 			page 24


 1063 02a0 55415254 		.ascii	"UART_1_PutString\000"
 1063      5F315F50 
 1063      75745374 
 1063      72696E67 
 1063      00
 1064              	.LASF27:
 1065 02b1 43794465 		.ascii	"CyDelay\000"
 1065      6C617900 
 1066              		.ident	"GCC: (GNU Tools for ARM Embedded Processors) 5.4.1 20160609 (release) [ARM/embedded-5-bran
