ARM GAS  C:\Users\Simon\AppData\Local\Temp\ccAxClId.s 			page 1


   1              		.syntax unified
   2              		.cpu cortex-m3
   3              		.fpu softvfp
   4              		.eabi_attribute 20, 1
   5              		.eabi_attribute 21, 1
   6              		.eabi_attribute 23, 3
   7              		.eabi_attribute 24, 1
   8              		.eabi_attribute 25, 1
   9              		.eabi_attribute 26, 1
  10              		.eabi_attribute 30, 1
  11              		.eabi_attribute 34, 1
  12              		.eabi_attribute 18, 4
  13              		.thumb
  14              		.syntax unified
  15              		.file	"main.c"
  16              		.text
  17              	.Ltext0:
  18              		.cfi_sections	.debug_frame
  19              		.global	__aeabi_f2d
  20              		.global	__aeabi_f2uiz
  21              		.section	.text.main,"ax",%progbits
  22              		.align	2
  23              		.global	main
  24              		.thumb
  25              		.thumb_func
  26              		.type	main, %function
  27              	main:
  28              	.LFB64:
  29              		.file 1 "main.c"
   1:main.c        **** /* ========================================
   2:main.c        ****  *
   3:main.c        ****  * Copyright YOUR COMPANY, THE YEAR
   4:main.c        ****  * All Rights Reserved
   5:main.c        ****  * UNPUBLISHED, LICENSED SOFTWARE.
   6:main.c        ****  *
   7:main.c        ****  * CONFIDENTIAL AND PROPRIETARY INFORMATION
   8:main.c        ****  * WHICH IS THE PROPERTY OF your company.
   9:main.c        ****  *
  10:main.c        ****  * ========================================
  11:main.c        **** */
  12:main.c        **** #include <stdio.h>
  13:main.c        **** #include "project.h"
  14:main.c        **** #include "PIDControl.h"
  15:main.c        **** #include "I2C_handler.h"
  16:main.c        **** 
  17:main.c        **** static char outputBuffer[256];
  18:main.c        **** static float setPoint = 50; // degrees celcius
  19:main.c        **** 
  20:main.c        **** #define SAMPLES_PER_SECOND 3
  21:main.c        **** static uint16_t sampleWaitTimeInMilliseconds = 1000 / SAMPLES_PER_SECOND;
  22:main.c        **** 
  23:main.c        **** int main(void)
  24:main.c        **** {
  30              		.loc 1 24 0
  31              		.cfi_startproc
  32              		@ args = 0, pretend = 0, frame = 16
  33              		@ frame_needed = 0, uses_anonymous_args = 0
ARM GAS  C:\Users\Simon\AppData\Local\Temp\ccAxClId.s 			page 2


  34 0000 F0B5     		push	{r4, r5, r6, r7, lr}
  35              		.cfi_def_cfa_offset 20
  36              		.cfi_offset 4, -20
  37              		.cfi_offset 5, -16
  38              		.cfi_offset 6, -12
  39              		.cfi_offset 7, -8
  40              		.cfi_offset 14, -4
  41 0002 99B0     		sub	sp, sp, #100
  42              		.cfi_def_cfa_offset 120
  25:main.c        ****     CyGlobalIntEnable; /* Enable global interrupts. */
  43              		.loc 1 25 0
  44              		.syntax unified
  45              	@ 25 "main.c" 1
  46 0004 62B6     		CPSIE   i
  47              	@ 0 "" 2
  26:main.c        ****     PWM_1_Start();
  48              		.loc 1 26 0
  49              		.thumb
  50              		.syntax unified
  51 0006 FFF7FEFF 		bl	PWM_1_Start
  52              	.LVL0:
  27:main.c        ****     I2C_1_Start();
  53              		.loc 1 27 0
  54 000a FFF7FEFF 		bl	I2C_1_Start
  55              	.LVL1:
  28:main.c        ****     UART_1_Start();
  56              		.loc 1 28 0
  57 000e FFF7FEFF 		bl	UART_1_Start
  58              	.LVL2:
  29:main.c        ****     /* Place your initialization/startup code here (e.g. MyInst_Start()) */
  30:main.c        **** 
  31:main.c        ****     float Kp = 2.0f;
  32:main.c        ****     float Ki = 1.0f/30.0f;
  33:main.c        ****     float Kd = 0.0f;
  34:main.c        ****     float integralMax = 3000;
  35:main.c        ****     float integralMin = -3000;
  36:main.c        ****     float temp = 0;
  37:main.c        ****     float controlSignal = 0;
  38:main.c        **** 
  39:main.c        ****     float dt = ((float)sampleWaitTimeInMilliseconds) / 1000; // dt is measured in seconds
  40:main.c        ****     PIDControl_init(Kp, Ki, Kd, integralMax, integralMin, dt);
  59              		.loc 1 40 0
  60 0012 314B     		ldr	r3, .L4+8
  61 0014 0193     		str	r3, [sp, #4]	@ float
  62 0016 314B     		ldr	r3, .L4+12
  63 0018 0093     		str	r3, [sp]	@ float
  64 001a 314B     		ldr	r3, .L4+16
  65 001c 0022     		movs	r2, #0
  66 001e 3149     		ldr	r1, .L4+20
  67 0020 4FF08040 		mov	r0, #1073741824
  68 0024 FFF7FEFF 		bl	PIDControl_init
  69              	.LVL3:
  41:main.c        ****     PIDControl_changeSetPoint(setPoint);
  70              		.loc 1 41 0
  71 0028 2F48     		ldr	r0, .L4+24
  72 002a FFF7FEFF 		bl	PIDControl_changeSetPoint
  73              	.LVL4:
ARM GAS  C:\Users\Simon\AppData\Local\Temp\ccAxClId.s 			page 3


  42:main.c        **** 
  43:main.c        ****     UART_1_PutString("Temperature control application started\r\n");
  74              		.loc 1 43 0
  75 002e 2F48     		ldr	r0, .L4+28
  76 0030 FFF7FEFF 		bl	UART_1_PutString
  77              	.LVL5:
  78              	.L2:
  79              	.LBB2:
  44:main.c        ****     for(;;)
  45:main.c        ****     {
  46:main.c        ****         readTemp();
  80              		.loc 1 46 0 discriminator 1
  81 0034 FFF7FEFF 		bl	readTemp
  82              	.LVL6:
  47:main.c        ****         
  48:main.c        ****         /* Place your application code here. */
  49:main.c        ****         float error = setPoint - temp;
  50:main.c        ****         float proportionalPart = 0;
  83              		.loc 1 50 0 discriminator 1
  84 0038 0020     		movs	r0, #0
  85 003a 1590     		str	r0, [sp, #84]	@ float
  51:main.c        ****         float integralPart = 0;
  86              		.loc 1 51 0 discriminator 1
  87 003c 1690     		str	r0, [sp, #88]	@ float
  52:main.c        ****         float derivativePart = 0;
  88              		.loc 1 52 0 discriminator 1
  89 003e 18AB     		add	r3, sp, #96
  90 0040 43F8040D 		str	r0, [r3, #-4]!	@ float
  53:main.c        ****         
  54:main.c        ****         controlSignal = PIDControl_doStep(temp, &proportionalPart, &integralPart, &derivativePart);
  91              		.loc 1 54 0 discriminator 1
  92 0044 16AA     		add	r2, sp, #88
  93 0046 15A9     		add	r1, sp, #84
  94 0048 FFF7FEFF 		bl	PIDControl_doStep
  95              	.LVL7:
  96 004c 0446     		mov	r4, r0
  97              	.LVL8:
  55:main.c        ****         snprintf(outputBuffer, sizeof(outputBuffer), "%f, %f, %f, %f, %f, %f, %f, %f, %f, %f \r\n",
  98              		.loc 1 55 0 discriminator 1
  99 004e 284D     		ldr	r5, .L4+32
 100 0050 1798     		ldr	r0, [sp, #92]	@ float
 101              	.LVL9:
 102 0052 FFF7FEFF 		bl	__aeabi_f2d
 103              	.LVL10:
 104 0056 CDE91201 		strd	r0, [sp, #72]
 105 005a 1698     		ldr	r0, [sp, #88]	@ float
 106 005c FFF7FEFF 		bl	__aeabi_f2d
 107              	.LVL11:
 108 0060 CDE91001 		strd	r0, [sp, #64]
 109 0064 1598     		ldr	r0, [sp, #84]	@ float
 110 0066 FFF7FEFF 		bl	__aeabi_f2d
 111              	.LVL12:
 112 006a CDE90E01 		strd	r0, [sp, #56]
 113 006e 0026     		movs	r6, #0
 114 0070 0027     		movs	r7, #0
 115 0072 CDE90C67 		strd	r6, [sp, #48]
 116 0076 16A3     		adr	r3, .L4
ARM GAS  C:\Users\Simon\AppData\Local\Temp\ccAxClId.s 			page 4


 117 0078 D3E90023 		ldrd	r2, [r3]
 118 007c CDE90A23 		strd	r2, [sp, #40]
 119 0080 0022     		movs	r2, #0
 120 0082 4FF08043 		mov	r3, #1073741824
 121 0086 CDE90823 		strd	r2, [sp, #32]
 122 008a 2046     		mov	r0, r4
 123 008c FFF7FEFF 		bl	__aeabi_f2d
 124              	.LVL13:
 125 0090 CDE90601 		strd	r0, [sp, #24]
 126 0094 0022     		movs	r2, #0
 127 0096 174B     		ldr	r3, .L4+36
 128 0098 CDE90423 		strd	r2, [sp, #16]
 129 009c CDE90267 		strd	r6, [sp, #8]
 130 00a0 CDE90023 		strd	r2, [sp]
 131 00a4 144A     		ldr	r2, .L4+40
 132 00a6 4FF48071 		mov	r1, #256
 133 00aa 2846     		mov	r0, r5
 134 00ac FFF7FEFF 		bl	snprintf
 135              	.LVL14:
  56:main.c        ****                                                       setPoint, temp, error, controlSignal, Kp, Ki,
  57:main.c        ****                                                       proportionalPart, integralPart, derivativePar
  58:main.c        ****         UART_1_PutString(outputBuffer);
 136              		.loc 1 58 0 discriminator 1
 137 00b0 2846     		mov	r0, r5
 138 00b2 FFF7FEFF 		bl	UART_1_PutString
 139              	.LVL15:
  59:main.c        ****         
  60:main.c        ****         PWM_1_WriteCompare(controlSignal);
 140              		.loc 1 60 0 discriminator 1
 141 00b6 2046     		mov	r0, r4
 142 00b8 FFF7FEFF 		bl	__aeabi_f2uiz
 143              	.LVL16:
 144 00bc C0B2     		uxtb	r0, r0
 145 00be FFF7FEFF 		bl	PWM_1_WriteCompare
 146              	.LVL17:
  61:main.c        ****         
  62:main.c        ****         CyDelay(sampleWaitTimeInMilliseconds);
 147              		.loc 1 62 0 discriminator 1
 148 00c2 40F24D10 		movw	r0, #333
 149 00c6 FFF7FEFF 		bl	CyDelay
 150              	.LVL18:
 151 00ca B3E7     		b	.L2
 152              	.L5:
 153 00cc AFF30080 		.align	3
 154              	.L4:
 155 00d0 00000020 		.word	536870912
 156 00d4 1111A13F 		.word	1067520273
 157 00d8 FA7EAA3E 		.word	1051361018
 158 00dc 00803BC5 		.word	-985956352
 159 00e0 00803B45 		.word	1161527296
 160 00e4 8988083D 		.word	1023969417
 161 00e8 00004842 		.word	1112014848
 162 00ec 00000000 		.word	.LC0
 163 00f0 00000000 		.word	.LANCHOR0
 164 00f4 00004940 		.word	1078525952
 165 00f8 2C000000 		.word	.LC1
 166              	.LBE2:
ARM GAS  C:\Users\Simon\AppData\Local\Temp\ccAxClId.s 			page 5


 167              		.cfi_endproc
 168              	.LFE64:
 169              		.size	main, .-main
 170              		.section	.rodata.str1.4,"aMS",%progbits,1
 171              		.align	2
 172              	.LC0:
 173 0000 54656D70 		.ascii	"Temperature control application started\015\012\000"
 173      65726174 
 173      75726520 
 173      636F6E74 
 173      726F6C20 
 174 002a 0000     		.space	2
 175              	.LC1:
 176 002c 25662C20 		.ascii	"%f, %f, %f, %f, %f, %f, %f, %f, %f, %f \015\012\000"
 176      25662C20 
 176      25662C20 
 176      25662C20 
 176      25662C20 
 177              		.bss
 178              		.align	2
 179              		.set	.LANCHOR0,. + 0
 180              		.type	outputBuffer, %object
 181              		.size	outputBuffer, 256
 182              	outputBuffer:
 183 0000 00000000 		.space	256
 183      00000000 
 183      00000000 
 183      00000000 
 183      00000000 
 184              		.text
 185              	.Letext0:
 186              		.file 2 "c:\\program files (x86)\\cypress\\psoc creator\\4.3\\psoc creator\\import\\gnu\\arm\\5.4.
 187              		.file 3 "c:\\program files (x86)\\cypress\\psoc creator\\4.3\\psoc creator\\import\\gnu\\arm\\5.4.
 188              		.file 4 "I2C_handler.h"
 189              		.file 5 "PIDControl.h"
 190              		.file 6 "c:\\program files (x86)\\cypress\\psoc creator\\4.3\\psoc creator\\import\\gnu\\arm\\5.4.
 191              		.file 7 "Generated_Source\\PSoC5/UART_1.h"
 192              		.file 8 "Generated_Source\\PSoC5/PWM_1.h"
 193              		.file 9 "Generated_Source\\PSoC5/CyLib.h"
 194              		.file 10 "Generated_Source\\PSoC5/I2C_1.h"
 195              		.file 11 "Generated_Source\\PSoC5/core_cm3.h"
 196              		.section	.debug_info,"",%progbits
 197              	.Ldebug_info0:
 198 0000 41030000 		.4byte	0x341
 199 0004 0400     		.2byte	0x4
 200 0006 00000000 		.4byte	.Ldebug_abbrev0
 201 000a 04       		.byte	0x4
 202 000b 01       		.uleb128 0x1
 203 000c A0000000 		.4byte	.LASF40
 204 0010 0C       		.byte	0xc
 205 0011 88020000 		.4byte	.LASF41
 206 0015 DB010000 		.4byte	.LASF42
 207 0019 00000000 		.4byte	.Ldebug_ranges0+0
 208 001d 00000000 		.4byte	0
 209 0021 00000000 		.4byte	.Ldebug_line0
 210 0025 02       		.uleb128 0x2
 211 0026 08       		.byte	0x8
ARM GAS  C:\Users\Simon\AppData\Local\Temp\ccAxClId.s 			page 6


 212 0027 04       		.byte	0x4
 213 0028 54000000 		.4byte	.LASF0
 214 002c 02       		.uleb128 0x2
 215 002d 01       		.byte	0x1
 216 002e 06       		.byte	0x6
 217 002f C8020000 		.4byte	.LASF1
 218 0033 02       		.uleb128 0x2
 219 0034 01       		.byte	0x1
 220 0035 08       		.byte	0x8
 221 0036 92000000 		.4byte	.LASF2
 222 003a 02       		.uleb128 0x2
 223 003b 02       		.byte	0x2
 224 003c 05       		.byte	0x5
 225 003d A0020000 		.4byte	.LASF3
 226 0041 03       		.uleb128 0x3
 227 0042 76010000 		.4byte	.LASF5
 228 0046 02       		.byte	0x2
 229 0047 2B       		.byte	0x2b
 230 0048 4C000000 		.4byte	0x4c
 231 004c 02       		.uleb128 0x2
 232 004d 02       		.byte	0x2
 233 004e 07       		.byte	0x7
 234 004f 2C000000 		.4byte	.LASF4
 235 0053 03       		.uleb128 0x3
 236 0054 19000000 		.4byte	.LASF6
 237 0058 02       		.byte	0x2
 238 0059 3F       		.byte	0x3f
 239 005a 5E000000 		.4byte	0x5e
 240 005e 02       		.uleb128 0x2
 241 005f 04       		.byte	0x4
 242 0060 05       		.byte	0x5
 243 0061 B3020000 		.4byte	.LASF7
 244 0065 02       		.uleb128 0x2
 245 0066 04       		.byte	0x4
 246 0067 07       		.byte	0x7
 247 0068 81010000 		.4byte	.LASF8
 248 006c 02       		.uleb128 0x2
 249 006d 08       		.byte	0x8
 250 006e 05       		.byte	0x5
 251 006f 7A020000 		.4byte	.LASF9
 252 0073 02       		.uleb128 0x2
 253 0074 08       		.byte	0x8
 254 0075 07       		.byte	0x7
 255 0076 47020000 		.4byte	.LASF10
 256 007a 04       		.uleb128 0x4
 257 007b 04       		.byte	0x4
 258 007c 05       		.byte	0x5
 259 007d 696E7400 		.ascii	"int\000"
 260 0081 02       		.uleb128 0x2
 261 0082 04       		.byte	0x4
 262 0083 07       		.byte	0x7
 263 0084 3A020000 		.4byte	.LASF11
 264 0088 02       		.uleb128 0x2
 265 0089 08       		.byte	0x8
 266 008a 04       		.byte	0x4
 267 008b BC020000 		.4byte	.LASF12
 268 008f 02       		.uleb128 0x2
ARM GAS  C:\Users\Simon\AppData\Local\Temp\ccAxClId.s 			page 7


 269 0090 04       		.byte	0x4
 270 0091 07       		.byte	0x7
 271 0092 6B020000 		.4byte	.LASF13
 272 0096 02       		.uleb128 0x2
 273 0097 01       		.byte	0x1
 274 0098 08       		.byte	0x8
 275 0099 8F020000 		.4byte	.LASF14
 276 009d 03       		.uleb128 0x3
 277 009e AA020000 		.4byte	.LASF15
 278 00a2 03       		.byte	0x3
 279 00a3 24       		.byte	0x24
 280 00a4 41000000 		.4byte	0x41
 281 00a8 03       		.uleb128 0x3
 282 00a9 63020000 		.4byte	.LASF16
 283 00ad 03       		.byte	0x3
 284 00ae 2C       		.byte	0x2c
 285 00af 53000000 		.4byte	0x53
 286 00b3 02       		.uleb128 0x2
 287 00b4 04       		.byte	0x4
 288 00b5 04       		.byte	0x4
 289 00b6 6E000000 		.4byte	.LASF17
 290 00ba 05       		.uleb128 0x5
 291 00bb 5E020000 		.4byte	.LASF43
 292 00bf 01       		.byte	0x1
 293 00c0 17       		.byte	0x17
 294 00c1 7A000000 		.4byte	0x7a
 295 00c5 00000000 		.4byte	.LFB64
 296 00c9 FC000000 		.4byte	.LFE64-.LFB64
 297 00cd 01       		.uleb128 0x1
 298 00ce 9C       		.byte	0x9c
 299 00cf 72020000 		.4byte	0x272
 300 00d3 06       		.uleb128 0x6
 301 00d4 4B7000   		.ascii	"Kp\000"
 302 00d7 01       		.byte	0x1
 303 00d8 1F       		.byte	0x1f
 304 00d9 B3000000 		.4byte	0xb3
 305 00dd 04       		.byte	0x4
 306 00de 00000040 		.4byte	0x40000000
 307 00e2 06       		.uleb128 0x6
 308 00e3 4B6900   		.ascii	"Ki\000"
 309 00e6 01       		.byte	0x1
 310 00e7 20       		.byte	0x20
 311 00e8 B3000000 		.4byte	0xb3
 312 00ec 04       		.byte	0x4
 313 00ed 8988083D 		.4byte	0x3d088889
 314 00f1 06       		.uleb128 0x6
 315 00f2 4B6400   		.ascii	"Kd\000"
 316 00f5 01       		.byte	0x1
 317 00f6 21       		.byte	0x21
 318 00f7 B3000000 		.4byte	0xb3
 319 00fb 04       		.byte	0x4
 320 00fc 00000000 		.4byte	0
 321 0100 07       		.uleb128 0x7
 322 0101 0D000000 		.4byte	.LASF18
 323 0105 01       		.byte	0x1
 324 0106 22       		.byte	0x22
 325 0107 B3000000 		.4byte	0xb3
ARM GAS  C:\Users\Simon\AppData\Local\Temp\ccAxClId.s 			page 8


 326 010b 04       		.byte	0x4
 327 010c 00803B45 		.4byte	0x453b8000
 328 0110 07       		.uleb128 0x7
 329 0111 48000000 		.4byte	.LASF19
 330 0115 01       		.byte	0x1
 331 0116 23       		.byte	0x23
 332 0117 B3000000 		.4byte	0xb3
 333 011b 04       		.byte	0x4
 334 011c 00803BC5 		.4byte	0xc53b8000
 335 0120 07       		.uleb128 0x7
 336 0121 4A010000 		.4byte	.LASF20
 337 0125 01       		.byte	0x1
 338 0126 24       		.byte	0x24
 339 0127 B3000000 		.4byte	0xb3
 340 012b 04       		.byte	0x4
 341 012c 00000000 		.4byte	0
 342 0130 08       		.uleb128 0x8
 343 0131 68010000 		.4byte	.LASF21
 344 0135 01       		.byte	0x1
 345 0136 25       		.byte	0x25
 346 0137 B3000000 		.4byte	0xb3
 347 013b 00000000 		.4byte	.LLST0
 348 013f 06       		.uleb128 0x6
 349 0140 647400   		.ascii	"dt\000"
 350 0143 01       		.byte	0x1
 351 0144 27       		.byte	0x27
 352 0145 B3000000 		.4byte	0xb3
 353 0149 04       		.byte	0x4
 354 014a FA7EAA3E 		.4byte	0x3eaa7efa
 355 014e 09       		.uleb128 0x9
 356 014f 34000000 		.4byte	.LBB2
 357 0153 C8000000 		.4byte	.LBE2-.LBB2
 358 0157 31020000 		.4byte	0x231
 359 015b 07       		.uleb128 0x7
 360 015c 74020000 		.4byte	.LASF22
 361 0160 01       		.byte	0x1
 362 0161 31       		.byte	0x31
 363 0162 B3000000 		.4byte	0xb3
 364 0166 04       		.byte	0x4
 365 0167 00004842 		.4byte	0x42480000
 366 016b 0A       		.uleb128 0xa
 367 016c 81000000 		.4byte	.LASF23
 368 0170 01       		.byte	0x1
 369 0171 32       		.byte	0x32
 370 0172 B3000000 		.4byte	0xb3
 371 0176 02       		.uleb128 0x2
 372 0177 91       		.byte	0x91
 373 0178 5C       		.sleb128 -36
 374 0179 0A       		.uleb128 0xa
 375 017a 74000000 		.4byte	.LASF24
 376 017e 01       		.byte	0x1
 377 017f 33       		.byte	0x33
 378 0180 B3000000 		.4byte	0xb3
 379 0184 02       		.uleb128 0x2
 380 0185 91       		.byte	0x91
 381 0186 60       		.sleb128 -32
 382 0187 0A       		.uleb128 0xa
ARM GAS  C:\Users\Simon\AppData\Local\Temp\ccAxClId.s 			page 9


 383 0188 3B010000 		.4byte	.LASF25
 384 018c 01       		.byte	0x1
 385 018d 34       		.byte	0x34
 386 018e B3000000 		.4byte	0xb3
 387 0192 02       		.uleb128 0x2
 388 0193 91       		.byte	0x91
 389 0194 64       		.sleb128 -28
 390 0195 0B       		.uleb128 0xb
 391 0196 38000000 		.4byte	.LVL6
 392 019a CB020000 		.4byte	0x2cb
 393 019e 0C       		.uleb128 0xc
 394 019f 4C000000 		.4byte	.LVL7
 395 01a3 D6020000 		.4byte	0x2d6
 396 01a7 BE010000 		.4byte	0x1be
 397 01ab 0D       		.uleb128 0xd
 398 01ac 01       		.uleb128 0x1
 399 01ad 51       		.byte	0x51
 400 01ae 02       		.uleb128 0x2
 401 01af 91       		.byte	0x91
 402 01b0 5C       		.sleb128 -36
 403 01b1 0D       		.uleb128 0xd
 404 01b2 01       		.uleb128 0x1
 405 01b3 52       		.byte	0x52
 406 01b4 02       		.uleb128 0x2
 407 01b5 91       		.byte	0x91
 408 01b6 60       		.sleb128 -32
 409 01b7 0D       		.uleb128 0xd
 410 01b8 01       		.uleb128 0x1
 411 01b9 53       		.byte	0x53
 412 01ba 02       		.uleb128 0x2
 413 01bb 91       		.byte	0x91
 414 01bc 64       		.sleb128 -28
 415 01bd 00       		.byte	0
 416 01be 0C       		.uleb128 0xc
 417 01bf B0000000 		.4byte	.LVL14
 418 01c3 E1020000 		.4byte	0x2e1
 419 01c7 02020000 		.4byte	0x202
 420 01cb 0D       		.uleb128 0xd
 421 01cc 01       		.uleb128 0x1
 422 01cd 50       		.byte	0x50
 423 01ce 02       		.uleb128 0x2
 424 01cf 75       		.byte	0x75
 425 01d0 00       		.sleb128 0
 426 01d1 0D       		.uleb128 0xd
 427 01d2 01       		.uleb128 0x1
 428 01d3 51       		.byte	0x51
 429 01d4 03       		.uleb128 0x3
 430 01d5 0A       		.byte	0xa
 431 01d6 0001     		.2byte	0x100
 432 01d8 0D       		.uleb128 0xd
 433 01d9 01       		.uleb128 0x1
 434 01da 52       		.byte	0x52
 435 01db 05       		.uleb128 0x5
 436 01dc 03       		.byte	0x3
 437 01dd 2C000000 		.4byte	.LC1
 438 01e1 0D       		.uleb128 0xd
 439 01e2 02       		.uleb128 0x2
ARM GAS  C:\Users\Simon\AppData\Local\Temp\ccAxClId.s 			page 10


 440 01e3 7D       		.byte	0x7d
 441 01e4 08       		.sleb128 8
 442 01e5 03       		.uleb128 0x3
 443 01e6 F5       		.byte	0xf5
 444 01e7 06       		.uleb128 0x6
 445 01e8 25       		.uleb128 0x25
 446 01e9 0D       		.uleb128 0xd
 447 01ea 02       		.uleb128 0x2
 448 01eb 7D       		.byte	0x7d
 449 01ec 28       		.sleb128 40
 450 01ed 0B       		.uleb128 0xb
 451 01ee F4       		.byte	0xf4
 452 01ef 25       		.uleb128 0x25
 453 01f0 08       		.byte	0x8
 454 01f1 00000020 		.4byte	0x20000000
 455 01f5 1111A13F 		.4byte	0x3fa11111
 456 01f9 0D       		.uleb128 0xd
 457 01fa 02       		.uleb128 0x2
 458 01fb 7D       		.byte	0x7d
 459 01fc 30       		.sleb128 48
 460 01fd 03       		.uleb128 0x3
 461 01fe F5       		.byte	0xf5
 462 01ff 06       		.uleb128 0x6
 463 0200 25       		.uleb128 0x25
 464 0201 00       		.byte	0
 465 0202 0C       		.uleb128 0xc
 466 0203 B6000000 		.4byte	.LVL15
 467 0207 EC020000 		.4byte	0x2ec
 468 020b 16020000 		.4byte	0x216
 469 020f 0D       		.uleb128 0xd
 470 0210 01       		.uleb128 0x1
 471 0211 50       		.byte	0x50
 472 0212 02       		.uleb128 0x2
 473 0213 75       		.byte	0x75
 474 0214 00       		.sleb128 0
 475 0215 00       		.byte	0
 476 0216 0B       		.uleb128 0xb
 477 0217 C2000000 		.4byte	.LVL17
 478 021b F7020000 		.4byte	0x2f7
 479 021f 0E       		.uleb128 0xe
 480 0220 CA000000 		.4byte	.LVL18
 481 0224 02030000 		.4byte	0x302
 482 0228 0D       		.uleb128 0xd
 483 0229 01       		.uleb128 0x1
 484 022a 50       		.byte	0x50
 485 022b 03       		.uleb128 0x3
 486 022c 0A       		.byte	0xa
 487 022d 4D01     		.2byte	0x14d
 488 022f 00       		.byte	0
 489 0230 00       		.byte	0
 490 0231 0B       		.uleb128 0xb
 491 0232 0A000000 		.4byte	.LVL0
 492 0236 0D030000 		.4byte	0x30d
 493 023a 0B       		.uleb128 0xb
 494 023b 0E000000 		.4byte	.LVL1
 495 023f 18030000 		.4byte	0x318
 496 0243 0B       		.uleb128 0xb
ARM GAS  C:\Users\Simon\AppData\Local\Temp\ccAxClId.s 			page 11


 497 0244 12000000 		.4byte	.LVL2
 498 0248 23030000 		.4byte	0x323
 499 024c 0B       		.uleb128 0xb
 500 024d 28000000 		.4byte	.LVL3
 501 0251 2E030000 		.4byte	0x32e
 502 0255 0B       		.uleb128 0xb
 503 0256 2E000000 		.4byte	.LVL4
 504 025a 39030000 		.4byte	0x339
 505 025e 0E       		.uleb128 0xe
 506 025f 34000000 		.4byte	.LVL5
 507 0263 EC020000 		.4byte	0x2ec
 508 0267 0D       		.uleb128 0xd
 509 0268 01       		.uleb128 0x1
 510 0269 50       		.byte	0x50
 511 026a 05       		.uleb128 0x5
 512 026b 03       		.byte	0x3
 513 026c 00000000 		.4byte	.LC0
 514 0270 00       		.byte	0
 515 0271 00       		.byte	0
 516 0272 0F       		.uleb128 0xf
 517 0273 96000000 		.4byte	0x96
 518 0277 82020000 		.4byte	0x282
 519 027b 10       		.uleb128 0x10
 520 027c 8F000000 		.4byte	0x8f
 521 0280 FF       		.byte	0xff
 522 0281 00       		.byte	0
 523 0282 0A       		.uleb128 0xa
 524 0283 2E010000 		.4byte	.LASF26
 525 0287 01       		.byte	0x1
 526 0288 11       		.byte	0x11
 527 0289 72020000 		.4byte	0x272
 528 028d 05       		.uleb128 0x5
 529 028e 03       		.byte	0x3
 530 028f 00000000 		.4byte	outputBuffer
 531 0293 07       		.uleb128 0x7
 532 0294 A3010000 		.4byte	.LASF27
 533 0298 01       		.byte	0x1
 534 0299 12       		.byte	0x12
 535 029a A3020000 		.4byte	0x2a3
 536 029e 04       		.byte	0x4
 537 029f 00004842 		.4byte	0x42480000
 538 02a3 11       		.uleb128 0x11
 539 02a4 B3000000 		.4byte	0xb3
 540 02a8 12       		.uleb128 0x12
 541 02a9 AC010000 		.4byte	.LASF28
 542 02ad 01       		.byte	0x1
 543 02ae 15       		.byte	0x15
 544 02af B5020000 		.4byte	0x2b5
 545 02b3 4D01     		.2byte	0x14d
 546 02b5 11       		.uleb128 0x11
 547 02b6 9D000000 		.4byte	0x9d
 548 02ba 13       		.uleb128 0x13
 549 02bb 5B010000 		.4byte	.LASF44
 550 02bf 0B       		.byte	0xb
 551 02c0 9606     		.2byte	0x696
 552 02c2 C6020000 		.4byte	0x2c6
 553 02c6 14       		.uleb128 0x14
ARM GAS  C:\Users\Simon\AppData\Local\Temp\ccAxClId.s 			page 12


 554 02c7 A8000000 		.4byte	0xa8
 555 02cb 15       		.uleb128 0x15
 556 02cc 3F000000 		.4byte	.LASF29
 557 02d0 3F000000 		.4byte	.LASF29
 558 02d4 04       		.byte	0x4
 559 02d5 11       		.byte	0x11
 560 02d6 15       		.uleb128 0x15
 561 02d7 C9010000 		.4byte	.LASF30
 562 02db C9010000 		.4byte	.LASF30
 563 02df 05       		.byte	0x5
 564 02e0 2B       		.byte	0x2b
 565 02e1 15       		.uleb128 0x15
 566 02e2 23000000 		.4byte	.LASF31
 567 02e6 23000000 		.4byte	.LASF31
 568 02ea 06       		.byte	0x6
 569 02eb FD       		.byte	0xfd
 570 02ec 15       		.uleb128 0x15
 571 02ed EE020000 		.4byte	.LASF32
 572 02f1 EE020000 		.4byte	.LASF32
 573 02f5 07       		.byte	0x7
 574 02f6 8B       		.byte	0x8b
 575 02f7 15       		.uleb128 0x15
 576 02f8 5B000000 		.4byte	.LASF33
 577 02fc 5B000000 		.4byte	.LASF33
 578 0300 08       		.byte	0x8
 579 0301 C3       		.byte	0xc3
 580 0302 15       		.uleb128 0x15
 581 0303 FF020000 		.4byte	.LASF34
 582 0307 FF020000 		.4byte	.LASF34
 583 030b 09       		.byte	0x9
 584 030c 76       		.byte	0x76
 585 030d 15       		.uleb128 0x15
 586 030e 4F010000 		.4byte	.LASF35
 587 0312 4F010000 		.4byte	.LASF35
 588 0316 08       		.byte	0x8
 589 0317 92       		.byte	0x92
 590 0318 15       		.uleb128 0x15
 591 0319 94020000 		.4byte	.LASF36
 592 031d 94020000 		.4byte	.LASF36
 593 0321 0A       		.byte	0xa
 594 0322 93       		.byte	0x93
 595 0323 15       		.uleb128 0x15
 596 0324 00000000 		.4byte	.LASF37
 597 0328 00000000 		.4byte	.LASF37
 598 032c 07       		.byte	0x7
 599 032d 54       		.byte	0x54
 600 032e 15       		.uleb128 0x15
 601 032f 93010000 		.4byte	.LASF38
 602 0333 93010000 		.4byte	.LASF38
 603 0337 05       		.byte	0x5
 604 0338 19       		.byte	0x19
 605 0339 15       		.uleb128 0x15
 606 033a D4020000 		.4byte	.LASF39
 607 033e D4020000 		.4byte	.LASF39
 608 0342 05       		.byte	0x5
 609 0343 1F       		.byte	0x1f
 610 0344 00       		.byte	0
ARM GAS  C:\Users\Simon\AppData\Local\Temp\ccAxClId.s 			page 13


 611              		.section	.debug_abbrev,"",%progbits
 612              	.Ldebug_abbrev0:
 613 0000 01       		.uleb128 0x1
 614 0001 11       		.uleb128 0x11
 615 0002 01       		.byte	0x1
 616 0003 25       		.uleb128 0x25
 617 0004 0E       		.uleb128 0xe
 618 0005 13       		.uleb128 0x13
 619 0006 0B       		.uleb128 0xb
 620 0007 03       		.uleb128 0x3
 621 0008 0E       		.uleb128 0xe
 622 0009 1B       		.uleb128 0x1b
 623 000a 0E       		.uleb128 0xe
 624 000b 55       		.uleb128 0x55
 625 000c 17       		.uleb128 0x17
 626 000d 11       		.uleb128 0x11
 627 000e 01       		.uleb128 0x1
 628 000f 10       		.uleb128 0x10
 629 0010 17       		.uleb128 0x17
 630 0011 00       		.byte	0
 631 0012 00       		.byte	0
 632 0013 02       		.uleb128 0x2
 633 0014 24       		.uleb128 0x24
 634 0015 00       		.byte	0
 635 0016 0B       		.uleb128 0xb
 636 0017 0B       		.uleb128 0xb
 637 0018 3E       		.uleb128 0x3e
 638 0019 0B       		.uleb128 0xb
 639 001a 03       		.uleb128 0x3
 640 001b 0E       		.uleb128 0xe
 641 001c 00       		.byte	0
 642 001d 00       		.byte	0
 643 001e 03       		.uleb128 0x3
 644 001f 16       		.uleb128 0x16
 645 0020 00       		.byte	0
 646 0021 03       		.uleb128 0x3
 647 0022 0E       		.uleb128 0xe
 648 0023 3A       		.uleb128 0x3a
 649 0024 0B       		.uleb128 0xb
 650 0025 3B       		.uleb128 0x3b
 651 0026 0B       		.uleb128 0xb
 652 0027 49       		.uleb128 0x49
 653 0028 13       		.uleb128 0x13
 654 0029 00       		.byte	0
 655 002a 00       		.byte	0
 656 002b 04       		.uleb128 0x4
 657 002c 24       		.uleb128 0x24
 658 002d 00       		.byte	0
 659 002e 0B       		.uleb128 0xb
 660 002f 0B       		.uleb128 0xb
 661 0030 3E       		.uleb128 0x3e
 662 0031 0B       		.uleb128 0xb
 663 0032 03       		.uleb128 0x3
 664 0033 08       		.uleb128 0x8
 665 0034 00       		.byte	0
 666 0035 00       		.byte	0
 667 0036 05       		.uleb128 0x5
ARM GAS  C:\Users\Simon\AppData\Local\Temp\ccAxClId.s 			page 14


 668 0037 2E       		.uleb128 0x2e
 669 0038 01       		.byte	0x1
 670 0039 3F       		.uleb128 0x3f
 671 003a 19       		.uleb128 0x19
 672 003b 03       		.uleb128 0x3
 673 003c 0E       		.uleb128 0xe
 674 003d 3A       		.uleb128 0x3a
 675 003e 0B       		.uleb128 0xb
 676 003f 3B       		.uleb128 0x3b
 677 0040 0B       		.uleb128 0xb
 678 0041 27       		.uleb128 0x27
 679 0042 19       		.uleb128 0x19
 680 0043 49       		.uleb128 0x49
 681 0044 13       		.uleb128 0x13
 682 0045 8701     		.uleb128 0x87
 683 0047 19       		.uleb128 0x19
 684 0048 11       		.uleb128 0x11
 685 0049 01       		.uleb128 0x1
 686 004a 12       		.uleb128 0x12
 687 004b 06       		.uleb128 0x6
 688 004c 40       		.uleb128 0x40
 689 004d 18       		.uleb128 0x18
 690 004e 9642     		.uleb128 0x2116
 691 0050 19       		.uleb128 0x19
 692 0051 01       		.uleb128 0x1
 693 0052 13       		.uleb128 0x13
 694 0053 00       		.byte	0
 695 0054 00       		.byte	0
 696 0055 06       		.uleb128 0x6
 697 0056 34       		.uleb128 0x34
 698 0057 00       		.byte	0
 699 0058 03       		.uleb128 0x3
 700 0059 08       		.uleb128 0x8
 701 005a 3A       		.uleb128 0x3a
 702 005b 0B       		.uleb128 0xb
 703 005c 3B       		.uleb128 0x3b
 704 005d 0B       		.uleb128 0xb
 705 005e 49       		.uleb128 0x49
 706 005f 13       		.uleb128 0x13
 707 0060 1C       		.uleb128 0x1c
 708 0061 0A       		.uleb128 0xa
 709 0062 00       		.byte	0
 710 0063 00       		.byte	0
 711 0064 07       		.uleb128 0x7
 712 0065 34       		.uleb128 0x34
 713 0066 00       		.byte	0
 714 0067 03       		.uleb128 0x3
 715 0068 0E       		.uleb128 0xe
 716 0069 3A       		.uleb128 0x3a
 717 006a 0B       		.uleb128 0xb
 718 006b 3B       		.uleb128 0x3b
 719 006c 0B       		.uleb128 0xb
 720 006d 49       		.uleb128 0x49
 721 006e 13       		.uleb128 0x13
 722 006f 1C       		.uleb128 0x1c
 723 0070 0A       		.uleb128 0xa
 724 0071 00       		.byte	0
ARM GAS  C:\Users\Simon\AppData\Local\Temp\ccAxClId.s 			page 15


 725 0072 00       		.byte	0
 726 0073 08       		.uleb128 0x8
 727 0074 34       		.uleb128 0x34
 728 0075 00       		.byte	0
 729 0076 03       		.uleb128 0x3
 730 0077 0E       		.uleb128 0xe
 731 0078 3A       		.uleb128 0x3a
 732 0079 0B       		.uleb128 0xb
 733 007a 3B       		.uleb128 0x3b
 734 007b 0B       		.uleb128 0xb
 735 007c 49       		.uleb128 0x49
 736 007d 13       		.uleb128 0x13
 737 007e 02       		.uleb128 0x2
 738 007f 17       		.uleb128 0x17
 739 0080 00       		.byte	0
 740 0081 00       		.byte	0
 741 0082 09       		.uleb128 0x9
 742 0083 0B       		.uleb128 0xb
 743 0084 01       		.byte	0x1
 744 0085 11       		.uleb128 0x11
 745 0086 01       		.uleb128 0x1
 746 0087 12       		.uleb128 0x12
 747 0088 06       		.uleb128 0x6
 748 0089 01       		.uleb128 0x1
 749 008a 13       		.uleb128 0x13
 750 008b 00       		.byte	0
 751 008c 00       		.byte	0
 752 008d 0A       		.uleb128 0xa
 753 008e 34       		.uleb128 0x34
 754 008f 00       		.byte	0
 755 0090 03       		.uleb128 0x3
 756 0091 0E       		.uleb128 0xe
 757 0092 3A       		.uleb128 0x3a
 758 0093 0B       		.uleb128 0xb
 759 0094 3B       		.uleb128 0x3b
 760 0095 0B       		.uleb128 0xb
 761 0096 49       		.uleb128 0x49
 762 0097 13       		.uleb128 0x13
 763 0098 02       		.uleb128 0x2
 764 0099 18       		.uleb128 0x18
 765 009a 00       		.byte	0
 766 009b 00       		.byte	0
 767 009c 0B       		.uleb128 0xb
 768 009d 898201   		.uleb128 0x4109
 769 00a0 00       		.byte	0
 770 00a1 11       		.uleb128 0x11
 771 00a2 01       		.uleb128 0x1
 772 00a3 31       		.uleb128 0x31
 773 00a4 13       		.uleb128 0x13
 774 00a5 00       		.byte	0
 775 00a6 00       		.byte	0
 776 00a7 0C       		.uleb128 0xc
 777 00a8 898201   		.uleb128 0x4109
 778 00ab 01       		.byte	0x1
 779 00ac 11       		.uleb128 0x11
 780 00ad 01       		.uleb128 0x1
 781 00ae 31       		.uleb128 0x31
ARM GAS  C:\Users\Simon\AppData\Local\Temp\ccAxClId.s 			page 16


 782 00af 13       		.uleb128 0x13
 783 00b0 01       		.uleb128 0x1
 784 00b1 13       		.uleb128 0x13
 785 00b2 00       		.byte	0
 786 00b3 00       		.byte	0
 787 00b4 0D       		.uleb128 0xd
 788 00b5 8A8201   		.uleb128 0x410a
 789 00b8 00       		.byte	0
 790 00b9 02       		.uleb128 0x2
 791 00ba 18       		.uleb128 0x18
 792 00bb 9142     		.uleb128 0x2111
 793 00bd 18       		.uleb128 0x18
 794 00be 00       		.byte	0
 795 00bf 00       		.byte	0
 796 00c0 0E       		.uleb128 0xe
 797 00c1 898201   		.uleb128 0x4109
 798 00c4 01       		.byte	0x1
 799 00c5 11       		.uleb128 0x11
 800 00c6 01       		.uleb128 0x1
 801 00c7 31       		.uleb128 0x31
 802 00c8 13       		.uleb128 0x13
 803 00c9 00       		.byte	0
 804 00ca 00       		.byte	0
 805 00cb 0F       		.uleb128 0xf
 806 00cc 01       		.uleb128 0x1
 807 00cd 01       		.byte	0x1
 808 00ce 49       		.uleb128 0x49
 809 00cf 13       		.uleb128 0x13
 810 00d0 01       		.uleb128 0x1
 811 00d1 13       		.uleb128 0x13
 812 00d2 00       		.byte	0
 813 00d3 00       		.byte	0
 814 00d4 10       		.uleb128 0x10
 815 00d5 21       		.uleb128 0x21
 816 00d6 00       		.byte	0
 817 00d7 49       		.uleb128 0x49
 818 00d8 13       		.uleb128 0x13
 819 00d9 2F       		.uleb128 0x2f
 820 00da 0B       		.uleb128 0xb
 821 00db 00       		.byte	0
 822 00dc 00       		.byte	0
 823 00dd 11       		.uleb128 0x11
 824 00de 26       		.uleb128 0x26
 825 00df 00       		.byte	0
 826 00e0 49       		.uleb128 0x49
 827 00e1 13       		.uleb128 0x13
 828 00e2 00       		.byte	0
 829 00e3 00       		.byte	0
 830 00e4 12       		.uleb128 0x12
 831 00e5 34       		.uleb128 0x34
 832 00e6 00       		.byte	0
 833 00e7 03       		.uleb128 0x3
 834 00e8 0E       		.uleb128 0xe
 835 00e9 3A       		.uleb128 0x3a
 836 00ea 0B       		.uleb128 0xb
 837 00eb 3B       		.uleb128 0x3b
 838 00ec 0B       		.uleb128 0xb
ARM GAS  C:\Users\Simon\AppData\Local\Temp\ccAxClId.s 			page 17


 839 00ed 49       		.uleb128 0x49
 840 00ee 13       		.uleb128 0x13
 841 00ef 1C       		.uleb128 0x1c
 842 00f0 05       		.uleb128 0x5
 843 00f1 00       		.byte	0
 844 00f2 00       		.byte	0
 845 00f3 13       		.uleb128 0x13
 846 00f4 34       		.uleb128 0x34
 847 00f5 00       		.byte	0
 848 00f6 03       		.uleb128 0x3
 849 00f7 0E       		.uleb128 0xe
 850 00f8 3A       		.uleb128 0x3a
 851 00f9 0B       		.uleb128 0xb
 852 00fa 3B       		.uleb128 0x3b
 853 00fb 05       		.uleb128 0x5
 854 00fc 49       		.uleb128 0x49
 855 00fd 13       		.uleb128 0x13
 856 00fe 3F       		.uleb128 0x3f
 857 00ff 19       		.uleb128 0x19
 858 0100 3C       		.uleb128 0x3c
 859 0101 19       		.uleb128 0x19
 860 0102 00       		.byte	0
 861 0103 00       		.byte	0
 862 0104 14       		.uleb128 0x14
 863 0105 35       		.uleb128 0x35
 864 0106 00       		.byte	0
 865 0107 49       		.uleb128 0x49
 866 0108 13       		.uleb128 0x13
 867 0109 00       		.byte	0
 868 010a 00       		.byte	0
 869 010b 15       		.uleb128 0x15
 870 010c 2E       		.uleb128 0x2e
 871 010d 00       		.byte	0
 872 010e 3F       		.uleb128 0x3f
 873 010f 19       		.uleb128 0x19
 874 0110 3C       		.uleb128 0x3c
 875 0111 19       		.uleb128 0x19
 876 0112 6E       		.uleb128 0x6e
 877 0113 0E       		.uleb128 0xe
 878 0114 03       		.uleb128 0x3
 879 0115 0E       		.uleb128 0xe
 880 0116 3A       		.uleb128 0x3a
 881 0117 0B       		.uleb128 0xb
 882 0118 3B       		.uleb128 0x3b
 883 0119 0B       		.uleb128 0xb
 884 011a 00       		.byte	0
 885 011b 00       		.byte	0
 886 011c 00       		.byte	0
 887              		.section	.debug_loc,"",%progbits
 888              	.Ldebug_loc0:
 889              	.LLST0:
 890 0000 12000000 		.4byte	.LVL2
 891 0004 34000000 		.4byte	.LVL5
 892 0008 0600     		.2byte	0x6
 893 000a 9E       		.byte	0x9e
 894 000b 04       		.uleb128 0x4
 895 000c 00000000 		.4byte	0
ARM GAS  C:\Users\Simon\AppData\Local\Temp\ccAxClId.s 			page 18


 896 0010 4E000000 		.4byte	.LVL8
 897 0014 52000000 		.4byte	.LVL9
 898 0018 0100     		.2byte	0x1
 899 001a 50       		.byte	0x50
 900 001b 52000000 		.4byte	.LVL9
 901 001f FC000000 		.4byte	.LFE64
 902 0023 0100     		.2byte	0x1
 903 0025 54       		.byte	0x54
 904 0026 00000000 		.4byte	0
 905 002a 00000000 		.4byte	0
 906              		.section	.debug_aranges,"",%progbits
 907 0000 1C000000 		.4byte	0x1c
 908 0004 0200     		.2byte	0x2
 909 0006 00000000 		.4byte	.Ldebug_info0
 910 000a 04       		.byte	0x4
 911 000b 00       		.byte	0
 912 000c 0000     		.2byte	0
 913 000e 0000     		.2byte	0
 914 0010 00000000 		.4byte	.LFB64
 915 0014 FC000000 		.4byte	.LFE64-.LFB64
 916 0018 00000000 		.4byte	0
 917 001c 00000000 		.4byte	0
 918              		.section	.debug_ranges,"",%progbits
 919              	.Ldebug_ranges0:
 920 0000 00000000 		.4byte	.LFB64
 921 0004 FC000000 		.4byte	.LFE64
 922 0008 00000000 		.4byte	0
 923 000c 00000000 		.4byte	0
 924              		.section	.debug_line,"",%progbits
 925              	.Ldebug_line0:
 926 0000 4D020000 		.section	.debug_str,"MS",%progbits,1
 926      02000002 
 926      00000201 
 926      FB0E0D00 
 926      01010101 
 927              	.LASF37:
 928 0000 55415254 		.ascii	"UART_1_Start\000"
 928      5F315F53 
 928      74617274 
 928      00
 929              	.LASF18:
 930 000d 696E7465 		.ascii	"integralMax\000"
 930      6772616C 
 930      4D617800 
 931              	.LASF6:
 932 0019 5F5F696E 		.ascii	"__int32_t\000"
 932      7433325F 
 932      7400
 933              	.LASF31:
 934 0023 736E7072 		.ascii	"snprintf\000"
 934      696E7466 
 934      00
 935              	.LASF4:
 936 002c 73686F72 		.ascii	"short unsigned int\000"
 936      7420756E 
 936      7369676E 
 936      65642069 
ARM GAS  C:\Users\Simon\AppData\Local\Temp\ccAxClId.s 			page 19


 936      6E7400
 937              	.LASF29:
 938 003f 72656164 		.ascii	"readTemp\000"
 938      54656D70 
 938      00
 939              	.LASF19:
 940 0048 696E7465 		.ascii	"integralMin\000"
 940      6772616C 
 940      4D696E00 
 941              	.LASF0:
 942 0054 646F7562 		.ascii	"double\000"
 942      6C6500
 943              	.LASF33:
 944 005b 50574D5F 		.ascii	"PWM_1_WriteCompare\000"
 944      315F5772 
 944      69746543 
 944      6F6D7061 
 944      726500
 945              	.LASF17:
 946 006e 666C6F61 		.ascii	"float\000"
 946      7400
 947              	.LASF24:
 948 0074 696E7465 		.ascii	"integralPart\000"
 948      6772616C 
 948      50617274 
 948      00
 949              	.LASF23:
 950 0081 70726F70 		.ascii	"proportionalPart\000"
 950      6F727469 
 950      6F6E616C 
 950      50617274 
 950      00
 951              	.LASF2:
 952 0092 756E7369 		.ascii	"unsigned char\000"
 952      676E6564 
 952      20636861 
 952      7200
 953              	.LASF40:
 954 00a0 474E5520 		.ascii	"GNU C11 5.4.1 20160609 (release) [ARM/embedded-5-br"
 954      43313120 
 954      352E342E 
 954      31203230 
 954      31363036 
 955 00d3 616E6368 		.ascii	"anch revision 237715] -mcpu=cortex-m3 -mthumb -g -O"
 955      20726576 
 955      6973696F 
 955      6E203233 
 955      37373135 
 956 0106 67202D66 		.ascii	"g -ffunction-sections -ffat-lto-objects\000"
 956      66756E63 
 956      74696F6E 
 956      2D736563 
 956      74696F6E 
 957              	.LASF26:
 958 012e 6F757470 		.ascii	"outputBuffer\000"
 958      75744275 
 958      66666572 
ARM GAS  C:\Users\Simon\AppData\Local\Temp\ccAxClId.s 			page 20


 958      00
 959              	.LASF25:
 960 013b 64657269 		.ascii	"derivativePart\000"
 960      76617469 
 960      76655061 
 960      727400
 961              	.LASF20:
 962 014a 74656D70 		.ascii	"temp\000"
 962      00
 963              	.LASF35:
 964 014f 50574D5F 		.ascii	"PWM_1_Start\000"
 964      315F5374 
 964      61727400 
 965              	.LASF44:
 966 015b 49544D5F 		.ascii	"ITM_RxBuffer\000"
 966      52784275 
 966      66666572 
 966      00
 967              	.LASF21:
 968 0168 636F6E74 		.ascii	"controlSignal\000"
 968      726F6C53 
 968      69676E61 
 968      6C00
 969              	.LASF5:
 970 0176 5F5F7569 		.ascii	"__uint16_t\000"
 970      6E743136 
 970      5F7400
 971              	.LASF8:
 972 0181 6C6F6E67 		.ascii	"long unsigned int\000"
 972      20756E73 
 972      69676E65 
 972      6420696E 
 972      7400
 973              	.LASF38:
 974 0193 50494443 		.ascii	"PIDControl_init\000"
 974      6F6E7472 
 974      6F6C5F69 
 974      6E697400 
 975              	.LASF27:
 976 01a3 73657450 		.ascii	"setPoint\000"
 976      6F696E74 
 976      00
 977              	.LASF28:
 978 01ac 73616D70 		.ascii	"sampleWaitTimeInMilliseconds\000"
 978      6C655761 
 978      69745469 
 978      6D65496E 
 978      4D696C6C 
 979              	.LASF30:
 980 01c9 50494443 		.ascii	"PIDControl_doStep\000"
 980      6F6E7472 
 980      6F6C5F64 
 980      6F537465 
 980      7000
 981              	.LASF42:
 982 01db 433A5C55 		.ascii	"C:\\Users\\Simon\\Desktop\\GFV-Gruppe14\\Labexercis"
 982      73657273 
ARM GAS  C:\Users\Simon\AppData\Local\Temp\ccAxClId.s 			page 21


 982      5C53696D 
 982      6F6E5C44 
 982      65736B74 
 983 0209 65335F54 		.ascii	"e3_Temperaturregulator\\Temperature-Control.cydsn\000"
 983      656D7065 
 983      72617475 
 983      72726567 
 983      756C6174 
 984              	.LASF11:
 985 023a 756E7369 		.ascii	"unsigned int\000"
 985      676E6564 
 985      20696E74 
 985      00
 986              	.LASF10:
 987 0247 6C6F6E67 		.ascii	"long long unsigned int\000"
 987      206C6F6E 
 987      6720756E 
 987      7369676E 
 987      65642069 
 988              	.LASF43:
 989 025e 6D61696E 		.ascii	"main\000"
 989      00
 990              	.LASF16:
 991 0263 696E7433 		.ascii	"int32_t\000"
 991      325F7400 
 992              	.LASF13:
 993 026b 73697A65 		.ascii	"sizetype\000"
 993      74797065 
 993      00
 994              	.LASF22:
 995 0274 6572726F 		.ascii	"error\000"
 995      7200
 996              	.LASF9:
 997 027a 6C6F6E67 		.ascii	"long long int\000"
 997      206C6F6E 
 997      6720696E 
 997      7400
 998              	.LASF41:
 999 0288 6D61696E 		.ascii	"main.c\000"
 999      2E6300
 1000              	.LASF14:
 1001 028f 63686172 		.ascii	"char\000"
 1001      00
 1002              	.LASF36:
 1003 0294 4932435F 		.ascii	"I2C_1_Start\000"
 1003      315F5374 
 1003      61727400 
 1004              	.LASF3:
 1005 02a0 73686F72 		.ascii	"short int\000"
 1005      7420696E 
 1005      7400
 1006              	.LASF15:
 1007 02aa 75696E74 		.ascii	"uint16_t\000"
 1007      31365F74 
 1007      00
 1008              	.LASF7:
 1009 02b3 6C6F6E67 		.ascii	"long int\000"
ARM GAS  C:\Users\Simon\AppData\Local\Temp\ccAxClId.s 			page 22


 1009      20696E74 
 1009      00
 1010              	.LASF12:
 1011 02bc 6C6F6E67 		.ascii	"long double\000"
 1011      20646F75 
 1011      626C6500 
 1012              	.LASF1:
 1013 02c8 7369676E 		.ascii	"signed char\000"
 1013      65642063 
 1013      68617200 
 1014              	.LASF39:
 1015 02d4 50494443 		.ascii	"PIDControl_changeSetPoint\000"
 1015      6F6E7472 
 1015      6F6C5F63 
 1015      68616E67 
 1015      65536574 
 1016              	.LASF32:
 1017 02ee 55415254 		.ascii	"UART_1_PutString\000"
 1017      5F315F50 
 1017      75745374 
 1017      72696E67 
 1017      00
 1018              	.LASF34:
 1019 02ff 43794465 		.ascii	"CyDelay\000"
 1019      6C617900 
 1020              		.ident	"GCC: (GNU Tools for ARM Embedded Processors) 5.4.1 20160609 (release) [ARM/embedded-5-bran
